Unrecognized token: --datadir=./data
epochs = 1
batch size = 100
shuffle = false
statistics = true
debug = false
algorithm = minibatch
dataset = cifar10
dataset size = 50000
normalize data = false
learning rate scheduler = multistep_lr(0.1;50,75;0.1)
loss function = softmax-cross-entropy
architecture = RRRL
sizes = [3072, 16384, 16384, 16384, 10]
weights initialization = xxxx
optimizer = nesterov(0.9)
dropout = 0
density = 0.01
densities = [0.0259691, 0.00820077, 0.00820077, 1]
seed = 1
precision = 4
threads = 4
number type = float

Sparse(units=16384, density=0.02595053, optimizer=Nesterov(0.90000), activation=ReLU())
Sparse(units=16384, density=0.008197594, optimizer=Nesterov(0.90000), activation=ReLU())
Sparse(units=16384, density=0.0082087405, optimizer=Nesterov(0.90000), activation=ReLU())
Dense(units=10, optimizer=Nesterov(0.90000), activation=NoActivation())

epoch   0 lr: 0.10000000  loss: 2.30258375  train accuracy: 0.09420000  test accuracy: 0.08920000 time: 0.00000000s
epoch   1 lr: 0.10000000  loss: 2.30245038  train accuracy: 0.22940000  test accuracy: 0.22970000 time: 1100.56188965s
Accuracy of the network on the 10000 test examples: 22.97%
Total training time for the 1 epochs: 1100.56189313s
