Unrecognized token: --datadir=./data
epochs = 1
batch size = 100
shuffle = false
statistics = true
debug = false
algorithm = minibatch
dataset = cifar10
dataset size = 50000
normalize data = false
learning rate scheduler = multistep_lr(0.1;50,75;0.1)
loss function = softmax-cross-entropy
architecture = RRRL
sizes = [3072, 32768, 32768, 32768, 10]
weights initialization = xxxx
optimizer = nesterov(0.9)
dropout = 0
density = 0.01
densities = [0.047263, 0.00810223, 0.00810223, 1]
seed = 1
precision = 4
threads = 4
number type = float

Sparse(units=32768, density=0.047257822, optimizer=Nesterov(0.90000), activation=ReLU())
Sparse(units=32768, density=0.008106023, optimizer=Nesterov(0.90000), activation=ReLU())
Sparse(units=32768, density=0.008100406, optimizer=Nesterov(0.90000), activation=ReLU())
Dense(units=10, optimizer=Nesterov(0.90000), activation=NoActivation())

epoch   0 lr: 0.10000000  loss: 2.30258379  train accuracy: 0.11276000  test accuracy: 0.11890000 time: 0.00000000s
epoch   1 lr: 0.10000000  loss: 2.30188520  train accuracy: 0.22504000  test accuracy: 0.22670000 time: 4466.92285156s
Accuracy of the network on the 10000 test examples: 22.67%
Total training time for the 1 epochs: 4466.92303931s
