Unrecognized token: --datadir=./data
epochs = 1
batch size = 100
shuffle = false
statistics = true
debug = false
algorithm = minibatch
dataset = cifar10
dataset size = 50000
normalize data = false
learning rate scheduler = multistep_lr(0.1;50,75;0.1)
loss function = softmax-cross-entropy
architecture = RRRL
sizes = [3072, 8192, 8192, 8192, 10]
weights initialization = xxxx
optimizer = nesterov(0.9)
dropout = 0
density = 0.01
densities = [0.0153771, 0.00838753, 0.00838753, 1]
seed = 1
precision = 4
threads = 4
number type = float

Sparse(units=8192, density=0.015341719, optimizer=Nesterov(0.90000), activation=ReLU())
Sparse(units=8192, density=0.008399785, optimizer=Nesterov(0.90000), activation=ReLU())
Sparse(units=8192, density=0.00838612, optimizer=Nesterov(0.90000), activation=ReLU())
Dense(units=10, optimizer=Nesterov(0.90000), activation=NoActivation())

epoch   0 lr: 0.10000000  loss: 2.30258537  train accuracy: 0.10910000  test accuracy: 0.11420000 time: 0.00000000s
epoch   1 lr: 0.10000000  loss: 2.30254734  train accuracy: 0.24458000  test accuracy: 0.25060000 time: 128.86955261s
Accuracy of the network on the 10000 test examples: 25.06%
Total training time for the 1 epochs: 128.86954854s
