Unrecognized token: --datadir=./data
epochs = 1
batch size = 100
shuffle = false
statistics = true
debug = false
algorithm = minibatch
dataset = cifar10
dataset size = 50000
normalize data = false
learning rate scheduler = multistep_lr(0.1;50,75;0.1)
loss function = softmax-cross-entropy
architecture = RRRRRRRRRRL
sizes = [3072, 1024, 1024, 1024, 1024, 1024, 1024, 1024, 1024, 1024, 1024, 10]
weights initialization = xxxxxxxxxxx
optimizer = nesterov(0.9)
dropout = 0
density = 0.01
densities = [0.00695881, 0.0104382, 0.0104382, 0.0104382, 0.0104382, 0.0104382, 0.0104382, 0.0104382, 0.0104382, 0.0104382, 0.539656]
seed = 1
precision = 4
threads = 4
number type = float

Sparse(units=1024, density=0.006962458, optimizer=Nesterov(0.90000), activation=ReLU())
Sparse(units=1024, density=0.010462761, optimizer=Nesterov(0.90000), activation=ReLU())
Sparse(units=1024, density=0.010298729, optimizer=Nesterov(0.90000), activation=ReLU())
Sparse(units=1024, density=0.010271072, optimizer=Nesterov(0.90000), activation=ReLU())
Sparse(units=1024, density=0.010480881, optimizer=Nesterov(0.90000), activation=ReLU())
Sparse(units=1024, density=0.0103263855, optimizer=Nesterov(0.90000), activation=ReLU())
Sparse(units=1024, density=0.010295868, optimizer=Nesterov(0.90000), activation=ReLU())
Sparse(units=1024, density=0.0105371475, optimizer=Nesterov(0.90000), activation=ReLU())
Sparse(units=1024, density=0.010447502, optimizer=Nesterov(0.90000), activation=ReLU())
Sparse(units=1024, density=0.010385513, optimizer=Nesterov(0.90000), activation=ReLU())
Sparse(units=10, density=0.5331055, optimizer=Nesterov(0.90000), activation=NoActivation())

epoch   0 lr: 0.10000000  loss: 2.30258286  train accuracy: 0.08404000  test accuracy: 0.08450000 time: 0.00000000s
epoch   1 lr: 0.10000000  loss: 2.30258286  train accuracy: 0.08404000  test accuracy: 0.08450000 time: 10.44762897s
Accuracy of the network on the 10000 test examples: 8.45%
Total training time for the 1 epochs: 10.44762936s
