Unrecognized token: --datadir=./data
epochs = 1
batch size = 100
shuffle = false
statistics = true
debug = false
algorithm = minibatch
dataset = cifar10
dataset size = 50000
normalize data = false
learning rate scheduler = multistep_lr(0.1;50,75;0.1)
loss function = softmax-cross-entropy
architecture = RRRL
sizes = [3072, 2048, 2048, 2048, 10]
weights initialization = xxxx
optimizer = nesterov(0.9)
dropout = 0
density = 0.01
densities = [0.00778348, 0.00934018, 0.00934018, 0.961105]
seed = 1
precision = 4
threads = 4
number type = float

Sparse(units=2048, density=0.0077441535, optimizer=Nesterov(0.90000), activation=ReLU())
Sparse(units=2048, density=0.009317398, optimizer=Nesterov(0.90000), activation=ReLU())
Sparse(units=2048, density=0.0093204975, optimizer=Nesterov(0.90000), activation=ReLU())
Sparse(units=10, density=0.9609863, optimizer=Nesterov(0.90000), activation=NoActivation())

epoch   0 lr: 0.10000000  loss: 2.30258587  train accuracy: 0.07196000  test accuracy: 0.06930000 time: 0.00000000s
epoch   1 lr: 0.10000000  loss: 2.30257719  train accuracy: 0.18128000  test accuracy: 0.18510000 time: 10.23356438s
Accuracy of the network on the 10000 test examples: 18.51%
Total training time for the 1 epochs: 10.23356478s
