=== Command line arguments ===
Namespace(debug=False, batch_size=100, seed=1, precision=4, edgeitems=3, density=0.01, sizes='3072,4096,4096,4096,10', epochs=1, lr=0.1, momentum=0.9, gamma=0.1, nesterov=True, datadir='./data', augmented=False, preprocessed=None, copy=False, nerva=False, torch=True, scheduler='multistep', export_weights_npz=None, import_weights_npz=None, custom_masking=True)
Setting gamma to 1.0
Files already downloaded and verified
initialize by ER
Overall sparsity 0.01
Total Model parameters: 46178304
Total parameters under sparsity level of 0.01: 0.010023018601982438
initialize by ER
Overall sparsity 0.01
Total Model parameters: 92356608
Total parameters under sparsity level of 0.01: 0.0009711487022130566
Use MLP1 variant with custom masking
Setting masks with densities [0.01017861186594203, 0.00872452445652174, 0.00872452445652174, 1.0]
--- masks ---
mask1 (4096x3072)
tensor([[0, 0, 0,  ..., 0, 0, 0],
        [0, 0, 0,  ..., 0, 0, 0],
        [0, 0, 0,  ..., 0, 0, 0],
        ...,
        [0, 0, 0,  ..., 0, 0, 0],
        [0, 0, 0,  ..., 0, 0, 0],
        [0, 0, 0,  ..., 0, 0, 0]], dtype=torch.int32)
mask2 (4096x4096)
tensor([[0, 0, 0,  ..., 0, 0, 0],
        [0, 0, 0,  ..., 0, 0, 0],
        [0, 0, 0,  ..., 0, 0, 0],
        ...,
        [0, 0, 0,  ..., 0, 0, 0],
        [0, 0, 0,  ..., 0, 0, 0],
        [0, 0, 0,  ..., 0, 0, 0]], dtype=torch.int32)
mask3 (4096x4096)
tensor([[0, 0, 0,  ..., 0, 0, 0],
        [0, 0, 0,  ..., 0, 0, 0],
        [0, 0, 0,  ..., 0, 0, 0],
        ...,
        [0, 0, 0,  ..., 0, 0, 0],
        [0, 0, 0,  ..., 0, 0, 0],
        [0, 0, 0,  ..., 0, 0, 0]], dtype=torch.int32)

=== PyTorch model ===
MLP1a(
  (layers): ModuleList(
    (0): Linear(in_features=3072, out_features=4096, bias=True)
    (1): Linear(in_features=4096, out_features=4096, bias=True)
    (2): Linear(in_features=4096, out_features=4096, bias=True)
    (3): Linear(in_features=4096, out_features=10, bias=True)
  )
  (loss): CrossEntropyLoss()
)
CrossEntropyLoss()
<torch.optim.lr_scheduler.MultiStepLR object at 0x7f93a31b0070>

=== Training PyTorch model ===
epoch   0  lr: 0.10000000  loss: 2.30262399  train accuracy: 0.10518000  test accuracy: 0.10030000  time: 0.00000000s
epoch   1  lr: 0.10000000  loss: 1.89901900  train accuracy: 0.31168000  test accuracy: 0.31400000  time: 137.54264597s
Accuracy of the network on the 10000 test images: 31.400 %
