loading dataset cifar10
read slice "../data/cifar-10-batches-bin/data_batch_1.bin"
read slice "../data/cifar-10-batches-bin/data_batch_2.bin"
read slice "../data/cifar-10-batches-bin/data_batch_3.bin"
read slice "../data/cifar-10-batches-bin/data_batch_4.bin"
read slice "../data/cifar-10-batches-bin/data_batch_5.bin"
read slice "../data/cifar-10-batches-bin/test_batch.bin"
normalizing data
number of examples: 50000
number of features: 3072
number of outputs: 10
epochs = 100
batch size = 100
shuffle = true
statistics = true
debug = false
algorithm = minibatch
dataset = cifar10
dataset size = 50000
normalize data = false
learning rate scheduler = multistep_lr(0.03;50,75;0.1)
loss function = softmax-cross-entropy
architecture = RRL
sizes = [3072, 1024, 512, 10]
weights initialization = xxx
optimizer = nesterov(0.9)
dropout = 0
density = 0.05
densities = [0.0412995, 0.0929239, 1]
seed = 2
precision = 4
threads = 4
number type = float

Sparse(units=1024, density=0.041269302, optimizer=Nesterov(0.90000), activation=ReLU())
Sparse(units=512, density=0.09279442, optimizer=Nesterov(0.90000), activation=ReLU())
Dense(units=10, optimizer=Nesterov(0.90000), activation=NoActivation())

Loading data from file ./cifar2/epoch0.npz
epoch   0 lr: 0.03000000  loss: 2.30232441  train accuracy: 0.10228000  test accuracy: 0.10730000 time: 0.00000000s
epoch   1 lr: 0.03000000  loss: 1.72068404  train accuracy: 0.38974000  test accuracy: 0.41410000 time: 4.91363382s
Loading data from file ./cifar2/epoch1.npz
epoch   2 lr: 0.03000000  loss: 1.57394398  train accuracy: 0.44150000  test accuracy: 0.46000000 time: 4.91713953s
Loading data from file ./cifar2/epoch2.npz
epoch   3 lr: 0.03000000  loss: 1.51280153  train accuracy: 0.46658000  test accuracy: 0.47920000 time: 4.93249798s
Loading data from file ./cifar2/epoch3.npz
epoch   4 lr: 0.03000000  loss: 1.46420518  train accuracy: 0.48304000  test accuracy: 0.49310000 time: 4.94002724s
Loading data from file ./cifar2/epoch4.npz
epoch   5 lr: 0.03000000  loss: 1.43605876  train accuracy: 0.49308000  test accuracy: 0.49770000 time: 4.96499395s
Loading data from file ./cifar2/epoch5.npz
epoch   6 lr: 0.03000000  loss: 1.39728775  train accuracy: 0.50762000  test accuracy: 0.50410000 time: 4.91476822s
Loading data from file ./cifar2/epoch6.npz
epoch   7 lr: 0.03000000  loss: 1.36704922  train accuracy: 0.52018000  test accuracy: 0.51530000 time: 4.91790199s
Loading data from file ./cifar2/epoch7.npz
epoch   8 lr: 0.03000000  loss: 1.33204777  train accuracy: 0.53650000  test accuracy: 0.52900000 time: 4.91359377s
Loading data from file ./cifar2/epoch8.npz
epoch   9 lr: 0.03000000  loss: 1.32590812  train accuracy: 0.52906000  test accuracy: 0.52050000 time: 4.94156885s
Loading data from file ./cifar2/epoch9.npz
epoch  10 lr: 0.03000000  loss: 1.30623859  train accuracy: 0.54190000  test accuracy: 0.52730000 time: 4.92529964s
Loading data from file ./cifar2/epoch10.npz
epoch  11 lr: 0.03000000  loss: 1.29019170  train accuracy: 0.54022000  test accuracy: 0.53210000 time: 4.91943979s
Loading data from file ./cifar2/epoch11.npz
epoch  12 lr: 0.03000000  loss: 1.27216908  train accuracy: 0.55254000  test accuracy: 0.53970000 time: 4.90024996s
Loading data from file ./cifar2/epoch12.npz
epoch  13 lr: 0.03000000  loss: 1.25362577  train accuracy: 0.55832000  test accuracy: 0.54420000 time: 4.91631508s
Loading data from file ./cifar2/epoch13.npz
epoch  14 lr: 0.03000000  loss: 1.22608457  train accuracy: 0.56782000  test accuracy: 0.54950000 time: 4.90528965s
Loading data from file ./cifar2/epoch14.npz
epoch  15 lr: 0.03000000  loss: 1.22434529  train accuracy: 0.57050000  test accuracy: 0.54750000 time: 4.92663717s
Loading data from file ./cifar2/epoch15.npz
epoch  16 lr: 0.03000000  loss: 1.21301351  train accuracy: 0.56948000  test accuracy: 0.55310000 time: 4.95050240s
Loading data from file ./cifar2/epoch16.npz
epoch  17 lr: 0.03000000  loss: 1.22005933  train accuracy: 0.56930000  test accuracy: 0.54560000 time: 4.93009281s
Loading data from file ./cifar2/epoch17.npz
epoch  18 lr: 0.03000000  loss: 1.19475862  train accuracy: 0.58294000  test accuracy: 0.55660000 time: 4.91821051s
Loading data from file ./cifar2/epoch18.npz
epoch  19 lr: 0.03000000  loss: 1.19011118  train accuracy: 0.58086000  test accuracy: 0.55470000 time: 4.89845991s
Loading data from file ./cifar2/epoch19.npz
epoch  20 lr: 0.03000000  loss: 1.18606187  train accuracy: 0.58186000  test accuracy: 0.55340000 time: 4.91770649s
Loading data from file ./cifar2/epoch20.npz
epoch  21 lr: 0.03000000  loss: 1.17839536  train accuracy: 0.58404000  test accuracy: 0.55790000 time: 4.92398643s
Loading data from file ./cifar2/epoch21.npz
epoch  22 lr: 0.03000000  loss: 1.17194956  train accuracy: 0.58462000  test accuracy: 0.55530000 time: 4.95800591s
Loading data from file ./cifar2/epoch22.npz
epoch  23 lr: 0.03000000  loss: 1.16867827  train accuracy: 0.58934000  test accuracy: 0.55790000 time: 4.91314316s
Loading data from file ./cifar2/epoch23.npz
epoch  24 lr: 0.03000000  loss: 1.15241601  train accuracy: 0.58980000  test accuracy: 0.55700000 time: 4.89907074s
Loading data from file ./cifar2/epoch24.npz
epoch  25 lr: 0.03000000  loss: 1.16090255  train accuracy: 0.59164000  test accuracy: 0.55320000 time: 4.89826012s
Loading data from file ./cifar2/epoch25.npz
epoch  26 lr: 0.03000000  loss: 1.13675751  train accuracy: 0.60044000  test accuracy: 0.56570000 time: 4.89905834s
Loading data from file ./cifar2/epoch26.npz
epoch  27 lr: 0.03000000  loss: 1.12882416  train accuracy: 0.59964000  test accuracy: 0.55760000 time: 4.99019814s
Loading data from file ./cifar2/epoch27.npz
epoch  28 lr: 0.03000000  loss: 1.13292927  train accuracy: 0.59832000  test accuracy: 0.55900000 time: 4.92751169s
Loading data from file ./cifar2/epoch28.npz
epoch  29 lr: 0.03000000  loss: 1.12713390  train accuracy: 0.60044000  test accuracy: 0.55890000 time: 4.92308903s
Loading data from file ./cifar2/epoch29.npz
epoch  30 lr: 0.03000000  loss: 1.12658977  train accuracy: 0.60140000  test accuracy: 0.56080000 time: 4.90728092s
Loading data from file ./cifar2/epoch30.npz
epoch  31 lr: 0.03000000  loss: 1.11396715  train accuracy: 0.61010000  test accuracy: 0.56410000 time: 4.96336651s
Loading data from file ./cifar2/epoch31.npz
epoch  32 lr: 0.03000000  loss: 1.12781930  train accuracy: 0.59834000  test accuracy: 0.55750000 time: 4.91352892s
Loading data from file ./cifar2/epoch32.npz
epoch  33 lr: 0.03000000  loss: 1.12106599  train accuracy: 0.60216000  test accuracy: 0.55480000 time: 4.93112946s
Loading data from file ./cifar2/epoch33.npz
epoch  34 lr: 0.03000000  loss: 1.11095483  train accuracy: 0.60592000  test accuracy: 0.56730000 time: 4.95380783s
Loading data from file ./cifar2/epoch34.npz
epoch  35 lr: 0.03000000  loss: 1.09501690  train accuracy: 0.61440000  test accuracy: 0.56800000 time: 4.94048214s
Loading data from file ./cifar2/epoch35.npz
epoch  36 lr: 0.03000000  loss: 1.09758372  train accuracy: 0.61444000  test accuracy: 0.57140000 time: 4.92542934s
Loading data from file ./cifar2/epoch36.npz
epoch  37 lr: 0.03000000  loss: 1.08887765  train accuracy: 0.61406000  test accuracy: 0.56760000 time: 4.93892908s
Loading data from file ./cifar2/epoch37.npz
epoch  38 lr: 0.03000000  loss: 1.09696404  train accuracy: 0.61368000  test accuracy: 0.56770000 time: 4.91414404s
Loading data from file ./cifar2/epoch38.npz
epoch  39 lr: 0.03000000  loss: 1.08457541  train accuracy: 0.61700000  test accuracy: 0.56570000 time: 4.97253513s
Loading data from file ./cifar2/epoch39.npz
epoch  40 lr: 0.03000000  loss: 1.08743752  train accuracy: 0.61332000  test accuracy: 0.56530000 time: 4.92385149s
Loading data from file ./cifar2/epoch40.npz
epoch  41 lr: 0.03000000  loss: 1.07300749  train accuracy: 0.62330000  test accuracy: 0.57740000 time: 4.92715359s
Loading data from file ./cifar2/epoch41.npz
epoch  42 lr: 0.03000000  loss: 1.08302205  train accuracy: 0.61874000  test accuracy: 0.56860000 time: 4.92001915s
Loading data from file ./cifar2/epoch42.npz
epoch  43 lr: 0.03000000  loss: 1.06735793  train accuracy: 0.62498000  test accuracy: 0.57300000 time: 4.93117094s
Loading data from file ./cifar2/epoch43.npz
epoch  44 lr: 0.03000000  loss: 1.07520727  train accuracy: 0.62388000  test accuracy: 0.57130000 time: 4.91171026s
Loading data from file ./cifar2/epoch44.npz
epoch  45 lr: 0.03000000  loss: 1.07858260  train accuracy: 0.62370000  test accuracy: 0.57120000 time: 4.92510033s
Loading data from file ./cifar2/epoch45.npz
epoch  46 lr: 0.03000000  loss: 1.08302823  train accuracy: 0.61414000  test accuracy: 0.55900000 time: 4.92283010s
Loading data from file ./cifar2/epoch46.npz
epoch  47 lr: 0.03000000  loss: 1.06368509  train accuracy: 0.62922000  test accuracy: 0.56830000 time: 4.93124866s
Loading data from file ./cifar2/epoch47.npz
epoch  48 lr: 0.03000000  loss: 1.07505266  train accuracy: 0.61882000  test accuracy: 0.56750000 time: 4.94398737s
Loading data from file ./cifar2/epoch48.npz
epoch  49 lr: 0.03000000  loss: 1.06241229  train accuracy: 0.63016000  test accuracy: 0.57260000 time: 4.91370153s
Loading data from file ./cifar2/epoch49.npz
epoch  50 lr: 0.03000000  loss: 1.05510680  train accuracy: 0.62896000  test accuracy: 0.57540000 time: 4.91580439s
Loading data from file ./cifar2/epoch50.npz
epoch  51 lr: 0.00300000  loss: 1.12820701  train accuracy: 0.59884000  test accuracy: 0.59070000 time: 4.91790724s
Loading data from file ./cifar2/epoch51.npz
epoch  52 lr: 0.00300000  loss: 1.11049890  train accuracy: 0.60926000  test accuracy: 0.59870000 time: 4.93696880s
Loading data from file ./cifar2/epoch52.npz
epoch  53 lr: 0.00300000  loss: 1.09898748  train accuracy: 0.61364000  test accuracy: 0.60130000 time: 4.92321634s
Loading data from file ./cifar2/epoch53.npz
epoch  54 lr: 0.00300000  loss: 1.09001473  train accuracy: 0.61386000  test accuracy: 0.59950000 time: 4.93254852s
Loading data from file ./cifar2/epoch54.npz
epoch  55 lr: 0.00300000  loss: 1.08753603  train accuracy: 0.61828000  test accuracy: 0.59910000 time: 4.93028593s
Loading data from file ./cifar2/epoch55.npz
epoch  56 lr: 0.00300000  loss: 1.08647222  train accuracy: 0.61624000  test accuracy: 0.60140000 time: 4.91276026s
Loading data from file ./cifar2/epoch56.npz
epoch  57 lr: 0.00300000  loss: 1.08023128  train accuracy: 0.61858000  test accuracy: 0.60370000 time: 4.95800829s
Loading data from file ./cifar2/epoch57.npz
epoch  58 lr: 0.00300000  loss: 1.07610834  train accuracy: 0.61998000  test accuracy: 0.60590000 time: 4.96864223s
Loading data from file ./cifar2/epoch58.npz
epoch  59 lr: 0.00300000  loss: 1.06941393  train accuracy: 0.62374000  test accuracy: 0.60290000 time: 4.93676090s
Loading data from file ./cifar2/epoch59.npz
epoch  60 lr: 0.00300000  loss: 1.06906673  train accuracy: 0.62196000  test accuracy: 0.60650000 time: 4.92987967s
Loading data from file ./cifar2/epoch60.npz
epoch  61 lr: 0.00300000  loss: 1.06436356  train accuracy: 0.62592000  test accuracy: 0.60540000 time: 4.93359089s
Loading data from file ./cifar2/epoch61.npz
epoch  62 lr: 0.00300000  loss: 1.06359541  train accuracy: 0.62384000  test accuracy: 0.60450000 time: 4.91165686s
Loading data from file ./cifar2/epoch62.npz
epoch  63 lr: 0.00300000  loss: 1.06481220  train accuracy: 0.62286000  test accuracy: 0.60650000 time: 4.91848278s
Loading data from file ./cifar2/epoch63.npz
epoch  64 lr: 0.00300000  loss: 1.06163724  train accuracy: 0.62516000  test accuracy: 0.60610000 time: 4.92389297s
Loading data from file ./cifar2/epoch64.npz
epoch  65 lr: 0.00300000  loss: 1.06180030  train accuracy: 0.62492000  test accuracy: 0.60830000 time: 4.92788649s
Loading data from file ./cifar2/epoch65.npz
epoch  66 lr: 0.00300000  loss: 1.05402183  train accuracy: 0.62672000  test accuracy: 0.60790000 time: 4.94833755s
Loading data from file ./cifar2/epoch66.npz
epoch  67 lr: 0.00300000  loss: 1.05481623  train accuracy: 0.62668000  test accuracy: 0.60790000 time: 4.95264101s
Loading data from file ./cifar2/epoch67.npz
epoch  68 lr: 0.00300000  loss: 1.05577155  train accuracy: 0.62690000  test accuracy: 0.60700000 time: 4.91487026s
Loading data from file ./cifar2/epoch68.npz
epoch  69 lr: 0.00300000  loss: 1.05459342  train accuracy: 0.62706000  test accuracy: 0.60610000 time: 4.91364956s
Loading data from file ./cifar2/epoch69.npz
epoch  70 lr: 0.00300000  loss: 1.05138206  train accuracy: 0.62842000  test accuracy: 0.60770000 time: 4.91963434s
Loading data from file ./cifar2/epoch70.npz
epoch  71 lr: 0.00300000  loss: 1.04648146  train accuracy: 0.63052000  test accuracy: 0.61060000 time: 4.96031952s
Loading data from file ./cifar2/epoch71.npz
epoch  72 lr: 0.00300000  loss: 1.04120312  train accuracy: 0.63248000  test accuracy: 0.60840000 time: 4.91132450s
Loading data from file ./cifar2/epoch72.npz
epoch  73 lr: 0.00300000  loss: 1.04560991  train accuracy: 0.63122000  test accuracy: 0.60740000 time: 4.92842054s
Loading data from file ./cifar2/epoch73.npz
epoch  74 lr: 0.00300000  loss: 1.04897600  train accuracy: 0.63236000  test accuracy: 0.60930000 time: 4.91825151s
Loading data from file ./cifar2/epoch74.npz
epoch  75 lr: 0.00300000  loss: 1.04267077  train accuracy: 0.63298000  test accuracy: 0.60930000 time: 4.91317558s
Loading data from file ./cifar2/epoch75.npz
epoch  76 lr: 0.00030000  loss: 1.07602866  train accuracy: 0.61958000  test accuracy: 0.60950000 time: 4.89596844s
Loading data from file ./cifar2/epoch76.npz
epoch  77 lr: 0.00030000  loss: 1.07241218  train accuracy: 0.62264000  test accuracy: 0.60980000 time: 4.90890980s
Loading data from file ./cifar2/epoch77.npz
epoch  78 lr: 0.00030000  loss: 1.07572569  train accuracy: 0.61912000  test accuracy: 0.60900000 time: 4.92626810s
Loading data from file ./cifar2/epoch78.npz
epoch  79 lr: 0.00030000  loss: 1.07583079  train accuracy: 0.62008000  test accuracy: 0.61000000 time: 4.91664791s
Loading data from file ./cifar2/epoch79.npz
epoch  80 lr: 0.00030000  loss: 1.07262811  train accuracy: 0.62124000  test accuracy: 0.61020000 time: 4.90002823s
Loading data from file ./cifar2/epoch80.npz
epoch  81 lr: 0.00030000  loss: 1.07411134  train accuracy: 0.61872000  test accuracy: 0.61090000 time: 4.93293428s
Loading data from file ./cifar2/epoch81.npz
epoch  82 lr: 0.00030000  loss: 1.07202186  train accuracy: 0.62028000  test accuracy: 0.61090000 time: 4.90753603s
Loading data from file ./cifar2/epoch82.npz
epoch  83 lr: 0.00030000  loss: 1.07592817  train accuracy: 0.61900000  test accuracy: 0.60860000 time: 4.91659355s
Loading data from file ./cifar2/epoch83.npz
epoch  84 lr: 0.00030000  loss: 1.07439907  train accuracy: 0.62046000  test accuracy: 0.61020000 time: 4.98963356s
Loading data from file ./cifar2/epoch84.npz
epoch  85 lr: 0.00030000  loss: 1.07337091  train accuracy: 0.61820000  test accuracy: 0.61020000 time: 4.95334482s
Loading data from file ./cifar2/epoch85.npz
epoch  86 lr: 0.00030000  loss: 1.07228960  train accuracy: 0.61936000  test accuracy: 0.60900000 time: 4.91840124s
Loading data from file ./cifar2/epoch86.npz
epoch  87 lr: 0.00030000  loss: 1.07720269  train accuracy: 0.61730000  test accuracy: 0.61100000 time: 4.90700912s
Loading data from file ./cifar2/epoch87.npz
epoch  88 lr: 0.00030000  loss: 1.07356075  train accuracy: 0.62058000  test accuracy: 0.61030000 time: 4.94418383s
Loading data from file ./cifar2/epoch88.npz
epoch  89 lr: 0.00030000  loss: 1.06545403  train accuracy: 0.62262000  test accuracy: 0.61030000 time: 4.92332220s
Loading data from file ./cifar2/epoch89.npz
epoch  90 lr: 0.00030000  loss: 1.06764477  train accuracy: 0.62216000  test accuracy: 0.61180000 time: 4.91340065s
Loading data from file ./cifar2/epoch90.npz
epoch  91 lr: 0.00030000  loss: 1.06888784  train accuracy: 0.62208000  test accuracy: 0.61120000 time: 4.92881870s
Loading data from file ./cifar2/epoch91.npz
epoch  92 lr: 0.00030000  loss: 1.06707475  train accuracy: 0.62304000  test accuracy: 0.61120000 time: 4.93997192s
Loading data from file ./cifar2/epoch92.npz
epoch  93 lr: 0.00030000  loss: 1.07013034  train accuracy: 0.62214000  test accuracy: 0.61200000 time: 4.92019129s
Loading data from file ./cifar2/epoch93.npz
epoch  94 lr: 0.00030000  loss: 1.06984866  train accuracy: 0.62248000  test accuracy: 0.61230000 time: 4.93779564s
Loading data from file ./cifar2/epoch94.npz
epoch  95 lr: 0.00030000  loss: 1.07015398  train accuracy: 0.62212000  test accuracy: 0.61200000 time: 4.90226746s
Loading data from file ./cifar2/epoch95.npz
epoch  96 lr: 0.00030000  loss: 1.07332370  train accuracy: 0.62152000  test accuracy: 0.61270000 time: 4.94725561s
Loading data from file ./cifar2/epoch96.npz
epoch  97 lr: 0.00030000  loss: 1.06629723  train accuracy: 0.62336000  test accuracy: 0.61230000 time: 4.91447163s
Loading data from file ./cifar2/epoch97.npz
epoch  98 lr: 0.00030000  loss: 1.06884154  train accuracy: 0.61880000  test accuracy: 0.61290000 time: 4.95103121s
Loading data from file ./cifar2/epoch98.npz
epoch  99 lr: 0.00030000  loss: 1.06607156  train accuracy: 0.62162000  test accuracy: 0.61230000 time: 4.91587973s
Loading data from file ./cifar2/epoch99.npz
epoch 100 lr: 0.00030000  loss: 1.07298161  train accuracy: 0.62052000  test accuracy: 0.61280000 time: 4.91926146s
Accuracy of the network on the 10000 test examples: 61.28%
Total training time for the 100 epochs: 492.69810588s
