loading dataset cifar10
read slice "../data/cifar-10-batches-bin/data_batch_1.bin"
read slice "../data/cifar-10-batches-bin/data_batch_2.bin"
read slice "../data/cifar-10-batches-bin/data_batch_3.bin"
read slice "../data/cifar-10-batches-bin/data_batch_4.bin"
read slice "../data/cifar-10-batches-bin/data_batch_5.bin"
read slice "../data/cifar-10-batches-bin/test_batch.bin"
normalizing data
number of examples: 50000
number of features: 3072
number of outputs: 10
epochs = 100
batch size = 100
shuffle = true
statistics = true
debug = false
algorithm = minibatch
dataset = cifar10
dataset size = 50000
normalize data = false
learning rate scheduler = multistep_lr(0.01;50,75;0.1)
loss function = softmax-cross-entropy
architecture = RRL
sizes = [3072, 1024, 512, 10]
weights initialization = xxx
optimizer = nesterov(0.9)
dropout = 0
density = 0.5
densities = [0.423651, 0.953214, 1]
seed = 2
precision = 4
threads = 4
number type = float

Sparse(units=1024, density=0.4239378, optimizer=Nesterov(0.90000), activation=ReLU())
Sparse(units=512, density=0.9525528, optimizer=Nesterov(0.90000), activation=ReLU())
Dense(units=10, optimizer=Nesterov(0.90000), activation=NoActivation())

Loading data from file ./cifar2/epoch0.npz
epoch   0 lr: 0.01000000  loss: 2.30549124  train accuracy: 0.09626000  test accuracy: 0.09720000 time: 0.00000000s
epoch   1 lr: 0.01000000  loss: 1.58446671  train accuracy: 0.44026000  test accuracy: 0.45680000 time: 31.43247986s
Loading data from file ./cifar2/epoch1.npz
epoch   2 lr: 0.01000000  loss: 1.48480402  train accuracy: 0.47816000  test accuracy: 0.47940000 time: 31.46018028s
Loading data from file ./cifar2/epoch2.npz
epoch   3 lr: 0.01000000  loss: 1.43263686  train accuracy: 0.49578000  test accuracy: 0.49570000 time: 31.60225868s
Loading data from file ./cifar2/epoch3.npz
epoch   4 lr: 0.01000000  loss: 1.38464782  train accuracy: 0.51448000  test accuracy: 0.51060000 time: 31.40205193s
Loading data from file ./cifar2/epoch4.npz
epoch   5 lr: 0.01000000  loss: 1.35832101  train accuracy: 0.52036000  test accuracy: 0.51370000 time: 31.37282753s
Loading data from file ./cifar2/epoch5.npz
epoch   6 lr: 0.01000000  loss: 1.31909591  train accuracy: 0.53800000  test accuracy: 0.52600000 time: 31.37371254s
Loading data from file ./cifar2/epoch6.npz
epoch   7 lr: 0.01000000  loss: 1.29158742  train accuracy: 0.54534000  test accuracy: 0.54300000 time: 31.37325859s
Loading data from file ./cifar2/epoch7.npz
epoch   8 lr: 0.01000000  loss: 1.25468026  train accuracy: 0.56406000  test accuracy: 0.54500000 time: 31.37608528s
Loading data from file ./cifar2/epoch8.npz
epoch   9 lr: 0.01000000  loss: 1.24340070  train accuracy: 0.56210000  test accuracy: 0.54500000 time: 31.45608330s
Loading data from file ./cifar2/epoch9.npz
epoch  10 lr: 0.01000000  loss: 1.22972886  train accuracy: 0.56810000  test accuracy: 0.54680000 time: 31.37437057s
Loading data from file ./cifar2/epoch10.npz
epoch  11 lr: 0.01000000  loss: 1.21909536  train accuracy: 0.56670000  test accuracy: 0.54620000 time: 32.14255142s
Loading data from file ./cifar2/epoch11.npz
epoch  12 lr: 0.01000000  loss: 1.18640634  train accuracy: 0.58046000  test accuracy: 0.55350000 time: 31.37768364s
Loading data from file ./cifar2/epoch12.npz
epoch  13 lr: 0.01000000  loss: 1.17167264  train accuracy: 0.58730000  test accuracy: 0.56410000 time: 31.38595200s
Loading data from file ./cifar2/epoch13.npz
epoch  14 lr: 0.01000000  loss: 1.13300299  train accuracy: 0.60064000  test accuracy: 0.56190000 time: 31.46274185s
Loading data from file ./cifar2/epoch14.npz
epoch  15 lr: 0.01000000  loss: 1.12720443  train accuracy: 0.60490000  test accuracy: 0.56960000 time: 31.50368500s
Loading data from file ./cifar2/epoch15.npz
epoch  16 lr: 0.01000000  loss: 1.12285698  train accuracy: 0.60424000  test accuracy: 0.56630000 time: 31.43781853s
Loading data from file ./cifar2/epoch16.npz
epoch  17 lr: 0.01000000  loss: 1.10968535  train accuracy: 0.60830000  test accuracy: 0.57490000 time: 31.37612152s
Loading data from file ./cifar2/epoch17.npz
epoch  18 lr: 0.01000000  loss: 1.10257218  train accuracy: 0.61158000  test accuracy: 0.57340000 time: 31.38614273s
Loading data from file ./cifar2/epoch18.npz
epoch  19 lr: 0.01000000  loss: 1.08867426  train accuracy: 0.61422000  test accuracy: 0.57200000 time: 31.42635918s
Loading data from file ./cifar2/epoch19.npz
epoch  20 lr: 0.01000000  loss: 1.07145462  train accuracy: 0.62160000  test accuracy: 0.57690000 time: 31.41954803s
Loading data from file ./cifar2/epoch20.npz
epoch  21 lr: 0.01000000  loss: 1.06633956  train accuracy: 0.62408000  test accuracy: 0.57460000 time: 31.39627457s
Loading data from file ./cifar2/epoch21.npz
epoch  22 lr: 0.01000000  loss: 1.05437037  train accuracy: 0.62834000  test accuracy: 0.57980000 time: 31.36993599s
Loading data from file ./cifar2/epoch22.npz
epoch  23 lr: 0.01000000  loss: 1.04946494  train accuracy: 0.63380000  test accuracy: 0.57540000 time: 31.37437630s
Loading data from file ./cifar2/epoch23.npz
epoch  24 lr: 0.01000000  loss: 1.04294355  train accuracy: 0.63272000  test accuracy: 0.57710000 time: 31.44699287s
Loading data from file ./cifar2/epoch24.npz
epoch  25 lr: 0.01000000  loss: 1.02926390  train accuracy: 0.63778000  test accuracy: 0.57860000 time: 31.43174934s
Loading data from file ./cifar2/epoch25.npz
epoch  26 lr: 0.01000000  loss: 1.01077932  train accuracy: 0.64542000  test accuracy: 0.58830000 time: 31.80277634s
Loading data from file ./cifar2/epoch26.npz
epoch  27 lr: 0.01000000  loss: 1.00551158  train accuracy: 0.64598000  test accuracy: 0.58040000 time: 35.01477051s
Loading data from file ./cifar2/epoch27.npz
epoch  28 lr: 0.01000000  loss: 0.99632520  train accuracy: 0.64714000  test accuracy: 0.58480000 time: 31.40813065s
Loading data from file ./cifar2/epoch28.npz
epoch  29 lr: 0.01000000  loss: 1.01321011  train accuracy: 0.63930000  test accuracy: 0.57970000 time: 31.51350021s
Loading data from file ./cifar2/epoch29.npz
epoch  30 lr: 0.01000000  loss: 0.98628039  train accuracy: 0.65236000  test accuracy: 0.58170000 time: 31.40151024s
Loading data from file ./cifar2/epoch30.npz
epoch  31 lr: 0.01000000  loss: 0.95761324  train accuracy: 0.66530000  test accuracy: 0.59300000 time: 31.46325493s
Loading data from file ./cifar2/epoch31.npz
epoch  32 lr: 0.01000000  loss: 0.95355192  train accuracy: 0.66262000  test accuracy: 0.59150000 time: 31.48361206s
Loading data from file ./cifar2/epoch32.npz
epoch  33 lr: 0.01000000  loss: 0.97315442  train accuracy: 0.65902000  test accuracy: 0.58360000 time: 31.86954117s
Loading data from file ./cifar2/epoch33.npz
epoch  34 lr: 0.01000000  loss: 0.94554510  train accuracy: 0.66454000  test accuracy: 0.59700000 time: 31.45897865s
Loading data from file ./cifar2/epoch34.npz
epoch  35 lr: 0.01000000  loss: 0.93599806  train accuracy: 0.67064000  test accuracy: 0.58660000 time: 31.42437553s
Loading data from file ./cifar2/epoch35.npz
epoch  36 lr: 0.01000000  loss: 0.94233228  train accuracy: 0.67256000  test accuracy: 0.58950000 time: 31.47916412s
Loading data from file ./cifar2/epoch36.npz
epoch  37 lr: 0.01000000  loss: 0.93109246  train accuracy: 0.67298000  test accuracy: 0.59120000 time: 31.40876007s
Loading data from file ./cifar2/epoch37.npz
epoch  38 lr: 0.01000000  loss: 0.92489890  train accuracy: 0.67796000  test accuracy: 0.59730000 time: 31.38693047s
Loading data from file ./cifar2/epoch38.npz
epoch  39 lr: 0.01000000  loss: 0.91451711  train accuracy: 0.67848000  test accuracy: 0.59950000 time: 31.52547073s
Loading data from file ./cifar2/epoch39.npz
epoch  40 lr: 0.01000000  loss: 0.90490663  train accuracy: 0.67932000  test accuracy: 0.59820000 time: 31.45431709s
Loading data from file ./cifar2/epoch40.npz
epoch  41 lr: 0.01000000  loss: 0.89490498  train accuracy: 0.68342000  test accuracy: 0.59640000 time: 31.47837830s
Loading data from file ./cifar2/epoch41.npz
epoch  42 lr: 0.01000000  loss: 0.88997128  train accuracy: 0.68736000  test accuracy: 0.59980000 time: 31.45386314s
Loading data from file ./cifar2/epoch42.npz
epoch  43 lr: 0.01000000  loss: 0.88898055  train accuracy: 0.68838000  test accuracy: 0.59820000 time: 31.41184616s
Loading data from file ./cifar2/epoch43.npz
epoch  44 lr: 0.01000000  loss: 0.88232888  train accuracy: 0.69108000  test accuracy: 0.60280000 time: 31.40399551s
Loading data from file ./cifar2/epoch44.npz
epoch  45 lr: 0.01000000  loss: 0.88663747  train accuracy: 0.69104000  test accuracy: 0.60330000 time: 31.46987343s
Loading data from file ./cifar2/epoch45.npz
epoch  46 lr: 0.01000000  loss: 0.88606895  train accuracy: 0.68480000  test accuracy: 0.60100000 time: 31.47859001s
Loading data from file ./cifar2/epoch46.npz
epoch  47 lr: 0.01000000  loss: 0.85800104  train accuracy: 0.70194000  test accuracy: 0.60620000 time: 31.47817802s
Loading data from file ./cifar2/epoch47.npz
epoch  48 lr: 0.01000000  loss: 0.88222780  train accuracy: 0.68890000  test accuracy: 0.60190000 time: 31.50390816s
Loading data from file ./cifar2/epoch48.npz
epoch  49 lr: 0.01000000  loss: 0.86221462  train accuracy: 0.69990000  test accuracy: 0.60400000 time: 31.53838348s
Loading data from file ./cifar2/epoch49.npz
epoch  50 lr: 0.01000000  loss: 0.84263060  train accuracy: 0.70378000  test accuracy: 0.60470000 time: 32.06970596s
Loading data from file ./cifar2/epoch50.npz
epoch  51 lr: 0.00100000  loss: 0.89395179  train accuracy: 0.68256000  test accuracy: 0.62830000 time: 31.44088173s
Loading data from file ./cifar2/epoch51.npz
epoch  52 lr: 0.00100000  loss: 0.86942069  train accuracy: 0.69458000  test accuracy: 0.63650000 time: 31.52103233s
Loading data from file ./cifar2/epoch52.npz
epoch  53 lr: 0.00100000  loss: 0.85692924  train accuracy: 0.69792000  test accuracy: 0.63420000 time: 31.40620041s
Loading data from file ./cifar2/epoch53.npz
epoch  54 lr: 0.00100000  loss: 0.84595988  train accuracy: 0.70180000  test accuracy: 0.63750000 time: 31.42839241s
Loading data from file ./cifar2/epoch54.npz
epoch  55 lr: 0.00100000  loss: 0.84367696  train accuracy: 0.70212000  test accuracy: 0.64030000 time: 31.49849129s
Loading data from file ./cifar2/epoch55.npz
epoch  56 lr: 0.00100000  loss: 0.83304031  train accuracy: 0.70430000  test accuracy: 0.64030000 time: 32.12205124s
Loading data from file ./cifar2/epoch56.npz
epoch  57 lr: 0.00100000  loss: 0.82785846  train accuracy: 0.71078000  test accuracy: 0.64300000 time: 31.39014435s
Loading data from file ./cifar2/epoch57.npz
epoch  58 lr: 0.00100000  loss: 0.82212332  train accuracy: 0.71208000  test accuracy: 0.64120000 time: 31.41807556s
Loading data from file ./cifar2/epoch58.npz
epoch  59 lr: 0.00100000  loss: 0.81769095  train accuracy: 0.71126000  test accuracy: 0.64360000 time: 31.47198677s
Loading data from file ./cifar2/epoch59.npz
epoch  60 lr: 0.00100000  loss: 0.81636369  train accuracy: 0.71322000  test accuracy: 0.64190000 time: 31.40761566s
Loading data from file ./cifar2/epoch60.npz
epoch  61 lr: 0.00100000  loss: 0.81130056  train accuracy: 0.71266000  test accuracy: 0.64310000 time: 31.41505814s
Loading data from file ./cifar2/epoch61.npz
epoch  62 lr: 0.00100000  loss: 0.80999581  train accuracy: 0.71348000  test accuracy: 0.64040000 time: 32.16881943s
Loading data from file ./cifar2/epoch62.npz
epoch  63 lr: 0.00100000  loss: 0.80577860  train accuracy: 0.71572000  test accuracy: 0.64280000 time: 31.39640427s
Loading data from file ./cifar2/epoch63.npz
epoch  64 lr: 0.00100000  loss: 0.80914858  train accuracy: 0.71458000  test accuracy: 0.64290000 time: 31.46996689s
Loading data from file ./cifar2/epoch64.npz
epoch  65 lr: 0.00100000  loss: 0.80072214  train accuracy: 0.71634000  test accuracy: 0.64340000 time: 31.43354607s
Loading data from file ./cifar2/epoch65.npz
epoch  66 lr: 0.00100000  loss: 0.79445593  train accuracy: 0.71982000  test accuracy: 0.64130000 time: 32.17901611s
Loading data from file ./cifar2/epoch66.npz
epoch  67 lr: 0.00100000  loss: 0.79098798  train accuracy: 0.72192000  test accuracy: 0.64450000 time: 31.41697311s
Loading data from file ./cifar2/epoch67.npz
epoch  68 lr: 0.00100000  loss: 0.79131677  train accuracy: 0.72052000  test accuracy: 0.64270000 time: 31.41077995s
Loading data from file ./cifar2/epoch68.npz
epoch  69 lr: 0.00100000  loss: 0.78718959  train accuracy: 0.72382000  test accuracy: 0.63960000 time: 31.44256020s
Loading data from file ./cifar2/epoch69.npz
epoch  70 lr: 0.00100000  loss: 0.78343026  train accuracy: 0.72610000  test accuracy: 0.64240000 time: 31.49228668s
Loading data from file ./cifar2/epoch70.npz
epoch  71 lr: 0.00100000  loss: 0.78268862  train accuracy: 0.72438000  test accuracy: 0.64510000 time: 31.40962029s
Loading data from file ./cifar2/epoch71.npz
epoch  72 lr: 0.00100000  loss: 0.77736409  train accuracy: 0.72682000  test accuracy: 0.64390000 time: 31.45460320s
Loading data from file ./cifar2/epoch72.npz
epoch  73 lr: 0.00100000  loss: 0.77959977  train accuracy: 0.72702000  test accuracy: 0.64510000 time: 32.13027954s
Loading data from file ./cifar2/epoch73.npz
epoch  74 lr: 0.00100000  loss: 0.78294796  train accuracy: 0.72632000  test accuracy: 0.64530000 time: 31.43782425s
Loading data from file ./cifar2/epoch74.npz
epoch  75 lr: 0.00100000  loss: 0.77192518  train accuracy: 0.73046000  test accuracy: 0.64270000 time: 31.47731400s
Loading data from file ./cifar2/epoch75.npz
epoch  76 lr: 0.00010000  loss: 0.81413374  train accuracy: 0.71240000  test accuracy: 0.64410000 time: 32.02132797s
Loading data from file ./cifar2/epoch76.npz
epoch  77 lr: 0.00010000  loss: 0.80429973  train accuracy: 0.71538000  test accuracy: 0.64560000 time: 31.42089081s
Loading data from file ./cifar2/epoch77.npz
epoch  78 lr: 0.00010000  loss: 0.81409071  train accuracy: 0.71456000  test accuracy: 0.64490000 time: 31.48521996s
Loading data from file ./cifar2/epoch78.npz
epoch  79 lr: 0.00010000  loss: 0.80595791  train accuracy: 0.71482000  test accuracy: 0.64570000 time: 32.15248489s
Loading data from file ./cifar2/epoch79.npz
epoch  80 lr: 0.00010000  loss: 0.81152692  train accuracy: 0.71150000  test accuracy: 0.64760000 time: 31.40163803s
Loading data from file ./cifar2/epoch80.npz
epoch  81 lr: 0.00010000  loss: 0.81044989  train accuracy: 0.71424000  test accuracy: 0.64500000 time: 31.37866211s
Loading data from file ./cifar2/epoch81.npz
epoch  82 lr: 0.00010000  loss: 0.80906293  train accuracy: 0.71350000  test accuracy: 0.64660000 time: 31.42761612s
Loading data from file ./cifar2/epoch82.npz
epoch  83 lr: 0.00010000  loss: 0.80469467  train accuracy: 0.71680000  test accuracy: 0.64470000 time: 31.39440155s
Loading data from file ./cifar2/epoch83.npz
epoch  84 lr: 0.00010000  loss: 0.81037623  train accuracy: 0.71370000  test accuracy: 0.64530000 time: 31.45635033s
Loading data from file ./cifar2/epoch84.npz
epoch  85 lr: 0.00010000  loss: 0.80803126  train accuracy: 0.71368000  test accuracy: 0.64640000 time: 31.36976242s
Loading data from file ./cifar2/epoch85.npz
epoch  86 lr: 0.00010000  loss: 0.80733350  train accuracy: 0.71526000  test accuracy: 0.64530000 time: 31.40739632s
Loading data from file ./cifar2/epoch86.npz
epoch  87 lr: 0.00010000  loss: 0.80930064  train accuracy: 0.71320000  test accuracy: 0.64540000 time: 31.41743851s
Loading data from file ./cifar2/epoch87.npz
epoch  88 lr: 0.00010000  loss: 0.80636188  train accuracy: 0.71340000  test accuracy: 0.64660000 time: 31.48449707s
Loading data from file ./cifar2/epoch88.npz
epoch  89 lr: 0.00010000  loss: 0.80249228  train accuracy: 0.71690000  test accuracy: 0.64600000 time: 31.42498016s
Loading data from file ./cifar2/epoch89.npz
epoch  90 lr: 0.00010000  loss: 0.80194371  train accuracy: 0.71578000  test accuracy: 0.64780000 time: 31.40966988s
Loading data from file ./cifar2/epoch90.npz
epoch  91 lr: 0.00010000  loss: 0.80538073  train accuracy: 0.71412000  test accuracy: 0.64660000 time: 31.43558311s
Loading data from file ./cifar2/epoch91.npz
epoch  92 lr: 0.00010000  loss: 0.80342677  train accuracy: 0.71606000  test accuracy: 0.64610000 time: 31.45585442s
Loading data from file ./cifar2/epoch92.npz
epoch  93 lr: 0.00010000  loss: 0.80207768  train accuracy: 0.71624000  test accuracy: 0.64730000 time: 31.42337608s
Loading data from file ./cifar2/epoch93.npz
epoch  94 lr: 0.00010000  loss: 0.79986264  train accuracy: 0.71748000  test accuracy: 0.64760000 time: 31.41417503s
Loading data from file ./cifar2/epoch94.npz
epoch  95 lr: 0.00010000  loss: 0.80111938  train accuracy: 0.71662000  test accuracy: 0.64710000 time: 31.44527626s
Loading data from file ./cifar2/epoch95.npz
epoch  96 lr: 0.00010000  loss: 0.80312053  train accuracy: 0.71506000  test accuracy: 0.64680000 time: 31.49780846s
Loading data from file ./cifar2/epoch96.npz
epoch  97 lr: 0.00010000  loss: 0.80491782  train accuracy: 0.71780000  test accuracy: 0.64670000 time: 31.43828773s
Loading data from file ./cifar2/epoch97.npz
epoch  98 lr: 0.00010000  loss: 0.80279140  train accuracy: 0.71478000  test accuracy: 0.64830000 time: 31.44246483s
Loading data from file ./cifar2/epoch98.npz
epoch  99 lr: 0.00010000  loss: 0.79953638  train accuracy: 0.71722000  test accuracy: 0.64690000 time: 31.50220871s
Loading data from file ./cifar2/epoch99.npz
epoch 100 lr: 0.00010000  loss: 0.80674400  train accuracy: 0.71480000  test accuracy: 0.64790000 time: 31.54288483s
Accuracy of the network on the 10000 test examples: 64.79%
Total training time for the 100 epochs: 3153.63323908s
