loading dataset cifar10
read slice "../data/cifar-10-batches-bin/data_batch_1.bin"
read slice "../data/cifar-10-batches-bin/data_batch_2.bin"
read slice "../data/cifar-10-batches-bin/data_batch_3.bin"
read slice "../data/cifar-10-batches-bin/data_batch_4.bin"
read slice "../data/cifar-10-batches-bin/data_batch_5.bin"
read slice "../data/cifar-10-batches-bin/test_batch.bin"
normalizing data
number of examples: 50000
number of features: 3072
number of outputs: 10
epochs = 100
batch size = 100
shuffle = true
statistics = true
debug = false
algorithm = minibatch
dataset = cifar10
dataset size = 50000
normalize data = false
learning rate scheduler = multistep_lr(0.01;50,75;0.1)
loss function = softmax-cross-entropy
architecture = RRL
sizes = [3072, 1024, 512, 10]
weights initialization = xxx
optimizer = nesterov(0.9)
dropout = 0
density = 0.5
densities = [0.423651, 0.953214, 1]
seed = 3
precision = 4
threads = 4
number type = float

Sparse(units=1024, density=0.42387962, optimizer=Nesterov(0.90000), activation=ReLU())
Sparse(units=512, density=0.9533024, optimizer=Nesterov(0.90000), activation=ReLU())
Dense(units=10, optimizer=Nesterov(0.90000), activation=NoActivation())

Loading data from file ./cifar3/epoch0.npz
epoch   0 lr: 0.01000000  loss: 2.30629565  train accuracy: 0.09236000  test accuracy: 0.08350000 time: 0.00000000s
epoch   1 lr: 0.01000000  loss: 1.59659456  train accuracy: 0.43548000  test accuracy: 0.44650000 time: 31.64862251s
Loading data from file ./cifar3/epoch1.npz
epoch   2 lr: 0.01000000  loss: 1.49016393  train accuracy: 0.47092000  test accuracy: 0.47750000 time: 31.62639046s
Loading data from file ./cifar3/epoch2.npz
epoch   3 lr: 0.01000000  loss: 1.43107185  train accuracy: 0.49110000  test accuracy: 0.49090000 time: 32.28167343s
Loading data from file ./cifar3/epoch3.npz
epoch   4 lr: 0.01000000  loss: 1.39147168  train accuracy: 0.50788000  test accuracy: 0.51100000 time: 32.26049042s
Loading data from file ./cifar3/epoch4.npz
epoch   5 lr: 0.01000000  loss: 1.36158048  train accuracy: 0.52264000  test accuracy: 0.51850000 time: 31.77547455s
Loading data from file ./cifar3/epoch5.npz
epoch   6 lr: 0.01000000  loss: 1.32817194  train accuracy: 0.53254000  test accuracy: 0.52330000 time: 31.51767731s
Loading data from file ./cifar3/epoch6.npz
epoch   7 lr: 0.01000000  loss: 1.29737965  train accuracy: 0.54030000  test accuracy: 0.52830000 time: 31.52194405s
Loading data from file ./cifar3/epoch7.npz
epoch   8 lr: 0.01000000  loss: 1.27370492  train accuracy: 0.54664000  test accuracy: 0.52680000 time: 32.22856140s
Loading data from file ./cifar3/epoch8.npz
epoch   9 lr: 0.01000000  loss: 1.23931419  train accuracy: 0.56302000  test accuracy: 0.54850000 time: 31.54751778s
Loading data from file ./cifar3/epoch9.npz
epoch  10 lr: 0.01000000  loss: 1.23147923  train accuracy: 0.57024000  test accuracy: 0.54470000 time: 31.72998238s
Loading data from file ./cifar3/epoch10.npz
epoch  11 lr: 0.01000000  loss: 1.19954639  train accuracy: 0.57352000  test accuracy: 0.55820000 time: 31.63966370s
Loading data from file ./cifar3/epoch11.npz
epoch  12 lr: 0.01000000  loss: 1.18900556  train accuracy: 0.57640000  test accuracy: 0.55010000 time: 31.58667374s
Loading data from file ./cifar3/epoch12.npz
epoch  13 lr: 0.01000000  loss: 1.16863532  train accuracy: 0.58552000  test accuracy: 0.55540000 time: 31.53145027s
Loading data from file ./cifar3/epoch13.npz
epoch  14 lr: 0.01000000  loss: 1.15239722  train accuracy: 0.59060000  test accuracy: 0.56120000 time: 31.59371567s
Loading data from file ./cifar3/epoch14.npz
epoch  15 lr: 0.01000000  loss: 1.14865818  train accuracy: 0.59090000  test accuracy: 0.55550000 time: 32.62491608s
Loading data from file ./cifar3/epoch15.npz
epoch  16 lr: 0.01000000  loss: 1.13216881  train accuracy: 0.59870000  test accuracy: 0.56360000 time: 32.11498260s
Loading data from file ./cifar3/epoch16.npz
epoch  17 lr: 0.01000000  loss: 1.12347560  train accuracy: 0.60304000  test accuracy: 0.55770000 time: 31.57259941s
Loading data from file ./cifar3/epoch17.npz
epoch  18 lr: 0.01000000  loss: 1.09785034  train accuracy: 0.61498000  test accuracy: 0.57230000 time: 31.59489632s
Loading data from file ./cifar3/epoch18.npz
epoch  19 lr: 0.01000000  loss: 1.07967321  train accuracy: 0.62134000  test accuracy: 0.57010000 time: 31.65470505s
Loading data from file ./cifar3/epoch19.npz
epoch  20 lr: 0.01000000  loss: 1.08076810  train accuracy: 0.61730000  test accuracy: 0.57400000 time: 31.54520607s
Loading data from file ./cifar3/epoch20.npz
epoch  21 lr: 0.01000000  loss: 1.07926945  train accuracy: 0.61852000  test accuracy: 0.57400000 time: 32.44843292s
Loading data from file ./cifar3/epoch21.npz
epoch  22 lr: 0.01000000  loss: 1.04828856  train accuracy: 0.63216000  test accuracy: 0.58180000 time: 31.72616196s
Loading data from file ./cifar3/epoch22.npz
epoch  23 lr: 0.01000000  loss: 1.03644288  train accuracy: 0.63642000  test accuracy: 0.58090000 time: 31.64499283s
Loading data from file ./cifar3/epoch23.npz
epoch  24 lr: 0.01000000  loss: 1.03706933  train accuracy: 0.63642000  test accuracy: 0.57860000 time: 31.60592651s
Loading data from file ./cifar3/epoch24.npz
epoch  25 lr: 0.01000000  loss: 1.03636589  train accuracy: 0.63644000  test accuracy: 0.58400000 time: 31.83006096s
Loading data from file ./cifar3/epoch25.npz
epoch  26 lr: 0.01000000  loss: 1.01072354  train accuracy: 0.64464000  test accuracy: 0.59070000 time: 31.93956757s
Loading data from file ./cifar3/epoch26.npz
epoch  27 lr: 0.01000000  loss: 0.99719708  train accuracy: 0.65114000  test accuracy: 0.59370000 time: 31.59447861s
Loading data from file ./cifar3/epoch27.npz
epoch  28 lr: 0.01000000  loss: 0.99683822  train accuracy: 0.64710000  test accuracy: 0.57940000 time: 31.62355042s
Loading data from file ./cifar3/epoch28.npz
epoch  29 lr: 0.01000000  loss: 0.98951377  train accuracy: 0.65362000  test accuracy: 0.58650000 time: 31.57114410s
Loading data from file ./cifar3/epoch29.npz
epoch  30 lr: 0.01000000  loss: 0.98071177  train accuracy: 0.65576000  test accuracy: 0.58420000 time: 31.60504150s
Loading data from file ./cifar3/epoch30.npz
epoch  31 lr: 0.01000000  loss: 0.98489959  train accuracy: 0.65402000  test accuracy: 0.59120000 time: 31.58375359s
Loading data from file ./cifar3/epoch31.npz
epoch  32 lr: 0.01000000  loss: 0.95973239  train accuracy: 0.66356000  test accuracy: 0.59170000 time: 31.95874405s
Loading data from file ./cifar3/epoch32.npz
epoch  33 lr: 0.01000000  loss: 0.95672731  train accuracy: 0.66660000  test accuracy: 0.59390000 time: 31.87368774s
Loading data from file ./cifar3/epoch33.npz
epoch  34 lr: 0.01000000  loss: 0.95299132  train accuracy: 0.66776000  test accuracy: 0.59330000 time: 31.54025650s
Loading data from file ./cifar3/epoch34.npz
epoch  35 lr: 0.01000000  loss: 0.93425795  train accuracy: 0.66990000  test accuracy: 0.59280000 time: 31.61953354s
Loading data from file ./cifar3/epoch35.npz
epoch  36 lr: 0.01000000  loss: 0.92349076  train accuracy: 0.67930000  test accuracy: 0.59490000 time: 31.61682320s
Loading data from file ./cifar3/epoch36.npz
epoch  37 lr: 0.01000000  loss: 0.93301736  train accuracy: 0.67302000  test accuracy: 0.59750000 time: 31.96387482s
Loading data from file ./cifar3/epoch37.npz
epoch  38 lr: 0.01000000  loss: 0.91745026  train accuracy: 0.67748000  test accuracy: 0.60180000 time: 31.62102127s
Loading data from file ./cifar3/epoch38.npz
epoch  39 lr: 0.01000000  loss: 0.92196479  train accuracy: 0.67618000  test accuracy: 0.59710000 time: 31.59315491s
Loading data from file ./cifar3/epoch39.npz
epoch  40 lr: 0.01000000  loss: 0.90530339  train accuracy: 0.68156000  test accuracy: 0.60410000 time: 32.17977142s
Loading data from file ./cifar3/epoch40.npz
epoch  41 lr: 0.01000000  loss: 0.89398261  train accuracy: 0.68526000  test accuracy: 0.60320000 time: 31.55710983s
Loading data from file ./cifar3/epoch41.npz
epoch  42 lr: 0.01000000  loss: 0.89681043  train accuracy: 0.68536000  test accuracy: 0.60100000 time: 31.59985542s
Loading data from file ./cifar3/epoch42.npz
epoch  43 lr: 0.01000000  loss: 0.90260093  train accuracy: 0.68228000  test accuracy: 0.59450000 time: 31.94618225s
Loading data from file ./cifar3/epoch43.npz
epoch  44 lr: 0.01000000  loss: 0.87885523  train accuracy: 0.69250000  test accuracy: 0.60480000 time: 31.89845276s
Loading data from file ./cifar3/epoch44.npz
epoch  45 lr: 0.01000000  loss: 0.89402528  train accuracy: 0.68542000  test accuracy: 0.59860000 time: 31.65808296s
Loading data from file ./cifar3/epoch45.npz
epoch  46 lr: 0.01000000  loss: 0.87551445  train accuracy: 0.69306000  test accuracy: 0.61010000 time: 31.59424210s
Loading data from file ./cifar3/epoch46.npz
epoch  47 lr: 0.01000000  loss: 0.87084095  train accuracy: 0.69502000  test accuracy: 0.60570000 time: 31.76782799s
Loading data from file ./cifar3/epoch47.npz
epoch  48 lr: 0.01000000  loss: 0.86869913  train accuracy: 0.69512000  test accuracy: 0.60300000 time: 32.46603775s
Loading data from file ./cifar3/epoch48.npz
epoch  49 lr: 0.01000000  loss: 0.85813850  train accuracy: 0.69806000  test accuracy: 0.60410000 time: 32.11449814s
Loading data from file ./cifar3/epoch49.npz
epoch  50 lr: 0.01000000  loss: 0.86042560  train accuracy: 0.69896000  test accuracy: 0.60640000 time: 31.54211617s
Loading data from file ./cifar3/epoch50.npz
epoch  51 lr: 0.00100000  loss: 0.89948566  train accuracy: 0.68438000  test accuracy: 0.62820000 time: 31.55290413s
Loading data from file ./cifar3/epoch51.npz
epoch  52 lr: 0.00100000  loss: 0.87104123  train accuracy: 0.69288000  test accuracy: 0.63590000 time: 31.61749268s
Loading data from file ./cifar3/epoch52.npz
epoch  53 lr: 0.00100000  loss: 0.85515158  train accuracy: 0.69858000  test accuracy: 0.63910000 time: 31.61845779s
Loading data from file ./cifar3/epoch53.npz
epoch  54 lr: 0.00100000  loss: 0.84773588  train accuracy: 0.70154000  test accuracy: 0.63950000 time: 31.94463539s
Loading data from file ./cifar3/epoch54.npz
epoch  55 lr: 0.00100000  loss: 0.84215483  train accuracy: 0.70270000  test accuracy: 0.64100000 time: 31.75735474s
Loading data from file ./cifar3/epoch55.npz
epoch  56 lr: 0.00100000  loss: 0.83545022  train accuracy: 0.70760000  test accuracy: 0.64390000 time: 31.65720177s
Loading data from file ./cifar3/epoch56.npz
epoch  57 lr: 0.00100000  loss: 0.82454595  train accuracy: 0.70980000  test accuracy: 0.64430000 time: 31.61665916s
Loading data from file ./cifar3/epoch57.npz
epoch  58 lr: 0.00100000  loss: 0.83167419  train accuracy: 0.70916000  test accuracy: 0.64480000 time: 31.66899109s
Loading data from file ./cifar3/epoch58.npz
epoch  59 lr: 0.00100000  loss: 0.82037553  train accuracy: 0.71250000  test accuracy: 0.64430000 time: 31.81135368s
Loading data from file ./cifar3/epoch59.npz
epoch  60 lr: 0.00100000  loss: 0.81628173  train accuracy: 0.71310000  test accuracy: 0.64300000 time: 31.56955910s
Loading data from file ./cifar3/epoch60.npz
epoch  61 lr: 0.00100000  loss: 0.81052953  train accuracy: 0.71560000  test accuracy: 0.64250000 time: 31.52654266s
Loading data from file ./cifar3/epoch61.npz
epoch  62 lr: 0.00100000  loss: 0.81054598  train accuracy: 0.71566000  test accuracy: 0.64490000 time: 31.51898575s
Loading data from file ./cifar3/epoch62.npz
epoch  63 lr: 0.00100000  loss: 0.81117103  train accuracy: 0.71486000  test accuracy: 0.64580000 time: 32.27344513s
Loading data from file ./cifar3/epoch63.npz
epoch  64 lr: 0.00100000  loss: 0.80149029  train accuracy: 0.71878000  test accuracy: 0.64370000 time: 31.72163200s
Loading data from file ./cifar3/epoch64.npz
epoch  65 lr: 0.00100000  loss: 0.80411362  train accuracy: 0.71692000  test accuracy: 0.64560000 time: 32.11122131s
Loading data from file ./cifar3/epoch65.npz
epoch  66 lr: 0.00100000  loss: 0.80028250  train accuracy: 0.71802000  test accuracy: 0.64650000 time: 33.60636139s
Loading data from file ./cifar3/epoch66.npz
epoch  67 lr: 0.00100000  loss: 0.79789050  train accuracy: 0.71828000  test accuracy: 0.64470000 time: 32.08666611s
Loading data from file ./cifar3/epoch67.npz
epoch  68 lr: 0.00100000  loss: 0.78696533  train accuracy: 0.72304000  test accuracy: 0.64330000 time: 31.53713417s
Loading data from file ./cifar3/epoch68.npz
epoch  69 lr: 0.00100000  loss: 0.79329152  train accuracy: 0.71994000  test accuracy: 0.64670000 time: 31.49514961s
Loading data from file ./cifar3/epoch69.npz
epoch  70 lr: 0.00100000  loss: 0.78659241  train accuracy: 0.72278000  test accuracy: 0.64530000 time: 31.78301811s
Loading data from file ./cifar3/epoch70.npz
epoch  71 lr: 0.00100000  loss: 0.78634504  train accuracy: 0.72510000  test accuracy: 0.64840000 time: 31.62019920s
Loading data from file ./cifar3/epoch71.npz
epoch  72 lr: 0.00100000  loss: 0.78095700  train accuracy: 0.72760000  test accuracy: 0.64880000 time: 31.54807281s
Loading data from file ./cifar3/epoch72.npz
epoch  73 lr: 0.00100000  loss: 0.78006668  train accuracy: 0.72516000  test accuracy: 0.64580000 time: 31.50387192s
Loading data from file ./cifar3/epoch73.npz
epoch  74 lr: 0.00100000  loss: 0.77863433  train accuracy: 0.72622000  test accuracy: 0.64690000 time: 31.44759941s
Loading data from file ./cifar3/epoch74.npz
epoch  75 lr: 0.00100000  loss: 0.77351405  train accuracy: 0.72918000  test accuracy: 0.64720000 time: 32.24011230s
Loading data from file ./cifar3/epoch75.npz
epoch  76 lr: 0.00010000  loss: 0.81594757  train accuracy: 0.71094000  test accuracy: 0.64620000 time: 31.85956573s
Loading data from file ./cifar3/epoch76.npz
epoch  77 lr: 0.00010000  loss: 0.81762046  train accuracy: 0.71180000  test accuracy: 0.64650000 time: 31.62191200s
Loading data from file ./cifar3/epoch77.npz
epoch  78 lr: 0.00010000  loss: 0.81276021  train accuracy: 0.71130000  test accuracy: 0.64780000 time: 31.53800392s
Loading data from file ./cifar3/epoch78.npz
epoch  79 lr: 0.00010000  loss: 0.81422942  train accuracy: 0.71030000  test accuracy: 0.64800000 time: 31.53369331s
Loading data from file ./cifar3/epoch79.npz
epoch  80 lr: 0.00010000  loss: 0.80661089  train accuracy: 0.71588000  test accuracy: 0.64830000 time: 31.55077362s
Loading data from file ./cifar3/epoch80.npz
epoch  81 lr: 0.00010000  loss: 0.81246471  train accuracy: 0.71250000  test accuracy: 0.64800000 time: 31.83244705s
Loading data from file ./cifar3/epoch81.npz
epoch  82 lr: 0.00010000  loss: 0.81491580  train accuracy: 0.71080000  test accuracy: 0.64900000 time: 32.14033127s
Loading data from file ./cifar3/epoch82.npz
epoch  83 lr: 0.00010000  loss: 0.81634362  train accuracy: 0.71326000  test accuracy: 0.64980000 time: 32.97800446s
Loading data from file ./cifar3/epoch83.npz
epoch  84 lr: 0.00010000  loss: 0.81168719  train accuracy: 0.71420000  test accuracy: 0.64980000 time: 31.71165276s
Loading data from file ./cifar3/epoch84.npz
epoch  85 lr: 0.00010000  loss: 0.80744512  train accuracy: 0.71548000  test accuracy: 0.64870000 time: 31.63899803s
Loading data from file ./cifar3/epoch85.npz
epoch  86 lr: 0.00010000  loss: 0.80685074  train accuracy: 0.71516000  test accuracy: 0.64880000 time: 31.64604187s
Loading data from file ./cifar3/epoch86.npz
epoch  87 lr: 0.00010000  loss: 0.80748245  train accuracy: 0.71658000  test accuracy: 0.64920000 time: 31.93318939s
Loading data from file ./cifar3/epoch87.npz
epoch  88 lr: 0.00010000  loss: 0.80696756  train accuracy: 0.71406000  test accuracy: 0.64810000 time: 31.79060745s
Loading data from file ./cifar3/epoch88.npz
epoch  89 lr: 0.00010000  loss: 0.80063840  train accuracy: 0.71592000  test accuracy: 0.64720000 time: 31.59893608s
Loading data from file ./cifar3/epoch89.npz
epoch  90 lr: 0.00010000  loss: 0.80840470  train accuracy: 0.71452000  test accuracy: 0.64810000 time: 31.50707436s
Loading data from file ./cifar3/epoch90.npz
epoch  91 lr: 0.00010000  loss: 0.80219102  train accuracy: 0.71512000  test accuracy: 0.64910000 time: 31.59202957s
Loading data from file ./cifar3/epoch91.npz
epoch  92 lr: 0.00010000  loss: 0.80916632  train accuracy: 0.71362000  test accuracy: 0.64960000 time: 31.70730019s
Loading data from file ./cifar3/epoch92.npz
epoch  93 lr: 0.00010000  loss: 0.80466307  train accuracy: 0.71512000  test accuracy: 0.64950000 time: 31.48193550s
Loading data from file ./cifar3/epoch93.npz
epoch  94 lr: 0.00010000  loss: 0.80570518  train accuracy: 0.71520000  test accuracy: 0.64920000 time: 32.27285385s
Loading data from file ./cifar3/epoch94.npz
epoch  95 lr: 0.00010000  loss: 0.80846170  train accuracy: 0.71386000  test accuracy: 0.65150000 time: 31.52000046s
Loading data from file ./cifar3/epoch95.npz
epoch  96 lr: 0.00010000  loss: 0.80331024  train accuracy: 0.71670000  test accuracy: 0.65050000 time: 31.52816391s
Loading data from file ./cifar3/epoch96.npz
epoch  97 lr: 0.00010000  loss: 0.81140308  train accuracy: 0.71288000  test accuracy: 0.64980000 time: 31.44406319s
Loading data from file ./cifar3/epoch97.npz
epoch  98 lr: 0.00010000  loss: 0.79821200  train accuracy: 0.71868000  test accuracy: 0.64970000 time: 31.75862885s
Loading data from file ./cifar3/epoch98.npz
epoch  99 lr: 0.00010000  loss: 0.80722627  train accuracy: 0.71444000  test accuracy: 0.65010000 time: 31.55854797s
Loading data from file ./cifar3/epoch99.npz
epoch 100 lr: 0.00010000  loss: 0.80411798  train accuracy: 0.71592000  test accuracy: 0.65040000 time: 31.50929642s
Accuracy of the network on the 10000 test examples: 65.04%
Total training time for the 100 epochs: 3176.97019230s
