loading dataset cifar10
read slice "../data/cifar-10-batches-bin/data_batch_1.bin"
read slice "../data/cifar-10-batches-bin/data_batch_2.bin"
read slice "../data/cifar-10-batches-bin/data_batch_3.bin"
read slice "../data/cifar-10-batches-bin/data_batch_4.bin"
read slice "../data/cifar-10-batches-bin/data_batch_5.bin"
read slice "../data/cifar-10-batches-bin/test_batch.bin"
normalizing data
number of examples: 50000
number of features: 3072
number of outputs: 10
epochs = 100
batch size = 100
shuffle = true
statistics = true
debug = false
algorithm = minibatch
dataset = cifar10
dataset size = 50000
normalize data = false
learning rate scheduler = multistep_lr(0.03;50,75;0.1)
loss function = softmax-cross-entropy
architecture = RRL
sizes = [3072, 1024, 512, 10]
weights initialization = xxx
optimizer = nesterov(0.9)
dropout = 0
density = 0.1
densities = [0.0837828, 0.188511, 1]
seed = 3
precision = 4
threads = 4
number type = float

Sparse(units=1024, density=0.08373928, optimizer=Nesterov(0.90000), activation=ReLU())
Sparse(units=512, density=0.18833351, optimizer=Nesterov(0.90000), activation=ReLU())
Dense(units=10, optimizer=Nesterov(0.90000), activation=NoActivation())

Loading data from file ./cifar3/epoch0.npz
epoch   0 lr: 0.03000000  loss: 2.30214870  train accuracy: 0.11854000  test accuracy: 0.12310000 time: 0.00000000s
epoch   1 lr: 0.03000000  loss: 1.64496454  train accuracy: 0.41590000  test accuracy: 0.43620000 time: 7.40863657s
Loading data from file ./cifar3/epoch1.npz
epoch   2 lr: 0.03000000  loss: 1.52248730  train accuracy: 0.46114000  test accuracy: 0.47170000 time: 7.42437458s
Loading data from file ./cifar3/epoch2.npz
epoch   3 lr: 0.03000000  loss: 1.45828974  train accuracy: 0.47802000  test accuracy: 0.48860000 time: 7.38521242s
Loading data from file ./cifar3/epoch3.npz
epoch   4 lr: 0.03000000  loss: 1.41338769  train accuracy: 0.50184000  test accuracy: 0.50480000 time: 7.42848396s
Loading data from file ./cifar3/epoch4.npz
epoch   5 lr: 0.03000000  loss: 1.37984632  train accuracy: 0.51488000  test accuracy: 0.51560000 time: 7.40743113s
Loading data from file ./cifar3/epoch5.npz
epoch   6 lr: 0.03000000  loss: 1.34667977  train accuracy: 0.52440000  test accuracy: 0.51870000 time: 7.39233446s
Loading data from file ./cifar3/epoch6.npz
epoch   7 lr: 0.03000000  loss: 1.31953353  train accuracy: 0.52996000  test accuracy: 0.52250000 time: 7.38502598s
Loading data from file ./cifar3/epoch7.npz
epoch   8 lr: 0.03000000  loss: 1.30973062  train accuracy: 0.53468000  test accuracy: 0.51410000 time: 7.46406651s
Loading data from file ./cifar3/epoch8.npz
epoch   9 lr: 0.03000000  loss: 1.27524976  train accuracy: 0.55006000  test accuracy: 0.53710000 time: 7.50548267s
Loading data from file ./cifar3/epoch9.npz
epoch  10 lr: 0.03000000  loss: 1.26029833  train accuracy: 0.55684000  test accuracy: 0.54260000 time: 7.38879108s
Loading data from file ./cifar3/epoch10.npz
epoch  11 lr: 0.03000000  loss: 1.23595972  train accuracy: 0.55944000  test accuracy: 0.54050000 time: 7.38838959s
Loading data from file ./cifar3/epoch11.npz
epoch  12 lr: 0.03000000  loss: 1.23088238  train accuracy: 0.56216000  test accuracy: 0.53160000 time: 7.39008093s
Loading data from file ./cifar3/epoch12.npz
epoch  13 lr: 0.03000000  loss: 1.21975029  train accuracy: 0.56600000  test accuracy: 0.54000000 time: 7.45179510s
Loading data from file ./cifar3/epoch13.npz
epoch  14 lr: 0.03000000  loss: 1.20243166  train accuracy: 0.57524000  test accuracy: 0.54610000 time: 7.38226557s
Loading data from file ./cifar3/epoch14.npz
epoch  15 lr: 0.03000000  loss: 1.19779150  train accuracy: 0.57392000  test accuracy: 0.54680000 time: 7.84218121s
Loading data from file ./cifar3/epoch15.npz
epoch  16 lr: 0.03000000  loss: 1.17962358  train accuracy: 0.57804000  test accuracy: 0.55120000 time: 8.23207378s
Loading data from file ./cifar3/epoch16.npz
epoch  17 lr: 0.03000000  loss: 1.18377701  train accuracy: 0.57958000  test accuracy: 0.54370000 time: 7.59625101s
Loading data from file ./cifar3/epoch17.npz
epoch  18 lr: 0.03000000  loss: 1.16134946  train accuracy: 0.58750000  test accuracy: 0.55380000 time: 7.56386900s
Loading data from file ./cifar3/epoch18.npz
epoch  19 lr: 0.03000000  loss: 1.14744734  train accuracy: 0.59646000  test accuracy: 0.55300000 time: 7.60609388s
Loading data from file ./cifar3/epoch19.npz
epoch  20 lr: 0.03000000  loss: 1.15087511  train accuracy: 0.59096000  test accuracy: 0.55050000 time: 7.45344877s
Loading data from file ./cifar3/epoch20.npz
epoch  21 lr: 0.03000000  loss: 1.15290644  train accuracy: 0.59114000  test accuracy: 0.55310000 time: 7.92085314s
Loading data from file ./cifar3/epoch21.npz
epoch  22 lr: 0.03000000  loss: 1.13100946  train accuracy: 0.59876000  test accuracy: 0.56220000 time: 7.77718115s
Loading data from file ./cifar3/epoch22.npz
epoch  23 lr: 0.03000000  loss: 1.12850069  train accuracy: 0.60006000  test accuracy: 0.55630000 time: 7.59159756s
Loading data from file ./cifar3/epoch23.npz
epoch  24 lr: 0.03000000  loss: 1.13738114  train accuracy: 0.60072000  test accuracy: 0.54940000 time: 7.50824070s
Loading data from file ./cifar3/epoch24.npz
epoch  25 lr: 0.03000000  loss: 1.12263363  train accuracy: 0.60282000  test accuracy: 0.56420000 time: 7.44067240s
Loading data from file ./cifar3/epoch25.npz
epoch  26 lr: 0.03000000  loss: 1.11187702  train accuracy: 0.60306000  test accuracy: 0.55780000 time: 7.48123217s
Loading data from file ./cifar3/epoch26.npz
epoch  27 lr: 0.03000000  loss: 1.09456207  train accuracy: 0.61026000  test accuracy: 0.56660000 time: 7.66179895s
Loading data from file ./cifar3/epoch27.npz
epoch  28 lr: 0.03000000  loss: 1.08818122  train accuracy: 0.61600000  test accuracy: 0.57010000 time: 7.40187979s
Loading data from file ./cifar3/epoch28.npz
epoch  29 lr: 0.03000000  loss: 1.09670303  train accuracy: 0.61346000  test accuracy: 0.56510000 time: 7.42237997s
Loading data from file ./cifar3/epoch29.npz
epoch  30 lr: 0.03000000  loss: 1.09292542  train accuracy: 0.61412000  test accuracy: 0.56510000 time: 7.42330456s
Loading data from file ./cifar3/epoch30.npz
epoch  31 lr: 0.03000000  loss: 1.10318847  train accuracy: 0.60802000  test accuracy: 0.56050000 time: 7.50726461s
Loading data from file ./cifar3/epoch31.npz
epoch  32 lr: 0.03000000  loss: 1.07943461  train accuracy: 0.61872000  test accuracy: 0.57050000 time: 7.39458513s
Loading data from file ./cifar3/epoch32.npz
epoch  33 lr: 0.03000000  loss: 1.08101964  train accuracy: 0.62162000  test accuracy: 0.56700000 time: 7.42837095s
Loading data from file ./cifar3/epoch33.npz
epoch  34 lr: 0.03000000  loss: 1.06602333  train accuracy: 0.62508000  test accuracy: 0.56560000 time: 7.41387749s
Loading data from file ./cifar3/epoch34.npz
epoch  35 lr: 0.03000000  loss: 1.07834247  train accuracy: 0.61652000  test accuracy: 0.56200000 time: 7.43262768s
Loading data from file ./cifar3/epoch35.npz
epoch  36 lr: 0.03000000  loss: 1.06263034  train accuracy: 0.62466000  test accuracy: 0.56520000 time: 7.39195251s
Loading data from file ./cifar3/epoch36.npz
epoch  37 lr: 0.03000000  loss: 1.07547693  train accuracy: 0.61886000  test accuracy: 0.56510000 time: 7.38161325s
Loading data from file ./cifar3/epoch37.npz
epoch  38 lr: 0.03000000  loss: 1.05274735  train accuracy: 0.62712000  test accuracy: 0.56740000 time: 7.43924189s
Loading data from file ./cifar3/epoch38.npz
epoch  39 lr: 0.03000000  loss: 1.05321227  train accuracy: 0.62884000  test accuracy: 0.57010000 time: 7.41008043s
Loading data from file ./cifar3/epoch39.npz
epoch  40 lr: 0.03000000  loss: 1.05815415  train accuracy: 0.62510000  test accuracy: 0.56690000 time: 7.40483427s
Loading data from file ./cifar3/epoch40.npz
epoch  41 lr: 0.03000000  loss: 1.04332804  train accuracy: 0.63060000  test accuracy: 0.56920000 time: 7.51711798s
Loading data from file ./cifar3/epoch41.npz
epoch  42 lr: 0.03000000  loss: 1.04524664  train accuracy: 0.63192000  test accuracy: 0.57670000 time: 7.41022444s
Loading data from file ./cifar3/epoch42.npz
epoch  43 lr: 0.03000000  loss: 1.04705103  train accuracy: 0.63098000  test accuracy: 0.57020000 time: 7.47196245s
Loading data from file ./cifar3/epoch43.npz
epoch  44 lr: 0.03000000  loss: 1.03958905  train accuracy: 0.63350000  test accuracy: 0.57280000 time: 7.40132523s
Loading data from file ./cifar3/epoch44.npz
epoch  45 lr: 0.03000000  loss: 1.04935131  train accuracy: 0.62914000  test accuracy: 0.56590000 time: 7.55336905s
Loading data from file ./cifar3/epoch45.npz
epoch  46 lr: 0.03000000  loss: 1.03391599  train accuracy: 0.63220000  test accuracy: 0.57060000 time: 7.59520960s
Loading data from file ./cifar3/epoch46.npz
epoch  47 lr: 0.03000000  loss: 1.02716246  train accuracy: 0.63914000  test accuracy: 0.57160000 time: 7.36929750s
Loading data from file ./cifar3/epoch47.npz
epoch  48 lr: 0.03000000  loss: 1.02556963  train accuracy: 0.63956000  test accuracy: 0.57100000 time: 7.38703871s
Loading data from file ./cifar3/epoch48.npz
epoch  49 lr: 0.03000000  loss: 1.02818139  train accuracy: 0.63538000  test accuracy: 0.57330000 time: 7.46650076s
Loading data from file ./cifar3/epoch49.npz
epoch  50 lr: 0.03000000  loss: 1.01409285  train accuracy: 0.63984000  test accuracy: 0.57480000 time: 7.41963530s
Loading data from file ./cifar3/epoch50.npz
epoch  51 lr: 0.00300000  loss: 1.06918518  train accuracy: 0.62144000  test accuracy: 0.60180000 time: 7.38360977s
Loading data from file ./cifar3/epoch51.npz
epoch  52 lr: 0.00300000  loss: 1.04313294  train accuracy: 0.63164000  test accuracy: 0.60660000 time: 7.39503145s
Loading data from file ./cifar3/epoch52.npz
epoch  53 lr: 0.00300000  loss: 1.02792385  train accuracy: 0.63520000  test accuracy: 0.61080000 time: 7.40000200s
Loading data from file ./cifar3/epoch53.npz
epoch  54 lr: 0.00300000  loss: 1.02295914  train accuracy: 0.63770000  test accuracy: 0.60880000 time: 7.44781733s
Loading data from file ./cifar3/epoch54.npz
epoch  55 lr: 0.00300000  loss: 1.01763624  train accuracy: 0.63922000  test accuracy: 0.61070000 time: 7.37863684s
Loading data from file ./cifar3/epoch55.npz
epoch  56 lr: 0.00300000  loss: 1.01036363  train accuracy: 0.64178000  test accuracy: 0.61000000 time: 7.40771389s
Loading data from file ./cifar3/epoch56.npz
epoch  57 lr: 0.00300000  loss: 1.00571313  train accuracy: 0.64440000  test accuracy: 0.61330000 time: 7.41483641s
Loading data from file ./cifar3/epoch57.npz
epoch  58 lr: 0.00300000  loss: 1.00258400  train accuracy: 0.64756000  test accuracy: 0.61470000 time: 7.38999939s
Loading data from file ./cifar3/epoch58.npz
epoch  59 lr: 0.00300000  loss: 0.99484061  train accuracy: 0.64932000  test accuracy: 0.61530000 time: 7.39439726s
Loading data from file ./cifar3/epoch59.npz
epoch  60 lr: 0.00300000  loss: 0.99104036  train accuracy: 0.64758000  test accuracy: 0.61490000 time: 7.41761303s
Loading data from file ./cifar3/epoch60.npz
epoch  61 lr: 0.00300000  loss: 0.99238775  train accuracy: 0.64722000  test accuracy: 0.61520000 time: 7.42797041s
Loading data from file ./cifar3/epoch61.npz
epoch  62 lr: 0.00300000  loss: 0.98800271  train accuracy: 0.65004000  test accuracy: 0.61630000 time: 7.37187958s
Loading data from file ./cifar3/epoch62.npz
epoch  63 lr: 0.00300000  loss: 0.98264267  train accuracy: 0.65312000  test accuracy: 0.61340000 time: 7.41044044s
Loading data from file ./cifar3/epoch63.npz
epoch  64 lr: 0.00300000  loss: 0.98537793  train accuracy: 0.65104000  test accuracy: 0.61280000 time: 7.47068834s
Loading data from file ./cifar3/epoch64.npz
epoch  65 lr: 0.00300000  loss: 0.98425288  train accuracy: 0.65224000  test accuracy: 0.61650000 time: 7.52247095s
Loading data from file ./cifar3/epoch65.npz
epoch  66 lr: 0.00300000  loss: 0.98150504  train accuracy: 0.65212000  test accuracy: 0.61640000 time: 7.41449594s
Loading data from file ./cifar3/epoch66.npz
epoch  67 lr: 0.00300000  loss: 0.97491875  train accuracy: 0.65344000  test accuracy: 0.61510000 time: 7.40812349s
Loading data from file ./cifar3/epoch67.npz
epoch  68 lr: 0.00300000  loss: 0.96764710  train accuracy: 0.65706000  test accuracy: 0.61600000 time: 7.40910864s
Loading data from file ./cifar3/epoch68.npz
epoch  69 lr: 0.00300000  loss: 0.97105473  train accuracy: 0.65632000  test accuracy: 0.61560000 time: 7.42412710s
Loading data from file ./cifar3/epoch69.npz
epoch  70 lr: 0.00300000  loss: 0.96841707  train accuracy: 0.65648000  test accuracy: 0.61770000 time: 7.37993145s
Loading data from file ./cifar3/epoch70.npz
epoch  71 lr: 0.00300000  loss: 0.96449083  train accuracy: 0.65892000  test accuracy: 0.61760000 time: 7.40515375s
Loading data from file ./cifar3/epoch71.npz
epoch  72 lr: 0.00300000  loss: 0.96155553  train accuracy: 0.65932000  test accuracy: 0.62010000 time: 7.43670702s
Loading data from file ./cifar3/epoch72.npz
epoch  73 lr: 0.00300000  loss: 0.96748926  train accuracy: 0.65832000  test accuracy: 0.62050000 time: 7.42651129s
Loading data from file ./cifar3/epoch73.npz
epoch  74 lr: 0.00300000  loss: 0.95498232  train accuracy: 0.66072000  test accuracy: 0.61930000 time: 7.40970850s
Loading data from file ./cifar3/epoch74.npz
epoch  75 lr: 0.00300000  loss: 0.95957552  train accuracy: 0.66252000  test accuracy: 0.62210000 time: 7.39731121s
Loading data from file ./cifar3/epoch75.npz
epoch  76 lr: 0.00030000  loss: 1.00124170  train accuracy: 0.64096000  test accuracy: 0.62190000 time: 7.43711185s
Loading data from file ./cifar3/epoch76.npz
epoch  77 lr: 0.00030000  loss: 0.99898278  train accuracy: 0.64440000  test accuracy: 0.62000000 time: 7.40850639s
Loading data from file ./cifar3/epoch77.npz
epoch  78 lr: 0.00030000  loss: 1.00058373  train accuracy: 0.64358000  test accuracy: 0.62030000 time: 7.39104128s
Loading data from file ./cifar3/epoch78.npz
epoch  79 lr: 0.00030000  loss: 0.99729460  train accuracy: 0.64474000  test accuracy: 0.61930000 time: 7.43246555s
Loading data from file ./cifar3/epoch79.npz
epoch  80 lr: 0.00030000  loss: 0.99332259  train accuracy: 0.64860000  test accuracy: 0.61870000 time: 7.47677326s
Loading data from file ./cifar3/epoch80.npz
epoch  81 lr: 0.00030000  loss: 0.99930680  train accuracy: 0.64698000  test accuracy: 0.61950000 time: 7.49286842s
Loading data from file ./cifar3/epoch81.npz
epoch  82 lr: 0.00030000  loss: 0.99863039  train accuracy: 0.64504000  test accuracy: 0.61910000 time: 7.41827869s
Loading data from file ./cifar3/epoch82.npz
epoch  83 lr: 0.00030000  loss: 1.00182217  train accuracy: 0.64500000  test accuracy: 0.62060000 time: 7.82070684s
Loading data from file ./cifar3/epoch83.npz
epoch  84 lr: 0.00030000  loss: 0.99545046  train accuracy: 0.64968000  test accuracy: 0.62160000 time: 7.46751451s
Loading data from file ./cifar3/epoch84.npz
epoch  85 lr: 0.00030000  loss: 0.99449611  train accuracy: 0.64684000  test accuracy: 0.61880000 time: 7.71425581s
Loading data from file ./cifar3/epoch85.npz
epoch  86 lr: 0.00030000  loss: 0.99430733  train accuracy: 0.64818000  test accuracy: 0.62050000 time: 7.44123554s
Loading data from file ./cifar3/epoch86.npz
epoch  87 lr: 0.00030000  loss: 0.99048895  train accuracy: 0.64994000  test accuracy: 0.61970000 time: 7.53840160s
Loading data from file ./cifar3/epoch87.npz
epoch  88 lr: 0.00030000  loss: 0.99757337  train accuracy: 0.64746000  test accuracy: 0.61870000 time: 7.39736319s
Loading data from file ./cifar3/epoch88.npz
epoch  89 lr: 0.00030000  loss: 0.98744631  train accuracy: 0.64506000  test accuracy: 0.61760000 time: 7.41128302s
Loading data from file ./cifar3/epoch89.npz
epoch  90 lr: 0.00030000  loss: 0.99418709  train accuracy: 0.64738000  test accuracy: 0.62000000 time: 7.42351961s
Loading data from file ./cifar3/epoch90.npz
epoch  91 lr: 0.00030000  loss: 0.98527251  train accuracy: 0.64956000  test accuracy: 0.62090000 time: 7.41696501s
Loading data from file ./cifar3/epoch91.npz
epoch  92 lr: 0.00030000  loss: 0.99342189  train accuracy: 0.64820000  test accuracy: 0.62010000 time: 7.45470810s
Loading data from file ./cifar3/epoch92.npz
epoch  93 lr: 0.00030000  loss: 0.99352284  train accuracy: 0.64938000  test accuracy: 0.62000000 time: 7.43261671s
Loading data from file ./cifar3/epoch93.npz
epoch  94 lr: 0.00030000  loss: 0.99754120  train accuracy: 0.64688000  test accuracy: 0.62080000 time: 7.41874981s
Loading data from file ./cifar3/epoch94.npz
epoch  95 lr: 0.00030000  loss: 0.99269353  train accuracy: 0.64872000  test accuracy: 0.62020000 time: 7.45001745s
Loading data from file ./cifar3/epoch95.npz
epoch  96 lr: 0.00030000  loss: 0.98948192  train accuracy: 0.64988000  test accuracy: 0.62030000 time: 7.43486834s
Loading data from file ./cifar3/epoch96.npz
epoch  97 lr: 0.00030000  loss: 0.99681775  train accuracy: 0.64648000  test accuracy: 0.62000000 time: 7.43282652s
Loading data from file ./cifar3/epoch97.npz
epoch  98 lr: 0.00030000  loss: 0.98821531  train accuracy: 0.64740000  test accuracy: 0.62070000 time: 7.41255665s
Loading data from file ./cifar3/epoch98.npz
epoch  99 lr: 0.00030000  loss: 0.98977801  train accuracy: 0.64766000  test accuracy: 0.61930000 time: 7.44790316s
Loading data from file ./cifar3/epoch99.npz
epoch 100 lr: 0.00030000  loss: 0.99318035  train accuracy: 0.64626000  test accuracy: 0.61930000 time: 7.39716578s
Accuracy of the network on the 10000 test examples: 61.93%
Total training time for the 100 epochs: 746.43554635s
