loading dataset cifar10
read slice "../data/cifar-10-batches-bin/data_batch_1.bin"
read slice "../data/cifar-10-batches-bin/data_batch_2.bin"
read slice "../data/cifar-10-batches-bin/data_batch_3.bin"
read slice "../data/cifar-10-batches-bin/data_batch_4.bin"
read slice "../data/cifar-10-batches-bin/data_batch_5.bin"
read slice "../data/cifar-10-batches-bin/test_batch.bin"
normalizing data
number of examples: 50000
number of features: 3072
number of outputs: 10
epochs = 100
batch size = 100
shuffle = true
statistics = true
debug = false
algorithm = minibatch
dataset = cifar10
dataset size = 50000
normalize data = false
learning rate scheduler = multistep_lr(0.1;50,75;0.1)
loss function = softmax-cross-entropy
architecture = RRL
sizes = [3072, 1024, 512, 10]
weights initialization = xxx
optimizer = nesterov(0.9)
dropout = 0
density = 0.01
densities = [0.00777568, 0.0174953, 0.608836]
seed = 1
precision = 4
threads = 4
number type = float

Sparse(units=1024, density=0.0077749887, optimizer=Nesterov(0.90000), activation=ReLU())
Sparse(units=512, density=0.01738739, optimizer=Nesterov(0.90000), activation=ReLU())
Sparse(units=10, density=0.6171875, optimizer=Nesterov(0.90000), activation=NoActivation())

Loading data from file ./cifar1/epoch0.npz
epoch   0 lr: 0.10000000  loss: 2.30261053  train accuracy: 0.08726000  test accuracy: 0.08590000 time: 0.00000000s
epoch   1 lr: 0.10000000  loss: 1.79668828  train accuracy: 0.35484000  test accuracy: 0.38580000 time: 2.85117197s
Loading data from file ./cifar1/epoch1.npz
epoch   2 lr: 0.10000000  loss: 1.66174132  train accuracy: 0.40794000  test accuracy: 0.43260000 time: 2.86207962s
Loading data from file ./cifar1/epoch2.npz
epoch   3 lr: 0.10000000  loss: 1.61300278  train accuracy: 0.42456000  test accuracy: 0.44520000 time: 2.84795380s
Loading data from file ./cifar1/epoch3.npz
epoch   4 lr: 0.10000000  loss: 1.56311046  train accuracy: 0.44460000  test accuracy: 0.45720000 time: 2.84875774s
Loading data from file ./cifar1/epoch4.npz
epoch   5 lr: 0.10000000  loss: 1.53893134  train accuracy: 0.44802000  test accuracy: 0.46050000 time: 2.84857583s
Loading data from file ./cifar1/epoch5.npz
epoch   6 lr: 0.10000000  loss: 1.50828304  train accuracy: 0.46186000  test accuracy: 0.46910000 time: 2.85272074s
Loading data from file ./cifar1/epoch6.npz
epoch   7 lr: 0.10000000  loss: 1.49862791  train accuracy: 0.46634000  test accuracy: 0.47010000 time: 2.86673951s
Loading data from file ./cifar1/epoch7.npz
epoch   8 lr: 0.10000000  loss: 1.47966788  train accuracy: 0.47818000  test accuracy: 0.47410000 time: 2.85024881s
Loading data from file ./cifar1/epoch8.npz
epoch   9 lr: 0.10000000  loss: 1.44552890  train accuracy: 0.48792000  test accuracy: 0.48430000 time: 2.85272026s
Loading data from file ./cifar1/epoch9.npz
epoch  10 lr: 0.10000000  loss: 1.43805759  train accuracy: 0.48816000  test accuracy: 0.48320000 time: 2.85019612s
Loading data from file ./cifar1/epoch10.npz
epoch  11 lr: 0.10000000  loss: 1.43640716  train accuracy: 0.48900000  test accuracy: 0.48810000 time: 2.85134077s
Loading data from file ./cifar1/epoch11.npz
epoch  12 lr: 0.10000000  loss: 1.42194272  train accuracy: 0.49472000  test accuracy: 0.48750000 time: 2.86741185s
Loading data from file ./cifar1/epoch12.npz
epoch  13 lr: 0.10000000  loss: 1.42277785  train accuracy: 0.49226000  test accuracy: 0.48330000 time: 2.85359049s
Loading data from file ./cifar1/epoch13.npz
epoch  14 lr: 0.10000000  loss: 1.40237285  train accuracy: 0.50312000  test accuracy: 0.49310000 time: 2.85016799s
Loading data from file ./cifar1/epoch14.npz
epoch  15 lr: 0.10000000  loss: 1.39959874  train accuracy: 0.50342000  test accuracy: 0.49670000 time: 2.84988427s
Loading data from file ./cifar1/epoch15.npz
epoch  16 lr: 0.10000000  loss: 1.39173222  train accuracy: 0.50720000  test accuracy: 0.48950000 time: 2.84953380s
Loading data from file ./cifar1/epoch16.npz
epoch  17 lr: 0.10000000  loss: 1.39385079  train accuracy: 0.50718000  test accuracy: 0.49570000 time: 2.86477113s
Loading data from file ./cifar1/epoch17.npz
epoch  18 lr: 0.10000000  loss: 1.39100565  train accuracy: 0.50694000  test accuracy: 0.48730000 time: 2.86400342s
Loading data from file ./cifar1/epoch18.npz
epoch  19 lr: 0.10000000  loss: 1.37971397  train accuracy: 0.50770000  test accuracy: 0.49530000 time: 2.85378242s
Loading data from file ./cifar1/epoch19.npz
epoch  20 lr: 0.10000000  loss: 1.38559665  train accuracy: 0.50580000  test accuracy: 0.49800000 time: 2.85934043s
Loading data from file ./cifar1/epoch20.npz
epoch  21 lr: 0.10000000  loss: 1.37710660  train accuracy: 0.50980000  test accuracy: 0.49730000 time: 2.85998440s
Loading data from file ./cifar1/epoch21.npz
epoch  22 lr: 0.10000000  loss: 1.36547811  train accuracy: 0.51536000  test accuracy: 0.50250000 time: 2.85059690s
Loading data from file ./cifar1/epoch22.npz
epoch  23 lr: 0.10000000  loss: 1.36753380  train accuracy: 0.51254000  test accuracy: 0.50540000 time: 2.85501909s
Loading data from file ./cifar1/epoch23.npz
epoch  24 lr: 0.10000000  loss: 1.36165788  train accuracy: 0.51810000  test accuracy: 0.51120000 time: 2.84030437s
Loading data from file ./cifar1/epoch24.npz
epoch  25 lr: 0.10000000  loss: 1.36914674  train accuracy: 0.51268000  test accuracy: 0.49700000 time: 2.84025764s
Loading data from file ./cifar1/epoch25.npz
epoch  26 lr: 0.10000000  loss: 1.36089509  train accuracy: 0.51742000  test accuracy: 0.49640000 time: 2.84100866s
Loading data from file ./cifar1/epoch26.npz
epoch  27 lr: 0.10000000  loss: 1.34570173  train accuracy: 0.52566000  test accuracy: 0.50170000 time: 2.84233594s
Loading data from file ./cifar1/epoch27.npz
epoch  28 lr: 0.10000000  loss: 1.35910794  train accuracy: 0.51568000  test accuracy: 0.49960000 time: 2.86824608s
Loading data from file ./cifar1/epoch28.npz
epoch  29 lr: 0.10000000  loss: 1.34828544  train accuracy: 0.52270000  test accuracy: 0.50800000 time: 2.85774755s
Loading data from file ./cifar1/epoch29.npz
epoch  30 lr: 0.10000000  loss: 1.35025712  train accuracy: 0.52178000  test accuracy: 0.49820000 time: 2.84245563s
Loading data from file ./cifar1/epoch30.npz
epoch  31 lr: 0.10000000  loss: 1.34434714  train accuracy: 0.51966000  test accuracy: 0.50120000 time: 2.84393167s
Loading data from file ./cifar1/epoch31.npz
epoch  32 lr: 0.10000000  loss: 1.33627457  train accuracy: 0.52660000  test accuracy: 0.51010000 time: 2.84223199s
Loading data from file ./cifar1/epoch32.npz
epoch  33 lr: 0.10000000  loss: 1.33732977  train accuracy: 0.52718000  test accuracy: 0.50690000 time: 2.85563469s
Loading data from file ./cifar1/epoch33.npz
epoch  34 lr: 0.10000000  loss: 1.35193203  train accuracy: 0.51942000  test accuracy: 0.50700000 time: 2.85807133s
Loading data from file ./cifar1/epoch34.npz
epoch  35 lr: 0.10000000  loss: 1.33331578  train accuracy: 0.52778000  test accuracy: 0.50240000 time: 2.84823108s
Loading data from file ./cifar1/epoch35.npz
epoch  36 lr: 0.10000000  loss: 1.34571268  train accuracy: 0.52034000  test accuracy: 0.50630000 time: 2.84202075s
Loading data from file ./cifar1/epoch36.npz
epoch  37 lr: 0.10000000  loss: 1.34599325  train accuracy: 0.52128000  test accuracy: 0.50610000 time: 2.84747434s
Loading data from file ./cifar1/epoch37.npz
epoch  38 lr: 0.10000000  loss: 1.33739178  train accuracy: 0.52578000  test accuracy: 0.50710000 time: 2.86288142s
Loading data from file ./cifar1/epoch38.npz
epoch  39 lr: 0.10000000  loss: 1.33584781  train accuracy: 0.52618000  test accuracy: 0.49920000 time: 2.85904551s
Loading data from file ./cifar1/epoch39.npz
epoch  40 lr: 0.10000000  loss: 1.32065584  train accuracy: 0.53346000  test accuracy: 0.50750000 time: 2.84641552s
Loading data from file ./cifar1/epoch40.npz
epoch  41 lr: 0.10000000  loss: 1.32934100  train accuracy: 0.52852000  test accuracy: 0.51360000 time: 2.85459447s
Loading data from file ./cifar1/epoch41.npz
epoch  42 lr: 0.10000000  loss: 1.32637422  train accuracy: 0.52968000  test accuracy: 0.51140000 time: 2.85411596s
Loading data from file ./cifar1/epoch42.npz
epoch  43 lr: 0.10000000  loss: 1.32911438  train accuracy: 0.52868000  test accuracy: 0.51100000 time: 2.85405016s
Loading data from file ./cifar1/epoch43.npz
epoch  44 lr: 0.10000000  loss: 1.33540085  train accuracy: 0.52762000  test accuracy: 0.50720000 time: 2.87425542s
Loading data from file ./cifar1/epoch44.npz
epoch  45 lr: 0.10000000  loss: 1.33995561  train accuracy: 0.52182000  test accuracy: 0.50790000 time: 2.86561537s
Loading data from file ./cifar1/epoch45.npz
epoch  46 lr: 0.10000000  loss: 1.32554479  train accuracy: 0.52814000  test accuracy: 0.51520000 time: 2.85503602s
Loading data from file ./cifar1/epoch46.npz
epoch  47 lr: 0.10000000  loss: 1.32583810  train accuracy: 0.52824000  test accuracy: 0.51470000 time: 2.85053968s
Loading data from file ./cifar1/epoch47.npz
epoch  48 lr: 0.10000000  loss: 1.31785304  train accuracy: 0.53152000  test accuracy: 0.51320000 time: 2.85196304s
Loading data from file ./cifar1/epoch48.npz
epoch  49 lr: 0.10000000  loss: 1.32719451  train accuracy: 0.52826000  test accuracy: 0.51500000 time: 2.85663462s
Loading data from file ./cifar1/epoch49.npz
epoch  50 lr: 0.10000000  loss: 1.31992255  train accuracy: 0.53276000  test accuracy: 0.50760000 time: 2.86469197s
Loading data from file ./cifar1/epoch50.npz
epoch  51 lr: 0.01000000  loss: 1.35513974  train accuracy: 0.51868000  test accuracy: 0.53320000 time: 2.86421418s
Loading data from file ./cifar1/epoch51.npz
epoch  52 lr: 0.01000000  loss: 1.33900468  train accuracy: 0.52604000  test accuracy: 0.53940000 time: 2.85300660s
Loading data from file ./cifar1/epoch52.npz
epoch  53 lr: 0.01000000  loss: 1.32705641  train accuracy: 0.53284000  test accuracy: 0.54210000 time: 2.85897160s
Loading data from file ./cifar1/epoch53.npz
epoch  54 lr: 0.01000000  loss: 1.32250969  train accuracy: 0.53044000  test accuracy: 0.54170000 time: 2.84953856s
Loading data from file ./cifar1/epoch54.npz
epoch  55 lr: 0.01000000  loss: 1.31527784  train accuracy: 0.53736000  test accuracy: 0.54680000 time: 2.86460423s
Loading data from file ./cifar1/epoch55.npz
epoch  56 lr: 0.01000000  loss: 1.30685761  train accuracy: 0.53782000  test accuracy: 0.54830000 time: 2.87162519s
Loading data from file ./cifar1/epoch56.npz
epoch  57 lr: 0.01000000  loss: 1.30380634  train accuracy: 0.53870000  test accuracy: 0.54800000 time: 2.85974574s
Loading data from file ./cifar1/epoch57.npz
epoch  58 lr: 0.01000000  loss: 1.30480429  train accuracy: 0.53942000  test accuracy: 0.55420000 time: 2.85055590s
Loading data from file ./cifar1/epoch58.npz
epoch  59 lr: 0.01000000  loss: 1.30182608  train accuracy: 0.54086000  test accuracy: 0.55150000 time: 2.85565567s
Loading data from file ./cifar1/epoch59.npz
epoch  60 lr: 0.01000000  loss: 1.29713406  train accuracy: 0.54178000  test accuracy: 0.55580000 time: 2.86996865s
Loading data from file ./cifar1/epoch60.npz
epoch  61 lr: 0.01000000  loss: 1.30116785  train accuracy: 0.54048000  test accuracy: 0.55250000 time: 2.86416197s
Loading data from file ./cifar1/epoch61.npz
epoch  62 lr: 0.01000000  loss: 1.29667583  train accuracy: 0.54306000  test accuracy: 0.54920000 time: 2.85377264s
Loading data from file ./cifar1/epoch62.npz
epoch  63 lr: 0.01000000  loss: 1.29272039  train accuracy: 0.54250000  test accuracy: 0.54970000 time: 2.90528560s
Loading data from file ./cifar1/epoch63.npz
epoch  64 lr: 0.01000000  loss: 1.29032424  train accuracy: 0.54350000  test accuracy: 0.55500000 time: 2.85750055s
Loading data from file ./cifar1/epoch64.npz
epoch  65 lr: 0.01000000  loss: 1.28993441  train accuracy: 0.54186000  test accuracy: 0.55620000 time: 2.86172104s
Loading data from file ./cifar1/epoch65.npz
epoch  66 lr: 0.01000000  loss: 1.28537549  train accuracy: 0.54576000  test accuracy: 0.55610000 time: 2.86721826s
Loading data from file ./cifar1/epoch66.npz
epoch  67 lr: 0.01000000  loss: 1.28944409  train accuracy: 0.54356000  test accuracy: 0.55790000 time: 2.85809588s
Loading data from file ./cifar1/epoch67.npz
epoch  68 lr: 0.01000000  loss: 1.28404185  train accuracy: 0.54712000  test accuracy: 0.55940000 time: 2.85156107s
Loading data from file ./cifar1/epoch68.npz
epoch  69 lr: 0.01000000  loss: 1.28696239  train accuracy: 0.54480000  test accuracy: 0.55880000 time: 2.85081458s
Loading data from file ./cifar1/epoch69.npz
epoch  70 lr: 0.01000000  loss: 1.28146513  train accuracy: 0.54458000  test accuracy: 0.55920000 time: 2.86189890s
Loading data from file ./cifar1/epoch70.npz
epoch  71 lr: 0.01000000  loss: 1.28101098  train accuracy: 0.54968000  test accuracy: 0.56160000 time: 2.86785793s
Loading data from file ./cifar1/epoch71.npz
epoch  72 lr: 0.01000000  loss: 1.28637226  train accuracy: 0.54498000  test accuracy: 0.56030000 time: 2.85047674s
Loading data from file ./cifar1/epoch72.npz
epoch  73 lr: 0.01000000  loss: 1.28016300  train accuracy: 0.54758000  test accuracy: 0.55640000 time: 2.84975719s
Loading data from file ./cifar1/epoch73.npz
epoch  74 lr: 0.01000000  loss: 1.27804599  train accuracy: 0.54888000  test accuracy: 0.55700000 time: 2.84957027s
Loading data from file ./cifar1/epoch74.npz
epoch  75 lr: 0.01000000  loss: 1.27526951  train accuracy: 0.54930000  test accuracy: 0.55870000 time: 2.85406280s
Loading data from file ./cifar1/epoch75.npz
epoch  76 lr: 0.00100000  loss: 1.30533412  train accuracy: 0.53658000  test accuracy: 0.56260000 time: 2.86538053s
Loading data from file ./cifar1/epoch76.npz
epoch  77 lr: 0.00100000  loss: 1.30592449  train accuracy: 0.53698000  test accuracy: 0.56230000 time: 2.86612248s
Loading data from file ./cifar1/epoch77.npz
epoch  78 lr: 0.00100000  loss: 1.30582621  train accuracy: 0.53772000  test accuracy: 0.56180000 time: 2.87841201s
Loading data from file ./cifar1/epoch78.npz
epoch  79 lr: 0.00100000  loss: 1.30092857  train accuracy: 0.53830000  test accuracy: 0.56220000 time: 2.84627724s
Loading data from file ./cifar1/epoch79.npz
epoch  80 lr: 0.00100000  loss: 1.30458450  train accuracy: 0.54022000  test accuracy: 0.56180000 time: 2.84440637s
Loading data from file ./cifar1/epoch80.npz
epoch  81 lr: 0.00100000  loss: 1.30223194  train accuracy: 0.54186000  test accuracy: 0.56250000 time: 2.84140420s
Loading data from file ./cifar1/epoch81.npz
epoch  82 lr: 0.00100000  loss: 1.30023969  train accuracy: 0.54206000  test accuracy: 0.56150000 time: 2.85723829s
Loading data from file ./cifar1/epoch82.npz
epoch  83 lr: 0.00100000  loss: 1.30151092  train accuracy: 0.54258000  test accuracy: 0.56230000 time: 2.86526227s
Loading data from file ./cifar1/epoch83.npz
epoch  84 lr: 0.00100000  loss: 1.30298992  train accuracy: 0.53888000  test accuracy: 0.56260000 time: 2.85161495s
Loading data from file ./cifar1/epoch84.npz
epoch  85 lr: 0.00100000  loss: 1.30240292  train accuracy: 0.53996000  test accuracy: 0.56400000 time: 2.88298750s
Loading data from file ./cifar1/epoch85.npz
epoch  86 lr: 0.00100000  loss: 1.29755483  train accuracy: 0.53912000  test accuracy: 0.56300000 time: 2.84519029s
Loading data from file ./cifar1/epoch86.npz
epoch  87 lr: 0.00100000  loss: 1.30231266  train accuracy: 0.54050000  test accuracy: 0.56390000 time: 2.84681726s
Loading data from file ./cifar1/epoch87.npz
epoch  88 lr: 0.00100000  loss: 1.30044208  train accuracy: 0.53936000  test accuracy: 0.56390000 time: 2.85958385s
Loading data from file ./cifar1/epoch88.npz
epoch  89 lr: 0.00100000  loss: 1.29530251  train accuracy: 0.54314000  test accuracy: 0.56280000 time: 2.84325147s
Loading data from file ./cifar1/epoch89.npz
epoch  90 lr: 0.00100000  loss: 1.30168311  train accuracy: 0.53864000  test accuracy: 0.56430000 time: 2.84712625s
Loading data from file ./cifar1/epoch90.npz
epoch  91 lr: 0.00100000  loss: 1.29654175  train accuracy: 0.54110000  test accuracy: 0.56360000 time: 2.84244490s
Loading data from file ./cifar1/epoch91.npz
epoch  92 lr: 0.00100000  loss: 1.29901309  train accuracy: 0.54202000  test accuracy: 0.56530000 time: 2.85351634s
Loading data from file ./cifar1/epoch92.npz
epoch  93 lr: 0.00100000  loss: 1.29770763  train accuracy: 0.54198000  test accuracy: 0.56480000 time: 2.85866094s
Loading data from file ./cifar1/epoch93.npz
epoch  94 lr: 0.00100000  loss: 1.29697734  train accuracy: 0.54082000  test accuracy: 0.56400000 time: 2.86072254s
Loading data from file ./cifar1/epoch94.npz
epoch  95 lr: 0.00100000  loss: 1.29572548  train accuracy: 0.54098000  test accuracy: 0.56500000 time: 2.86212063s
Loading data from file ./cifar1/epoch95.npz
epoch  96 lr: 0.00100000  loss: 1.29930784  train accuracy: 0.53890000  test accuracy: 0.56330000 time: 2.84222889s
Loading data from file ./cifar1/epoch96.npz
epoch  97 lr: 0.00100000  loss: 1.30395428  train accuracy: 0.53570000  test accuracy: 0.56380000 time: 2.84318948s
Loading data from file ./cifar1/epoch97.npz
epoch  98 lr: 0.00100000  loss: 1.29990449  train accuracy: 0.54246000  test accuracy: 0.56470000 time: 2.85009956s
Loading data from file ./cifar1/epoch98.npz
epoch  99 lr: 0.00100000  loss: 1.29569743  train accuracy: 0.54118000  test accuracy: 0.56460000 time: 2.85775328s
Loading data from file ./cifar1/epoch99.npz
epoch 100 lr: 0.00100000  loss: 1.29714383  train accuracy: 0.54136000  test accuracy: 0.56540000 time: 2.86203671s
Accuracy of the network on the 10000 test examples: 56.54%
Total training time for the 100 epochs: 285.55587272s
