loading dataset cifar10
read slice "../data/cifar-10-batches-bin/data_batch_1.bin"
read slice "../data/cifar-10-batches-bin/data_batch_2.bin"
read slice "../data/cifar-10-batches-bin/data_batch_3.bin"
read slice "../data/cifar-10-batches-bin/data_batch_4.bin"
read slice "../data/cifar-10-batches-bin/data_batch_5.bin"
read slice "../data/cifar-10-batches-bin/test_batch.bin"
normalizing data
number of examples: 50000
number of features: 3072
number of outputs: 10
epochs = 100
batch size = 100
shuffle = true
statistics = true
debug = false
algorithm = minibatch
dataset = cifar10
dataset size = 50000
normalize data = false
learning rate scheduler = multistep_lr(0.1;50,75;0.1)
loss function = softmax-cross-entropy
architecture = RRL
sizes = [3072, 1024, 512, 10]
weights initialization = xxx
optimizer = nesterov(0.9)
dropout = 0
density = 0.005
densities = [0.00388763, 0.00874717, 0.304401]
seed = 1
precision = 4
threads = 4
number type = float

Sparse(units=1024, density=0.003844579, optimizer=Nesterov(0.90000), activation=ReLU())
Sparse(units=512, density=0.008769989, optimizer=Nesterov(0.90000), activation=ReLU())
Sparse(units=10, density=0.3173828, optimizer=Nesterov(0.90000), activation=NoActivation())

Loading data from file ./cifar1/epoch0.npz
epoch   0 lr: 0.10000000  loss: 2.30259394  train accuracy: 0.07614000  test accuracy: 0.06850000 time: 0.00000000s
epoch   1 lr: 0.10000000  loss: 1.95361796  train accuracy: 0.29842000  test accuracy: 0.31940000 time: 2.59674168s
Loading data from file ./cifar1/epoch1.npz
epoch   2 lr: 0.10000000  loss: 1.79610304  train accuracy: 0.35820000  test accuracy: 0.38560000 time: 2.58407736s
Loading data from file ./cifar1/epoch2.npz
epoch   3 lr: 0.10000000  loss: 1.73472914  train accuracy: 0.38018000  test accuracy: 0.41100000 time: 2.58560395s
Loading data from file ./cifar1/epoch3.npz
epoch   4 lr: 0.10000000  loss: 1.69201902  train accuracy: 0.39872000  test accuracy: 0.42260000 time: 2.65091729s
Loading data from file ./cifar1/epoch4.npz
epoch   5 lr: 0.10000000  loss: 1.66087810  train accuracy: 0.40800000  test accuracy: 0.43370000 time: 2.57488203s
Loading data from file ./cifar1/epoch5.npz
epoch   6 lr: 0.10000000  loss: 1.64177916  train accuracy: 0.41474000  test accuracy: 0.43900000 time: 2.58768272s
Loading data from file ./cifar1/epoch6.npz
epoch   7 lr: 0.10000000  loss: 1.63316350  train accuracy: 0.41948000  test accuracy: 0.43410000 time: 2.57584858s
Loading data from file ./cifar1/epoch7.npz
epoch   8 lr: 0.10000000  loss: 1.60884560  train accuracy: 0.43074000  test accuracy: 0.44980000 time: 2.58104205s
Loading data from file ./cifar1/epoch8.npz
epoch   9 lr: 0.10000000  loss: 1.58554104  train accuracy: 0.43620000  test accuracy: 0.45200000 time: 2.57646155s
Loading data from file ./cifar1/epoch9.npz
epoch  10 lr: 0.10000000  loss: 1.56410069  train accuracy: 0.44766000  test accuracy: 0.46440000 time: 2.59062290s
Loading data from file ./cifar1/epoch10.npz
epoch  11 lr: 0.10000000  loss: 1.56555818  train accuracy: 0.44904000  test accuracy: 0.46390000 time: 2.57681465s
Loading data from file ./cifar1/epoch11.npz
epoch  12 lr: 0.10000000  loss: 1.54524190  train accuracy: 0.45522000  test accuracy: 0.46880000 time: 2.57788372s
Loading data from file ./cifar1/epoch12.npz
epoch  13 lr: 0.10000000  loss: 1.55076800  train accuracy: 0.45056000  test accuracy: 0.46770000 time: 2.57885695s
Loading data from file ./cifar1/epoch13.npz
epoch  14 lr: 0.10000000  loss: 1.52655769  train accuracy: 0.45704000  test accuracy: 0.46890000 time: 2.59116149s
Loading data from file ./cifar1/epoch14.npz
epoch  15 lr: 0.10000000  loss: 1.51479474  train accuracy: 0.46568000  test accuracy: 0.47720000 time: 2.57857466s
Loading data from file ./cifar1/epoch15.npz
epoch  16 lr: 0.10000000  loss: 1.51776391  train accuracy: 0.46276000  test accuracy: 0.47300000 time: 2.57828593s
Loading data from file ./cifar1/epoch16.npz
epoch  17 lr: 0.10000000  loss: 1.52153188  train accuracy: 0.46338000  test accuracy: 0.47060000 time: 2.57781005s
Loading data from file ./cifar1/epoch17.npz
epoch  18 lr: 0.10000000  loss: 1.50814569  train accuracy: 0.46760000  test accuracy: 0.47620000 time: 2.59540462s
Loading data from file ./cifar1/epoch18.npz
epoch  19 lr: 0.10000000  loss: 1.50290717  train accuracy: 0.46796000  test accuracy: 0.47780000 time: 2.57995987s
Loading data from file ./cifar1/epoch19.npz
epoch  20 lr: 0.10000000  loss: 1.50102044  train accuracy: 0.46966000  test accuracy: 0.47990000 time: 2.57809448s
Loading data from file ./cifar1/epoch20.npz
epoch  21 lr: 0.10000000  loss: 1.49089348  train accuracy: 0.47444000  test accuracy: 0.47680000 time: 2.57936621s
Loading data from file ./cifar1/epoch21.npz
epoch  22 lr: 0.10000000  loss: 1.48146730  train accuracy: 0.47722000  test accuracy: 0.48370000 time: 2.58123875s
Loading data from file ./cifar1/epoch22.npz
epoch  23 lr: 0.10000000  loss: 1.48106580  train accuracy: 0.47560000  test accuracy: 0.48660000 time: 2.59327435s
Loading data from file ./cifar1/epoch23.npz
epoch  24 lr: 0.10000000  loss: 1.47660614  train accuracy: 0.47978000  test accuracy: 0.48450000 time: 2.58345532s
Loading data from file ./cifar1/epoch24.npz
epoch  25 lr: 0.10000000  loss: 1.48995181  train accuracy: 0.46814000  test accuracy: 0.47700000 time: 2.62905788s
Loading data from file ./cifar1/epoch25.npz
epoch  26 lr: 0.10000000  loss: 1.46885395  train accuracy: 0.48154000  test accuracy: 0.48370000 time: 2.57815981s
Loading data from file ./cifar1/epoch26.npz
epoch  27 lr: 0.10000000  loss: 1.45810915  train accuracy: 0.48510000  test accuracy: 0.49100000 time: 2.62990093s
Loading data from file ./cifar1/epoch27.npz
epoch  28 lr: 0.10000000  loss: 1.46924060  train accuracy: 0.48250000  test accuracy: 0.49120000 time: 2.60539746s
Loading data from file ./cifar1/epoch28.npz
epoch  29 lr: 0.10000000  loss: 1.46069388  train accuracy: 0.48252000  test accuracy: 0.48480000 time: 2.58678675s
Loading data from file ./cifar1/epoch29.npz
epoch  30 lr: 0.10000000  loss: 1.44891146  train accuracy: 0.49030000  test accuracy: 0.49130000 time: 2.58849025s
Loading data from file ./cifar1/epoch30.npz
epoch  31 lr: 0.10000000  loss: 1.45373935  train accuracy: 0.48356000  test accuracy: 0.49300000 time: 2.58834457s
Loading data from file ./cifar1/epoch31.npz
epoch  32 lr: 0.10000000  loss: 1.45367708  train accuracy: 0.48752000  test accuracy: 0.48880000 time: 2.60559034s
Loading data from file ./cifar1/epoch32.npz
epoch  33 lr: 0.10000000  loss: 1.44624593  train accuracy: 0.48576000  test accuracy: 0.49000000 time: 2.58778596s
Loading data from file ./cifar1/epoch33.npz
epoch  34 lr: 0.10000000  loss: 1.45576359  train accuracy: 0.48482000  test accuracy: 0.49240000 time: 2.59035826s
Loading data from file ./cifar1/epoch34.npz
epoch  35 lr: 0.10000000  loss: 1.43629113  train accuracy: 0.49166000  test accuracy: 0.49500000 time: 2.58768249s
Loading data from file ./cifar1/epoch35.npz
epoch  36 lr: 0.10000000  loss: 1.43880194  train accuracy: 0.49282000  test accuracy: 0.50250000 time: 2.59790730s
Loading data from file ./cifar1/epoch36.npz
epoch  37 lr: 0.10000000  loss: 1.44847693  train accuracy: 0.48740000  test accuracy: 0.49220000 time: 2.60505199s
Loading data from file ./cifar1/epoch37.npz
epoch  38 lr: 0.10000000  loss: 1.44797376  train accuracy: 0.48978000  test accuracy: 0.49420000 time: 2.58754969s
Loading data from file ./cifar1/epoch38.npz
epoch  39 lr: 0.10000000  loss: 1.43493737  train accuracy: 0.49182000  test accuracy: 0.49150000 time: 2.58777189s
Loading data from file ./cifar1/epoch39.npz
epoch  40 lr: 0.10000000  loss: 1.43129335  train accuracy: 0.49404000  test accuracy: 0.49570000 time: 2.58886933s
Loading data from file ./cifar1/epoch40.npz
epoch  41 lr: 0.10000000  loss: 1.43184173  train accuracy: 0.49690000  test accuracy: 0.49990000 time: 2.65388989s
Loading data from file ./cifar1/epoch41.npz
epoch  42 lr: 0.10000000  loss: 1.43262433  train accuracy: 0.49630000  test accuracy: 0.49260000 time: 2.58045173s
Loading data from file ./cifar1/epoch42.npz
epoch  43 lr: 0.10000000  loss: 1.43079371  train accuracy: 0.49494000  test accuracy: 0.50320000 time: 2.61408615s
Loading data from file ./cifar1/epoch43.npz
epoch  44 lr: 0.10000000  loss: 1.45171418  train accuracy: 0.48720000  test accuracy: 0.49040000 time: 2.58424234s
Loading data from file ./cifar1/epoch44.npz
epoch  45 lr: 0.10000000  loss: 1.42926842  train accuracy: 0.49372000  test accuracy: 0.50240000 time: 2.58886838s
Loading data from file ./cifar1/epoch45.npz
epoch  46 lr: 0.10000000  loss: 1.42971904  train accuracy: 0.49606000  test accuracy: 0.50090000 time: 2.59481621s
Loading data from file ./cifar1/epoch46.npz
epoch  47 lr: 0.10000000  loss: 1.43736491  train accuracy: 0.49254000  test accuracy: 0.50020000 time: 2.58150887s
Loading data from file ./cifar1/epoch47.npz
epoch  48 lr: 0.10000000  loss: 1.42948937  train accuracy: 0.49130000  test accuracy: 0.49860000 time: 2.61701441s
Loading data from file ./cifar1/epoch48.npz
epoch  49 lr: 0.10000000  loss: 1.42675160  train accuracy: 0.49382000  test accuracy: 0.49980000 time: 2.59134793s
Loading data from file ./cifar1/epoch49.npz
epoch  50 lr: 0.10000000  loss: 1.41817174  train accuracy: 0.49776000  test accuracy: 0.50090000 time: 2.60416222s
Loading data from file ./cifar1/epoch50.npz
epoch  51 lr: 0.01000000  loss: 1.44333625  train accuracy: 0.48816000  test accuracy: 0.52250000 time: 2.63570833s
Loading data from file ./cifar1/epoch51.npz
epoch  52 lr: 0.01000000  loss: 1.43021161  train accuracy: 0.49366000  test accuracy: 0.52540000 time: 2.59105587s
Loading data from file ./cifar1/epoch52.npz
epoch  53 lr: 0.01000000  loss: 1.42808742  train accuracy: 0.49748000  test accuracy: 0.52740000 time: 2.59082842s
Loading data from file ./cifar1/epoch53.npz
epoch  54 lr: 0.01000000  loss: 1.41715420  train accuracy: 0.49874000  test accuracy: 0.52510000 time: 2.59063148s
Loading data from file ./cifar1/epoch54.npz
epoch  55 lr: 0.01000000  loss: 1.41621742  train accuracy: 0.50200000  test accuracy: 0.52710000 time: 2.60587430s
Loading data from file ./cifar1/epoch55.npz
epoch  56 lr: 0.01000000  loss: 1.40802648  train accuracy: 0.50230000  test accuracy: 0.53200000 time: 2.59364820s
Loading data from file ./cifar1/epoch56.npz
epoch  57 lr: 0.01000000  loss: 1.40869794  train accuracy: 0.50262000  test accuracy: 0.52820000 time: 2.59057140s
Loading data from file ./cifar1/epoch57.npz
epoch  58 lr: 0.01000000  loss: 1.40330091  train accuracy: 0.50530000  test accuracy: 0.53150000 time: 2.59185410s
Loading data from file ./cifar1/epoch58.npz
epoch  59 lr: 0.01000000  loss: 1.40615854  train accuracy: 0.50456000  test accuracy: 0.53190000 time: 2.59266067s
Loading data from file ./cifar1/epoch59.npz
epoch  60 lr: 0.01000000  loss: 1.40638876  train accuracy: 0.50696000  test accuracy: 0.53150000 time: 2.60534382s
Loading data from file ./cifar1/epoch60.npz
epoch  61 lr: 0.01000000  loss: 1.41149213  train accuracy: 0.50202000  test accuracy: 0.52810000 time: 2.59246302s
Loading data from file ./cifar1/epoch61.npz
epoch  62 lr: 0.01000000  loss: 1.40298531  train accuracy: 0.50424000  test accuracy: 0.53180000 time: 2.59490609s
Loading data from file ./cifar1/epoch62.npz
epoch  63 lr: 0.01000000  loss: 1.40183440  train accuracy: 0.50442000  test accuracy: 0.53350000 time: 2.59111404s
Loading data from file ./cifar1/epoch63.npz
epoch  64 lr: 0.01000000  loss: 1.39978513  train accuracy: 0.50638000  test accuracy: 0.53340000 time: 2.59078145s
Loading data from file ./cifar1/epoch64.npz
epoch  65 lr: 0.01000000  loss: 1.39727751  train accuracy: 0.50526000  test accuracy: 0.53540000 time: 2.60503817s
Loading data from file ./cifar1/epoch65.npz
epoch  66 lr: 0.01000000  loss: 1.39354597  train accuracy: 0.50804000  test accuracy: 0.53240000 time: 2.59263706s
Loading data from file ./cifar1/epoch66.npz
epoch  67 lr: 0.01000000  loss: 1.40026220  train accuracy: 0.50594000  test accuracy: 0.53120000 time: 2.67731261s
Loading data from file ./cifar1/epoch67.npz
epoch  68 lr: 0.01000000  loss: 1.39340081  train accuracy: 0.50704000  test accuracy: 0.53450000 time: 2.59473705s
Loading data from file ./cifar1/epoch68.npz
epoch  69 lr: 0.01000000  loss: 1.39894918  train accuracy: 0.50644000  test accuracy: 0.53630000 time: 2.60600615s
Loading data from file ./cifar1/epoch69.npz
epoch  70 lr: 0.01000000  loss: 1.39092717  train accuracy: 0.50908000  test accuracy: 0.53310000 time: 2.59499741s
Loading data from file ./cifar1/epoch70.npz
epoch  71 lr: 0.01000000  loss: 1.39267988  train accuracy: 0.50826000  test accuracy: 0.53380000 time: 2.60078931s
Loading data from file ./cifar1/epoch71.npz
epoch  72 lr: 0.01000000  loss: 1.39477702  train accuracy: 0.50818000  test accuracy: 0.53250000 time: 2.59332275s
Loading data from file ./cifar1/epoch72.npz
epoch  73 lr: 0.01000000  loss: 1.39016788  train accuracy: 0.51006000  test accuracy: 0.53420000 time: 2.59560275s
Loading data from file ./cifar1/epoch73.npz
epoch  74 lr: 0.01000000  loss: 1.39159148  train accuracy: 0.51180000  test accuracy: 0.53220000 time: 2.65327287s
Loading data from file ./cifar1/epoch74.npz
epoch  75 lr: 0.01000000  loss: 1.39191972  train accuracy: 0.50678000  test accuracy: 0.53260000 time: 2.58404708s
Loading data from file ./cifar1/epoch75.npz
epoch  76 lr: 0.00100000  loss: 1.40808867  train accuracy: 0.50350000  test accuracy: 0.53440000 time: 2.58159637s
Loading data from file ./cifar1/epoch76.npz
epoch  77 lr: 0.00100000  loss: 1.40454966  train accuracy: 0.50586000  test accuracy: 0.53440000 time: 2.58320212s
Loading data from file ./cifar1/epoch77.npz
epoch  78 lr: 0.00100000  loss: 1.40737310  train accuracy: 0.50694000  test accuracy: 0.53450000 time: 2.63702226s
Loading data from file ./cifar1/epoch78.npz
epoch  79 lr: 0.00100000  loss: 1.40579052  train accuracy: 0.50528000  test accuracy: 0.53550000 time: 2.60655379s
Loading data from file ./cifar1/epoch79.npz
epoch  80 lr: 0.00100000  loss: 1.40933842  train accuracy: 0.50336000  test accuracy: 0.53610000 time: 2.59292984s
Loading data from file ./cifar1/epoch80.npz
epoch  81 lr: 0.00100000  loss: 1.40591314  train accuracy: 0.50482000  test accuracy: 0.53740000 time: 2.59154201s
Loading data from file ./cifar1/epoch81.npz
epoch  82 lr: 0.00100000  loss: 1.40768012  train accuracy: 0.50418000  test accuracy: 0.53640000 time: 2.59286785s
Loading data from file ./cifar1/epoch82.npz
epoch  83 lr: 0.00100000  loss: 1.40603598  train accuracy: 0.50202000  test accuracy: 0.53720000 time: 2.60606098s
Loading data from file ./cifar1/epoch83.npz
epoch  84 lr: 0.00100000  loss: 1.40342038  train accuracy: 0.50130000  test accuracy: 0.53660000 time: 2.59272599s
Loading data from file ./cifar1/epoch84.npz
epoch  85 lr: 0.00100000  loss: 1.40626124  train accuracy: 0.50450000  test accuracy: 0.53750000 time: 2.59252930s
Loading data from file ./cifar1/epoch85.npz
epoch  86 lr: 0.00100000  loss: 1.40105765  train accuracy: 0.50516000  test accuracy: 0.53630000 time: 2.59431672s
Loading data from file ./cifar1/epoch86.npz
epoch  87 lr: 0.00100000  loss: 1.40744978  train accuracy: 0.50438000  test accuracy: 0.53670000 time: 2.59471035s
Loading data from file ./cifar1/epoch87.npz
epoch  88 lr: 0.00100000  loss: 1.40122285  train accuracy: 0.50562000  test accuracy: 0.53870000 time: 2.60674119s
Loading data from file ./cifar1/epoch88.npz
epoch  89 lr: 0.00100000  loss: 1.39978276  train accuracy: 0.50654000  test accuracy: 0.53840000 time: 2.59254861s
Loading data from file ./cifar1/epoch89.npz
epoch  90 lr: 0.00100000  loss: 1.40492741  train accuracy: 0.50480000  test accuracy: 0.53780000 time: 2.59254384s
Loading data from file ./cifar1/epoch90.npz
epoch  91 lr: 0.00100000  loss: 1.40100064  train accuracy: 0.50500000  test accuracy: 0.53610000 time: 2.61708283s
Loading data from file ./cifar1/epoch91.npz
epoch  92 lr: 0.00100000  loss: 1.40797596  train accuracy: 0.50406000  test accuracy: 0.53730000 time: 2.60806942s
Loading data from file ./cifar1/epoch92.npz
epoch  93 lr: 0.00100000  loss: 1.40311599  train accuracy: 0.50774000  test accuracy: 0.53760000 time: 2.58186460s
Loading data from file ./cifar1/epoch93.npz
epoch  94 lr: 0.00100000  loss: 1.40644442  train accuracy: 0.50276000  test accuracy: 0.53640000 time: 2.58183551s
Loading data from file ./cifar1/epoch94.npz
epoch  95 lr: 0.00100000  loss: 1.40173015  train accuracy: 0.50526000  test accuracy: 0.53750000 time: 2.58121538s
Loading data from file ./cifar1/epoch95.npz
epoch  96 lr: 0.00100000  loss: 1.40448686  train accuracy: 0.50350000  test accuracy: 0.53700000 time: 2.60821581s
Loading data from file ./cifar1/epoch96.npz
epoch  97 lr: 0.00100000  loss: 1.40368765  train accuracy: 0.50670000  test accuracy: 0.53730000 time: 2.62683654s
Loading data from file ./cifar1/epoch97.npz
epoch  98 lr: 0.00100000  loss: 1.40404645  train accuracy: 0.50368000  test accuracy: 0.53660000 time: 2.59002566s
Loading data from file ./cifar1/epoch98.npz
epoch  99 lr: 0.00100000  loss: 1.40077425  train accuracy: 0.50692000  test accuracy: 0.53800000 time: 2.59461522s
Loading data from file ./cifar1/epoch99.npz
epoch 100 lr: 0.00100000  loss: 1.40122500  train accuracy: 0.50706000  test accuracy: 0.53840000 time: 2.59376740s
Accuracy of the network on the 10000 test examples: 53.84%
Total training time for the 100 epochs: 259.60577763s
