loading dataset cifar10
read slice "../data/cifar-10-batches-bin/data_batch_1.bin"
read slice "../data/cifar-10-batches-bin/data_batch_2.bin"
read slice "../data/cifar-10-batches-bin/data_batch_3.bin"
read slice "../data/cifar-10-batches-bin/data_batch_4.bin"
read slice "../data/cifar-10-batches-bin/data_batch_5.bin"
read slice "../data/cifar-10-batches-bin/test_batch.bin"
normalizing data
number of examples: 50000
number of features: 3072
number of outputs: 10
epochs = 100
batch size = 100
shuffle = true
statistics = true
debug = false
algorithm = minibatch
dataset = cifar10
dataset size = 50000
normalize data = false
learning rate scheduler = multistep_lr(0.1;50,75;0.1)
loss function = softmax-cross-entropy
architecture = RRL
sizes = [3072, 1024, 512, 10]
weights initialization = xxx
optimizer = nesterov(0.9)
dropout = 0
density = 0.001
densities = [0.000777357, 0.00174905, 0.060867]
seed = 3
precision = 4
threads = 4
number type = float

Sparse(units=1024, density=0.00075467426, optimizer=Nesterov(0.90000), activation=ReLU())
Sparse(units=512, density=0.0018100739, optimizer=Nesterov(0.90000), activation=ReLU())
Sparse(units=10, density=0.059179686, optimizer=Nesterov(0.90000), activation=NoActivation())

Loading data from file ./cifar3/epoch0.npz
epoch   0 lr: 0.10000000  loss: 2.30258279  train accuracy: 0.12096000  test accuracy: 0.11820000 time: 0.00000000s
epoch   1 lr: 0.10000000  loss: 2.30248816  train accuracy: 0.13764000  test accuracy: 0.13980000 time: 2.32233119s
Loading data from file ./cifar3/epoch1.npz
epoch   2 lr: 0.10000000  loss: 2.25127830  train accuracy: 0.15824000  test accuracy: 0.16390000 time: 2.30028272s
Loading data from file ./cifar3/epoch2.npz
epoch   3 lr: 0.10000000  loss: 2.22026432  train accuracy: 0.18682000  test accuracy: 0.19360000 time: 2.29769897s
Loading data from file ./cifar3/epoch3.npz
epoch   4 lr: 0.10000000  loss: 2.15130110  train accuracy: 0.22396000  test accuracy: 0.24260000 time: 2.33179498s
Loading data from file ./cifar3/epoch4.npz
epoch   5 lr: 0.10000000  loss: 2.11398344  train accuracy: 0.23042000  test accuracy: 0.24080000 time: 2.29048276s
Loading data from file ./cifar3/epoch5.npz
epoch   6 lr: 0.10000000  loss: 2.09524183  train accuracy: 0.24216000  test accuracy: 0.25100000 time: 2.31825018s
Loading data from file ./cifar3/epoch6.npz
epoch   7 lr: 0.10000000  loss: 2.08302241  train accuracy: 0.24484000  test accuracy: 0.26330000 time: 2.29697514s
Loading data from file ./cifar3/epoch7.npz
epoch   8 lr: 0.10000000  loss: 2.06663440  train accuracy: 0.25858000  test accuracy: 0.27160000 time: 2.31025195s
Loading data from file ./cifar3/epoch8.npz
epoch   9 lr: 0.10000000  loss: 2.05038390  train accuracy: 0.26004000  test accuracy: 0.27200000 time: 2.29619551s
Loading data from file ./cifar3/epoch9.npz
epoch  10 lr: 0.10000000  loss: 2.03012868  train accuracy: 0.26796000  test accuracy: 0.28860000 time: 2.29656911s
Loading data from file ./cifar3/epoch10.npz
epoch  11 lr: 0.10000000  loss: 2.02088917  train accuracy: 0.27262000  test accuracy: 0.28800000 time: 2.29037094s
Loading data from file ./cifar3/epoch11.npz
epoch  12 lr: 0.10000000  loss: 2.02454321  train accuracy: 0.26862000  test accuracy: 0.28800000 time: 2.36134505s
Loading data from file ./cifar3/epoch12.npz
epoch  13 lr: 0.10000000  loss: 2.00415040  train accuracy: 0.27494000  test accuracy: 0.29600000 time: 2.30014849s
Loading data from file ./cifar3/epoch13.npz
epoch  14 lr: 0.10000000  loss: 1.99716437  train accuracy: 0.28016000  test accuracy: 0.29890000 time: 2.30614543s
Loading data from file ./cifar3/epoch14.npz
epoch  15 lr: 0.10000000  loss: 1.99835147  train accuracy: 0.27712000  test accuracy: 0.29750000 time: 2.30469489s
Loading data from file ./cifar3/epoch15.npz
epoch  16 lr: 0.10000000  loss: 1.99181456  train accuracy: 0.27988000  test accuracy: 0.30260000 time: 2.32607532s
Loading data from file ./cifar3/epoch16.npz
epoch  17 lr: 0.10000000  loss: 1.99138198  train accuracy: 0.28278000  test accuracy: 0.30080000 time: 2.30253506s
Loading data from file ./cifar3/epoch17.npz
epoch  18 lr: 0.10000000  loss: 1.98212232  train accuracy: 0.28586000  test accuracy: 0.30640000 time: 2.30765939s
Loading data from file ./cifar3/epoch18.npz
epoch  19 lr: 0.10000000  loss: 1.98863226  train accuracy: 0.28414000  test accuracy: 0.30040000 time: 2.29707813s
Loading data from file ./cifar3/epoch19.npz
epoch  20 lr: 0.10000000  loss: 1.98033112  train accuracy: 0.28414000  test accuracy: 0.30550000 time: 2.37274790s
Loading data from file ./cifar3/epoch20.npz
epoch  21 lr: 0.10000000  loss: 1.97344723  train accuracy: 0.29078000  test accuracy: 0.30630000 time: 2.29889846s
Loading data from file ./cifar3/epoch21.npz
epoch  22 lr: 0.10000000  loss: 1.97731007  train accuracy: 0.29038000  test accuracy: 0.30820000 time: 2.32333112s
Loading data from file ./cifar3/epoch22.npz
epoch  23 lr: 0.10000000  loss: 1.98266884  train accuracy: 0.28704000  test accuracy: 0.30620000 time: 2.30011225s
Loading data from file ./cifar3/epoch23.npz
epoch  24 lr: 0.10000000  loss: 1.97234061  train accuracy: 0.29038000  test accuracy: 0.31520000 time: 2.32205009s
Loading data from file ./cifar3/epoch24.npz
epoch  25 lr: 0.10000000  loss: 1.97185301  train accuracy: 0.28828000  test accuracy: 0.30910000 time: 2.30087113s
Loading data from file ./cifar3/epoch25.npz
epoch  26 lr: 0.10000000  loss: 1.97771109  train accuracy: 0.28950000  test accuracy: 0.31020000 time: 2.30340338s
Loading data from file ./cifar3/epoch26.npz
epoch  27 lr: 0.10000000  loss: 1.96731233  train accuracy: 0.29374000  test accuracy: 0.31710000 time: 2.31731582s
Loading data from file ./cifar3/epoch27.npz
epoch  28 lr: 0.10000000  loss: 1.96994382  train accuracy: 0.28958000  test accuracy: 0.31470000 time: 2.30229998s
Loading data from file ./cifar3/epoch28.npz
epoch  29 lr: 0.10000000  loss: 1.96460511  train accuracy: 0.29592000  test accuracy: 0.31910000 time: 2.29923391s
Loading data from file ./cifar3/epoch29.npz
epoch  30 lr: 0.10000000  loss: 1.96865273  train accuracy: 0.29510000  test accuracy: 0.31560000 time: 2.30959392s
Loading data from file ./cifar3/epoch30.npz
epoch  31 lr: 0.10000000  loss: 1.96941102  train accuracy: 0.29334000  test accuracy: 0.31920000 time: 2.34403110s
Loading data from file ./cifar3/epoch31.npz
epoch  32 lr: 0.10000000  loss: 1.96643860  train accuracy: 0.28946000  test accuracy: 0.31160000 time: 2.29940009s
Loading data from file ./cifar3/epoch32.npz
epoch  33 lr: 0.10000000  loss: 1.96944037  train accuracy: 0.29132000  test accuracy: 0.31520000 time: 2.30745363s
Loading data from file ./cifar3/epoch33.npz
epoch  34 lr: 0.10000000  loss: 1.96675405  train accuracy: 0.28870000  test accuracy: 0.32160000 time: 2.29881048s
Loading data from file ./cifar3/epoch34.npz
epoch  35 lr: 0.10000000  loss: 1.96422091  train accuracy: 0.29166000  test accuracy: 0.31750000 time: 2.32159162s
Loading data from file ./cifar3/epoch35.npz
epoch  36 lr: 0.10000000  loss: 1.95928618  train accuracy: 0.29390000  test accuracy: 0.32060000 time: 2.29995584s
Loading data from file ./cifar3/epoch36.npz
epoch  37 lr: 0.10000000  loss: 1.96040697  train accuracy: 0.29672000  test accuracy: 0.32180000 time: 2.30006409s
Loading data from file ./cifar3/epoch37.npz
epoch  38 lr: 0.10000000  loss: 1.95451953  train accuracy: 0.29642000  test accuracy: 0.32440000 time: 2.31778049s
Loading data from file ./cifar3/epoch38.npz
epoch  39 lr: 0.10000000  loss: 1.95770801  train accuracy: 0.29570000  test accuracy: 0.31920000 time: 2.32509255s
Loading data from file ./cifar3/epoch39.npz
epoch  40 lr: 0.10000000  loss: 1.95759983  train accuracy: 0.29466000  test accuracy: 0.31590000 time: 2.32392144s
Loading data from file ./cifar3/epoch40.npz
epoch  41 lr: 0.10000000  loss: 1.95667087  train accuracy: 0.29720000  test accuracy: 0.32060000 time: 2.29274559s
Loading data from file ./cifar3/epoch41.npz
epoch  42 lr: 0.10000000  loss: 1.95420781  train accuracy: 0.29914000  test accuracy: 0.32160000 time: 2.29155183s
Loading data from file ./cifar3/epoch42.npz
epoch  43 lr: 0.10000000  loss: 1.95614243  train accuracy: 0.29698000  test accuracy: 0.32360000 time: 2.30616546s
Loading data from file ./cifar3/epoch43.npz
epoch  44 lr: 0.10000000  loss: 1.95496982  train accuracy: 0.29404000  test accuracy: 0.32400000 time: 2.30731106s
Loading data from file ./cifar3/epoch44.npz
epoch  45 lr: 0.10000000  loss: 1.95338872  train accuracy: 0.29714000  test accuracy: 0.32760000 time: 2.29579473s
Loading data from file ./cifar3/epoch45.npz
epoch  46 lr: 0.10000000  loss: 1.95173852  train accuracy: 0.29926000  test accuracy: 0.32060000 time: 2.31773949s
Loading data from file ./cifar3/epoch46.npz
epoch  47 lr: 0.10000000  loss: 1.95537386  train accuracy: 0.29702000  test accuracy: 0.32110000 time: 2.32447195s
Loading data from file ./cifar3/epoch47.npz
epoch  48 lr: 0.10000000  loss: 1.95438457  train accuracy: 0.29612000  test accuracy: 0.32160000 time: 2.30133295s
Loading data from file ./cifar3/epoch48.npz
epoch  49 lr: 0.10000000  loss: 1.95005941  train accuracy: 0.30102000  test accuracy: 0.32380000 time: 2.30506587s
Loading data from file ./cifar3/epoch49.npz
epoch  50 lr: 0.10000000  loss: 1.94640012  train accuracy: 0.30008000  test accuracy: 0.31660000 time: 2.31438208s
Loading data from file ./cifar3/epoch50.npz
epoch  51 lr: 0.01000000  loss: 1.94456115  train accuracy: 0.30378000  test accuracy: 0.32840000 time: 2.36411405s
Loading data from file ./cifar3/epoch51.npz
epoch  52 lr: 0.01000000  loss: 1.94099480  train accuracy: 0.30440000  test accuracy: 0.33020000 time: 2.35772443s
Loading data from file ./cifar3/epoch52.npz
epoch  53 lr: 0.01000000  loss: 1.94203794  train accuracy: 0.30384000  test accuracy: 0.32870000 time: 2.38348222s
Loading data from file ./cifar3/epoch53.npz
epoch  54 lr: 0.01000000  loss: 1.93906502  train accuracy: 0.30392000  test accuracy: 0.33140000 time: 2.31533194s
Loading data from file ./cifar3/epoch54.npz
epoch  55 lr: 0.01000000  loss: 1.93845874  train accuracy: 0.30794000  test accuracy: 0.33260000 time: 2.31480002s
Loading data from file ./cifar3/epoch55.npz
epoch  56 lr: 0.01000000  loss: 1.94228734  train accuracy: 0.30356000  test accuracy: 0.33190000 time: 2.88394785s
Loading data from file ./cifar3/epoch56.npz
epoch  57 lr: 0.01000000  loss: 1.93988304  train accuracy: 0.30510000  test accuracy: 0.33380000 time: 2.79084349s
Loading data from file ./cifar3/epoch57.npz
epoch  58 lr: 0.01000000  loss: 1.94101383  train accuracy: 0.30532000  test accuracy: 0.33450000 time: 2.57262659s
Loading data from file ./cifar3/epoch58.npz
epoch  59 lr: 0.01000000  loss: 1.94286244  train accuracy: 0.30346000  test accuracy: 0.33370000 time: 2.33429170s
Loading data from file ./cifar3/epoch59.npz
epoch  60 lr: 0.01000000  loss: 1.94139797  train accuracy: 0.30436000  test accuracy: 0.33220000 time: 2.36249185s
Loading data from file ./cifar3/epoch60.npz
epoch  61 lr: 0.01000000  loss: 1.93755191  train accuracy: 0.30454000  test accuracy: 0.33130000 time: 2.38752222s
Loading data from file ./cifar3/epoch61.npz
epoch  62 lr: 0.01000000  loss: 1.94099270  train accuracy: 0.30334000  test accuracy: 0.33070000 time: 2.34546518s
Loading data from file ./cifar3/epoch62.npz
epoch  63 lr: 0.01000000  loss: 1.93990160  train accuracy: 0.30436000  test accuracy: 0.33110000 time: 2.38480783s
Loading data from file ./cifar3/epoch63.npz
epoch  64 lr: 0.01000000  loss: 1.94190393  train accuracy: 0.30340000  test accuracy: 0.33140000 time: 2.35485744s
Loading data from file ./cifar3/epoch64.npz
epoch  65 lr: 0.01000000  loss: 1.93952567  train accuracy: 0.30570000  test accuracy: 0.33360000 time: 2.37869167s
Loading data from file ./cifar3/epoch65.npz
epoch  66 lr: 0.01000000  loss: 1.93801441  train accuracy: 0.30734000  test accuracy: 0.33030000 time: 2.52145267s
Loading data from file ./cifar3/epoch66.npz
epoch  67 lr: 0.01000000  loss: 1.93875293  train accuracy: 0.30372000  test accuracy: 0.33160000 time: 2.43830609s
Loading data from file ./cifar3/epoch67.npz
epoch  68 lr: 0.01000000  loss: 1.93768469  train accuracy: 0.30684000  test accuracy: 0.32960000 time: 2.30626154s
Loading data from file ./cifar3/epoch68.npz
epoch  69 lr: 0.01000000  loss: 1.93631482  train accuracy: 0.30842000  test accuracy: 0.32850000 time: 2.34947658s
Loading data from file ./cifar3/epoch69.npz
epoch  70 lr: 0.01000000  loss: 1.93794526  train accuracy: 0.30744000  test accuracy: 0.33350000 time: 2.30952907s
Loading data from file ./cifar3/epoch70.npz
epoch  71 lr: 0.01000000  loss: 1.93858407  train accuracy: 0.30408000  test accuracy: 0.33130000 time: 2.29809237s
Loading data from file ./cifar3/epoch71.npz
epoch  72 lr: 0.01000000  loss: 1.93665449  train accuracy: 0.30664000  test accuracy: 0.33280000 time: 2.29473901s
Loading data from file ./cifar3/epoch72.npz
epoch  73 lr: 0.01000000  loss: 1.94362020  train accuracy: 0.30254000  test accuracy: 0.33260000 time: 2.29033065s
Loading data from file ./cifar3/epoch73.npz
epoch  74 lr: 0.01000000  loss: 1.94283911  train accuracy: 0.30358000  test accuracy: 0.32960000 time: 2.31104398s
Loading data from file ./cifar3/epoch74.npz
epoch  75 lr: 0.01000000  loss: 1.94069635  train accuracy: 0.30598000  test accuracy: 0.33100000 time: 2.29024696s
Loading data from file ./cifar3/epoch75.npz
epoch  76 lr: 0.00100000  loss: 1.93929038  train accuracy: 0.30372000  test accuracy: 0.33100000 time: 2.28689337s
Loading data from file ./cifar3/epoch76.npz
epoch  77 lr: 0.00100000  loss: 1.94163789  train accuracy: 0.30322000  test accuracy: 0.33140000 time: 2.28724599s
Loading data from file ./cifar3/epoch77.npz
epoch  78 lr: 0.00100000  loss: 1.93800231  train accuracy: 0.30536000  test accuracy: 0.33130000 time: 2.30299187s
Loading data from file ./cifar3/epoch78.npz
epoch  79 lr: 0.00100000  loss: 1.93968322  train accuracy: 0.30436000  test accuracy: 0.33130000 time: 2.28974628s
Loading data from file ./cifar3/epoch79.npz
epoch  80 lr: 0.00100000  loss: 1.94285414  train accuracy: 0.30180000  test accuracy: 0.33050000 time: 2.28974080s
Loading data from file ./cifar3/epoch80.npz
epoch  81 lr: 0.00100000  loss: 1.93982612  train accuracy: 0.30570000  test accuracy: 0.33160000 time: 2.28888273s
Loading data from file ./cifar3/epoch81.npz
epoch  82 lr: 0.00100000  loss: 1.94200829  train accuracy: 0.30412000  test accuracy: 0.33080000 time: 2.30568933s
Loading data from file ./cifar3/epoch82.npz
epoch  83 lr: 0.00100000  loss: 1.94084724  train accuracy: 0.30518000  test accuracy: 0.33070000 time: 2.28958941s
Loading data from file ./cifar3/epoch83.npz
epoch  84 lr: 0.00100000  loss: 1.93698208  train accuracy: 0.30428000  test accuracy: 0.33200000 time: 2.28680325s
Loading data from file ./cifar3/epoch84.npz
epoch  85 lr: 0.00100000  loss: 1.93718919  train accuracy: 0.30412000  test accuracy: 0.33150000 time: 2.28880477s
Loading data from file ./cifar3/epoch85.npz
epoch  86 lr: 0.00100000  loss: 1.93853916  train accuracy: 0.30514000  test accuracy: 0.33150000 time: 2.29071450s
Loading data from file ./cifar3/epoch86.npz
epoch  87 lr: 0.00100000  loss: 1.93936513  train accuracy: 0.30454000  test accuracy: 0.33090000 time: 2.33826375s
Loading data from file ./cifar3/epoch87.npz
epoch  88 lr: 0.00100000  loss: 1.93871190  train accuracy: 0.30510000  test accuracy: 0.33070000 time: 2.28983808s
Loading data from file ./cifar3/epoch88.npz
epoch  89 lr: 0.00100000  loss: 1.93863320  train accuracy: 0.30644000  test accuracy: 0.33180000 time: 2.30435681s
Loading data from file ./cifar3/epoch89.npz
epoch  90 lr: 0.00100000  loss: 1.93903109  train accuracy: 0.30710000  test accuracy: 0.33130000 time: 2.29029202s
Loading data from file ./cifar3/epoch90.npz
epoch  91 lr: 0.00100000  loss: 1.93975971  train accuracy: 0.30412000  test accuracy: 0.33150000 time: 2.29090166s
Loading data from file ./cifar3/epoch91.npz
epoch  92 lr: 0.00100000  loss: 1.94058203  train accuracy: 0.30764000  test accuracy: 0.33120000 time: 2.28809929s
Loading data from file ./cifar3/epoch92.npz
epoch  93 lr: 0.00100000  loss: 1.93864433  train accuracy: 0.30384000  test accuracy: 0.33270000 time: 2.35520673s
Loading data from file ./cifar3/epoch93.npz
epoch  94 lr: 0.00100000  loss: 1.93952880  train accuracy: 0.30424000  test accuracy: 0.33100000 time: 2.29762506s
Loading data from file ./cifar3/epoch94.npz
epoch  95 lr: 0.00100000  loss: 1.93951269  train accuracy: 0.30494000  test accuracy: 0.33070000 time: 2.30191612s
Loading data from file ./cifar3/epoch95.npz
epoch  96 lr: 0.00100000  loss: 1.93921021  train accuracy: 0.30434000  test accuracy: 0.33180000 time: 2.28847194s
Loading data from file ./cifar3/epoch96.npz
epoch  97 lr: 0.00100000  loss: 1.94010349  train accuracy: 0.30574000  test accuracy: 0.33080000 time: 2.30525851s
Loading data from file ./cifar3/epoch97.npz
epoch  98 lr: 0.00100000  loss: 1.93615289  train accuracy: 0.30442000  test accuracy: 0.33140000 time: 2.29092646s
Loading data from file ./cifar3/epoch98.npz
epoch  99 lr: 0.00100000  loss: 1.93961224  train accuracy: 0.30664000  test accuracy: 0.33090000 time: 2.29127240s
Loading data from file ./cifar3/epoch99.npz
epoch 100 lr: 0.00100000  loss: 1.93884956  train accuracy: 0.30468000  test accuracy: 0.33230000 time: 2.28935528s
Accuracy of the network on the 10000 test examples: 33.23%
Total training time for the 100 epochs: 232.87077009s
