=== Command line arguments ===
Namespace(show=False, batch_size=100, seed=2, precision=4, edgeitems=3, density=0.2, sizes='3072,1024,512,10', epochs=100, lr=0.01, momentum=0.9, gamma=0.1, nesterov=True, datadir='./data', augmented=False, preprocessed='./cifar2', copy=False, nerva=False, torch=True, scheduler='multistep', import_weights=None, custom_masking=False)
Files already downloaded and verified
initialize by ER
Overall sparsity 0.20000000000000004
Total Model parameters: 3675136
Total parameters under sparsity level of 0.2: 0.20015096039983282
initialize by ER
Overall sparsity 0.20000000000000004
Total Model parameters: 7350272
Total parameters under sparsity level of 0.2: 0.04639120837977152

=== PyTorch model ===
MLP1(
  (layers): ModuleList(
    (0): Linear(in_features=3072, out_features=1024, bias=True)
    (1): Linear(in_features=1024, out_features=512, bias=True)
    (2): Linear(in_features=512, out_features=10, bias=True)
  )
  (loss): CrossEntropyLoss()
)
CrossEntropyLoss()
<torch.optim.lr_scheduler.MultiStepLR object at 0x7f2642a6b100>

=== Training PyTorch model ===
Loading dataset from file cifar2/epoch0.npz
Loading data from ./cifar2/epoch0.npz
epoch   0  lr: 0.01000000  loss: 2.30283713  train accuracy: 0.10320000  test accuracy: 0.10380000  time: 0.00000000s
epoch   1  lr: 0.01000000  loss: 1.74200451  train accuracy: 0.37574000  test accuracy: 0.40620000  time: 12.15523971s
Loading dataset from file cifar2/epoch1.npz
Loading data from ./cifar2/epoch1.npz
epoch   2  lr: 0.01000000  loss: 1.58612525  train accuracy: 0.43474000  test accuracy: 0.46470000  time: 12.15631954s
Loading dataset from file cifar2/epoch2.npz
Loading data from ./cifar2/epoch2.npz
epoch   3  lr: 0.01000000  loss: 1.50731385  train accuracy: 0.46520000  test accuracy: 0.48500000  time: 12.17161074s
Loading dataset from file cifar2/epoch3.npz
Loading data from ./cifar2/epoch3.npz
epoch   4  lr: 0.01000000  loss: 1.44848704  train accuracy: 0.48412000  test accuracy: 0.49930000  time: 12.20608587s
Loading dataset from file cifar2/epoch4.npz
Loading data from ./cifar2/epoch4.npz
epoch   5  lr: 0.01000000  loss: 1.38750136  train accuracy: 0.50582000  test accuracy: 0.51840000  time: 12.20031606s
Loading dataset from file cifar2/epoch5.npz
Loading data from ./cifar2/epoch5.npz
epoch   6  lr: 0.01000000  loss: 1.35667551  train accuracy: 0.52028000  test accuracy: 0.52260000  time: 12.15494143s
Loading dataset from file cifar2/epoch6.npz
Loading data from ./cifar2/epoch6.npz
epoch   7  lr: 0.01000000  loss: 1.34314716  train accuracy: 0.52500000  test accuracy: 0.52580000  time: 12.15832792s
Loading dataset from file cifar2/epoch7.npz
Loading data from ./cifar2/epoch7.npz
epoch   8  lr: 0.01000000  loss: 1.31803167  train accuracy: 0.52950000  test accuracy: 0.53260000  time: 12.35646631s
Loading dataset from file cifar2/epoch8.npz
Loading data from ./cifar2/epoch8.npz
epoch   9  lr: 0.01000000  loss: 1.28635418  train accuracy: 0.54362000  test accuracy: 0.54830000  time: 12.14283388s
Loading dataset from file cifar2/epoch9.npz
Loading data from ./cifar2/epoch9.npz
epoch  10  lr: 0.01000000  loss: 1.24868190  train accuracy: 0.55652000  test accuracy: 0.55060000  time: 12.15095751s
Loading dataset from file cifar2/epoch10.npz
Loading data from ./cifar2/epoch10.npz
epoch  11  lr: 0.01000000  loss: 1.23735464  train accuracy: 0.55840000  test accuracy: 0.55610000  time: 12.15411057s
Loading dataset from file cifar2/epoch11.npz
Loading data from ./cifar2/epoch11.npz
epoch  12  lr: 0.01000000  loss: 1.22555089  train accuracy: 0.56494000  test accuracy: 0.56100000  time: 12.07560958s
Loading dataset from file cifar2/epoch12.npz
Loading data from ./cifar2/epoch12.npz
epoch  13  lr: 0.01000000  loss: 1.19755113  train accuracy: 0.57612000  test accuracy: 0.57160000  time: 12.12423037s
Loading dataset from file cifar2/epoch13.npz
Loading data from ./cifar2/epoch13.npz
epoch  14  lr: 0.01000000  loss: 1.18581903  train accuracy: 0.57708000  test accuracy: 0.56310000  time: 12.10613476s
Loading dataset from file cifar2/epoch14.npz
Loading data from ./cifar2/epoch14.npz
epoch  15  lr: 0.01000000  loss: 1.18429053  train accuracy: 0.58160000  test accuracy: 0.56700000  time: 12.14501009s
Loading dataset from file cifar2/epoch15.npz
Loading data from ./cifar2/epoch15.npz
epoch  16  lr: 0.01000000  loss: 1.15306056  train accuracy: 0.58952000  test accuracy: 0.57710000  time: 12.10402047s
Loading dataset from file cifar2/epoch16.npz
Loading data from ./cifar2/epoch16.npz
epoch  17  lr: 0.01000000  loss: 1.14695621  train accuracy: 0.59730000  test accuracy: 0.57750000  time: 12.38379341s
Loading dataset from file cifar2/epoch17.npz
Loading data from ./cifar2/epoch17.npz
epoch  18  lr: 0.01000000  loss: 1.11273658  train accuracy: 0.60842000  test accuracy: 0.58670000  time: 12.15010610s
Loading dataset from file cifar2/epoch18.npz
Loading data from ./cifar2/epoch18.npz
epoch  19  lr: 0.01000000  loss: 1.10911131  train accuracy: 0.60764000  test accuracy: 0.58720000  time: 12.16929439s
Loading dataset from file cifar2/epoch19.npz
Loading data from ./cifar2/epoch19.npz
epoch  20  lr: 0.01000000  loss: 1.09637415  train accuracy: 0.61274000  test accuracy: 0.58590000  time: 12.23367756s
Loading dataset from file cifar2/epoch20.npz
Loading data from ./cifar2/epoch20.npz
epoch  21  lr: 0.01000000  loss: 1.08514011  train accuracy: 0.61960000  test accuracy: 0.58510000  time: 12.19146008s
Loading dataset from file cifar2/epoch21.npz
Loading data from ./cifar2/epoch21.npz
epoch  22  lr: 0.01000000  loss: 1.07347786  train accuracy: 0.62020000  test accuracy: 0.58920000  time: 12.18332043s
Loading dataset from file cifar2/epoch22.npz
Loading data from ./cifar2/epoch22.npz
epoch  23  lr: 0.01000000  loss: 1.05386186  train accuracy: 0.62870000  test accuracy: 0.59750000  time: 12.20050437s
Loading dataset from file cifar2/epoch23.npz
Loading data from ./cifar2/epoch23.npz
epoch  24  lr: 0.01000000  loss: 1.04786265  train accuracy: 0.62854000  test accuracy: 0.59070000  time: 12.20977123s
Loading dataset from file cifar2/epoch24.npz
Loading data from ./cifar2/epoch24.npz
epoch  25  lr: 0.01000000  loss: 1.03848326  train accuracy: 0.63160000  test accuracy: 0.59250000  time: 12.43002686s
Loading dataset from file cifar2/epoch25.npz
Loading data from ./cifar2/epoch25.npz
epoch  26  lr: 0.01000000  loss: 1.02213871  train accuracy: 0.64120000  test accuracy: 0.60090000  time: 13.66184874s
Loading dataset from file cifar2/epoch26.npz
Loading data from ./cifar2/epoch26.npz
epoch  27  lr: 0.01000000  loss: 1.02591169  train accuracy: 0.63974000  test accuracy: 0.60620000  time: 12.25005885s
Loading dataset from file cifar2/epoch27.npz
Loading data from ./cifar2/epoch27.npz
epoch  28  lr: 0.01000000  loss: 1.01547182  train accuracy: 0.64142000  test accuracy: 0.59740000  time: 12.22127301s
Loading dataset from file cifar2/epoch28.npz
Loading data from ./cifar2/epoch28.npz
epoch  29  lr: 0.01000000  loss: 0.99322170  train accuracy: 0.64992000  test accuracy: 0.60780000  time: 12.22414607s
Loading dataset from file cifar2/epoch29.npz
Loading data from ./cifar2/epoch29.npz
epoch  30  lr: 0.01000000  loss: 0.98387092  train accuracy: 0.65758000  test accuracy: 0.60710000  time: 12.36795666s
Loading dataset from file cifar2/epoch30.npz
Loading data from ./cifar2/epoch30.npz
epoch  31  lr: 0.01000000  loss: 0.97654969  train accuracy: 0.65648000  test accuracy: 0.61080000  time: 12.20439459s
Loading dataset from file cifar2/epoch31.npz
Loading data from ./cifar2/epoch31.npz
epoch  32  lr: 0.01000000  loss: 0.97341752  train accuracy: 0.65534000  test accuracy: 0.60250000  time: 12.17080379s
Loading dataset from file cifar2/epoch32.npz
Loading data from ./cifar2/epoch32.npz
epoch  33  lr: 0.01000000  loss: 0.96554303  train accuracy: 0.66050000  test accuracy: 0.60710000  time: 12.20291653s
Loading dataset from file cifar2/epoch33.npz
Loading data from ./cifar2/epoch33.npz
epoch  34  lr: 0.01000000  loss: 0.95132619  train accuracy: 0.66272000  test accuracy: 0.60640000  time: 12.25928742s
Loading dataset from file cifar2/epoch34.npz
Loading data from ./cifar2/epoch34.npz
epoch  35  lr: 0.01000000  loss: 0.94220078  train accuracy: 0.66542000  test accuracy: 0.61750000  time: 12.19256676s
Loading dataset from file cifar2/epoch35.npz
Loading data from ./cifar2/epoch35.npz
epoch  36  lr: 0.01000000  loss: 0.93852741  train accuracy: 0.67108000  test accuracy: 0.60880000  time: 12.21025176s
Loading dataset from file cifar2/epoch36.npz
Loading data from ./cifar2/epoch36.npz
epoch  37  lr: 0.01000000  loss: 0.94284058  train accuracy: 0.66850000  test accuracy: 0.61450000  time: 12.17117571s
Loading dataset from file cifar2/epoch37.npz
Loading data from ./cifar2/epoch37.npz
epoch  38  lr: 0.01000000  loss: 0.92986494  train accuracy: 0.67270000  test accuracy: 0.61540000  time: 12.26692898s
Loading dataset from file cifar2/epoch38.npz
Loading data from ./cifar2/epoch38.npz
epoch  39  lr: 0.01000000  loss: 0.92130375  train accuracy: 0.67486000  test accuracy: 0.60980000  time: 12.19059236s
Loading dataset from file cifar2/epoch39.npz
Loading data from ./cifar2/epoch39.npz
epoch  40  lr: 0.01000000  loss: 0.91877216  train accuracy: 0.67718000  test accuracy: 0.61400000  time: 12.20034091s
Loading dataset from file cifar2/epoch40.npz
Loading data from ./cifar2/epoch40.npz
epoch  41  lr: 0.01000000  loss: 0.92384803  train accuracy: 0.67742000  test accuracy: 0.60920000  time: 12.20876485s
Loading dataset from file cifar2/epoch41.npz
Loading data from ./cifar2/epoch41.npz
epoch  42  lr: 0.01000000  loss: 0.91263318  train accuracy: 0.67946000  test accuracy: 0.61320000  time: 12.23309690s
Loading dataset from file cifar2/epoch42.npz
Loading data from ./cifar2/epoch42.npz
epoch  43  lr: 0.01000000  loss: 0.89956820  train accuracy: 0.68724000  test accuracy: 0.62100000  time: 12.16214446s
Loading dataset from file cifar2/epoch43.npz
Loading data from ./cifar2/epoch43.npz
epoch  44  lr: 0.01000000  loss: 0.88884258  train accuracy: 0.69128000  test accuracy: 0.62110000  time: 12.18870994s
Loading dataset from file cifar2/epoch44.npz
Loading data from ./cifar2/epoch44.npz
epoch  45  lr: 0.01000000  loss: 0.90377188  train accuracy: 0.68044000  test accuracy: 0.61270000  time: 12.18950658s
Loading dataset from file cifar2/epoch45.npz
Loading data from ./cifar2/epoch45.npz
epoch  46  lr: 0.01000000  loss: 0.88421804  train accuracy: 0.69020000  test accuracy: 0.61660000  time: 12.19401130s
Loading dataset from file cifar2/epoch46.npz
Loading data from ./cifar2/epoch46.npz
epoch  47  lr: 0.01000000  loss: 0.87058944  train accuracy: 0.69584000  test accuracy: 0.62660000  time: 12.14946151s
Loading dataset from file cifar2/epoch47.npz
Loading data from ./cifar2/epoch47.npz
epoch  48  lr: 0.01000000  loss: 0.87767541  train accuracy: 0.69236000  test accuracy: 0.62410000  time: 12.20748270s
Loading dataset from file cifar2/epoch48.npz
Loading data from ./cifar2/epoch48.npz
epoch  49  lr: 0.01000000  loss: 0.86103642  train accuracy: 0.70030000  test accuracy: 0.62480000  time: 12.18090270s
Loading dataset from file cifar2/epoch49.npz
Loading data from ./cifar2/epoch49.npz
epoch  50  lr: 0.01000000  loss: 0.85654479  train accuracy: 0.69864000  test accuracy: 0.62320000  time: 12.17508371s
Loading dataset from file cifar2/epoch50.npz
Loading data from ./cifar2/epoch50.npz
epoch  51  lr: 0.00100000  loss: 0.91464710  train accuracy: 0.67474000  test accuracy: 0.64420000  time: 12.18093525s
Loading dataset from file cifar2/epoch51.npz
Loading data from ./cifar2/epoch51.npz
epoch  52  lr: 0.00100000  loss: 0.89752531  train accuracy: 0.68450000  test accuracy: 0.64600000  time: 12.19330220s
Loading dataset from file cifar2/epoch52.npz
Loading data from ./cifar2/epoch52.npz
epoch  53  lr: 0.00100000  loss: 0.89194727  train accuracy: 0.68490000  test accuracy: 0.64820000  time: 12.16583186s
Loading dataset from file cifar2/epoch53.npz
Loading data from ./cifar2/epoch53.npz
epoch  54  lr: 0.00100000  loss: 0.88438624  train accuracy: 0.68684000  test accuracy: 0.65230000  time: 12.17353628s
Loading dataset from file cifar2/epoch54.npz
Loading data from ./cifar2/epoch54.npz
epoch  55  lr: 0.00100000  loss: 0.87825525  train accuracy: 0.68940000  test accuracy: 0.65260000  time: 12.16380312s
Loading dataset from file cifar2/epoch55.npz
Loading data from ./cifar2/epoch55.npz
epoch  56  lr: 0.00100000  loss: 0.87660640  train accuracy: 0.69010000  test accuracy: 0.65110000  time: 12.16676226s
Loading dataset from file cifar2/epoch56.npz
Loading data from ./cifar2/epoch56.npz
epoch  57  lr: 0.00100000  loss: 0.87146091  train accuracy: 0.69242000  test accuracy: 0.65120000  time: 12.14540962s
Loading dataset from file cifar2/epoch57.npz
Loading data from ./cifar2/epoch57.npz
epoch  58  lr: 0.00100000  loss: 0.87287736  train accuracy: 0.69324000  test accuracy: 0.65350000  time: 12.11900795s
Loading dataset from file cifar2/epoch58.npz
Loading data from ./cifar2/epoch58.npz
epoch  59  lr: 0.00100000  loss: 0.86293483  train accuracy: 0.69600000  test accuracy: 0.65660000  time: 12.13393969s
Loading dataset from file cifar2/epoch59.npz
Loading data from ./cifar2/epoch59.npz
epoch  60  lr: 0.00100000  loss: 0.86528307  train accuracy: 0.69450000  test accuracy: 0.65360000  time: 12.18917701s
Loading dataset from file cifar2/epoch60.npz
Loading data from ./cifar2/epoch60.npz
epoch  61  lr: 0.00100000  loss: 0.85683107  train accuracy: 0.69652000  test accuracy: 0.65530000  time: 12.13097765s
Loading dataset from file cifar2/epoch61.npz
Loading data from ./cifar2/epoch61.npz
epoch  62  lr: 0.00100000  loss: 0.85935634  train accuracy: 0.69646000  test accuracy: 0.65420000  time: 12.11988833s
Loading dataset from file cifar2/epoch62.npz
Loading data from ./cifar2/epoch62.npz
epoch  63  lr: 0.00100000  loss: 0.85121518  train accuracy: 0.69926000  test accuracy: 0.65380000  time: 12.13800526s
Loading dataset from file cifar2/epoch63.npz
Loading data from ./cifar2/epoch63.npz
epoch  64  lr: 0.00100000  loss: 0.85770702  train accuracy: 0.69850000  test accuracy: 0.65480000  time: 12.25604948s
Loading dataset from file cifar2/epoch64.npz
Loading data from ./cifar2/epoch64.npz
epoch  65  lr: 0.00100000  loss: 0.85209119  train accuracy: 0.69924000  test accuracy: 0.65810000  time: 12.17055760s
Loading dataset from file cifar2/epoch65.npz
Loading data from ./cifar2/epoch65.npz
epoch  66  lr: 0.00100000  loss: 0.84840178  train accuracy: 0.70052000  test accuracy: 0.65350000  time: 12.21556769s
Loading dataset from file cifar2/epoch66.npz
Loading data from ./cifar2/epoch66.npz
epoch  67  lr: 0.00100000  loss: 0.85047615  train accuracy: 0.69838000  test accuracy: 0.65420000  time: 12.34232252s
Loading dataset from file cifar2/epoch67.npz
Loading data from ./cifar2/epoch67.npz
epoch  68  lr: 0.00100000  loss: 0.84665686  train accuracy: 0.69982000  test accuracy: 0.65670000  time: 12.26464372s
Loading dataset from file cifar2/epoch68.npz
Loading data from ./cifar2/epoch68.npz
epoch  69  lr: 0.00100000  loss: 0.83951390  train accuracy: 0.70188000  test accuracy: 0.65340000  time: 12.23310032s
Loading dataset from file cifar2/epoch69.npz
Loading data from ./cifar2/epoch69.npz
epoch  70  lr: 0.00100000  loss: 0.83928502  train accuracy: 0.70550000  test accuracy: 0.65560000  time: 12.23162838s
Loading dataset from file cifar2/epoch70.npz
Loading data from ./cifar2/epoch70.npz
epoch  71  lr: 0.00100000  loss: 0.84009963  train accuracy: 0.70282000  test accuracy: 0.65780000  time: 12.14395288s
Loading dataset from file cifar2/epoch71.npz
Loading data from ./cifar2/epoch71.npz
epoch  72  lr: 0.00100000  loss: 0.83667642  train accuracy: 0.70444000  test accuracy: 0.65890000  time: 12.12227546s
Loading dataset from file cifar2/epoch72.npz
Loading data from ./cifar2/epoch72.npz
epoch  73  lr: 0.00100000  loss: 0.84206182  train accuracy: 0.69964000  test accuracy: 0.65500000  time: 12.18476196s
Loading dataset from file cifar2/epoch73.npz
Loading data from ./cifar2/epoch73.npz
epoch  74  lr: 0.00100000  loss: 0.83980310  train accuracy: 0.70554000  test accuracy: 0.65560000  time: 12.19097549s
Loading dataset from file cifar2/epoch74.npz
Loading data from ./cifar2/epoch74.npz
epoch  75  lr: 0.00100000  loss: 0.83494526  train accuracy: 0.70644000  test accuracy: 0.65510000  time: 12.16793279s
Loading dataset from file cifar2/epoch75.npz
Loading data from ./cifar2/epoch75.npz
epoch  76  lr: 0.00010000  loss: 0.86261719  train accuracy: 0.69492000  test accuracy: 0.65810000  time: 12.21318987s
Loading dataset from file cifar2/epoch76.npz
Loading data from ./cifar2/epoch76.npz
epoch  77  lr: 0.00010000  loss: 0.85844654  train accuracy: 0.69712000  test accuracy: 0.65860000  time: 12.13673810s
Loading dataset from file cifar2/epoch77.npz
Loading data from ./cifar2/epoch77.npz
epoch  78  lr: 0.00010000  loss: 0.86335862  train accuracy: 0.69386000  test accuracy: 0.65810000  time: 12.14611856s
Loading dataset from file cifar2/epoch78.npz
Loading data from ./cifar2/epoch78.npz
epoch  79  lr: 0.00010000  loss: 0.86312681  train accuracy: 0.69164000  test accuracy: 0.65860000  time: 12.27071268s
Loading dataset from file cifar2/epoch79.npz
Loading data from ./cifar2/epoch79.npz
epoch  80  lr: 0.00010000  loss: 0.86041385  train accuracy: 0.69602000  test accuracy: 0.65880000  time: 12.17055746s
Loading dataset from file cifar2/epoch80.npz
Loading data from ./cifar2/epoch80.npz
epoch  81  lr: 0.00010000  loss: 0.86244822  train accuracy: 0.69632000  test accuracy: 0.65860000  time: 12.17384394s
Loading dataset from file cifar2/epoch81.npz
Loading data from ./cifar2/epoch81.npz
epoch  82  lr: 0.00010000  loss: 0.86068493  train accuracy: 0.69560000  test accuracy: 0.65920000  time: 12.21855458s
Loading dataset from file cifar2/epoch82.npz
Loading data from ./cifar2/epoch82.npz
epoch  83  lr: 0.00010000  loss: 0.86129183  train accuracy: 0.69546000  test accuracy: 0.65830000  time: 12.17428353s
Loading dataset from file cifar2/epoch83.npz
Loading data from ./cifar2/epoch83.npz
epoch  84  lr: 0.00010000  loss: 0.86194545  train accuracy: 0.69628000  test accuracy: 0.65790000  time: 12.18624534s
Loading dataset from file cifar2/epoch84.npz
Loading data from ./cifar2/epoch84.npz
epoch  85  lr: 0.00010000  loss: 0.86019987  train accuracy: 0.69408000  test accuracy: 0.65950000  time: 12.20961764s
Loading dataset from file cifar2/epoch85.npz
Loading data from ./cifar2/epoch85.npz
epoch  86  lr: 0.00010000  loss: 0.85908079  train accuracy: 0.69762000  test accuracy: 0.65770000  time: 12.24330959s
Loading dataset from file cifar2/epoch86.npz
Loading data from ./cifar2/epoch86.npz
epoch  87  lr: 0.00010000  loss: 0.86633843  train accuracy: 0.69158000  test accuracy: 0.65890000  time: 12.24929265s
Loading dataset from file cifar2/epoch87.npz
Loading data from ./cifar2/epoch87.npz
epoch  88  lr: 0.00010000  loss: 0.85872638  train accuracy: 0.69528000  test accuracy: 0.65810000  time: 12.24061594s
Loading dataset from file cifar2/epoch88.npz
Loading data from ./cifar2/epoch88.npz
epoch  89  lr: 0.00010000  loss: 0.85409594  train accuracy: 0.69864000  test accuracy: 0.65870000  time: 12.16616721s
Loading dataset from file cifar2/epoch89.npz
Loading data from ./cifar2/epoch89.npz
epoch  90  lr: 0.00010000  loss: 0.85033482  train accuracy: 0.69840000  test accuracy: 0.65920000  time: 12.18917251s
Loading dataset from file cifar2/epoch90.npz
Loading data from ./cifar2/epoch90.npz
epoch  91  lr: 0.00010000  loss: 0.85647303  train accuracy: 0.69654000  test accuracy: 0.65830000  time: 12.16354698s
Loading dataset from file cifar2/epoch91.npz
Loading data from ./cifar2/epoch91.npz
epoch  92  lr: 0.00010000  loss: 0.85515994  train accuracy: 0.69610000  test accuracy: 0.66000000  time: 12.17680218s
Loading dataset from file cifar2/epoch92.npz
Loading data from ./cifar2/epoch92.npz
epoch  93  lr: 0.00010000  loss: 0.85611844  train accuracy: 0.69490000  test accuracy: 0.65900000  time: 12.18405905s
Loading dataset from file cifar2/epoch93.npz
Loading data from ./cifar2/epoch93.npz
epoch  94  lr: 0.00010000  loss: 0.85379773  train accuracy: 0.69704000  test accuracy: 0.65960000  time: 12.17806131s
Loading dataset from file cifar2/epoch94.npz
Loading data from ./cifar2/epoch94.npz
epoch  95  lr: 0.00010000  loss: 0.85528904  train accuracy: 0.69632000  test accuracy: 0.65890000  time: 12.20653753s
Loading dataset from file cifar2/epoch95.npz
Loading data from ./cifar2/epoch95.npz
epoch  96  lr: 0.00010000  loss: 0.85607421  train accuracy: 0.69726000  test accuracy: 0.66090000  time: 12.19818559s
Loading dataset from file cifar2/epoch96.npz
Loading data from ./cifar2/epoch96.npz
epoch  97  lr: 0.00010000  loss: 0.85236406  train accuracy: 0.69944000  test accuracy: 0.65870000  time: 12.14528821s
Loading dataset from file cifar2/epoch97.npz
Loading data from ./cifar2/epoch97.npz
epoch  98  lr: 0.00010000  loss: 0.85952860  train accuracy: 0.69572000  test accuracy: 0.65840000  time: 12.16235003s
Loading dataset from file cifar2/epoch98.npz
Loading data from ./cifar2/epoch98.npz
epoch  99  lr: 0.00010000  loss: 0.85362542  train accuracy: 0.69738000  test accuracy: 0.65850000  time: 12.17788383s
Loading dataset from file cifar2/epoch99.npz
Loading data from ./cifar2/epoch99.npz
epoch 100  lr: 0.00010000  loss: 0.85981268  train accuracy: 0.69402000  test accuracy: 0.66080000  time: 12.18178245s
Accuracy of the network on the 10000 test images: 66.080 %
