=== Command line arguments ===
Namespace(show=False, batch_size=100, seed=2, precision=4, edgeitems=3, density=0.1, sizes='3072,1024,512,10', epochs=100, lr=0.03, momentum=0.9, gamma=0.1, nesterov=True, datadir='./data', augmented=False, preprocessed='./cifar2', copy=False, nerva=False, torch=True, scheduler='multistep', import_weights=None, custom_masking=False)
Files already downloaded and verified
initialize by ER
Overall sparsity 0.10000000000000002
Total Model parameters: 3675136
Total parameters under sparsity level of 0.1: 0.09998895278977431
initialize by ER
Overall sparsity 0.10000000000000002
Total Model parameters: 7350272
Total parameters under sparsity level of 0.1: 0.012478993974644748

=== PyTorch model ===
MLP1(
  (layers): ModuleList(
    (0): Linear(in_features=3072, out_features=1024, bias=True)
    (1): Linear(in_features=1024, out_features=512, bias=True)
    (2): Linear(in_features=512, out_features=10, bias=True)
  )
  (loss): CrossEntropyLoss()
)
CrossEntropyLoss()
<torch.optim.lr_scheduler.MultiStepLR object at 0x7f44c5473100>

=== Training PyTorch model ===
Loading dataset from file cifar2/epoch0.npz
Loading data from ./cifar2/epoch0.npz
epoch   0  lr: 0.03000000  loss: 2.30283427  train accuracy: 0.09998000  test accuracy: 0.10000000  time: 0.00000000s
epoch   1  lr: 0.03000000  loss: 1.68653762  train accuracy: 0.39556000  test accuracy: 0.42140000  time: 12.21826883s
Loading dataset from file cifar2/epoch1.npz
Loading data from ./cifar2/epoch1.npz
epoch   2  lr: 0.03000000  loss: 1.52155268  train accuracy: 0.45600000  test accuracy: 0.47380000  time: 12.03105068s
Loading dataset from file cifar2/epoch2.npz
Loading data from ./cifar2/epoch2.npz
epoch   3  lr: 0.03000000  loss: 1.45062923  train accuracy: 0.48300000  test accuracy: 0.49440000  time: 12.03886354s
Loading dataset from file cifar2/epoch3.npz
Loading data from ./cifar2/epoch3.npz
epoch   4  lr: 0.03000000  loss: 1.39683795  train accuracy: 0.49890000  test accuracy: 0.50430000  time: 12.19479121s
Loading dataset from file cifar2/epoch4.npz
Loading data from ./cifar2/epoch4.npz
epoch   5  lr: 0.03000000  loss: 1.33453250  train accuracy: 0.51902000  test accuracy: 0.52280000  time: 11.96971154s
Loading dataset from file cifar2/epoch5.npz
Loading data from ./cifar2/epoch5.npz
epoch   6  lr: 0.03000000  loss: 1.30707765  train accuracy: 0.53594000  test accuracy: 0.53320000  time: 12.01781932s
Loading dataset from file cifar2/epoch6.npz
Loading data from ./cifar2/epoch6.npz
epoch   7  lr: 0.03000000  loss: 1.29517448  train accuracy: 0.53796000  test accuracy: 0.53010000  time: 11.96718119s
Loading dataset from file cifar2/epoch7.npz
Loading data from ./cifar2/epoch7.npz
epoch   8  lr: 0.03000000  loss: 1.25321805  train accuracy: 0.54996000  test accuracy: 0.54570000  time: 11.96218889s
Loading dataset from file cifar2/epoch8.npz
Loading data from ./cifar2/epoch8.npz
epoch   9  lr: 0.03000000  loss: 1.24376583  train accuracy: 0.55452000  test accuracy: 0.54770000  time: 12.12775685s
Loading dataset from file cifar2/epoch9.npz
Loading data from ./cifar2/epoch9.npz
epoch  10  lr: 0.03000000  loss: 1.20782518  train accuracy: 0.57072000  test accuracy: 0.55250000  time: 12.01761631s
Loading dataset from file cifar2/epoch10.npz
Loading data from ./cifar2/epoch10.npz
epoch  11  lr: 0.03000000  loss: 1.20315552  train accuracy: 0.56978000  test accuracy: 0.55340000  time: 12.11593585s
Loading dataset from file cifar2/epoch11.npz
Loading data from ./cifar2/epoch11.npz
epoch  12  lr: 0.03000000  loss: 1.18780363  train accuracy: 0.57648000  test accuracy: 0.55340000  time: 12.10547106s
Loading dataset from file cifar2/epoch12.npz
Loading data from ./cifar2/epoch12.npz
epoch  13  lr: 0.03000000  loss: 1.17075765  train accuracy: 0.58114000  test accuracy: 0.55660000  time: 12.01142659s
Loading dataset from file cifar2/epoch13.npz
Loading data from ./cifar2/epoch13.npz
epoch  14  lr: 0.03000000  loss: 1.15837562  train accuracy: 0.58558000  test accuracy: 0.54920000  time: 11.98300800s
Loading dataset from file cifar2/epoch14.npz
Loading data from ./cifar2/epoch14.npz
epoch  15  lr: 0.03000000  loss: 1.15845406  train accuracy: 0.58752000  test accuracy: 0.55670000  time: 12.13404037s
Loading dataset from file cifar2/epoch15.npz
Loading data from ./cifar2/epoch15.npz
epoch  16  lr: 0.03000000  loss: 1.14054167  train accuracy: 0.59600000  test accuracy: 0.56530000  time: 12.00466079s
Loading dataset from file cifar2/epoch16.npz
Loading data from ./cifar2/epoch16.npz
epoch  17  lr: 0.03000000  loss: 1.14186871  train accuracy: 0.59442000  test accuracy: 0.56760000  time: 11.99654647s
Loading dataset from file cifar2/epoch17.npz
Loading data from ./cifar2/epoch17.npz
epoch  18  lr: 0.03000000  loss: 1.10748112  train accuracy: 0.60902000  test accuracy: 0.56260000  time: 12.13446559s
Loading dataset from file cifar2/epoch18.npz
Loading data from ./cifar2/epoch18.npz
epoch  19  lr: 0.03000000  loss: 1.10724878  train accuracy: 0.60736000  test accuracy: 0.56540000  time: 12.08428919s
Loading dataset from file cifar2/epoch19.npz
Loading data from ./cifar2/epoch19.npz
epoch  20  lr: 0.03000000  loss: 1.12002206  train accuracy: 0.59892000  test accuracy: 0.55860000  time: 12.13528306s
Loading dataset from file cifar2/epoch20.npz
Loading data from ./cifar2/epoch20.npz
epoch  21  lr: 0.03000000  loss: 1.09131682  train accuracy: 0.61454000  test accuracy: 0.56810000  time: 12.04110844s
Loading dataset from file cifar2/epoch21.npz
Loading data from ./cifar2/epoch21.npz
epoch  22  lr: 0.03000000  loss: 1.09133136  train accuracy: 0.60928000  test accuracy: 0.57340000  time: 12.23427054s
Loading dataset from file cifar2/epoch22.npz
Loading data from ./cifar2/epoch22.npz
epoch  23  lr: 0.03000000  loss: 1.07340217  train accuracy: 0.61886000  test accuracy: 0.57550000  time: 12.14148142s
Loading dataset from file cifar2/epoch23.npz
Loading data from ./cifar2/epoch23.npz
epoch  24  lr: 0.03000000  loss: 1.06637847  train accuracy: 0.62188000  test accuracy: 0.57460000  time: 12.35047429s
Loading dataset from file cifar2/epoch24.npz
Loading data from ./cifar2/epoch24.npz
epoch  25  lr: 0.03000000  loss: 1.06696224  train accuracy: 0.62318000  test accuracy: 0.57470000  time: 12.00185241s
Loading dataset from file cifar2/epoch25.npz
Loading data from ./cifar2/epoch25.npz
epoch  26  lr: 0.03000000  loss: 1.04485369  train accuracy: 0.62926000  test accuracy: 0.58730000  time: 12.22773831s
Loading dataset from file cifar2/epoch26.npz
Loading data from ./cifar2/epoch26.npz
epoch  27  lr: 0.03000000  loss: 1.06113791  train accuracy: 0.62484000  test accuracy: 0.58480000  time: 12.17296029s
Loading dataset from file cifar2/epoch27.npz
Loading data from ./cifar2/epoch27.npz
epoch  28  lr: 0.03000000  loss: 1.05071270  train accuracy: 0.62588000  test accuracy: 0.57890000  time: 12.20980178s
Loading dataset from file cifar2/epoch28.npz
Loading data from ./cifar2/epoch28.npz
epoch  29  lr: 0.03000000  loss: 1.03797197  train accuracy: 0.63228000  test accuracy: 0.58130000  time: 12.08764260s
Loading dataset from file cifar2/epoch29.npz
Loading data from ./cifar2/epoch29.npz
epoch  30  lr: 0.03000000  loss: 1.02915168  train accuracy: 0.63222000  test accuracy: 0.58010000  time: 12.20186244s
Loading dataset from file cifar2/epoch30.npz
Loading data from ./cifar2/epoch30.npz
epoch  31  lr: 0.03000000  loss: 1.03894401  train accuracy: 0.62816000  test accuracy: 0.57900000  time: 12.09125226s
Loading dataset from file cifar2/epoch31.npz
Loading data from ./cifar2/epoch31.npz
epoch  32  lr: 0.03000000  loss: 1.02676392  train accuracy: 0.63350000  test accuracy: 0.57510000  time: 12.03086756s
Loading dataset from file cifar2/epoch32.npz
Loading data from ./cifar2/epoch32.npz
epoch  33  lr: 0.03000000  loss: 1.01452279  train accuracy: 0.64042000  test accuracy: 0.58540000  time: 12.00547763s
Loading dataset from file cifar2/epoch33.npz
Loading data from ./cifar2/epoch33.npz
epoch  34  lr: 0.03000000  loss: 1.00931895  train accuracy: 0.63746000  test accuracy: 0.58070000  time: 12.22498592s
Loading dataset from file cifar2/epoch34.npz
Loading data from ./cifar2/epoch34.npz
epoch  35  lr: 0.03000000  loss: 0.99376947  train accuracy: 0.64666000  test accuracy: 0.59200000  time: 12.02272670s
Loading dataset from file cifar2/epoch35.npz
Loading data from ./cifar2/epoch35.npz
epoch  36  lr: 0.03000000  loss: 0.99629021  train accuracy: 0.64840000  test accuracy: 0.58710000  time: 12.18688574s
Loading dataset from file cifar2/epoch36.npz
Loading data from ./cifar2/epoch36.npz
epoch  37  lr: 0.03000000  loss: 1.00702846  train accuracy: 0.64348000  test accuracy: 0.58580000  time: 12.09434612s
Loading dataset from file cifar2/epoch37.npz
Loading data from ./cifar2/epoch37.npz
epoch  38  lr: 0.03000000  loss: 1.00120378  train accuracy: 0.64452000  test accuracy: 0.59060000  time: 11.97989774s
Loading dataset from file cifar2/epoch38.npz
Loading data from ./cifar2/epoch38.npz
epoch  39  lr: 0.03000000  loss: 0.98396039  train accuracy: 0.65220000  test accuracy: 0.58770000  time: 12.22579454s
Loading dataset from file cifar2/epoch39.npz
Loading data from ./cifar2/epoch39.npz
epoch  40  lr: 0.03000000  loss: 0.98979366  train accuracy: 0.64838000  test accuracy: 0.58180000  time: 12.14711920s
Loading dataset from file cifar2/epoch40.npz
Loading data from ./cifar2/epoch40.npz
epoch  41  lr: 0.03000000  loss: 0.98557454  train accuracy: 0.65256000  test accuracy: 0.58640000  time: 12.99182222s
Loading dataset from file cifar2/epoch41.npz
Loading data from ./cifar2/epoch41.npz
epoch  42  lr: 0.03000000  loss: 0.98401266  train accuracy: 0.65230000  test accuracy: 0.58700000  time: 12.10087702s
Loading dataset from file cifar2/epoch42.npz
Loading data from ./cifar2/epoch42.npz
epoch  43  lr: 0.03000000  loss: 0.98152804  train accuracy: 0.65508000  test accuracy: 0.59460000  time: 12.14259959s
Loading dataset from file cifar2/epoch43.npz
Loading data from ./cifar2/epoch43.npz
epoch  44  lr: 0.03000000  loss: 0.97465044  train accuracy: 0.65656000  test accuracy: 0.59400000  time: 12.05515497s
Loading dataset from file cifar2/epoch44.npz
Loading data from ./cifar2/epoch44.npz
epoch  45  lr: 0.03000000  loss: 0.98011148  train accuracy: 0.65118000  test accuracy: 0.58650000  time: 12.12472320s
Loading dataset from file cifar2/epoch45.npz
Loading data from ./cifar2/epoch45.npz
epoch  46  lr: 0.03000000  loss: 0.97317845  train accuracy: 0.65376000  test accuracy: 0.58770000  time: 12.01498080s
Loading dataset from file cifar2/epoch46.npz
Loading data from ./cifar2/epoch46.npz
epoch  47  lr: 0.03000000  loss: 0.95390177  train accuracy: 0.66170000  test accuracy: 0.59990000  time: 12.11950374s
Loading dataset from file cifar2/epoch47.npz
Loading data from ./cifar2/epoch47.npz
epoch  48  lr: 0.03000000  loss: 0.95867443  train accuracy: 0.66176000  test accuracy: 0.59650000  time: 12.16106600s
Loading dataset from file cifar2/epoch48.npz
Loading data from ./cifar2/epoch48.npz
epoch  49  lr: 0.03000000  loss: 0.95316130  train accuracy: 0.66318000  test accuracy: 0.59500000  time: 12.05120246s
Loading dataset from file cifar2/epoch49.npz
Loading data from ./cifar2/epoch49.npz
epoch  50  lr: 0.03000000  loss: 0.95714456  train accuracy: 0.66028000  test accuracy: 0.59290000  time: 12.15634742s
Loading dataset from file cifar2/epoch50.npz
Loading data from ./cifar2/epoch50.npz
epoch  51  lr: 0.00300000  loss: 1.00831878  train accuracy: 0.64352000  test accuracy: 0.61580000  time: 11.99763269s
Loading dataset from file cifar2/epoch51.npz
Loading data from ./cifar2/epoch51.npz
epoch  52  lr: 0.00300000  loss: 0.99281031  train accuracy: 0.64854000  test accuracy: 0.62020000  time: 12.08217984s
Loading dataset from file cifar2/epoch52.npz
Loading data from ./cifar2/epoch52.npz
epoch  53  lr: 0.00300000  loss: 0.97470534  train accuracy: 0.65226000  test accuracy: 0.62370000  time: 11.96730855s
Loading dataset from file cifar2/epoch53.npz
Loading data from ./cifar2/epoch53.npz
epoch  54  lr: 0.00300000  loss: 0.96581250  train accuracy: 0.65734000  test accuracy: 0.62860000  time: 12.22098668s
Loading dataset from file cifar2/epoch54.npz
Loading data from ./cifar2/epoch54.npz
epoch  55  lr: 0.00300000  loss: 0.95980531  train accuracy: 0.65936000  test accuracy: 0.62820000  time: 12.17414802s
Loading dataset from file cifar2/epoch55.npz
Loading data from ./cifar2/epoch55.npz
epoch  56  lr: 0.00300000  loss: 0.95712483  train accuracy: 0.65816000  test accuracy: 0.62370000  time: 12.02105030s
Loading dataset from file cifar2/epoch56.npz
Loading data from ./cifar2/epoch56.npz
epoch  57  lr: 0.00300000  loss: 0.95022339  train accuracy: 0.66190000  test accuracy: 0.63190000  time: 12.11952770s
Loading dataset from file cifar2/epoch57.npz
Loading data from ./cifar2/epoch57.npz
epoch  58  lr: 0.00300000  loss: 0.94902599  train accuracy: 0.66058000  test accuracy: 0.63150000  time: 12.06356013s
Loading dataset from file cifar2/epoch58.npz
Loading data from ./cifar2/epoch58.npz
epoch  59  lr: 0.00300000  loss: 0.94358236  train accuracy: 0.66476000  test accuracy: 0.63550000  time: 12.09111502s
Loading dataset from file cifar2/epoch59.npz
Loading data from ./cifar2/epoch59.npz
epoch  60  lr: 0.00300000  loss: 0.94408894  train accuracy: 0.66320000  test accuracy: 0.63330000  time: 11.98923583s
Loading dataset from file cifar2/epoch60.npz
Loading data from ./cifar2/epoch60.npz
epoch  61  lr: 0.00300000  loss: 0.93777943  train accuracy: 0.66490000  test accuracy: 0.63480000  time: 11.99202596s
Loading dataset from file cifar2/epoch61.npz
Loading data from ./cifar2/epoch61.npz
epoch  62  lr: 0.00300000  loss: 0.93427271  train accuracy: 0.66790000  test accuracy: 0.63440000  time: 12.11063307s
Loading dataset from file cifar2/epoch62.npz
Loading data from ./cifar2/epoch62.npz
epoch  63  lr: 0.00300000  loss: 0.93041247  train accuracy: 0.66974000  test accuracy: 0.63510000  time: 12.18897343s
Loading dataset from file cifar2/epoch63.npz
Loading data from ./cifar2/epoch63.npz
epoch  64  lr: 0.00300000  loss: 0.93271506  train accuracy: 0.66928000  test accuracy: 0.63410000  time: 12.17325925s
Loading dataset from file cifar2/epoch64.npz
Loading data from ./cifar2/epoch64.npz
epoch  65  lr: 0.00300000  loss: 0.92702156  train accuracy: 0.66902000  test accuracy: 0.63460000  time: 12.16385987s
Loading dataset from file cifar2/epoch65.npz
Loading data from ./cifar2/epoch65.npz
epoch  66  lr: 0.00300000  loss: 0.92363131  train accuracy: 0.67050000  test accuracy: 0.63560000  time: 12.38729485s
Loading dataset from file cifar2/epoch66.npz
Loading data from ./cifar2/epoch66.npz
epoch  67  lr: 0.00300000  loss: 0.92639333  train accuracy: 0.66960000  test accuracy: 0.63630000  time: 12.27587701s
Loading dataset from file cifar2/epoch67.npz
Loading data from ./cifar2/epoch67.npz
epoch  68  lr: 0.00300000  loss: 0.91892564  train accuracy: 0.67284000  test accuracy: 0.63460000  time: 12.23569598s
Loading dataset from file cifar2/epoch68.npz
Loading data from ./cifar2/epoch68.npz
epoch  69  lr: 0.00300000  loss: 0.91529018  train accuracy: 0.67156000  test accuracy: 0.63090000  time: 12.19059688s
Loading dataset from file cifar2/epoch69.npz
Loading data from ./cifar2/epoch69.npz
epoch  70  lr: 0.00300000  loss: 0.91144437  train accuracy: 0.67670000  test accuracy: 0.63390000  time: 12.19801561s
Loading dataset from file cifar2/epoch70.npz
Loading data from ./cifar2/epoch70.npz
epoch  71  lr: 0.00300000  loss: 0.91372436  train accuracy: 0.67510000  test accuracy: 0.63240000  time: 12.19586669s
Loading dataset from file cifar2/epoch71.npz
Loading data from ./cifar2/epoch71.npz
epoch  72  lr: 0.00300000  loss: 0.90660083  train accuracy: 0.67806000  test accuracy: 0.63190000  time: 11.98427436s
Loading dataset from file cifar2/epoch72.npz
Loading data from ./cifar2/epoch72.npz
epoch  73  lr: 0.00300000  loss: 0.91327828  train accuracy: 0.67430000  test accuracy: 0.63320000  time: 12.19244335s
Loading dataset from file cifar2/epoch73.npz
Loading data from ./cifar2/epoch73.npz
epoch  74  lr: 0.00300000  loss: 0.91089088  train accuracy: 0.67660000  test accuracy: 0.63230000  time: 12.23803490s
Loading dataset from file cifar2/epoch74.npz
Loading data from ./cifar2/epoch74.npz
epoch  75  lr: 0.00300000  loss: 0.90613252  train accuracy: 0.67878000  test accuracy: 0.63600000  time: 12.17899832s
Loading dataset from file cifar2/epoch75.npz
Loading data from ./cifar2/epoch75.npz
epoch  76  lr: 0.00030000  loss: 0.95019686  train accuracy: 0.66192000  test accuracy: 0.63680000  time: 12.11994777s
Loading dataset from file cifar2/epoch76.npz
Loading data from ./cifar2/epoch76.npz
epoch  77  lr: 0.00030000  loss: 0.94261009  train accuracy: 0.66584000  test accuracy: 0.63760000  time: 12.02971287s
Loading dataset from file cifar2/epoch77.npz
Loading data from ./cifar2/epoch77.npz
epoch  78  lr: 0.00030000  loss: 0.95002013  train accuracy: 0.66052000  test accuracy: 0.63730000  time: 12.02633176s
Loading dataset from file cifar2/epoch78.npz
Loading data from ./cifar2/epoch78.npz
epoch  79  lr: 0.00030000  loss: 0.94651794  train accuracy: 0.66270000  test accuracy: 0.63720000  time: 12.31100985s
Loading dataset from file cifar2/epoch79.npz
Loading data from ./cifar2/epoch79.npz
epoch  80  lr: 0.00030000  loss: 0.94352365  train accuracy: 0.66386000  test accuracy: 0.63690000  time: 12.11941586s
Loading dataset from file cifar2/epoch80.npz
Loading data from ./cifar2/epoch80.npz
epoch  81  lr: 0.00030000  loss: 0.94663054  train accuracy: 0.66186000  test accuracy: 0.63700000  time: 12.07741745s
Loading dataset from file cifar2/epoch81.npz
Loading data from ./cifar2/epoch81.npz
epoch  82  lr: 0.00030000  loss: 0.93928492  train accuracy: 0.66550000  test accuracy: 0.63670000  time: 12.02856482s
Loading dataset from file cifar2/epoch82.npz
Loading data from ./cifar2/epoch82.npz
epoch  83  lr: 0.00030000  loss: 0.94105202  train accuracy: 0.66298000  test accuracy: 0.63700000  time: 12.18533427s
Loading dataset from file cifar2/epoch83.npz
Loading data from ./cifar2/epoch83.npz
epoch  84  lr: 0.00030000  loss: 0.94465959  train accuracy: 0.66174000  test accuracy: 0.63680000  time: 12.09522074s
Loading dataset from file cifar2/epoch84.npz
Loading data from ./cifar2/epoch84.npz
epoch  85  lr: 0.00030000  loss: 0.94437331  train accuracy: 0.66462000  test accuracy: 0.63840000  time: 12.18751173s
Loading dataset from file cifar2/epoch85.npz
Loading data from ./cifar2/epoch85.npz
epoch  86  lr: 0.00030000  loss: 0.94307655  train accuracy: 0.66336000  test accuracy: 0.63810000  time: 12.13698468s
Loading dataset from file cifar2/epoch86.npz
Loading data from ./cifar2/epoch86.npz
epoch  87  lr: 0.00030000  loss: 0.94459724  train accuracy: 0.66030000  test accuracy: 0.63750000  time: 12.06699918s
Loading dataset from file cifar2/epoch87.npz
Loading data from ./cifar2/epoch87.npz
epoch  88  lr: 0.00030000  loss: 0.94120610  train accuracy: 0.66486000  test accuracy: 0.63880000  time: 12.20497097s
Loading dataset from file cifar2/epoch88.npz
Loading data from ./cifar2/epoch88.npz
epoch  89  lr: 0.00030000  loss: 0.93986815  train accuracy: 0.66450000  test accuracy: 0.64010000  time: 12.15297182s
Loading dataset from file cifar2/epoch89.npz
Loading data from ./cifar2/epoch89.npz
epoch  90  lr: 0.00030000  loss: 0.93482459  train accuracy: 0.66478000  test accuracy: 0.63950000  time: 12.14813171s
Loading dataset from file cifar2/epoch90.npz
Loading data from ./cifar2/epoch90.npz
epoch  91  lr: 0.00030000  loss: 0.94018298  train accuracy: 0.66388000  test accuracy: 0.63920000  time: 12.18852015s
Loading dataset from file cifar2/epoch91.npz
Loading data from ./cifar2/epoch91.npz
epoch  92  lr: 0.00030000  loss: 0.93596971  train accuracy: 0.66494000  test accuracy: 0.63860000  time: 12.09158086s
Loading dataset from file cifar2/epoch92.npz
Loading data from ./cifar2/epoch92.npz
epoch  93  lr: 0.00030000  loss: 0.93848789  train accuracy: 0.66372000  test accuracy: 0.63880000  time: 12.15201250s
Loading dataset from file cifar2/epoch93.npz
Loading data from ./cifar2/epoch93.npz
epoch  94  lr: 0.00030000  loss: 0.93364477  train accuracy: 0.66528000  test accuracy: 0.63930000  time: 12.19995134s
Loading dataset from file cifar2/epoch94.npz
Loading data from ./cifar2/epoch94.npz
epoch  95  lr: 0.00030000  loss: 0.94367635  train accuracy: 0.66312000  test accuracy: 0.64060000  time: 12.23573206s
Loading dataset from file cifar2/epoch95.npz
Loading data from ./cifar2/epoch95.npz
epoch  96  lr: 0.00030000  loss: 0.94003302  train accuracy: 0.66584000  test accuracy: 0.63930000  time: 12.15296695s
Loading dataset from file cifar2/epoch96.npz
Loading data from ./cifar2/epoch96.npz
epoch  97  lr: 0.00030000  loss: 0.93721437  train accuracy: 0.66358000  test accuracy: 0.63930000  time: 12.16798835s
Loading dataset from file cifar2/epoch97.npz
Loading data from ./cifar2/epoch97.npz
epoch  98  lr: 0.00030000  loss: 0.93771148  train accuracy: 0.66684000  test accuracy: 0.63870000  time: 12.10726884s
Loading dataset from file cifar2/epoch98.npz
Loading data from ./cifar2/epoch98.npz
epoch  99  lr: 0.00030000  loss: 0.93781883  train accuracy: 0.66590000  test accuracy: 0.63950000  time: 12.18535613s
Loading dataset from file cifar2/epoch99.npz
Loading data from ./cifar2/epoch99.npz
epoch 100  lr: 0.00030000  loss: 0.93755406  train accuracy: 0.66400000  test accuracy: 0.64110000  time: 12.08509915s
Accuracy of the network on the 10000 test images: 64.110 %
