=== Command line arguments ===
Namespace(show=False, batch_size=100, seed=1, precision=4, edgeitems=3, density=0.005, sizes='3072,1024,512,10', epochs=100, lr=0.1, momentum=0.9, gamma=0.1, nesterov=True, datadir='./data', augmented=False, preprocessed='./cifar1', copy=False, nerva=False, torch=True, scheduler='multistep', import_weights=None, custom_masking=False)
Files already downloaded and verified
initialize by ER
Overall sparsity 0.005
Total Model parameters: 3675136
Total parameters under sparsity level of 0.005: 0.004979679663555308
initialize by ER
Overall sparsity 0.005
Total Model parameters: 7350272
Total parameters under sparsity level of 0.005: 0.00014502864655893007

=== PyTorch model ===
MLP1(
  (layers): ModuleList(
    (0): Linear(in_features=3072, out_features=1024, bias=True)
    (1): Linear(in_features=1024, out_features=512, bias=True)
    (2): Linear(in_features=512, out_features=10, bias=True)
  )
  (loss): CrossEntropyLoss()
)
CrossEntropyLoss()
<torch.optim.lr_scheduler.MultiStepLR object at 0x7f5c53977160>

=== Training PyTorch model ===
Loading dataset from file cifar1/epoch0.npz
Loading data from ./cifar1/epoch0.npz
epoch   0  lr: 0.10000000  loss: 2.30300069  train accuracy: 0.10000000  test accuracy: 0.10000000  time: 0.00000000s
epoch   1  lr: 0.10000000  loss: 2.29209304  train accuracy: 0.13358000  test accuracy: 0.13350000  time: 12.31150825s
Loading dataset from file cifar1/epoch1.npz
Loading data from ./cifar1/epoch1.npz
epoch   2  lr: 0.10000000  loss: 2.06117225  train accuracy: 0.23816000  test accuracy: 0.24640000  time: 12.04128236s
Loading dataset from file cifar1/epoch2.npz
Loading data from ./cifar1/epoch2.npz
epoch   3  lr: 0.10000000  loss: 1.98482239  train accuracy: 0.27222000  test accuracy: 0.29440000  time: 11.85476891s
Loading dataset from file cifar1/epoch3.npz
Loading data from ./cifar1/epoch3.npz
epoch   4  lr: 0.10000000  loss: 1.90043724  train accuracy: 0.31478000  test accuracy: 0.32660000  time: 11.81073753s
Loading dataset from file cifar1/epoch4.npz
Loading data from ./cifar1/epoch4.npz
epoch   5  lr: 0.10000000  loss: 1.85336637  train accuracy: 0.33010000  test accuracy: 0.34970000  time: 11.89317949s
Loading dataset from file cifar1/epoch5.npz
Loading data from ./cifar1/epoch5.npz
epoch   6  lr: 0.10000000  loss: 1.81856167  train accuracy: 0.34422000  test accuracy: 0.36020000  time: 11.81785499s
Loading dataset from file cifar1/epoch6.npz
Loading data from ./cifar1/epoch6.npz
epoch   7  lr: 0.10000000  loss: 1.80436254  train accuracy: 0.34916000  test accuracy: 0.37070000  time: 11.90179323s
Loading dataset from file cifar1/epoch7.npz
Loading data from ./cifar1/epoch7.npz
epoch   8  lr: 0.10000000  loss: 1.79701614  train accuracy: 0.35326000  test accuracy: 0.37490000  time: 11.85317045s
Loading dataset from file cifar1/epoch8.npz
Loading data from ./cifar1/epoch8.npz
epoch   9  lr: 0.10000000  loss: 1.76948738  train accuracy: 0.36244000  test accuracy: 0.38940000  time: 11.86527771s
Loading dataset from file cifar1/epoch9.npz
Loading data from ./cifar1/epoch9.npz
epoch  10  lr: 0.10000000  loss: 1.75603271  train accuracy: 0.37040000  test accuracy: 0.39110000  time: 11.89976058s
Loading dataset from file cifar1/epoch10.npz
Loading data from ./cifar1/epoch10.npz
epoch  11  lr: 0.10000000  loss: 1.73924911  train accuracy: 0.37584000  test accuracy: 0.39420000  time: 11.88643056s
Loading dataset from file cifar1/epoch11.npz
Loading data from ./cifar1/epoch11.npz
epoch  12  lr: 0.10000000  loss: 1.74510932  train accuracy: 0.37512000  test accuracy: 0.39680000  time: 12.03854213s
Loading dataset from file cifar1/epoch12.npz
Loading data from ./cifar1/epoch12.npz
epoch  13  lr: 0.10000000  loss: 1.71944964  train accuracy: 0.38438000  test accuracy: 0.40580000  time: 11.89454683s
Loading dataset from file cifar1/epoch13.npz
Loading data from ./cifar1/epoch13.npz
epoch  14  lr: 0.10000000  loss: 1.71924436  train accuracy: 0.38874000  test accuracy: 0.41330000  time: 12.18078377s
Loading dataset from file cifar1/epoch14.npz
Loading data from ./cifar1/epoch14.npz
epoch  15  lr: 0.10000000  loss: 1.70413923  train accuracy: 0.38758000  test accuracy: 0.40690000  time: 11.84654262s
Loading dataset from file cifar1/epoch15.npz
Loading data from ./cifar1/epoch15.npz
epoch  16  lr: 0.10000000  loss: 1.70037949  train accuracy: 0.39334000  test accuracy: 0.41460000  time: 12.06534457s
Loading dataset from file cifar1/epoch16.npz
Loading data from ./cifar1/epoch16.npz
epoch  17  lr: 0.10000000  loss: 1.70684481  train accuracy: 0.38898000  test accuracy: 0.40680000  time: 11.96807153s
Loading dataset from file cifar1/epoch17.npz
Loading data from ./cifar1/epoch17.npz
epoch  18  lr: 0.10000000  loss: 1.68206215  train accuracy: 0.39488000  test accuracy: 0.41260000  time: 11.91152693s
Loading dataset from file cifar1/epoch18.npz
Loading data from ./cifar1/epoch18.npz
epoch  19  lr: 0.10000000  loss: 1.68400121  train accuracy: 0.39902000  test accuracy: 0.42570000  time: 11.96534551s
Loading dataset from file cifar1/epoch19.npz
Loading data from ./cifar1/epoch19.npz
epoch  20  lr: 0.10000000  loss: 1.67859244  train accuracy: 0.39988000  test accuracy: 0.41840000  time: 11.97439387s
Loading dataset from file cifar1/epoch20.npz
Loading data from ./cifar1/epoch20.npz
epoch  21  lr: 0.10000000  loss: 1.67578411  train accuracy: 0.39590000  test accuracy: 0.41570000  time: 11.92516384s
Loading dataset from file cifar1/epoch21.npz
Loading data from ./cifar1/epoch21.npz
epoch  22  lr: 0.10000000  loss: 1.65563035  train accuracy: 0.40588000  test accuracy: 0.42680000  time: 11.93549400s
Loading dataset from file cifar1/epoch22.npz
Loading data from ./cifar1/epoch22.npz
epoch  23  lr: 0.10000000  loss: 1.64831638  train accuracy: 0.40960000  test accuracy: 0.43080000  time: 12.05627336s
Loading dataset from file cifar1/epoch23.npz
Loading data from ./cifar1/epoch23.npz
epoch  24  lr: 0.10000000  loss: 1.65700614  train accuracy: 0.40348000  test accuracy: 0.41720000  time: 11.82325529s
Loading dataset from file cifar1/epoch24.npz
Loading data from ./cifar1/epoch24.npz
epoch  25  lr: 0.10000000  loss: 1.64462078  train accuracy: 0.41000000  test accuracy: 0.43280000  time: 12.06166064s
Loading dataset from file cifar1/epoch25.npz
Loading data from ./cifar1/epoch25.npz
epoch  26  lr: 0.10000000  loss: 1.65532541  train accuracy: 0.41050000  test accuracy: 0.42870000  time: 11.91842634s
Loading dataset from file cifar1/epoch26.npz
Loading data from ./cifar1/epoch26.npz
epoch  27  lr: 0.10000000  loss: 1.64023042  train accuracy: 0.41310000  test accuracy: 0.43610000  time: 12.00959568s
Loading dataset from file cifar1/epoch27.npz
Loading data from ./cifar1/epoch27.npz
epoch  28  lr: 0.10000000  loss: 1.64754343  train accuracy: 0.41216000  test accuracy: 0.43440000  time: 12.00745900s
Loading dataset from file cifar1/epoch28.npz
Loading data from ./cifar1/epoch28.npz
epoch  29  lr: 0.10000000  loss: 1.66048801  train accuracy: 0.39968000  test accuracy: 0.42190000  time: 12.18399755s
Loading dataset from file cifar1/epoch29.npz
Loading data from ./cifar1/epoch29.npz
epoch  30  lr: 0.10000000  loss: 1.63795161  train accuracy: 0.41122000  test accuracy: 0.43140000  time: 12.25379921s
Loading dataset from file cifar1/epoch30.npz
Loading data from ./cifar1/epoch30.npz
epoch  31  lr: 0.10000000  loss: 1.63012385  train accuracy: 0.41662000  test accuracy: 0.44320000  time: 12.28837499s
Loading dataset from file cifar1/epoch31.npz
Loading data from ./cifar1/epoch31.npz
epoch  32  lr: 0.10000000  loss: 1.62521565  train accuracy: 0.41974000  test accuracy: 0.44550000  time: 12.13608001s
Loading dataset from file cifar1/epoch32.npz
Loading data from ./cifar1/epoch32.npz
epoch  33  lr: 0.10000000  loss: 1.62332046  train accuracy: 0.41688000  test accuracy: 0.43830000  time: 12.08039402s
Loading dataset from file cifar1/epoch33.npz
Loading data from ./cifar1/epoch33.npz
epoch  34  lr: 0.10000000  loss: 1.62897396  train accuracy: 0.41870000  test accuracy: 0.43940000  time: 12.07272983s
Loading dataset from file cifar1/epoch34.npz
Loading data from ./cifar1/epoch34.npz
epoch  35  lr: 0.10000000  loss: 1.63011801  train accuracy: 0.41706000  test accuracy: 0.44050000  time: 12.45855053s
Loading dataset from file cifar1/epoch35.npz
Loading data from ./cifar1/epoch35.npz
epoch  36  lr: 0.10000000  loss: 1.62848628  train accuracy: 0.41812000  test accuracy: 0.43900000  time: 12.24849192s
Loading dataset from file cifar1/epoch36.npz
Loading data from ./cifar1/epoch36.npz
epoch  37  lr: 0.10000000  loss: 1.61828458  train accuracy: 0.42240000  test accuracy: 0.44730000  time: 12.10043534s
Loading dataset from file cifar1/epoch37.npz
Loading data from ./cifar1/epoch37.npz
epoch  38  lr: 0.10000000  loss: 1.61709309  train accuracy: 0.42148000  test accuracy: 0.44020000  time: 12.40507276s
Loading dataset from file cifar1/epoch38.npz
Loading data from ./cifar1/epoch38.npz
epoch  39  lr: 0.10000000  loss: 1.61021912  train accuracy: 0.42388000  test accuracy: 0.44800000  time: 12.07328878s
Loading dataset from file cifar1/epoch39.npz
Loading data from ./cifar1/epoch39.npz
epoch  40  lr: 0.10000000  loss: 1.62832856  train accuracy: 0.41314000  test accuracy: 0.43100000  time: 12.38622614s
Loading dataset from file cifar1/epoch40.npz
Loading data from ./cifar1/epoch40.npz
epoch  41  lr: 0.10000000  loss: 1.63085544  train accuracy: 0.41430000  test accuracy: 0.43690000  time: 12.02972828s
Loading dataset from file cifar1/epoch41.npz
Loading data from ./cifar1/epoch41.npz
epoch  42  lr: 0.10000000  loss: 1.66214359  train accuracy: 0.40774000  test accuracy: 0.43120000  time: 12.19336821s
Loading dataset from file cifar1/epoch42.npz
Loading data from ./cifar1/epoch42.npz
epoch  43  lr: 0.10000000  loss: 1.60979998  train accuracy: 0.42700000  test accuracy: 0.44380000  time: 12.15028770s
Loading dataset from file cifar1/epoch43.npz
Loading data from ./cifar1/epoch43.npz
epoch  44  lr: 0.10000000  loss: 1.60216379  train accuracy: 0.42672000  test accuracy: 0.44890000  time: 12.22159550s
Loading dataset from file cifar1/epoch44.npz
Loading data from ./cifar1/epoch44.npz
epoch  45  lr: 0.10000000  loss: 1.61305201  train accuracy: 0.42196000  test accuracy: 0.44120000  time: 12.57762098s
Loading dataset from file cifar1/epoch45.npz
Loading data from ./cifar1/epoch45.npz
epoch  46  lr: 0.10000000  loss: 1.62061357  train accuracy: 0.41820000  test accuracy: 0.43790000  time: 12.28675988s
Loading dataset from file cifar1/epoch46.npz
Loading data from ./cifar1/epoch46.npz
epoch  47  lr: 0.10000000  loss: 1.61300361  train accuracy: 0.42062000  test accuracy: 0.43660000  time: 12.20683033s
Loading dataset from file cifar1/epoch47.npz
Loading data from ./cifar1/epoch47.npz
epoch  48  lr: 0.10000000  loss: 1.60398841  train accuracy: 0.42698000  test accuracy: 0.44800000  time: 12.06604876s
Loading dataset from file cifar1/epoch48.npz
Loading data from ./cifar1/epoch48.npz
epoch  49  lr: 0.10000000  loss: 1.60027218  train accuracy: 0.42530000  test accuracy: 0.45100000  time: 12.14211857s
Loading dataset from file cifar1/epoch49.npz
Loading data from ./cifar1/epoch49.npz
epoch  50  lr: 0.10000000  loss: 1.60923517  train accuracy: 0.42288000  test accuracy: 0.44730000  time: 12.32967196s
Loading dataset from file cifar1/epoch50.npz
Loading data from ./cifar1/epoch50.npz
epoch  51  lr: 0.01000000  loss: 1.59122050  train accuracy: 0.43020000  test accuracy: 0.45930000  time: 12.24692210s
Loading dataset from file cifar1/epoch51.npz
Loading data from ./cifar1/epoch51.npz
epoch  52  lr: 0.01000000  loss: 1.58950436  train accuracy: 0.43382000  test accuracy: 0.46270000  time: 12.08672681s
Loading dataset from file cifar1/epoch52.npz
Loading data from ./cifar1/epoch52.npz
epoch  53  lr: 0.01000000  loss: 1.58364403  train accuracy: 0.43266000  test accuracy: 0.46390000  time: 12.34620013s
Loading dataset from file cifar1/epoch53.npz
Loading data from ./cifar1/epoch53.npz
epoch  54  lr: 0.01000000  loss: 1.57911301  train accuracy: 0.43584000  test accuracy: 0.46630000  time: 12.25758148s
Loading dataset from file cifar1/epoch54.npz
Loading data from ./cifar1/epoch54.npz
epoch  55  lr: 0.01000000  loss: 1.58135068  train accuracy: 0.43314000  test accuracy: 0.46480000  time: 12.27394669s
Loading dataset from file cifar1/epoch55.npz
Loading data from ./cifar1/epoch55.npz
epoch  56  lr: 0.01000000  loss: 1.57451582  train accuracy: 0.43964000  test accuracy: 0.46420000  time: 12.33670849s
Loading dataset from file cifar1/epoch56.npz
Loading data from ./cifar1/epoch56.npz
epoch  57  lr: 0.01000000  loss: 1.57715178  train accuracy: 0.43608000  test accuracy: 0.46650000  time: 12.07141378s
Loading dataset from file cifar1/epoch57.npz
Loading data from ./cifar1/epoch57.npz
epoch  58  lr: 0.01000000  loss: 1.57429063  train accuracy: 0.43628000  test accuracy: 0.46560000  time: 12.38727126s
Loading dataset from file cifar1/epoch58.npz
Loading data from ./cifar1/epoch58.npz
epoch  59  lr: 0.01000000  loss: 1.57447362  train accuracy: 0.43690000  test accuracy: 0.46400000  time: 12.21572907s
Loading dataset from file cifar1/epoch59.npz
Loading data from ./cifar1/epoch59.npz
epoch  60  lr: 0.01000000  loss: 1.57249808  train accuracy: 0.44092000  test accuracy: 0.46830000  time: 12.31576068s
Loading dataset from file cifar1/epoch60.npz
Loading data from ./cifar1/epoch60.npz
epoch  61  lr: 0.01000000  loss: 1.57586503  train accuracy: 0.43718000  test accuracy: 0.46950000  time: 12.18798360s
Loading dataset from file cifar1/epoch61.npz
Loading data from ./cifar1/epoch61.npz
epoch  62  lr: 0.01000000  loss: 1.56956482  train accuracy: 0.43954000  test accuracy: 0.47060000  time: 12.34151112s
Loading dataset from file cifar1/epoch62.npz
Loading data from ./cifar1/epoch62.npz
epoch  63  lr: 0.01000000  loss: 1.56772375  train accuracy: 0.43938000  test accuracy: 0.46990000  time: 12.33647677s
Loading dataset from file cifar1/epoch63.npz
Loading data from ./cifar1/epoch63.npz
epoch  64  lr: 0.01000000  loss: 1.57187080  train accuracy: 0.43894000  test accuracy: 0.47040000  time: 12.07065898s
Loading dataset from file cifar1/epoch64.npz
Loading data from ./cifar1/epoch64.npz
epoch  65  lr: 0.01000000  loss: 1.57186794  train accuracy: 0.43774000  test accuracy: 0.46830000  time: 12.07980682s
Loading dataset from file cifar1/epoch65.npz
Loading data from ./cifar1/epoch65.npz
epoch  66  lr: 0.01000000  loss: 1.56848693  train accuracy: 0.44122000  test accuracy: 0.47450000  time: 12.12290044s
Loading dataset from file cifar1/epoch66.npz
Loading data from ./cifar1/epoch66.npz
epoch  67  lr: 0.01000000  loss: 1.57122660  train accuracy: 0.44258000  test accuracy: 0.47550000  time: 12.18604380s
Loading dataset from file cifar1/epoch67.npz
Loading data from ./cifar1/epoch67.npz
epoch  68  lr: 0.01000000  loss: 1.57088363  train accuracy: 0.43770000  test accuracy: 0.46950000  time: 12.30789158s
Loading dataset from file cifar1/epoch68.npz
Loading data from ./cifar1/epoch68.npz
epoch  69  lr: 0.01000000  loss: 1.57209623  train accuracy: 0.43626000  test accuracy: 0.47150000  time: 12.21394645s
Loading dataset from file cifar1/epoch69.npz
Loading data from ./cifar1/epoch69.npz
epoch  70  lr: 0.01000000  loss: 1.56942081  train accuracy: 0.43772000  test accuracy: 0.46740000  time: 12.32036918s
Loading dataset from file cifar1/epoch70.npz
Loading data from ./cifar1/epoch70.npz
epoch  71  lr: 0.01000000  loss: 1.56366825  train accuracy: 0.44066000  test accuracy: 0.46890000  time: 12.22797349s
Loading dataset from file cifar1/epoch71.npz
Loading data from ./cifar1/epoch71.npz
epoch  72  lr: 0.01000000  loss: 1.56891811  train accuracy: 0.43916000  test accuracy: 0.46840000  time: 12.24821267s
Loading dataset from file cifar1/epoch72.npz
Loading data from ./cifar1/epoch72.npz
epoch  73  lr: 0.01000000  loss: 1.56548810  train accuracy: 0.44200000  test accuracy: 0.46690000  time: 12.30486902s
Loading dataset from file cifar1/epoch73.npz
Loading data from ./cifar1/epoch73.npz
epoch  74  lr: 0.01000000  loss: 1.56819713  train accuracy: 0.44256000  test accuracy: 0.47010000  time: 12.15725171s
Loading dataset from file cifar1/epoch74.npz
Loading data from ./cifar1/epoch74.npz
epoch  75  lr: 0.01000000  loss: 1.56873131  train accuracy: 0.43932000  test accuracy: 0.46880000  time: 12.26988520s
Loading dataset from file cifar1/epoch75.npz
Loading data from ./cifar1/epoch75.npz
epoch  76  lr: 0.00100000  loss: 1.57281387  train accuracy: 0.44042000  test accuracy: 0.47380000  time: 12.12730012s
Loading dataset from file cifar1/epoch76.npz
Loading data from ./cifar1/epoch76.npz
epoch  77  lr: 0.00100000  loss: 1.56784511  train accuracy: 0.43998000  test accuracy: 0.47490000  time: 12.21235666s
Loading dataset from file cifar1/epoch77.npz
Loading data from ./cifar1/epoch77.npz
epoch  78  lr: 0.00100000  loss: 1.57103932  train accuracy: 0.43848000  test accuracy: 0.47390000  time: 12.12674234s
Loading dataset from file cifar1/epoch78.npz
Loading data from ./cifar1/epoch78.npz
epoch  79  lr: 0.00100000  loss: 1.56798863  train accuracy: 0.44002000  test accuracy: 0.47320000  time: 12.20260655s
Loading dataset from file cifar1/epoch79.npz
Loading data from ./cifar1/epoch79.npz
epoch  80  lr: 0.00100000  loss: 1.57085967  train accuracy: 0.43934000  test accuracy: 0.47480000  time: 12.24306129s
Loading dataset from file cifar1/epoch80.npz
Loading data from ./cifar1/epoch80.npz
epoch  81  lr: 0.00100000  loss: 1.56869316  train accuracy: 0.43716000  test accuracy: 0.47390000  time: 12.29836038s
Loading dataset from file cifar1/epoch81.npz
Loading data from ./cifar1/epoch81.npz
epoch  82  lr: 0.00100000  loss: 1.57495904  train accuracy: 0.43814000  test accuracy: 0.47420000  time: 12.29981750s
Loading dataset from file cifar1/epoch82.npz
Loading data from ./cifar1/epoch82.npz
epoch  83  lr: 0.00100000  loss: 1.56443560  train accuracy: 0.44206000  test accuracy: 0.47370000  time: 12.33041482s
Loading dataset from file cifar1/epoch83.npz
Loading data from ./cifar1/epoch83.npz
epoch  84  lr: 0.00100000  loss: 1.56865156  train accuracy: 0.43854000  test accuracy: 0.47400000  time: 12.12027869s
Loading dataset from file cifar1/epoch84.npz
Loading data from ./cifar1/epoch84.npz
epoch  85  lr: 0.00100000  loss: 1.56720817  train accuracy: 0.43950000  test accuracy: 0.47370000  time: 12.16097413s
Loading dataset from file cifar1/epoch85.npz
Loading data from ./cifar1/epoch85.npz
epoch  86  lr: 0.00100000  loss: 1.56828153  train accuracy: 0.43832000  test accuracy: 0.47450000  time: 12.10839481s
Loading dataset from file cifar1/epoch86.npz
Loading data from ./cifar1/epoch86.npz
epoch  87  lr: 0.00100000  loss: 1.56921422  train accuracy: 0.43650000  test accuracy: 0.47390000  time: 12.28065497s
Loading dataset from file cifar1/epoch87.npz
Loading data from ./cifar1/epoch87.npz
epoch  88  lr: 0.00100000  loss: 1.56823099  train accuracy: 0.43942000  test accuracy: 0.47400000  time: 12.29517327s
Loading dataset from file cifar1/epoch88.npz
Loading data from ./cifar1/epoch88.npz
epoch  89  lr: 0.00100000  loss: 1.56587529  train accuracy: 0.44012000  test accuracy: 0.47360000  time: 12.16764982s
Loading dataset from file cifar1/epoch89.npz
Loading data from ./cifar1/epoch89.npz
epoch  90  lr: 0.00100000  loss: 1.56718731  train accuracy: 0.43846000  test accuracy: 0.47460000  time: 12.24586927s
Loading dataset from file cifar1/epoch90.npz
Loading data from ./cifar1/epoch90.npz
epoch  91  lr: 0.00100000  loss: 1.56968963  train accuracy: 0.44150000  test accuracy: 0.47460000  time: 12.34746529s
Loading dataset from file cifar1/epoch91.npz
Loading data from ./cifar1/epoch91.npz
epoch  92  lr: 0.00100000  loss: 1.57408094  train accuracy: 0.43818000  test accuracy: 0.47580000  time: 12.27275787s
Loading dataset from file cifar1/epoch92.npz
Loading data from ./cifar1/epoch92.npz
epoch  93  lr: 0.00100000  loss: 1.56991768  train accuracy: 0.43872000  test accuracy: 0.47330000  time: 12.36924303s
Loading dataset from file cifar1/epoch93.npz
Loading data from ./cifar1/epoch93.npz
epoch  94  lr: 0.00100000  loss: 1.57096314  train accuracy: 0.43880000  test accuracy: 0.47470000  time: 12.21969538s
Loading dataset from file cifar1/epoch94.npz
Loading data from ./cifar1/epoch94.npz
epoch  95  lr: 0.00100000  loss: 1.56827152  train accuracy: 0.43982000  test accuracy: 0.47380000  time: 12.34473753s
Loading dataset from file cifar1/epoch95.npz
Loading data from ./cifar1/epoch95.npz
epoch  96  lr: 0.00100000  loss: 1.57135582  train accuracy: 0.44022000  test accuracy: 0.47520000  time: 12.02301007s
Loading dataset from file cifar1/epoch96.npz
Loading data from ./cifar1/epoch96.npz
epoch  97  lr: 0.00100000  loss: 1.56658483  train accuracy: 0.43908000  test accuracy: 0.47310000  time: 12.40450675s
Loading dataset from file cifar1/epoch97.npz
Loading data from ./cifar1/epoch97.npz
epoch  98  lr: 0.00100000  loss: 1.56779706  train accuracy: 0.44068000  test accuracy: 0.47390000  time: 12.17496972s
Loading dataset from file cifar1/epoch98.npz
Loading data from ./cifar1/epoch98.npz
epoch  99  lr: 0.00100000  loss: 1.56791198  train accuracy: 0.43814000  test accuracy: 0.47470000  time: 12.38252374s
Loading dataset from file cifar1/epoch99.npz
Loading data from ./cifar1/epoch99.npz
epoch 100  lr: 0.00100000  loss: 1.56686723  train accuracy: 0.43946000  test accuracy: 0.47410000  time: 12.10491631s
Accuracy of the network on the 10000 test images: 47.410 %
