=== Command line arguments ===
Namespace(show=False, batch_size=100, seed=2, precision=4, edgeitems=3, density=0.005, sizes='3072,1024,512,10', epochs=100, lr=0.1, momentum=0.9, gamma=0.1, nesterov=True, datadir='./data', augmented=False, preprocessed='./cifar2', copy=False, nerva=False, torch=True, scheduler='multistep', import_weights=None, custom_masking=False)
Files already downloaded and verified
initialize by ER
Overall sparsity 0.005
Total Model parameters: 3675136
Total parameters under sparsity level of 0.005: 0.004950565094733909
initialize by ER
Overall sparsity 0.005
Total Model parameters: 7350272
Total parameters under sparsity level of 0.005: 0.0001575451901643912

=== PyTorch model ===
MLP1(
  (layers): ModuleList(
    (0): Linear(in_features=3072, out_features=1024, bias=True)
    (1): Linear(in_features=1024, out_features=512, bias=True)
    (2): Linear(in_features=512, out_features=10, bias=True)
  )
  (loss): CrossEntropyLoss()
)
CrossEntropyLoss()
<torch.optim.lr_scheduler.MultiStepLR object at 0x7ff8b2b73100>

=== Training PyTorch model ===
Loading dataset from file cifar2/epoch0.npz
Loading data from ./cifar2/epoch0.npz
epoch   0  lr: 0.10000000  loss: 2.30306292  train accuracy: 0.10000000  test accuracy: 0.10000000  time: 0.00000000s
epoch   1  lr: 0.10000000  loss: 2.28582287  train accuracy: 0.10290000  test accuracy: 0.10020000  time: 12.16822089s
Loading dataset from file cifar2/epoch1.npz
Loading data from ./cifar2/epoch1.npz
epoch   2  lr: 0.10000000  loss: 2.06053805  train accuracy: 0.22960000  test accuracy: 0.24450000  time: 12.01538711s
Loading dataset from file cifar2/epoch2.npz
Loading data from ./cifar2/epoch2.npz
epoch   3  lr: 0.10000000  loss: 1.99190032  train accuracy: 0.27842000  test accuracy: 0.29190000  time: 11.78956011s
Loading dataset from file cifar2/epoch3.npz
Loading data from ./cifar2/epoch3.npz
epoch   4  lr: 0.10000000  loss: 1.89803827  train accuracy: 0.31624000  test accuracy: 0.34170000  time: 11.98322810s
Loading dataset from file cifar2/epoch4.npz
Loading data from ./cifar2/epoch4.npz
epoch   5  lr: 0.10000000  loss: 1.84625363  train accuracy: 0.33480000  test accuracy: 0.35980000  time: 11.77394932s
Loading dataset from file cifar2/epoch5.npz
Loading data from ./cifar2/epoch5.npz
epoch   6  lr: 0.10000000  loss: 1.81164968  train accuracy: 0.34492000  test accuracy: 0.36800000  time: 11.64904708s
Loading dataset from file cifar2/epoch6.npz
Loading data from ./cifar2/epoch6.npz
epoch   7  lr: 0.10000000  loss: 1.79638767  train accuracy: 0.35502000  test accuracy: 0.38240000  time: 11.93050995s
Loading dataset from file cifar2/epoch7.npz
Loading data from ./cifar2/epoch7.npz
epoch   8  lr: 0.10000000  loss: 1.79449809  train accuracy: 0.35826000  test accuracy: 0.38590000  time: 11.82867696s
Loading dataset from file cifar2/epoch8.npz
Loading data from ./cifar2/epoch8.npz
epoch   9  lr: 0.10000000  loss: 1.76526487  train accuracy: 0.36424000  test accuracy: 0.38610000  time: 11.84935465s
Loading dataset from file cifar2/epoch9.npz
Loading data from ./cifar2/epoch9.npz
epoch  10  lr: 0.10000000  loss: 1.75833464  train accuracy: 0.36950000  test accuracy: 0.39450000  time: 11.66906463s
Loading dataset from file cifar2/epoch10.npz
Loading data from ./cifar2/epoch10.npz
epoch  11  lr: 0.10000000  loss: 1.75265265  train accuracy: 0.36754000  test accuracy: 0.39280000  time: 11.73465502s
Loading dataset from file cifar2/epoch11.npz
Loading data from ./cifar2/epoch11.npz
epoch  12  lr: 0.10000000  loss: 1.73090470  train accuracy: 0.37998000  test accuracy: 0.40140000  time: 12.12137704s
Loading dataset from file cifar2/epoch12.npz
Loading data from ./cifar2/epoch12.npz
epoch  13  lr: 0.10000000  loss: 1.73731363  train accuracy: 0.37228000  test accuracy: 0.39550000  time: 11.89595598s
Loading dataset from file cifar2/epoch13.npz
Loading data from ./cifar2/epoch13.npz
epoch  14  lr: 0.10000000  loss: 1.71577156  train accuracy: 0.38626000  test accuracy: 0.41370000  time: 11.87009061s
Loading dataset from file cifar2/epoch14.npz
Loading data from ./cifar2/epoch14.npz
epoch  15  lr: 0.10000000  loss: 1.71448171  train accuracy: 0.38544000  test accuracy: 0.41540000  time: 11.95378497s
Loading dataset from file cifar2/epoch15.npz
Loading data from ./cifar2/epoch15.npz
epoch  16  lr: 0.10000000  loss: 1.70358026  train accuracy: 0.39088000  test accuracy: 0.41300000  time: 11.68271975s
Loading dataset from file cifar2/epoch16.npz
Loading data from ./cifar2/epoch16.npz
epoch  17  lr: 0.10000000  loss: 1.70744872  train accuracy: 0.38964000  test accuracy: 0.41150000  time: 11.94245029s
Loading dataset from file cifar2/epoch17.npz
Loading data from ./cifar2/epoch17.npz
epoch  18  lr: 0.10000000  loss: 1.68287683  train accuracy: 0.39586000  test accuracy: 0.42050000  time: 12.04049393s
Loading dataset from file cifar2/epoch18.npz
Loading data from ./cifar2/epoch18.npz
epoch  19  lr: 0.10000000  loss: 1.68352187  train accuracy: 0.39714000  test accuracy: 0.42970000  time: 11.87863525s
Loading dataset from file cifar2/epoch19.npz
Loading data from ./cifar2/epoch19.npz
epoch  20  lr: 0.10000000  loss: 1.69041324  train accuracy: 0.39422000  test accuracy: 0.42290000  time: 11.98296235s
Loading dataset from file cifar2/epoch20.npz
Loading data from ./cifar2/epoch20.npz
epoch  21  lr: 0.10000000  loss: 1.71606863  train accuracy: 0.38704000  test accuracy: 0.40800000  time: 11.84910731s
Loading dataset from file cifar2/epoch21.npz
Loading data from ./cifar2/epoch21.npz
epoch  22  lr: 0.10000000  loss: 1.68227673  train accuracy: 0.39912000  test accuracy: 0.41730000  time: 11.79101980s
Loading dataset from file cifar2/epoch22.npz
Loading data from ./cifar2/epoch22.npz
epoch  23  lr: 0.10000000  loss: 1.67353046  train accuracy: 0.39980000  test accuracy: 0.42460000  time: 12.05721743s
Loading dataset from file cifar2/epoch23.npz
Loading data from ./cifar2/epoch23.npz
epoch  24  lr: 0.10000000  loss: 1.68544126  train accuracy: 0.39772000  test accuracy: 0.42420000  time: 11.89111195s
Loading dataset from file cifar2/epoch24.npz
Loading data from ./cifar2/epoch24.npz
epoch  25  lr: 0.10000000  loss: 1.68686795  train accuracy: 0.39600000  test accuracy: 0.42320000  time: 12.04929237s
Loading dataset from file cifar2/epoch25.npz
Loading data from ./cifar2/epoch25.npz
epoch  26  lr: 0.10000000  loss: 1.67280281  train accuracy: 0.40640000  test accuracy: 0.42980000  time: 12.04342689s
Loading dataset from file cifar2/epoch26.npz
Loading data from ./cifar2/epoch26.npz
epoch  27  lr: 0.10000000  loss: 1.67006075  train accuracy: 0.40490000  test accuracy: 0.42970000  time: 12.05081504s
Loading dataset from file cifar2/epoch27.npz
Loading data from ./cifar2/epoch27.npz
epoch  28  lr: 0.10000000  loss: 1.67444849  train accuracy: 0.40272000  test accuracy: 0.42740000  time: 11.97418029s
Loading dataset from file cifar2/epoch28.npz
Loading data from ./cifar2/epoch28.npz
epoch  29  lr: 0.10000000  loss: 1.65998209  train accuracy: 0.40676000  test accuracy: 0.42810000  time: 11.99722477s
Loading dataset from file cifar2/epoch29.npz
Loading data from ./cifar2/epoch29.npz
epoch  30  lr: 0.10000000  loss: 1.66695011  train accuracy: 0.39886000  test accuracy: 0.41910000  time: 12.04808641s
Loading dataset from file cifar2/epoch30.npz
Loading data from ./cifar2/epoch30.npz
epoch  31  lr: 0.10000000  loss: 1.66360283  train accuracy: 0.40640000  test accuracy: 0.43170000  time: 12.04489439s
Loading dataset from file cifar2/epoch31.npz
Loading data from ./cifar2/epoch31.npz
epoch  32  lr: 0.10000000  loss: 1.65616131  train accuracy: 0.40830000  test accuracy: 0.42840000  time: 12.05156276s
Loading dataset from file cifar2/epoch32.npz
Loading data from ./cifar2/epoch32.npz
epoch  33  lr: 0.10000000  loss: 1.65421510  train accuracy: 0.40708000  test accuracy: 0.43090000  time: 12.01652226s
Loading dataset from file cifar2/epoch33.npz
Loading data from ./cifar2/epoch33.npz
epoch  34  lr: 0.10000000  loss: 1.67349529  train accuracy: 0.39778000  test accuracy: 0.41880000  time: 11.92611843s
Loading dataset from file cifar2/epoch34.npz
Loading data from ./cifar2/epoch34.npz
epoch  35  lr: 0.10000000  loss: 1.64916909  train accuracy: 0.41184000  test accuracy: 0.43410000  time: 12.09011344s
Loading dataset from file cifar2/epoch35.npz
Loading data from ./cifar2/epoch35.npz
epoch  36  lr: 0.10000000  loss: 1.64072692  train accuracy: 0.41360000  test accuracy: 0.42590000  time: 12.04403792s
Loading dataset from file cifar2/epoch36.npz
Loading data from ./cifar2/epoch36.npz
epoch  37  lr: 0.10000000  loss: 1.65201628  train accuracy: 0.40842000  test accuracy: 0.42800000  time: 12.06304838s
Loading dataset from file cifar2/epoch37.npz
Loading data from ./cifar2/epoch37.npz
epoch  38  lr: 0.10000000  loss: 1.64390171  train accuracy: 0.41440000  test accuracy: 0.43630000  time: 12.08339236s
Loading dataset from file cifar2/epoch38.npz
Loading data from ./cifar2/epoch38.npz
epoch  39  lr: 0.10000000  loss: 1.63956797  train accuracy: 0.41454000  test accuracy: 0.44160000  time: 12.11398016s
Loading dataset from file cifar2/epoch39.npz
Loading data from ./cifar2/epoch39.npz
epoch  40  lr: 0.10000000  loss: 1.63571656  train accuracy: 0.41650000  test accuracy: 0.43370000  time: 11.99921079s
Loading dataset from file cifar2/epoch40.npz
Loading data from ./cifar2/epoch40.npz
epoch  41  lr: 0.10000000  loss: 1.64714849  train accuracy: 0.40882000  test accuracy: 0.42580000  time: 12.01124212s
Loading dataset from file cifar2/epoch41.npz
Loading data from ./cifar2/epoch41.npz
epoch  42  lr: 0.10000000  loss: 1.64839423  train accuracy: 0.40610000  test accuracy: 0.42220000  time: 12.01353732s
Loading dataset from file cifar2/epoch42.npz
Loading data from ./cifar2/epoch42.npz
epoch  43  lr: 0.10000000  loss: 1.64299202  train accuracy: 0.40716000  test accuracy: 0.42630000  time: 12.01369729s
Loading dataset from file cifar2/epoch43.npz
Loading data from ./cifar2/epoch43.npz
epoch  44  lr: 0.10000000  loss: 1.64534223  train accuracy: 0.41360000  test accuracy: 0.43360000  time: 12.24524449s
Loading dataset from file cifar2/epoch44.npz
Loading data from ./cifar2/epoch44.npz
epoch  45  lr: 0.10000000  loss: 1.65419078  train accuracy: 0.41130000  test accuracy: 0.43280000  time: 12.09388949s
Loading dataset from file cifar2/epoch45.npz
Loading data from ./cifar2/epoch45.npz
epoch  46  lr: 0.10000000  loss: 1.64292061  train accuracy: 0.41102000  test accuracy: 0.42750000  time: 11.95717771s
Loading dataset from file cifar2/epoch46.npz
Loading data from ./cifar2/epoch46.npz
epoch  47  lr: 0.10000000  loss: 1.62695909  train accuracy: 0.42176000  test accuracy: 0.44880000  time: 12.12690897s
Loading dataset from file cifar2/epoch47.npz
Loading data from ./cifar2/epoch47.npz
epoch  48  lr: 0.10000000  loss: 1.63653922  train accuracy: 0.41792000  test accuracy: 0.43720000  time: 12.00300486s
Loading dataset from file cifar2/epoch48.npz
Loading data from ./cifar2/epoch48.npz
epoch  49  lr: 0.10000000  loss: 1.63090706  train accuracy: 0.41620000  test accuracy: 0.43930000  time: 12.13596628s
Loading dataset from file cifar2/epoch49.npz
Loading data from ./cifar2/epoch49.npz
epoch  50  lr: 0.10000000  loss: 1.62771749  train accuracy: 0.42054000  test accuracy: 0.44120000  time: 12.00329357s
Loading dataset from file cifar2/epoch50.npz
Loading data from ./cifar2/epoch50.npz
epoch  51  lr: 0.01000000  loss: 1.61514139  train accuracy: 0.42196000  test accuracy: 0.45500000  time: 12.12429103s
Loading dataset from file cifar2/epoch51.npz
Loading data from ./cifar2/epoch51.npz
epoch  52  lr: 0.01000000  loss: 1.61323178  train accuracy: 0.42534000  test accuracy: 0.46020000  time: 12.02153678s
Loading dataset from file cifar2/epoch52.npz
Loading data from ./cifar2/epoch52.npz
epoch  53  lr: 0.01000000  loss: 1.60544503  train accuracy: 0.42888000  test accuracy: 0.45800000  time: 12.16615092s
Loading dataset from file cifar2/epoch53.npz
Loading data from ./cifar2/epoch53.npz
epoch  54  lr: 0.01000000  loss: 1.60536182  train accuracy: 0.42458000  test accuracy: 0.45820000  time: 12.13753077s
Loading dataset from file cifar2/epoch54.npz
Loading data from ./cifar2/epoch54.npz
epoch  55  lr: 0.01000000  loss: 1.60568738  train accuracy: 0.42572000  test accuracy: 0.45910000  time: 12.22792430s
Loading dataset from file cifar2/epoch55.npz
Loading data from ./cifar2/epoch55.npz
epoch  56  lr: 0.01000000  loss: 1.60539448  train accuracy: 0.42908000  test accuracy: 0.46250000  time: 12.13193513s
Loading dataset from file cifar2/epoch56.npz
Loading data from ./cifar2/epoch56.npz
epoch  57  lr: 0.01000000  loss: 1.60408294  train accuracy: 0.42776000  test accuracy: 0.46140000  time: 12.21973127s
Loading dataset from file cifar2/epoch57.npz
Loading data from ./cifar2/epoch57.npz
epoch  58  lr: 0.01000000  loss: 1.60427380  train accuracy: 0.42786000  test accuracy: 0.45970000  time: 13.35784470s
Loading dataset from file cifar2/epoch58.npz
Loading data from ./cifar2/epoch58.npz
epoch  59  lr: 0.01000000  loss: 1.60503566  train accuracy: 0.42522000  test accuracy: 0.45850000  time: 12.22650148s
Loading dataset from file cifar2/epoch59.npz
Loading data from ./cifar2/epoch59.npz
epoch  60  lr: 0.01000000  loss: 1.60642922  train accuracy: 0.42468000  test accuracy: 0.45790000  time: 12.13747970s
Loading dataset from file cifar2/epoch60.npz
Loading data from ./cifar2/epoch60.npz
epoch  61  lr: 0.01000000  loss: 1.60276568  train accuracy: 0.42810000  test accuracy: 0.45860000  time: 12.10448105s
Loading dataset from file cifar2/epoch61.npz
Loading data from ./cifar2/epoch61.npz
epoch  62  lr: 0.01000000  loss: 1.59967291  train accuracy: 0.42888000  test accuracy: 0.46020000  time: 12.12570186s
Loading dataset from file cifar2/epoch62.npz
Loading data from ./cifar2/epoch62.npz
epoch  63  lr: 0.01000000  loss: 1.59891307  train accuracy: 0.43006000  test accuracy: 0.46190000  time: 12.05983672s
Loading dataset from file cifar2/epoch63.npz
Loading data from ./cifar2/epoch63.npz
epoch  64  lr: 0.01000000  loss: 1.60160279  train accuracy: 0.42914000  test accuracy: 0.46210000  time: 12.01467126s
Loading dataset from file cifar2/epoch64.npz
Loading data from ./cifar2/epoch64.npz
epoch  65  lr: 0.01000000  loss: 1.60167885  train accuracy: 0.42714000  test accuracy: 0.46230000  time: 12.24595708s
Loading dataset from file cifar2/epoch65.npz
Loading data from ./cifar2/epoch65.npz
epoch  66  lr: 0.01000000  loss: 1.59756458  train accuracy: 0.43208000  test accuracy: 0.46380000  time: 12.02253003s
Loading dataset from file cifar2/epoch66.npz
Loading data from ./cifar2/epoch66.npz
epoch  67  lr: 0.01000000  loss: 1.59798765  train accuracy: 0.42982000  test accuracy: 0.46210000  time: 12.03291542s
Loading dataset from file cifar2/epoch67.npz
Loading data from ./cifar2/epoch67.npz
epoch  68  lr: 0.01000000  loss: 1.59713042  train accuracy: 0.42864000  test accuracy: 0.46390000  time: 12.02683596s
Loading dataset from file cifar2/epoch68.npz
Loading data from ./cifar2/epoch68.npz
epoch  69  lr: 0.01000000  loss: 1.59889734  train accuracy: 0.43120000  test accuracy: 0.46310000  time: 12.04709332s
Loading dataset from file cifar2/epoch69.npz
Loading data from ./cifar2/epoch69.npz
epoch  70  lr: 0.01000000  loss: 1.59604359  train accuracy: 0.42932000  test accuracy: 0.46300000  time: 12.05289331s
Loading dataset from file cifar2/epoch70.npz
Loading data from ./cifar2/epoch70.npz
epoch  71  lr: 0.01000000  loss: 1.59548593  train accuracy: 0.42846000  test accuracy: 0.46370000  time: 12.19632964s
Loading dataset from file cifar2/epoch71.npz
Loading data from ./cifar2/epoch71.npz
epoch  72  lr: 0.01000000  loss: 1.59747636  train accuracy: 0.43062000  test accuracy: 0.46200000  time: 12.03450823s
Loading dataset from file cifar2/epoch72.npz
Loading data from ./cifar2/epoch72.npz
epoch  73  lr: 0.01000000  loss: 1.60239577  train accuracy: 0.42880000  test accuracy: 0.46280000  time: 12.02853591s
Loading dataset from file cifar2/epoch73.npz
Loading data from ./cifar2/epoch73.npz
epoch  74  lr: 0.01000000  loss: 1.59393370  train accuracy: 0.43250000  test accuracy: 0.46350000  time: 11.97536586s
Loading dataset from file cifar2/epoch74.npz
Loading data from ./cifar2/epoch74.npz
epoch  75  lr: 0.01000000  loss: 1.59826827  train accuracy: 0.43020000  test accuracy: 0.46530000  time: 12.09402869s
Loading dataset from file cifar2/epoch75.npz
Loading data from ./cifar2/epoch75.npz
epoch  76  lr: 0.00100000  loss: 1.60061669  train accuracy: 0.42616000  test accuracy: 0.46550000  time: 11.94871474s
Loading dataset from file cifar2/epoch76.npz
Loading data from ./cifar2/epoch76.npz
epoch  77  lr: 0.00100000  loss: 1.59421849  train accuracy: 0.43204000  test accuracy: 0.46580000  time: 12.05007900s
Loading dataset from file cifar2/epoch77.npz
Loading data from ./cifar2/epoch77.npz
epoch  78  lr: 0.00100000  loss: 1.60394692  train accuracy: 0.42796000  test accuracy: 0.46520000  time: 12.03300044s
Loading dataset from file cifar2/epoch78.npz
Loading data from ./cifar2/epoch78.npz
epoch  79  lr: 0.00100000  loss: 1.59760237  train accuracy: 0.42922000  test accuracy: 0.46440000  time: 12.02279118s
Loading dataset from file cifar2/epoch79.npz
Loading data from ./cifar2/epoch79.npz
epoch  80  lr: 0.00100000  loss: 1.59774709  train accuracy: 0.43054000  test accuracy: 0.46590000  time: 12.03794751s
Loading dataset from file cifar2/epoch80.npz
Loading data from ./cifar2/epoch80.npz
epoch  81  lr: 0.00100000  loss: 1.59962809  train accuracy: 0.42898000  test accuracy: 0.46610000  time: 11.88642219s
Loading dataset from file cifar2/epoch81.npz
Loading data from ./cifar2/epoch81.npz
epoch  82  lr: 0.00100000  loss: 1.59692860  train accuracy: 0.43208000  test accuracy: 0.46450000  time: 12.01554022s
Loading dataset from file cifar2/epoch82.npz
Loading data from ./cifar2/epoch82.npz
epoch  83  lr: 0.00100000  loss: 1.59838223  train accuracy: 0.43244000  test accuracy: 0.46530000  time: 11.98679344s
Loading dataset from file cifar2/epoch83.npz
Loading data from ./cifar2/epoch83.npz
epoch  84  lr: 0.00100000  loss: 1.59529436  train accuracy: 0.42998000  test accuracy: 0.46420000  time: 12.03981401s
Loading dataset from file cifar2/epoch84.npz
Loading data from ./cifar2/epoch84.npz
epoch  85  lr: 0.00100000  loss: 1.60105622  train accuracy: 0.43034000  test accuracy: 0.46400000  time: 12.03264579s
Loading dataset from file cifar2/epoch85.npz
Loading data from ./cifar2/epoch85.npz
epoch  86  lr: 0.00100000  loss: 1.59723485  train accuracy: 0.42882000  test accuracy: 0.46490000  time: 12.01095169s
Loading dataset from file cifar2/epoch86.npz
Loading data from ./cifar2/epoch86.npz
epoch  87  lr: 0.00100000  loss: 1.59633911  train accuracy: 0.43140000  test accuracy: 0.46520000  time: 12.18201551s
Loading dataset from file cifar2/epoch87.npz
Loading data from ./cifar2/epoch87.npz
epoch  88  lr: 0.00100000  loss: 1.59775877  train accuracy: 0.43094000  test accuracy: 0.46400000  time: 11.96381940s
Loading dataset from file cifar2/epoch88.npz
Loading data from ./cifar2/epoch88.npz
epoch  89  lr: 0.00100000  loss: 1.59367394  train accuracy: 0.43274000  test accuracy: 0.46370000  time: 12.03327156s
Loading dataset from file cifar2/epoch89.npz
Loading data from ./cifar2/epoch89.npz
epoch  90  lr: 0.00100000  loss: 1.59712887  train accuracy: 0.42958000  test accuracy: 0.46580000  time: 12.01578894s
Loading dataset from file cifar2/epoch90.npz
Loading data from ./cifar2/epoch90.npz
epoch  91  lr: 0.00100000  loss: 1.60064876  train accuracy: 0.42982000  test accuracy: 0.46570000  time: 12.29018075s
Loading dataset from file cifar2/epoch91.npz
Loading data from ./cifar2/epoch91.npz
epoch  92  lr: 0.00100000  loss: 1.59403777  train accuracy: 0.43172000  test accuracy: 0.46570000  time: 12.00401791s
Loading dataset from file cifar2/epoch92.npz
Loading data from ./cifar2/epoch92.npz
epoch  93  lr: 0.00100000  loss: 1.59535432  train accuracy: 0.43014000  test accuracy: 0.46540000  time: 12.24372860s
Loading dataset from file cifar2/epoch93.npz
Loading data from ./cifar2/epoch93.npz
epoch  94  lr: 0.00100000  loss: 1.59688497  train accuracy: 0.43174000  test accuracy: 0.46500000  time: 11.85366306s
Loading dataset from file cifar2/epoch94.npz
Loading data from ./cifar2/epoch94.npz
epoch  95  lr: 0.00100000  loss: 1.59754121  train accuracy: 0.43046000  test accuracy: 0.46670000  time: 12.04238315s
Loading dataset from file cifar2/epoch95.npz
Loading data from ./cifar2/epoch95.npz
epoch  96  lr: 0.00100000  loss: 1.59549284  train accuracy: 0.42956000  test accuracy: 0.46570000  time: 11.99426371s
Loading dataset from file cifar2/epoch96.npz
Loading data from ./cifar2/epoch96.npz
epoch  97  lr: 0.00100000  loss: 1.59785557  train accuracy: 0.42988000  test accuracy: 0.46640000  time: 12.03145452s
Loading dataset from file cifar2/epoch97.npz
Loading data from ./cifar2/epoch97.npz
epoch  98  lr: 0.00100000  loss: 1.59212542  train accuracy: 0.43110000  test accuracy: 0.46560000  time: 12.00257308s
Loading dataset from file cifar2/epoch98.npz
Loading data from ./cifar2/epoch98.npz
epoch  99  lr: 0.00100000  loss: 1.59961474  train accuracy: 0.43026000  test accuracy: 0.46600000  time: 12.02180956s
Loading dataset from file cifar2/epoch99.npz
Loading data from ./cifar2/epoch99.npz
epoch 100  lr: 0.00100000  loss: 1.60085452  train accuracy: 0.42874000  test accuracy: 0.46570000  time: 11.97930981s
Accuracy of the network on the 10000 test images: 46.570 %
