=== Command line arguments ===
Namespace(show=False, batch_size=100, seed=3, precision=4, edgeitems=3, density=0.2, sizes='3072,1024,512,10', epochs=100, lr=0.01, momentum=0.9, gamma=0.1, nesterov=True, datadir='./data', augmented=False, preprocessed='./cifar3', copy=False, nerva=False, torch=True, scheduler='multistep', import_weights=None, custom_masking=False)
Files already downloaded and verified
initialize by ER
Overall sparsity 0.20000000000000004
Total Model parameters: 3675136
Total parameters under sparsity level of 0.2: 0.19994307693647256
initialize by ER
Overall sparsity 0.20000000000000004
Total Model parameters: 7350272
Total parameters under sparsity level of 0.2: 0.046107681457230425

=== PyTorch model ===
MLP1(
  (layers): ModuleList(
    (0): Linear(in_features=3072, out_features=1024, bias=True)
    (1): Linear(in_features=1024, out_features=512, bias=True)
    (2): Linear(in_features=512, out_features=10, bias=True)
  )
  (loss): CrossEntropyLoss()
)
CrossEntropyLoss()
<torch.optim.lr_scheduler.MultiStepLR object at 0x7f116f36f100>

=== Training PyTorch model ===
Loading dataset from file cifar3/epoch0.npz
Loading data from ./cifar3/epoch0.npz
epoch   0  lr: 0.01000000  loss: 2.30315542  train accuracy: 0.09998000  test accuracy: 0.10000000  time: 0.00000000s
epoch   1  lr: 0.01000000  loss: 1.73606896  train accuracy: 0.37418000  test accuracy: 0.40620000  time: 12.34296770s
Loading dataset from file cifar3/epoch1.npz
Loading data from ./cifar3/epoch1.npz
epoch   2  lr: 0.01000000  loss: 1.58614171  train accuracy: 0.43904000  test accuracy: 0.45750000  time: 12.07439411s
Loading dataset from file cifar3/epoch2.npz
Loading data from ./cifar3/epoch2.npz
epoch   3  lr: 0.01000000  loss: 1.48838770  train accuracy: 0.47186000  test accuracy: 0.48800000  time: 12.16737738s
Loading dataset from file cifar3/epoch3.npz
Loading data from ./cifar3/epoch3.npz
epoch   4  lr: 0.01000000  loss: 1.43584490  train accuracy: 0.48940000  test accuracy: 0.49790000  time: 12.05944596s
Loading dataset from file cifar3/epoch4.npz
Loading data from ./cifar3/epoch4.npz
epoch   5  lr: 0.01000000  loss: 1.39384329  train accuracy: 0.50170000  test accuracy: 0.51660000  time: 12.08363958s
Loading dataset from file cifar3/epoch5.npz
Loading data from ./cifar3/epoch5.npz
epoch   6  lr: 0.01000000  loss: 1.35098362  train accuracy: 0.52162000  test accuracy: 0.52790000  time: 12.29740336s
Loading dataset from file cifar3/epoch6.npz
Loading data from ./cifar3/epoch6.npz
epoch   7  lr: 0.01000000  loss: 1.31686795  train accuracy: 0.53134000  test accuracy: 0.53450000  time: 12.09647315s
Loading dataset from file cifar3/epoch7.npz
Loading data from ./cifar3/epoch7.npz
epoch   8  lr: 0.01000000  loss: 1.29791379  train accuracy: 0.54106000  test accuracy: 0.53980000  time: 12.36194575s
Loading dataset from file cifar3/epoch8.npz
Loading data from ./cifar3/epoch8.npz
epoch   9  lr: 0.01000000  loss: 1.27137041  train accuracy: 0.54952000  test accuracy: 0.54900000  time: 12.12834689s
Loading dataset from file cifar3/epoch9.npz
Loading data from ./cifar3/epoch9.npz
epoch  10  lr: 0.01000000  loss: 1.24370146  train accuracy: 0.55778000  test accuracy: 0.55290000  time: 12.03017562s
Loading dataset from file cifar3/epoch10.npz
Loading data from ./cifar3/epoch10.npz
epoch  11  lr: 0.01000000  loss: 1.23455012  train accuracy: 0.55914000  test accuracy: 0.54900000  time: 12.00470854s
Loading dataset from file cifar3/epoch11.npz
Loading data from ./cifar3/epoch11.npz
epoch  12  lr: 0.01000000  loss: 1.19987309  train accuracy: 0.57362000  test accuracy: 0.55780000  time: 12.33674533s
Loading dataset from file cifar3/epoch12.npz
Loading data from ./cifar3/epoch12.npz
epoch  13  lr: 0.01000000  loss: 1.19091749  train accuracy: 0.57848000  test accuracy: 0.55650000  time: 12.05230304s
Loading dataset from file cifar3/epoch13.npz
Loading data from ./cifar3/epoch13.npz
epoch  14  lr: 0.01000000  loss: 1.17168987  train accuracy: 0.58550000  test accuracy: 0.56560000  time: 12.07701104s
Loading dataset from file cifar3/epoch14.npz
Loading data from ./cifar3/epoch14.npz
epoch  15  lr: 0.01000000  loss: 1.16311741  train accuracy: 0.58734000  test accuracy: 0.57220000  time: 12.00151174s
Loading dataset from file cifar3/epoch15.npz
Loading data from ./cifar3/epoch15.npz
epoch  16  lr: 0.01000000  loss: 1.15499628  train accuracy: 0.58952000  test accuracy: 0.56910000  time: 12.20816167s
Loading dataset from file cifar3/epoch16.npz
Loading data from ./cifar3/epoch16.npz
epoch  17  lr: 0.01000000  loss: 1.13291848  train accuracy: 0.59650000  test accuracy: 0.57110000  time: 12.14921645s
Loading dataset from file cifar3/epoch17.npz
Loading data from ./cifar3/epoch17.npz
epoch  18  lr: 0.01000000  loss: 1.12315404  train accuracy: 0.60182000  test accuracy: 0.57430000  time: 12.23001926s
Loading dataset from file cifar3/epoch18.npz
Loading data from ./cifar3/epoch18.npz
epoch  19  lr: 0.01000000  loss: 1.11192489  train accuracy: 0.60716000  test accuracy: 0.58340000  time: 12.25056870s
Loading dataset from file cifar3/epoch19.npz
Loading data from ./cifar3/epoch19.npz
epoch  20  lr: 0.01000000  loss: 1.10310924  train accuracy: 0.60738000  test accuracy: 0.57530000  time: 12.11693762s
Loading dataset from file cifar3/epoch20.npz
Loading data from ./cifar3/epoch20.npz
epoch  21  lr: 0.01000000  loss: 1.09177637  train accuracy: 0.61328000  test accuracy: 0.58100000  time: 11.94265508s
Loading dataset from file cifar3/epoch21.npz
Loading data from ./cifar3/epoch21.npz
epoch  22  lr: 0.01000000  loss: 1.07007074  train accuracy: 0.62372000  test accuracy: 0.58940000  time: 12.20825379s
Loading dataset from file cifar3/epoch22.npz
Loading data from ./cifar3/epoch22.npz
epoch  23  lr: 0.01000000  loss: 1.06376183  train accuracy: 0.62712000  test accuracy: 0.58550000  time: 12.30853174s
Loading dataset from file cifar3/epoch23.npz
Loading data from ./cifar3/epoch23.npz
epoch  24  lr: 0.01000000  loss: 1.05786800  train accuracy: 0.62710000  test accuracy: 0.58250000  time: 12.21841313s
Loading dataset from file cifar3/epoch24.npz
Loading data from ./cifar3/epoch24.npz
epoch  25  lr: 0.01000000  loss: 1.04628670  train accuracy: 0.63344000  test accuracy: 0.59180000  time: 12.02606219s
Loading dataset from file cifar3/epoch25.npz
Loading data from ./cifar3/epoch25.npz
epoch  26  lr: 0.01000000  loss: 1.03970730  train accuracy: 0.63692000  test accuracy: 0.59260000  time: 12.13441247s
Loading dataset from file cifar3/epoch26.npz
Loading data from ./cifar3/epoch26.npz
epoch  27  lr: 0.01000000  loss: 1.01991379  train accuracy: 0.64092000  test accuracy: 0.59320000  time: 12.13989303s
Loading dataset from file cifar3/epoch27.npz
Loading data from ./cifar3/epoch27.npz
epoch  28  lr: 0.01000000  loss: 1.00348234  train accuracy: 0.64644000  test accuracy: 0.59960000  time: 12.02735830s
Loading dataset from file cifar3/epoch28.npz
Loading data from ./cifar3/epoch28.npz
epoch  29  lr: 0.01000000  loss: 1.00807393  train accuracy: 0.64624000  test accuracy: 0.59960000  time: 12.07403717s
Loading dataset from file cifar3/epoch29.npz
Loading data from ./cifar3/epoch29.npz
epoch  30  lr: 0.01000000  loss: 0.98959404  train accuracy: 0.65506000  test accuracy: 0.60150000  time: 12.05642972s
Loading dataset from file cifar3/epoch30.npz
Loading data from ./cifar3/epoch30.npz
epoch  31  lr: 0.01000000  loss: 0.97571099  train accuracy: 0.65860000  test accuracy: 0.60620000  time: 12.19973204s
Loading dataset from file cifar3/epoch31.npz
Loading data from ./cifar3/epoch31.npz
epoch  32  lr: 0.01000000  loss: 0.97994334  train accuracy: 0.65572000  test accuracy: 0.60950000  time: 12.03338790s
Loading dataset from file cifar3/epoch32.npz
Loading data from ./cifar3/epoch32.npz
epoch  33  lr: 0.01000000  loss: 0.96796554  train accuracy: 0.65898000  test accuracy: 0.60980000  time: 12.20626717s
Loading dataset from file cifar3/epoch33.npz
Loading data from ./cifar3/epoch33.npz
epoch  34  lr: 0.01000000  loss: 0.96299076  train accuracy: 0.66128000  test accuracy: 0.60440000  time: 12.15027337s
Loading dataset from file cifar3/epoch34.npz
Loading data from ./cifar3/epoch34.npz
epoch  35  lr: 0.01000000  loss: 0.95737177  train accuracy: 0.66224000  test accuracy: 0.60690000  time: 12.27529951s
Loading dataset from file cifar3/epoch35.npz
Loading data from ./cifar3/epoch35.npz
epoch  36  lr: 0.01000000  loss: 0.93989521  train accuracy: 0.67308000  test accuracy: 0.60910000  time: 12.13558172s
Loading dataset from file cifar3/epoch36.npz
Loading data from ./cifar3/epoch36.npz
epoch  37  lr: 0.01000000  loss: 0.94034570  train accuracy: 0.67262000  test accuracy: 0.61160000  time: 12.25849563s
Loading dataset from file cifar3/epoch37.npz
Loading data from ./cifar3/epoch37.npz
epoch  38  lr: 0.01000000  loss: 0.93028647  train accuracy: 0.67288000  test accuracy: 0.61380000  time: 12.14753621s
Loading dataset from file cifar3/epoch38.npz
Loading data from ./cifar3/epoch38.npz
epoch  39  lr: 0.01000000  loss: 0.92631346  train accuracy: 0.67792000  test accuracy: 0.61380000  time: 12.24913783s
Loading dataset from file cifar3/epoch39.npz
Loading data from ./cifar3/epoch39.npz
epoch  40  lr: 0.01000000  loss: 0.92951560  train accuracy: 0.67646000  test accuracy: 0.61130000  time: 12.23862726s
Loading dataset from file cifar3/epoch40.npz
Loading data from ./cifar3/epoch40.npz
epoch  41  lr: 0.01000000  loss: 0.91171664  train accuracy: 0.68152000  test accuracy: 0.61010000  time: 12.29459597s
Loading dataset from file cifar3/epoch41.npz
Loading data from ./cifar3/epoch41.npz
epoch  42  lr: 0.01000000  loss: 0.92694157  train accuracy: 0.67650000  test accuracy: 0.61080000  time: 12.25422206s
Loading dataset from file cifar3/epoch42.npz
Loading data from ./cifar3/epoch42.npz
epoch  43  lr: 0.01000000  loss: 0.91375732  train accuracy: 0.68070000  test accuracy: 0.61720000  time: 12.23608436s
Loading dataset from file cifar3/epoch43.npz
Loading data from ./cifar3/epoch43.npz
epoch  44  lr: 0.01000000  loss: 0.89121896  train accuracy: 0.68748000  test accuracy: 0.61740000  time: 12.28920567s
Loading dataset from file cifar3/epoch44.npz
Loading data from ./cifar3/epoch44.npz
epoch  45  lr: 0.01000000  loss: 0.89394110  train accuracy: 0.68444000  test accuracy: 0.61460000  time: 12.24655972s
Loading dataset from file cifar3/epoch45.npz
Loading data from ./cifar3/epoch45.npz
epoch  46  lr: 0.01000000  loss: 0.88016897  train accuracy: 0.69250000  test accuracy: 0.62310000  time: 12.18808494s
Loading dataset from file cifar3/epoch46.npz
Loading data from ./cifar3/epoch46.npz
epoch  47  lr: 0.01000000  loss: 0.88727820  train accuracy: 0.69234000  test accuracy: 0.61850000  time: 12.06689840s
Loading dataset from file cifar3/epoch47.npz
Loading data from ./cifar3/epoch47.npz
epoch  48  lr: 0.01000000  loss: 0.86756819  train accuracy: 0.70036000  test accuracy: 0.62300000  time: 12.03474709s
Loading dataset from file cifar3/epoch48.npz
Loading data from ./cifar3/epoch48.npz
epoch  49  lr: 0.01000000  loss: 0.88119847  train accuracy: 0.69136000  test accuracy: 0.61940000  time: 12.21771943s
Loading dataset from file cifar3/epoch49.npz
Loading data from ./cifar3/epoch49.npz
epoch  50  lr: 0.01000000  loss: 0.87761647  train accuracy: 0.69244000  test accuracy: 0.62090000  time: 12.24475445s
Loading dataset from file cifar3/epoch50.npz
Loading data from ./cifar3/epoch50.npz
epoch  51  lr: 0.00100000  loss: 0.92439187  train accuracy: 0.67352000  test accuracy: 0.64350000  time: 12.22792040s
Loading dataset from file cifar3/epoch51.npz
Loading data from ./cifar3/epoch51.npz
epoch  52  lr: 0.00100000  loss: 0.90676564  train accuracy: 0.67814000  test accuracy: 0.64050000  time: 12.15530474s
Loading dataset from file cifar3/epoch52.npz
Loading data from ./cifar3/epoch52.npz
epoch  53  lr: 0.00100000  loss: 0.89384985  train accuracy: 0.68154000  test accuracy: 0.64530000  time: 12.18749460s
Loading dataset from file cifar3/epoch53.npz
Loading data from ./cifar3/epoch53.npz
epoch  54  lr: 0.00100000  loss: 0.88612819  train accuracy: 0.68702000  test accuracy: 0.64270000  time: 12.04248203s
Loading dataset from file cifar3/epoch54.npz
Loading data from ./cifar3/epoch54.npz
epoch  55  lr: 0.00100000  loss: 0.88506913  train accuracy: 0.68608000  test accuracy: 0.64760000  time: 12.28903125s
Loading dataset from file cifar3/epoch55.npz
Loading data from ./cifar3/epoch55.npz
epoch  56  lr: 0.00100000  loss: 0.88372010  train accuracy: 0.68876000  test accuracy: 0.64820000  time: 12.21126257s
Loading dataset from file cifar3/epoch56.npz
Loading data from ./cifar3/epoch56.npz
epoch  57  lr: 0.00100000  loss: 0.87866884  train accuracy: 0.68744000  test accuracy: 0.65020000  time: 12.39740247s
Loading dataset from file cifar3/epoch57.npz
Loading data from ./cifar3/epoch57.npz
epoch  58  lr: 0.00100000  loss: 0.87848955  train accuracy: 0.68968000  test accuracy: 0.64750000  time: 12.14123741s
Loading dataset from file cifar3/epoch58.npz
Loading data from ./cifar3/epoch58.npz
epoch  59  lr: 0.00100000  loss: 0.87253869  train accuracy: 0.69246000  test accuracy: 0.65100000  time: 12.32663711s
Loading dataset from file cifar3/epoch59.npz
Loading data from ./cifar3/epoch59.npz
epoch  60  lr: 0.00100000  loss: 0.86633080  train accuracy: 0.69500000  test accuracy: 0.65160000  time: 12.12529129s
Loading dataset from file cifar3/epoch60.npz
Loading data from ./cifar3/epoch60.npz
epoch  61  lr: 0.00100000  loss: 0.86681968  train accuracy: 0.69368000  test accuracy: 0.64920000  time: 12.29757617s
Loading dataset from file cifar3/epoch61.npz
Loading data from ./cifar3/epoch61.npz
epoch  62  lr: 0.00100000  loss: 0.86200118  train accuracy: 0.69644000  test accuracy: 0.64870000  time: 12.11406831s
Loading dataset from file cifar3/epoch62.npz
Loading data from ./cifar3/epoch62.npz
epoch  63  lr: 0.00100000  loss: 0.86348033  train accuracy: 0.69406000  test accuracy: 0.65030000  time: 12.30511423s
Loading dataset from file cifar3/epoch63.npz
Loading data from ./cifar3/epoch63.npz
epoch  64  lr: 0.00100000  loss: 0.85940635  train accuracy: 0.69742000  test accuracy: 0.65260000  time: 12.20763119s
Loading dataset from file cifar3/epoch64.npz
Loading data from ./cifar3/epoch64.npz
epoch  65  lr: 0.00100000  loss: 0.85773158  train accuracy: 0.69740000  test accuracy: 0.64970000  time: 12.36139138s
Loading dataset from file cifar3/epoch65.npz
Loading data from ./cifar3/epoch65.npz
epoch  66  lr: 0.00100000  loss: 0.85625952  train accuracy: 0.69794000  test accuracy: 0.65200000  time: 12.22989596s
Loading dataset from file cifar3/epoch66.npz
Loading data from ./cifar3/epoch66.npz
epoch  67  lr: 0.00100000  loss: 0.85522264  train accuracy: 0.69720000  test accuracy: 0.65250000  time: 12.19734797s
Loading dataset from file cifar3/epoch67.npz
Loading data from ./cifar3/epoch67.npz
epoch  68  lr: 0.00100000  loss: 0.84579885  train accuracy: 0.70180000  test accuracy: 0.65110000  time: 12.25722879s
Loading dataset from file cifar3/epoch68.npz
Loading data from ./cifar3/epoch68.npz
epoch  69  lr: 0.00100000  loss: 0.85007745  train accuracy: 0.69872000  test accuracy: 0.65040000  time: 12.38166130s
Loading dataset from file cifar3/epoch69.npz
Loading data from ./cifar3/epoch69.npz
epoch  70  lr: 0.00100000  loss: 0.84717280  train accuracy: 0.70004000  test accuracy: 0.65130000  time: 12.25564536s
Loading dataset from file cifar3/epoch70.npz
Loading data from ./cifar3/epoch70.npz
epoch  71  lr: 0.00100000  loss: 0.84826171  train accuracy: 0.70078000  test accuracy: 0.65300000  time: 12.27651685s
Loading dataset from file cifar3/epoch71.npz
Loading data from ./cifar3/epoch71.npz
epoch  72  lr: 0.00100000  loss: 0.83989429  train accuracy: 0.70116000  test accuracy: 0.65090000  time: 12.09564255s
Loading dataset from file cifar3/epoch72.npz
Loading data from ./cifar3/epoch72.npz
epoch  73  lr: 0.00100000  loss: 0.84684908  train accuracy: 0.70254000  test accuracy: 0.65080000  time: 12.37901317s
Loading dataset from file cifar3/epoch73.npz
Loading data from ./cifar3/epoch73.npz
epoch  74  lr: 0.00100000  loss: 0.83734459  train accuracy: 0.70380000  test accuracy: 0.65300000  time: 12.28835275s
Loading dataset from file cifar3/epoch74.npz
Loading data from ./cifar3/epoch74.npz
epoch  75  lr: 0.00100000  loss: 0.83896667  train accuracy: 0.70460000  test accuracy: 0.65130000  time: 12.22585192s
Loading dataset from file cifar3/epoch75.npz
Loading data from ./cifar3/epoch75.npz
epoch  76  lr: 0.00010000  loss: 0.87026823  train accuracy: 0.69202000  test accuracy: 0.65160000  time: 11.98976041s
Loading dataset from file cifar3/epoch76.npz
Loading data from ./cifar3/epoch76.npz
epoch  77  lr: 0.00010000  loss: 0.87231463  train accuracy: 0.69086000  test accuracy: 0.65210000  time: 12.17185198s
Loading dataset from file cifar3/epoch77.npz
Loading data from ./cifar3/epoch77.npz
epoch  78  lr: 0.00010000  loss: 0.86759162  train accuracy: 0.69258000  test accuracy: 0.65280000  time: 12.26531811s
Loading dataset from file cifar3/epoch78.npz
Loading data from ./cifar3/epoch78.npz
epoch  79  lr: 0.00010000  loss: 0.86843932  train accuracy: 0.69246000  test accuracy: 0.65170000  time: 12.07593173s
Loading dataset from file cifar3/epoch79.npz
Loading data from ./cifar3/epoch79.npz
epoch  80  lr: 0.00010000  loss: 0.86424452  train accuracy: 0.69514000  test accuracy: 0.65240000  time: 12.32128446s
Loading dataset from file cifar3/epoch80.npz
Loading data from ./cifar3/epoch80.npz
epoch  81  lr: 0.00010000  loss: 0.86933482  train accuracy: 0.69348000  test accuracy: 0.65200000  time: 11.89991434s
Loading dataset from file cifar3/epoch81.npz
Loading data from ./cifar3/epoch81.npz
epoch  82  lr: 0.00010000  loss: 0.86784935  train accuracy: 0.69184000  test accuracy: 0.65300000  time: 12.34038705s
Loading dataset from file cifar3/epoch82.npz
Loading data from ./cifar3/epoch82.npz
epoch  83  lr: 0.00010000  loss: 0.86953330  train accuracy: 0.69202000  test accuracy: 0.65270000  time: 11.98532371s
Loading dataset from file cifar3/epoch83.npz
Loading data from ./cifar3/epoch83.npz
epoch  84  lr: 0.00010000  loss: 0.86793453  train accuracy: 0.69270000  test accuracy: 0.65340000  time: 12.24282198s
Loading dataset from file cifar3/epoch84.npz
Loading data from ./cifar3/epoch84.npz
epoch  85  lr: 0.00010000  loss: 0.86409682  train accuracy: 0.69394000  test accuracy: 0.65260000  time: 12.18505522s
Loading dataset from file cifar3/epoch85.npz
Loading data from ./cifar3/epoch85.npz
epoch  86  lr: 0.00010000  loss: 0.86188376  train accuracy: 0.69644000  test accuracy: 0.65320000  time: 12.19518233s
Loading dataset from file cifar3/epoch86.npz
Loading data from ./cifar3/epoch86.npz
epoch  87  lr: 0.00010000  loss: 0.86380380  train accuracy: 0.69436000  test accuracy: 0.65330000  time: 12.23386386s
Loading dataset from file cifar3/epoch87.npz
Loading data from ./cifar3/epoch87.npz
epoch  88  lr: 0.00010000  loss: 0.86306560  train accuracy: 0.69360000  test accuracy: 0.65410000  time: 12.20605318s
Loading dataset from file cifar3/epoch88.npz
Loading data from ./cifar3/epoch88.npz
epoch  89  lr: 0.00010000  loss: 0.86296296  train accuracy: 0.69254000  test accuracy: 0.65420000  time: 12.15603702s
Loading dataset from file cifar3/epoch89.npz
Loading data from ./cifar3/epoch89.npz
epoch  90  lr: 0.00010000  loss: 0.86650610  train accuracy: 0.69388000  test accuracy: 0.65360000  time: 12.17555161s
Loading dataset from file cifar3/epoch90.npz
Loading data from ./cifar3/epoch90.npz
epoch  91  lr: 0.00010000  loss: 0.85611200  train accuracy: 0.69768000  test accuracy: 0.65450000  time: 12.26175533s
Loading dataset from file cifar3/epoch91.npz
Loading data from ./cifar3/epoch91.npz
epoch  92  lr: 0.00010000  loss: 0.86710829  train accuracy: 0.69424000  test accuracy: 0.65370000  time: 12.20479710s
Loading dataset from file cifar3/epoch92.npz
Loading data from ./cifar3/epoch92.npz
epoch  93  lr: 0.00010000  loss: 0.86631197  train accuracy: 0.69528000  test accuracy: 0.65220000  time: 12.07269682s
Loading dataset from file cifar3/epoch93.npz
Loading data from ./cifar3/epoch93.npz
epoch  94  lr: 0.00010000  loss: 0.86863124  train accuracy: 0.69282000  test accuracy: 0.65330000  time: 12.20313615s
Loading dataset from file cifar3/epoch94.npz
Loading data from ./cifar3/epoch94.npz
epoch  95  lr: 0.00010000  loss: 0.86516815  train accuracy: 0.69370000  test accuracy: 0.65290000  time: 12.09038776s
Loading dataset from file cifar3/epoch95.npz
Loading data from ./cifar3/epoch95.npz
epoch  96  lr: 0.00010000  loss: 0.86277938  train accuracy: 0.69462000  test accuracy: 0.65290000  time: 12.43045411s
Loading dataset from file cifar3/epoch96.npz
Loading data from ./cifar3/epoch96.npz
epoch  97  lr: 0.00010000  loss: 0.86717719  train accuracy: 0.69340000  test accuracy: 0.65400000  time: 12.10820941s
Loading dataset from file cifar3/epoch97.npz
Loading data from ./cifar3/epoch97.npz
epoch  98  lr: 0.00010000  loss: 0.85958022  train accuracy: 0.69504000  test accuracy: 0.65500000  time: 12.17003869s
Loading dataset from file cifar3/epoch98.npz
Loading data from ./cifar3/epoch98.npz
epoch  99  lr: 0.00010000  loss: 0.86249155  train accuracy: 0.69174000  test accuracy: 0.65340000  time: 12.25417753s
Loading dataset from file cifar3/epoch99.npz
Loading data from ./cifar3/epoch99.npz
epoch 100  lr: 0.00010000  loss: 0.86249828  train accuracy: 0.69210000  test accuracy: 0.65350000  time: 12.28406298s
Accuracy of the network on the 10000 test images: 65.350 %
