=== Command line arguments ===
Namespace(show=False, batch_size=100, seed=2, precision=4, edgeitems=3, density=0.05, sizes='3072,1024,512,10', epochs=100, lr=0.03, momentum=0.9, gamma=0.1, nesterov=True, datadir='./data', augmented=False, preprocessed='./cifar2', copy=False, nerva=False, torch=True, scheduler='multistep', import_weights=None, custom_masking=False)
Files already downloaded and verified
initialize by ER
Overall sparsity 0.05
Total Model parameters: 3675136
Total parameters under sparsity level of 0.05: 0.04998127960434662
initialize by ER
Overall sparsity 0.05
Total Model parameters: 7350272
Total parameters under sparsity level of 0.05: 0.0040871956847311226

=== PyTorch model ===
MLP1(
  (layers): ModuleList(
    (0): Linear(in_features=3072, out_features=1024, bias=True)
    (1): Linear(in_features=1024, out_features=512, bias=True)
    (2): Linear(in_features=512, out_features=10, bias=True)
  )
  (loss): CrossEntropyLoss()
)
CrossEntropyLoss()
<torch.optim.lr_scheduler.MultiStepLR object at 0x7fa57f573100>

=== Training PyTorch model ===
Loading dataset from file cifar2/epoch0.npz
Loading data from ./cifar2/epoch0.npz
epoch   0  lr: 0.03000000  loss: 2.30303812  train accuracy: 0.10000000  test accuracy: 0.10000000  time: 0.00000000s
epoch   1  lr: 0.03000000  loss: 1.78630114  train accuracy: 0.35040000  test accuracy: 0.37170000  time: 12.26351019s
Loading dataset from file cifar2/epoch1.npz
Loading data from ./cifar2/epoch1.npz
epoch   2  lr: 0.03000000  loss: 1.60347736  train accuracy: 0.42342000  test accuracy: 0.45420000  time: 12.02474933s
Loading dataset from file cifar2/epoch2.npz
Loading data from ./cifar2/epoch2.npz
epoch   3  lr: 0.03000000  loss: 1.52413058  train accuracy: 0.45560000  test accuracy: 0.47490000  time: 12.04816542s
Loading dataset from file cifar2/epoch3.npz
Loading data from ./cifar2/epoch3.npz
epoch   4  lr: 0.03000000  loss: 1.47143722  train accuracy: 0.47052000  test accuracy: 0.48740000  time: 12.07135184s
Loading dataset from file cifar2/epoch4.npz
Loading data from ./cifar2/epoch4.npz
epoch   5  lr: 0.03000000  loss: 1.40481734  train accuracy: 0.49588000  test accuracy: 0.50460000  time: 12.03022705s
Loading dataset from file cifar2/epoch5.npz
Loading data from ./cifar2/epoch5.npz
epoch   6  lr: 0.03000000  loss: 1.38269472  train accuracy: 0.50404000  test accuracy: 0.50840000  time: 12.17692819s
Loading dataset from file cifar2/epoch6.npz
Loading data from ./cifar2/epoch6.npz
epoch   7  lr: 0.03000000  loss: 1.36035240  train accuracy: 0.51508000  test accuracy: 0.51500000  time: 12.34065925s
Loading dataset from file cifar2/epoch7.npz
Loading data from ./cifar2/epoch7.npz
epoch   8  lr: 0.03000000  loss: 1.34341824  train accuracy: 0.51934000  test accuracy: 0.52130000  time: 12.19049384s
Loading dataset from file cifar2/epoch8.npz
Loading data from ./cifar2/epoch8.npz
epoch   9  lr: 0.03000000  loss: 1.31321311  train accuracy: 0.53054000  test accuracy: 0.52610000  time: 12.39316803s
Loading dataset from file cifar2/epoch9.npz
Loading data from ./cifar2/epoch9.npz
epoch  10  lr: 0.03000000  loss: 1.27617788  train accuracy: 0.54424000  test accuracy: 0.54120000  time: 12.21535871s
Loading dataset from file cifar2/epoch10.npz
Loading data from ./cifar2/epoch10.npz
epoch  11  lr: 0.03000000  loss: 1.27758729  train accuracy: 0.54202000  test accuracy: 0.53320000  time: 12.19726054s
Loading dataset from file cifar2/epoch11.npz
Loading data from ./cifar2/epoch11.npz
epoch  12  lr: 0.03000000  loss: 1.26540840  train accuracy: 0.54752000  test accuracy: 0.53890000  time: 12.35371614s
Loading dataset from file cifar2/epoch12.npz
Loading data from ./cifar2/epoch12.npz
epoch  13  lr: 0.03000000  loss: 1.23683167  train accuracy: 0.56204000  test accuracy: 0.55050000  time: 12.20843375s
Loading dataset from file cifar2/epoch13.npz
Loading data from ./cifar2/epoch13.npz
epoch  14  lr: 0.03000000  loss: 1.22953653  train accuracy: 0.55888000  test accuracy: 0.54650000  time: 12.39289423s
Loading dataset from file cifar2/epoch14.npz
Loading data from ./cifar2/epoch14.npz
epoch  15  lr: 0.03000000  loss: 1.22795963  train accuracy: 0.56104000  test accuracy: 0.54790000  time: 12.36171098s
Loading dataset from file cifar2/epoch15.npz
Loading data from ./cifar2/epoch15.npz
epoch  16  lr: 0.03000000  loss: 1.19672441  train accuracy: 0.57130000  test accuracy: 0.55530000  time: 12.39002645s
Loading dataset from file cifar2/epoch16.npz
Loading data from ./cifar2/epoch16.npz
epoch  17  lr: 0.03000000  loss: 1.20622170  train accuracy: 0.57002000  test accuracy: 0.55510000  time: 12.22920671s
Loading dataset from file cifar2/epoch17.npz
Loading data from ./cifar2/epoch17.npz
epoch  18  lr: 0.03000000  loss: 1.17022097  train accuracy: 0.58474000  test accuracy: 0.56410000  time: 12.37532325s
Loading dataset from file cifar2/epoch18.npz
Loading data from ./cifar2/epoch18.npz
epoch  19  lr: 0.03000000  loss: 1.16753066  train accuracy: 0.58440000  test accuracy: 0.56090000  time: 12.33038193s
Loading dataset from file cifar2/epoch19.npz
Loading data from ./cifar2/epoch19.npz
epoch  20  lr: 0.03000000  loss: 1.17580986  train accuracy: 0.58022000  test accuracy: 0.54930000  time: 12.34113997s
Loading dataset from file cifar2/epoch20.npz
Loading data from ./cifar2/epoch20.npz
epoch  21  lr: 0.03000000  loss: 1.16361475  train accuracy: 0.58806000  test accuracy: 0.55430000  time: 12.28349072s
Loading dataset from file cifar2/epoch21.npz
Loading data from ./cifar2/epoch21.npz
epoch  22  lr: 0.03000000  loss: 1.14693880  train accuracy: 0.58894000  test accuracy: 0.56380000  time: 12.39198518s
Loading dataset from file cifar2/epoch22.npz
Loading data from ./cifar2/epoch22.npz
epoch  23  lr: 0.03000000  loss: 1.13870299  train accuracy: 0.59622000  test accuracy: 0.56560000  time: 12.22786199s
Loading dataset from file cifar2/epoch23.npz
Loading data from ./cifar2/epoch23.npz
epoch  24  lr: 0.03000000  loss: 1.12923396  train accuracy: 0.59770000  test accuracy: 0.56420000  time: 12.22160499s
Loading dataset from file cifar2/epoch24.npz
Loading data from ./cifar2/epoch24.npz
epoch  25  lr: 0.03000000  loss: 1.12737679  train accuracy: 0.59850000  test accuracy: 0.56900000  time: 12.25068708s
Loading dataset from file cifar2/epoch25.npz
Loading data from ./cifar2/epoch25.npz
epoch  26  lr: 0.03000000  loss: 1.10996473  train accuracy: 0.60506000  test accuracy: 0.57170000  time: 12.23355607s
Loading dataset from file cifar2/epoch26.npz
Loading data from ./cifar2/epoch26.npz
epoch  27  lr: 0.03000000  loss: 1.11561155  train accuracy: 0.60500000  test accuracy: 0.57640000  time: 12.24093243s
Loading dataset from file cifar2/epoch27.npz
Loading data from ./cifar2/epoch27.npz
epoch  28  lr: 0.03000000  loss: 1.11112928  train accuracy: 0.60320000  test accuracy: 0.57130000  time: 12.25029474s
Loading dataset from file cifar2/epoch28.npz
Loading data from ./cifar2/epoch28.npz
epoch  29  lr: 0.03000000  loss: 1.08821809  train accuracy: 0.61380000  test accuracy: 0.57600000  time: 12.22382564s
Loading dataset from file cifar2/epoch29.npz
Loading data from ./cifar2/epoch29.npz
epoch  30  lr: 0.03000000  loss: 1.08601606  train accuracy: 0.61412000  test accuracy: 0.57420000  time: 12.24695174s
Loading dataset from file cifar2/epoch30.npz
Loading data from ./cifar2/epoch30.npz
epoch  31  lr: 0.03000000  loss: 1.08916676  train accuracy: 0.61034000  test accuracy: 0.57500000  time: 12.24229995s
Loading dataset from file cifar2/epoch31.npz
Loading data from ./cifar2/epoch31.npz
epoch  32  lr: 0.03000000  loss: 1.09221113  train accuracy: 0.60826000  test accuracy: 0.56690000  time: 12.21997898s
Loading dataset from file cifar2/epoch32.npz
Loading data from ./cifar2/epoch32.npz
epoch  33  lr: 0.03000000  loss: 1.07541990  train accuracy: 0.61762000  test accuracy: 0.57740000  time: 12.28228348s
Loading dataset from file cifar2/epoch33.npz
Loading data from ./cifar2/epoch33.npz
epoch  34  lr: 0.03000000  loss: 1.07643199  train accuracy: 0.61364000  test accuracy: 0.57460000  time: 12.35360700s
Loading dataset from file cifar2/epoch34.npz
Loading data from ./cifar2/epoch34.npz
epoch  35  lr: 0.03000000  loss: 1.06465077  train accuracy: 0.62076000  test accuracy: 0.58010000  time: 12.31041849s
Loading dataset from file cifar2/epoch35.npz
Loading data from ./cifar2/epoch35.npz
epoch  36  lr: 0.03000000  loss: 1.06189668  train accuracy: 0.62378000  test accuracy: 0.57450000  time: 12.21967056s
Loading dataset from file cifar2/epoch36.npz
Loading data from ./cifar2/epoch36.npz
epoch  37  lr: 0.03000000  loss: 1.06545246  train accuracy: 0.62424000  test accuracy: 0.58090000  time: 12.07364287s
Loading dataset from file cifar2/epoch37.npz
Loading data from ./cifar2/epoch37.npz
epoch  38  lr: 0.03000000  loss: 1.05348253  train accuracy: 0.62538000  test accuracy: 0.58220000  time: 12.24399606s
Loading dataset from file cifar2/epoch38.npz
Loading data from ./cifar2/epoch38.npz
epoch  39  lr: 0.03000000  loss: 1.04200280  train accuracy: 0.63018000  test accuracy: 0.58450000  time: 12.24834334s
Loading dataset from file cifar2/epoch39.npz
Loading data from ./cifar2/epoch39.npz
epoch  40  lr: 0.03000000  loss: 1.04587543  train accuracy: 0.62836000  test accuracy: 0.58020000  time: 12.04317668s
Loading dataset from file cifar2/epoch40.npz
Loading data from ./cifar2/epoch40.npz
epoch  41  lr: 0.03000000  loss: 1.04964888  train accuracy: 0.62916000  test accuracy: 0.57760000  time: 12.24347226s
Loading dataset from file cifar2/epoch41.npz
Loading data from ./cifar2/epoch41.npz
epoch  42  lr: 0.03000000  loss: 1.04120100  train accuracy: 0.63120000  test accuracy: 0.58360000  time: 12.25246874s
Loading dataset from file cifar2/epoch42.npz
Loading data from ./cifar2/epoch42.npz
epoch  43  lr: 0.03000000  loss: 1.03603339  train accuracy: 0.63436000  test accuracy: 0.58410000  time: 12.17440073s
Loading dataset from file cifar2/epoch43.npz
Loading data from ./cifar2/epoch43.npz
epoch  44  lr: 0.03000000  loss: 1.03933179  train accuracy: 0.63084000  test accuracy: 0.58470000  time: 12.23042860s
Loading dataset from file cifar2/epoch44.npz
Loading data from ./cifar2/epoch44.npz
epoch  45  lr: 0.03000000  loss: 1.03186500  train accuracy: 0.63322000  test accuracy: 0.58740000  time: 12.28847014s
Loading dataset from file cifar2/epoch45.npz
Loading data from ./cifar2/epoch45.npz
epoch  46  lr: 0.03000000  loss: 1.02486217  train accuracy: 0.63860000  test accuracy: 0.58850000  time: 12.10031689s
Loading dataset from file cifar2/epoch46.npz
Loading data from ./cifar2/epoch46.npz
epoch  47  lr: 0.03000000  loss: 1.01722336  train accuracy: 0.64000000  test accuracy: 0.58720000  time: 12.22606430s
Loading dataset from file cifar2/epoch47.npz
Loading data from ./cifar2/epoch47.npz
epoch  48  lr: 0.03000000  loss: 1.02458835  train accuracy: 0.63782000  test accuracy: 0.58640000  time: 12.00144001s
Loading dataset from file cifar2/epoch48.npz
Loading data from ./cifar2/epoch48.npz
epoch  49  lr: 0.03000000  loss: 1.01653814  train accuracy: 0.64130000  test accuracy: 0.58730000  time: 12.07677264s
Loading dataset from file cifar2/epoch49.npz
Loading data from ./cifar2/epoch49.npz
epoch  50  lr: 0.03000000  loss: 1.01532543  train accuracy: 0.64194000  test accuracy: 0.58510000  time: 12.40100904s
Loading dataset from file cifar2/epoch50.npz
Loading data from ./cifar2/epoch50.npz
epoch  51  lr: 0.00300000  loss: 1.07422161  train accuracy: 0.61714000  test accuracy: 0.60740000  time: 12.17332813s
Loading dataset from file cifar2/epoch51.npz
Loading data from ./cifar2/epoch51.npz
epoch  52  lr: 0.00300000  loss: 1.06657481  train accuracy: 0.62106000  test accuracy: 0.61090000  time: 12.25766515s
Loading dataset from file cifar2/epoch52.npz
Loading data from ./cifar2/epoch52.npz
epoch  53  lr: 0.00300000  loss: 1.05199933  train accuracy: 0.62532000  test accuracy: 0.61250000  time: 12.18517284s
Loading dataset from file cifar2/epoch53.npz
Loading data from ./cifar2/epoch53.npz
epoch  54  lr: 0.00300000  loss: 1.04897714  train accuracy: 0.62594000  test accuracy: 0.61500000  time: 12.21085842s
Loading dataset from file cifar2/epoch54.npz
Loading data from ./cifar2/epoch54.npz
epoch  55  lr: 0.00300000  loss: 1.04673672  train accuracy: 0.62866000  test accuracy: 0.61730000  time: 12.41190791s
Loading dataset from file cifar2/epoch55.npz
Loading data from ./cifar2/epoch55.npz
epoch  56  lr: 0.00300000  loss: 1.04156590  train accuracy: 0.62968000  test accuracy: 0.61700000  time: 12.21830544s
Loading dataset from file cifar2/epoch56.npz
Loading data from ./cifar2/epoch56.npz
epoch  57  lr: 0.00300000  loss: 1.03695261  train accuracy: 0.63180000  test accuracy: 0.61880000  time: 12.15378796s
Loading dataset from file cifar2/epoch57.npz
Loading data from ./cifar2/epoch57.npz
epoch  58  lr: 0.00300000  loss: 1.03646684  train accuracy: 0.63278000  test accuracy: 0.62050000  time: 12.37689644s
Loading dataset from file cifar2/epoch58.npz
Loading data from ./cifar2/epoch58.npz
epoch  59  lr: 0.00300000  loss: 1.03071606  train accuracy: 0.63490000  test accuracy: 0.61710000  time: 12.41845375s
Loading dataset from file cifar2/epoch59.npz
Loading data from ./cifar2/epoch59.npz
epoch  60  lr: 0.00300000  loss: 1.03005958  train accuracy: 0.63322000  test accuracy: 0.62020000  time: 12.06205129s
Loading dataset from file cifar2/epoch60.npz
Loading data from ./cifar2/epoch60.npz
epoch  61  lr: 0.00300000  loss: 1.02806818  train accuracy: 0.63344000  test accuracy: 0.61600000  time: 12.27864717s
Loading dataset from file cifar2/epoch61.npz
Loading data from ./cifar2/epoch61.npz
epoch  62  lr: 0.00300000  loss: 1.02393675  train accuracy: 0.63362000  test accuracy: 0.61800000  time: 12.35669694s
Loading dataset from file cifar2/epoch62.npz
Loading data from ./cifar2/epoch62.npz
epoch  63  lr: 0.00300000  loss: 1.01950669  train accuracy: 0.63712000  test accuracy: 0.61930000  time: 12.12716829s
Loading dataset from file cifar2/epoch63.npz
Loading data from ./cifar2/epoch63.npz
epoch  64  lr: 0.00300000  loss: 1.02207196  train accuracy: 0.63674000  test accuracy: 0.61840000  time: 12.12582308s
Loading dataset from file cifar2/epoch64.npz
Loading data from ./cifar2/epoch64.npz
epoch  65  lr: 0.00300000  loss: 1.01862717  train accuracy: 0.63704000  test accuracy: 0.62190000  time: 12.15991028s
Loading dataset from file cifar2/epoch65.npz
Loading data from ./cifar2/epoch65.npz
epoch  66  lr: 0.00300000  loss: 1.01639497  train accuracy: 0.64106000  test accuracy: 0.61740000  time: 12.22073575s
Loading dataset from file cifar2/epoch66.npz
Loading data from ./cifar2/epoch66.npz
epoch  67  lr: 0.00300000  loss: 1.01856411  train accuracy: 0.63838000  test accuracy: 0.61950000  time: 12.21405151s
Loading dataset from file cifar2/epoch67.npz
Loading data from ./cifar2/epoch67.npz
epoch  68  lr: 0.00300000  loss: 1.01023853  train accuracy: 0.64288000  test accuracy: 0.62040000  time: 12.18322077s
Loading dataset from file cifar2/epoch68.npz
Loading data from ./cifar2/epoch68.npz
epoch  69  lr: 0.00300000  loss: 1.01170802  train accuracy: 0.64044000  test accuracy: 0.61850000  time: 12.31038589s
Loading dataset from file cifar2/epoch69.npz
Loading data from ./cifar2/epoch69.npz
epoch  70  lr: 0.00300000  loss: 1.00499201  train accuracy: 0.64404000  test accuracy: 0.61970000  time: 12.14917031s
Loading dataset from file cifar2/epoch70.npz
Loading data from ./cifar2/epoch70.npz
epoch  71  lr: 0.00300000  loss: 1.01114225  train accuracy: 0.64206000  test accuracy: 0.62010000  time: 12.35139133s
Loading dataset from file cifar2/epoch71.npz
Loading data from ./cifar2/epoch71.npz
epoch  72  lr: 0.00300000  loss: 1.00240445  train accuracy: 0.64432000  test accuracy: 0.62130000  time: 12.23661352s
Loading dataset from file cifar2/epoch72.npz
Loading data from ./cifar2/epoch72.npz
epoch  73  lr: 0.00300000  loss: 1.01130819  train accuracy: 0.64122000  test accuracy: 0.61910000  time: 12.16544456s
Loading dataset from file cifar2/epoch73.npz
Loading data from ./cifar2/epoch73.npz
epoch  74  lr: 0.00300000  loss: 1.01066756  train accuracy: 0.64166000  test accuracy: 0.61900000  time: 12.31460428s
Loading dataset from file cifar2/epoch74.npz
Loading data from ./cifar2/epoch74.npz
epoch  75  lr: 0.00300000  loss: 1.00495982  train accuracy: 0.64236000  test accuracy: 0.61760000  time: 12.19739550s
Loading dataset from file cifar2/epoch75.npz
Loading data from ./cifar2/epoch75.npz
epoch  76  lr: 0.00030000  loss: 1.03350723  train accuracy: 0.63272000  test accuracy: 0.62040000  time: 12.27124940s
Loading dataset from file cifar2/epoch76.npz
Loading data from ./cifar2/epoch76.npz
epoch  77  lr: 0.00030000  loss: 1.03028786  train accuracy: 0.63232000  test accuracy: 0.62230000  time: 12.21901361s
Loading dataset from file cifar2/epoch77.npz
Loading data from ./cifar2/epoch77.npz
epoch  78  lr: 0.00030000  loss: 1.03722465  train accuracy: 0.63200000  test accuracy: 0.62270000  time: 12.26705532s
Loading dataset from file cifar2/epoch78.npz
Loading data from ./cifar2/epoch78.npz
epoch  79  lr: 0.00030000  loss: 1.03082597  train accuracy: 0.63290000  test accuracy: 0.62230000  time: 12.25814150s
Loading dataset from file cifar2/epoch79.npz
Loading data from ./cifar2/epoch79.npz
epoch  80  lr: 0.00030000  loss: 1.03480482  train accuracy: 0.63222000  test accuracy: 0.62200000  time: 12.20422192s
Loading dataset from file cifar2/epoch80.npz
Loading data from ./cifar2/epoch80.npz
epoch  81  lr: 0.00030000  loss: 1.03311396  train accuracy: 0.63200000  test accuracy: 0.62190000  time: 12.20074163s
Loading dataset from file cifar2/epoch81.npz
Loading data from ./cifar2/epoch81.npz
epoch  82  lr: 0.00030000  loss: 1.03161120  train accuracy: 0.63182000  test accuracy: 0.62250000  time: 12.24974511s
Loading dataset from file cifar2/epoch82.npz
Loading data from ./cifar2/epoch82.npz
epoch  83  lr: 0.00030000  loss: 1.02925515  train accuracy: 0.63210000  test accuracy: 0.62280000  time: 12.25114653s
Loading dataset from file cifar2/epoch83.npz
Loading data from ./cifar2/epoch83.npz
epoch  84  lr: 0.00030000  loss: 1.03318572  train accuracy: 0.63084000  test accuracy: 0.62320000  time: 12.23288670s
Loading dataset from file cifar2/epoch84.npz
Loading data from ./cifar2/epoch84.npz
epoch  85  lr: 0.00030000  loss: 1.03145683  train accuracy: 0.63334000  test accuracy: 0.62350000  time: 12.27532849s
Loading dataset from file cifar2/epoch85.npz
Loading data from ./cifar2/epoch85.npz
epoch  86  lr: 0.00030000  loss: 1.02993464  train accuracy: 0.63494000  test accuracy: 0.62400000  time: 12.11748094s
Loading dataset from file cifar2/epoch86.npz
Loading data from ./cifar2/epoch86.npz
epoch  87  lr: 0.00030000  loss: 1.03373277  train accuracy: 0.63202000  test accuracy: 0.62420000  time: 12.18222439s
Loading dataset from file cifar2/epoch87.npz
Loading data from ./cifar2/epoch87.npz
epoch  88  lr: 0.00030000  loss: 1.03036106  train accuracy: 0.63030000  test accuracy: 0.62300000  time: 12.18178298s
Loading dataset from file cifar2/epoch88.npz
Loading data from ./cifar2/epoch88.npz
epoch  89  lr: 0.00030000  loss: 1.02929902  train accuracy: 0.63408000  test accuracy: 0.62260000  time: 12.22454171s
Loading dataset from file cifar2/epoch89.npz
Loading data from ./cifar2/epoch89.npz
epoch  90  lr: 0.00030000  loss: 1.02623582  train accuracy: 0.63292000  test accuracy: 0.62350000  time: 12.12751154s
Loading dataset from file cifar2/epoch90.npz
Loading data from ./cifar2/epoch90.npz
epoch  91  lr: 0.00030000  loss: 1.02754760  train accuracy: 0.63504000  test accuracy: 0.62320000  time: 12.21568606s
Loading dataset from file cifar2/epoch91.npz
Loading data from ./cifar2/epoch91.npz
epoch  92  lr: 0.00030000  loss: 1.02519143  train accuracy: 0.63516000  test accuracy: 0.62330000  time: 12.25064105s
Loading dataset from file cifar2/epoch92.npz
Loading data from ./cifar2/epoch92.npz
epoch  93  lr: 0.00030000  loss: 1.02650416  train accuracy: 0.63260000  test accuracy: 0.62430000  time: 12.10946075s
Loading dataset from file cifar2/epoch93.npz
Loading data from ./cifar2/epoch93.npz
epoch  94  lr: 0.00030000  loss: 1.02593291  train accuracy: 0.63540000  test accuracy: 0.62370000  time: 12.22478806s
Loading dataset from file cifar2/epoch94.npz
Loading data from ./cifar2/epoch94.npz
epoch  95  lr: 0.00030000  loss: 1.02972782  train accuracy: 0.63364000  test accuracy: 0.62390000  time: 12.17942514s
Loading dataset from file cifar2/epoch95.npz
Loading data from ./cifar2/epoch95.npz
epoch  96  lr: 0.00030000  loss: 1.03065801  train accuracy: 0.63256000  test accuracy: 0.62370000  time: 12.21315968s
Loading dataset from file cifar2/epoch96.npz
Loading data from ./cifar2/epoch96.npz
epoch  97  lr: 0.00030000  loss: 1.02525425  train accuracy: 0.63436000  test accuracy: 0.62350000  time: 12.19838417s
Loading dataset from file cifar2/epoch97.npz
Loading data from ./cifar2/epoch97.npz
epoch  98  lr: 0.00030000  loss: 1.03160715  train accuracy: 0.63236000  test accuracy: 0.62450000  time: 12.19071691s
Loading dataset from file cifar2/epoch98.npz
Loading data from ./cifar2/epoch98.npz
epoch  99  lr: 0.00030000  loss: 1.02764666  train accuracy: 0.63490000  test accuracy: 0.62400000  time: 12.24223982s
Loading dataset from file cifar2/epoch99.npz
Loading data from ./cifar2/epoch99.npz
epoch 100  lr: 0.00030000  loss: 1.03350151  train accuracy: 0.63332000  test accuracy: 0.62310000  time: 12.05581088s
Accuracy of the network on the 10000 test images: 62.310 %
