=== Command line arguments ===
Namespace(show=False, batch_size=100, seed=1, precision=4, edgeitems=3, density=0.1, sizes='3072,1024,512,10', epochs=100, lr=0.03, momentum=0.9, gamma=0.1, nesterov=True, datadir='./data', augmented=False, preprocessed='./cifar1', copy=False, nerva=False, torch=True, scheduler='multistep', import_weights=None, custom_masking=False)
Files already downloaded and verified
initialize by ER
Overall sparsity 0.10000000000000002
Total Model parameters: 3675136
Total parameters under sparsity level of 0.1: 0.09995330785037615
initialize by ER
Overall sparsity 0.10000000000000002
Total Model parameters: 7350272
Total parameters under sparsity level of 0.1: 0.012439539652410143

=== PyTorch model ===
MLP1(
  (layers): ModuleList(
    (0): Linear(in_features=3072, out_features=1024, bias=True)
    (1): Linear(in_features=1024, out_features=512, bias=True)
    (2): Linear(in_features=512, out_features=10, bias=True)
  )
  (loss): CrossEntropyLoss()
)
CrossEntropyLoss()
<torch.optim.lr_scheduler.MultiStepLR object at 0x7fe86fc73160>

=== Training PyTorch model ===
Loading dataset from file cifar1/epoch0.npz
Loading data from ./cifar1/epoch0.npz
epoch   0  lr: 0.03000000  loss: 2.30290031  train accuracy: 0.10092000  test accuracy: 0.10080000  time: 0.00000000s
epoch   1  lr: 0.03000000  loss: 1.68585753  train accuracy: 0.39494000  test accuracy: 0.42650000  time: 12.25650670s
Loading dataset from file cifar1/epoch1.npz
Loading data from ./cifar1/epoch1.npz
epoch   2  lr: 0.03000000  loss: 1.51739192  train accuracy: 0.46180000  test accuracy: 0.47590000  time: 12.09353142s
Loading dataset from file cifar1/epoch2.npz
Loading data from ./cifar1/epoch2.npz
epoch   3  lr: 0.03000000  loss: 1.42750525  train accuracy: 0.49156000  test accuracy: 0.50230000  time: 12.05369589s
Loading dataset from file cifar1/epoch3.npz
Loading data from ./cifar1/epoch3.npz
epoch   4  lr: 0.03000000  loss: 1.36973608  train accuracy: 0.51306000  test accuracy: 0.51790000  time: 12.24692110s
Loading dataset from file cifar1/epoch4.npz
Loading data from ./cifar1/epoch4.npz
epoch   5  lr: 0.03000000  loss: 1.33145344  train accuracy: 0.52636000  test accuracy: 0.52430000  time: 12.02394358s
Loading dataset from file cifar1/epoch5.npz
Loading data from ./cifar1/epoch5.npz
epoch   6  lr: 0.03000000  loss: 1.30123293  train accuracy: 0.53274000  test accuracy: 0.53110000  time: 12.22524652s
Loading dataset from file cifar1/epoch6.npz
Loading data from ./cifar1/epoch6.npz
epoch   7  lr: 0.03000000  loss: 1.28589654  train accuracy: 0.54070000  test accuracy: 0.53600000  time: 12.17863370s
Loading dataset from file cifar1/epoch7.npz
Loading data from ./cifar1/epoch7.npz
epoch   8  lr: 0.03000000  loss: 1.26741707  train accuracy: 0.54328000  test accuracy: 0.53780000  time: 12.37510581s
Loading dataset from file cifar1/epoch8.npz
Loading data from ./cifar1/epoch8.npz
epoch   9  lr: 0.03000000  loss: 1.22316349  train accuracy: 0.56086000  test accuracy: 0.54610000  time: 12.32094821s
Loading dataset from file cifar1/epoch9.npz
Loading data from ./cifar1/epoch9.npz
epoch  10  lr: 0.03000000  loss: 1.19382763  train accuracy: 0.57366000  test accuracy: 0.55400000  time: 12.33181438s
Loading dataset from file cifar1/epoch10.npz
Loading data from ./cifar1/epoch10.npz
epoch  11  lr: 0.03000000  loss: 1.18153870  train accuracy: 0.57676000  test accuracy: 0.55590000  time: 12.15059188s
Loading dataset from file cifar1/epoch11.npz
Loading data from ./cifar1/epoch11.npz
epoch  12  lr: 0.03000000  loss: 1.17743945  train accuracy: 0.58012000  test accuracy: 0.54930000  time: 12.05019974s
Loading dataset from file cifar1/epoch12.npz
Loading data from ./cifar1/epoch12.npz
epoch  13  lr: 0.03000000  loss: 1.16154683  train accuracy: 0.58616000  test accuracy: 0.55210000  time: 12.25893791s
Loading dataset from file cifar1/epoch13.npz
Loading data from ./cifar1/epoch13.npz
epoch  14  lr: 0.03000000  loss: 1.15936911  train accuracy: 0.58364000  test accuracy: 0.55350000  time: 12.22030562s
Loading dataset from file cifar1/epoch14.npz
Loading data from ./cifar1/epoch14.npz
epoch  15  lr: 0.03000000  loss: 1.13249266  train accuracy: 0.59758000  test accuracy: 0.56240000  time: 12.23443087s
Loading dataset from file cifar1/epoch15.npz
Loading data from ./cifar1/epoch15.npz
epoch  16  lr: 0.03000000  loss: 1.12664580  train accuracy: 0.60174000  test accuracy: 0.55250000  time: 12.14499772s
Loading dataset from file cifar1/epoch16.npz
Loading data from ./cifar1/epoch16.npz
epoch  17  lr: 0.03000000  loss: 1.11958909  train accuracy: 0.60234000  test accuracy: 0.56130000  time: 12.25714266s
Loading dataset from file cifar1/epoch17.npz
Loading data from ./cifar1/epoch17.npz
epoch  18  lr: 0.03000000  loss: 1.09877443  train accuracy: 0.60758000  test accuracy: 0.56490000  time: 12.05962334s
Loading dataset from file cifar1/epoch18.npz
Loading data from ./cifar1/epoch18.npz
epoch  19  lr: 0.03000000  loss: 1.10178018  train accuracy: 0.60750000  test accuracy: 0.56420000  time: 12.36103151s
Loading dataset from file cifar1/epoch19.npz
Loading data from ./cifar1/epoch19.npz
epoch  20  lr: 0.03000000  loss: 1.10176182  train accuracy: 0.60912000  test accuracy: 0.56920000  time: 12.12231296s
Loading dataset from file cifar1/epoch20.npz
Loading data from ./cifar1/epoch20.npz
epoch  21  lr: 0.03000000  loss: 1.08514273  train accuracy: 0.61562000  test accuracy: 0.56850000  time: 12.16394977s
Loading dataset from file cifar1/epoch21.npz
Loading data from ./cifar1/epoch21.npz
epoch  22  lr: 0.03000000  loss: 1.06631052  train accuracy: 0.62146000  test accuracy: 0.57250000  time: 12.04256523s
Loading dataset from file cifar1/epoch22.npz
Loading data from ./cifar1/epoch22.npz
epoch  23  lr: 0.03000000  loss: 1.07823133  train accuracy: 0.61446000  test accuracy: 0.57150000  time: 12.14431989s
Loading dataset from file cifar1/epoch23.npz
Loading data from ./cifar1/epoch23.npz
epoch  24  lr: 0.03000000  loss: 1.05778193  train accuracy: 0.62756000  test accuracy: 0.56970000  time: 12.08534081s
Loading dataset from file cifar1/epoch24.npz
Loading data from ./cifar1/epoch24.npz
epoch  25  lr: 0.03000000  loss: 1.04232013  train accuracy: 0.63258000  test accuracy: 0.57930000  time: 12.21206334s
Loading dataset from file cifar1/epoch25.npz
Loading data from ./cifar1/epoch25.npz
epoch  26  lr: 0.03000000  loss: 1.04965699  train accuracy: 0.62860000  test accuracy: 0.57660000  time: 12.17184429s
Loading dataset from file cifar1/epoch26.npz
Loading data from ./cifar1/epoch26.npz
epoch  27  lr: 0.03000000  loss: 1.03694940  train accuracy: 0.63020000  test accuracy: 0.57890000  time: 12.03234819s
Loading dataset from file cifar1/epoch27.npz
Loading data from ./cifar1/epoch27.npz
epoch  28  lr: 0.03000000  loss: 1.03452146  train accuracy: 0.63400000  test accuracy: 0.57710000  time: 12.39440973s
Loading dataset from file cifar1/epoch28.npz
Loading data from ./cifar1/epoch28.npz
epoch  29  lr: 0.03000000  loss: 1.03634286  train accuracy: 0.63336000  test accuracy: 0.56980000  time: 12.11765601s
Loading dataset from file cifar1/epoch29.npz
Loading data from ./cifar1/epoch29.npz
epoch  30  lr: 0.03000000  loss: 1.02535474  train accuracy: 0.63328000  test accuracy: 0.57990000  time: 12.24774315s
Loading dataset from file cifar1/epoch30.npz
Loading data from ./cifar1/epoch30.npz
epoch  31  lr: 0.03000000  loss: 1.02729821  train accuracy: 0.63596000  test accuracy: 0.58250000  time: 12.04007999s
Loading dataset from file cifar1/epoch31.npz
Loading data from ./cifar1/epoch31.npz
epoch  32  lr: 0.03000000  loss: 1.00861466  train accuracy: 0.64032000  test accuracy: 0.58040000  time: 12.21790786s
Loading dataset from file cifar1/epoch32.npz
Loading data from ./cifar1/epoch32.npz
epoch  33  lr: 0.03000000  loss: 1.00950444  train accuracy: 0.64380000  test accuracy: 0.58200000  time: 12.05816116s
Loading dataset from file cifar1/epoch33.npz
Loading data from ./cifar1/epoch33.npz
epoch  34  lr: 0.03000000  loss: 1.00234997  train accuracy: 0.64646000  test accuracy: 0.58570000  time: 12.21822622s
Loading dataset from file cifar1/epoch34.npz
Loading data from ./cifar1/epoch34.npz
epoch  35  lr: 0.03000000  loss: 1.01202059  train accuracy: 0.64190000  test accuracy: 0.57490000  time: 12.01585427s
Loading dataset from file cifar1/epoch35.npz
Loading data from ./cifar1/epoch35.npz
epoch  36  lr: 0.03000000  loss: 0.98706341  train accuracy: 0.64984000  test accuracy: 0.58810000  time: 12.19915236s
Loading dataset from file cifar1/epoch36.npz
Loading data from ./cifar1/epoch36.npz
epoch  37  lr: 0.03000000  loss: 0.98741251  train accuracy: 0.65132000  test accuracy: 0.59160000  time: 12.59174742s
Loading dataset from file cifar1/epoch37.npz
Loading data from ./cifar1/epoch37.npz
epoch  38  lr: 0.03000000  loss: 0.98341328  train accuracy: 0.65426000  test accuracy: 0.59070000  time: 12.65173666s
Loading dataset from file cifar1/epoch38.npz
Loading data from ./cifar1/epoch38.npz
epoch  39  lr: 0.03000000  loss: 0.97011882  train accuracy: 0.65756000  test accuracy: 0.59020000  time: 12.55359967s
Loading dataset from file cifar1/epoch39.npz
Loading data from ./cifar1/epoch39.npz
epoch  40  lr: 0.03000000  loss: 0.98510814  train accuracy: 0.65298000  test accuracy: 0.58940000  time: 14.04919904s
Loading dataset from file cifar1/epoch40.npz
Loading data from ./cifar1/epoch40.npz
epoch  41  lr: 0.03000000  loss: 0.97361022  train accuracy: 0.65694000  test accuracy: 0.58950000  time: 13.08067103s
Loading dataset from file cifar1/epoch41.npz
Loading data from ./cifar1/epoch41.npz
epoch  42  lr: 0.03000000  loss: 0.97788203  train accuracy: 0.65538000  test accuracy: 0.58920000  time: 14.28308695s
Loading dataset from file cifar1/epoch42.npz
Loading data from ./cifar1/epoch42.npz
epoch  43  lr: 0.03000000  loss: 0.99361134  train accuracy: 0.64140000  test accuracy: 0.57290000  time: 12.88757932s
Loading dataset from file cifar1/epoch43.npz
Loading data from ./cifar1/epoch43.npz
epoch  44  lr: 0.03000000  loss: 0.95606673  train accuracy: 0.66330000  test accuracy: 0.58930000  time: 13.66551111s
Loading dataset from file cifar1/epoch44.npz
Loading data from ./cifar1/epoch44.npz
epoch  45  lr: 0.03000000  loss: 0.95652002  train accuracy: 0.65822000  test accuracy: 0.59850000  time: 13.14020302s
Loading dataset from file cifar1/epoch45.npz
Loading data from ./cifar1/epoch45.npz
epoch  46  lr: 0.03000000  loss: 0.95118642  train accuracy: 0.66342000  test accuracy: 0.60120000  time: 13.34626278s
Loading dataset from file cifar1/epoch46.npz
Loading data from ./cifar1/epoch46.npz
epoch  47  lr: 0.03000000  loss: 0.95858014  train accuracy: 0.66018000  test accuracy: 0.59170000  time: 13.08133343s
Loading dataset from file cifar1/epoch47.npz
Loading data from ./cifar1/epoch47.npz
epoch  48  lr: 0.03000000  loss: 0.93501735  train accuracy: 0.67022000  test accuracy: 0.59750000  time: 12.18556152s
Loading dataset from file cifar1/epoch48.npz
Loading data from ./cifar1/epoch48.npz
epoch  49  lr: 0.03000000  loss: 0.94943118  train accuracy: 0.66464000  test accuracy: 0.59250000  time: 12.11542351s
Loading dataset from file cifar1/epoch49.npz
Loading data from ./cifar1/epoch49.npz
epoch  50  lr: 0.03000000  loss: 0.94550413  train accuracy: 0.66310000  test accuracy: 0.59160000  time: 12.30016282s
Loading dataset from file cifar1/epoch50.npz
Loading data from ./cifar1/epoch50.npz
epoch  51  lr: 0.00300000  loss: 0.99923033  train accuracy: 0.64316000  test accuracy: 0.62000000  time: 12.26020784s
Loading dataset from file cifar1/epoch51.npz
Loading data from ./cifar1/epoch51.npz
epoch  52  lr: 0.00300000  loss: 0.98321080  train accuracy: 0.65018000  test accuracy: 0.61960000  time: 12.21157656s
Loading dataset from file cifar1/epoch52.npz
Loading data from ./cifar1/epoch52.npz
epoch  53  lr: 0.00300000  loss: 0.97200763  train accuracy: 0.65196000  test accuracy: 0.62530000  time: 12.32370043s
Loading dataset from file cifar1/epoch53.npz
Loading data from ./cifar1/epoch53.npz
epoch  54  lr: 0.00300000  loss: 0.96180195  train accuracy: 0.65680000  test accuracy: 0.62300000  time: 12.19221754s
Loading dataset from file cifar1/epoch54.npz
Loading data from ./cifar1/epoch54.npz
epoch  55  lr: 0.00300000  loss: 0.95348841  train accuracy: 0.66046000  test accuracy: 0.62610000  time: 12.30243123s
Loading dataset from file cifar1/epoch55.npz
Loading data from ./cifar1/epoch55.npz
epoch  56  lr: 0.00300000  loss: 0.94680095  train accuracy: 0.66362000  test accuracy: 0.62720000  time: 12.20232382s
Loading dataset from file cifar1/epoch56.npz
Loading data from ./cifar1/epoch56.npz
epoch  57  lr: 0.00300000  loss: 0.94473368  train accuracy: 0.66484000  test accuracy: 0.62870000  time: 12.22284978s
Loading dataset from file cifar1/epoch57.npz
Loading data from ./cifar1/epoch57.npz
epoch  58  lr: 0.00300000  loss: 0.94177109  train accuracy: 0.66590000  test accuracy: 0.63070000  time: 12.17689305s
Loading dataset from file cifar1/epoch58.npz
Loading data from ./cifar1/epoch58.npz
epoch  59  lr: 0.00300000  loss: 0.94027603  train accuracy: 0.66638000  test accuracy: 0.62740000  time: 12.30055773s
Loading dataset from file cifar1/epoch59.npz
Loading data from ./cifar1/epoch59.npz
epoch  60  lr: 0.00300000  loss: 0.93809861  train accuracy: 0.66636000  test accuracy: 0.62430000  time: 12.21364457s
Loading dataset from file cifar1/epoch60.npz
Loading data from ./cifar1/epoch60.npz
epoch  61  lr: 0.00300000  loss: 0.92997396  train accuracy: 0.66948000  test accuracy: 0.63050000  time: 12.22512566s
Loading dataset from file cifar1/epoch61.npz
Loading data from ./cifar1/epoch61.npz
epoch  62  lr: 0.00300000  loss: 0.92713678  train accuracy: 0.66942000  test accuracy: 0.63310000  time: 12.22360760s
Loading dataset from file cifar1/epoch62.npz
Loading data from ./cifar1/epoch62.npz
epoch  63  lr: 0.00300000  loss: 0.92814440  train accuracy: 0.67142000  test accuracy: 0.63230000  time: 12.28127492s
Loading dataset from file cifar1/epoch63.npz
Loading data from ./cifar1/epoch63.npz
epoch  64  lr: 0.00300000  loss: 0.92156422  train accuracy: 0.67312000  test accuracy: 0.63010000  time: 12.58764051s
Loading dataset from file cifar1/epoch64.npz
Loading data from ./cifar1/epoch64.npz
epoch  65  lr: 0.00300000  loss: 0.91753876  train accuracy: 0.67458000  test accuracy: 0.63110000  time: 13.82170680s
Loading dataset from file cifar1/epoch65.npz
Loading data from ./cifar1/epoch65.npz
epoch  66  lr: 0.00300000  loss: 0.91360015  train accuracy: 0.67562000  test accuracy: 0.63270000  time: 12.91713557s
Loading dataset from file cifar1/epoch66.npz
Loading data from ./cifar1/epoch66.npz
epoch  67  lr: 0.00300000  loss: 0.92107403  train accuracy: 0.67240000  test accuracy: 0.63220000  time: 12.21997825s
Loading dataset from file cifar1/epoch67.npz
Loading data from ./cifar1/epoch67.npz
epoch  68  lr: 0.00300000  loss: 0.91147381  train accuracy: 0.67612000  test accuracy: 0.63310000  time: 12.38266022s
Loading dataset from file cifar1/epoch68.npz
Loading data from ./cifar1/epoch68.npz
epoch  69  lr: 0.00300000  loss: 0.90819591  train accuracy: 0.67778000  test accuracy: 0.63060000  time: 12.23028576s
Loading dataset from file cifar1/epoch69.npz
Loading data from ./cifar1/epoch69.npz
epoch  70  lr: 0.00300000  loss: 0.90870327  train accuracy: 0.67556000  test accuracy: 0.63180000  time: 12.11460188s
Loading dataset from file cifar1/epoch70.npz
Loading data from ./cifar1/epoch70.npz
epoch  71  lr: 0.00300000  loss: 0.90679908  train accuracy: 0.67918000  test accuracy: 0.63170000  time: 12.28914356s
Loading dataset from file cifar1/epoch71.npz
Loading data from ./cifar1/epoch71.npz
epoch  72  lr: 0.00300000  loss: 0.90308470  train accuracy: 0.68004000  test accuracy: 0.63120000  time: 12.28755138s
Loading dataset from file cifar1/epoch72.npz
Loading data from ./cifar1/epoch72.npz
epoch  73  lr: 0.00300000  loss: 0.90336382  train accuracy: 0.67858000  test accuracy: 0.63490000  time: 12.35805720s
Loading dataset from file cifar1/epoch73.npz
Loading data from ./cifar1/epoch73.npz
epoch  74  lr: 0.00300000  loss: 0.89993536  train accuracy: 0.68238000  test accuracy: 0.63540000  time: 12.43820058s
Loading dataset from file cifar1/epoch74.npz
Loading data from ./cifar1/epoch74.npz
epoch  75  lr: 0.00300000  loss: 0.90148306  train accuracy: 0.67986000  test accuracy: 0.63200000  time: 12.26537830s
Loading dataset from file cifar1/epoch75.npz
Loading data from ./cifar1/epoch75.npz
epoch  76  lr: 0.00030000  loss: 0.94101810  train accuracy: 0.66544000  test accuracy: 0.63160000  time: 12.22778940s
Loading dataset from file cifar1/epoch76.npz
Loading data from ./cifar1/epoch76.npz
epoch  77  lr: 0.00030000  loss: 0.94246423  train accuracy: 0.66238000  test accuracy: 0.63280000  time: 12.13177508s
Loading dataset from file cifar1/epoch77.npz
Loading data from ./cifar1/epoch77.npz
epoch  78  lr: 0.00030000  loss: 0.93443131  train accuracy: 0.66704000  test accuracy: 0.63200000  time: 12.24157119s
Loading dataset from file cifar1/epoch78.npz
Loading data from ./cifar1/epoch78.npz
epoch  79  lr: 0.00030000  loss: 0.94444984  train accuracy: 0.66356000  test accuracy: 0.63250000  time: 12.12358987s
Loading dataset from file cifar1/epoch79.npz
Loading data from ./cifar1/epoch79.npz
epoch  80  lr: 0.00030000  loss: 0.93782616  train accuracy: 0.66538000  test accuracy: 0.63300000  time: 12.45326266s
Loading dataset from file cifar1/epoch80.npz
Loading data from ./cifar1/epoch80.npz
epoch  81  lr: 0.00030000  loss: 0.93882751  train accuracy: 0.66478000  test accuracy: 0.63330000  time: 12.14426247s
Loading dataset from file cifar1/epoch81.npz
Loading data from ./cifar1/epoch81.npz
epoch  82  lr: 0.00030000  loss: 0.93672627  train accuracy: 0.66752000  test accuracy: 0.63400000  time: 12.22569726s
Loading dataset from file cifar1/epoch82.npz
Loading data from ./cifar1/epoch82.npz
epoch  83  lr: 0.00030000  loss: 0.93416935  train accuracy: 0.66554000  test accuracy: 0.63400000  time: 12.06765430s
Loading dataset from file cifar1/epoch83.npz
Loading data from ./cifar1/epoch83.npz
epoch  84  lr: 0.00030000  loss: 0.94237703  train accuracy: 0.66574000  test accuracy: 0.63420000  time: 12.33934266s
Loading dataset from file cifar1/epoch84.npz
Loading data from ./cifar1/epoch84.npz
epoch  85  lr: 0.00030000  loss: 0.93109053  train accuracy: 0.66638000  test accuracy: 0.63300000  time: 12.14825888s
Loading dataset from file cifar1/epoch85.npz
Loading data from ./cifar1/epoch85.npz
epoch  86  lr: 0.00030000  loss: 0.93720967  train accuracy: 0.66652000  test accuracy: 0.63440000  time: 12.40183396s
Loading dataset from file cifar1/epoch86.npz
Loading data from ./cifar1/epoch86.npz
epoch  87  lr: 0.00030000  loss: 0.93148470  train accuracy: 0.66804000  test accuracy: 0.63440000  time: 12.08703394s
Loading dataset from file cifar1/epoch87.npz
Loading data from ./cifar1/epoch87.npz
epoch  88  lr: 0.00030000  loss: 0.93057346  train accuracy: 0.67006000  test accuracy: 0.63410000  time: 12.44937604s
Loading dataset from file cifar1/epoch88.npz
Loading data from ./cifar1/epoch88.npz
epoch  89  lr: 0.00030000  loss: 0.93043834  train accuracy: 0.66592000  test accuracy: 0.63380000  time: 12.09639842s
Loading dataset from file cifar1/epoch89.npz
Loading data from ./cifar1/epoch89.npz
epoch  90  lr: 0.00030000  loss: 0.93222922  train accuracy: 0.66560000  test accuracy: 0.63460000  time: 12.31339397s
Loading dataset from file cifar1/epoch90.npz
Loading data from ./cifar1/epoch90.npz
epoch  91  lr: 0.00030000  loss: 0.93234974  train accuracy: 0.66640000  test accuracy: 0.63400000  time: 12.15476977s
Loading dataset from file cifar1/epoch91.npz
Loading data from ./cifar1/epoch91.npz
epoch  92  lr: 0.00030000  loss: 0.93428493  train accuracy: 0.66820000  test accuracy: 0.63370000  time: 12.16062188s
Loading dataset from file cifar1/epoch92.npz
Loading data from ./cifar1/epoch92.npz
epoch  93  lr: 0.00030000  loss: 0.93135250  train accuracy: 0.66708000  test accuracy: 0.63420000  time: 12.12710955s
Loading dataset from file cifar1/epoch93.npz
Loading data from ./cifar1/epoch93.npz
epoch  94  lr: 0.00030000  loss: 0.92974764  train accuracy: 0.66848000  test accuracy: 0.63430000  time: 12.24673833s
Loading dataset from file cifar1/epoch94.npz
Loading data from ./cifar1/epoch94.npz
epoch  95  lr: 0.00030000  loss: 0.92930311  train accuracy: 0.66806000  test accuracy: 0.63340000  time: 12.09745061s
Loading dataset from file cifar1/epoch95.npz
Loading data from ./cifar1/epoch95.npz
epoch  96  lr: 0.00030000  loss: 0.92990607  train accuracy: 0.66826000  test accuracy: 0.63470000  time: 12.28120452s
Loading dataset from file cifar1/epoch96.npz
Loading data from ./cifar1/epoch96.npz
epoch  97  lr: 0.00030000  loss: 0.92759323  train accuracy: 0.66606000  test accuracy: 0.63420000  time: 12.07708948s
Loading dataset from file cifar1/epoch97.npz
Loading data from ./cifar1/epoch97.npz
epoch  98  lr: 0.00030000  loss: 0.93484497  train accuracy: 0.66774000  test accuracy: 0.63500000  time: 12.29670939s
Loading dataset from file cifar1/epoch98.npz
Loading data from ./cifar1/epoch98.npz
epoch  99  lr: 0.00030000  loss: 0.92736727  train accuracy: 0.66972000  test accuracy: 0.63420000  time: 12.14112113s
Loading dataset from file cifar1/epoch99.npz
Loading data from ./cifar1/epoch99.npz
epoch 100  lr: 0.00030000  loss: 0.93012232  train accuracy: 0.66956000  test accuracy: 0.63460000  time: 12.41508580s
Accuracy of the network on the 10000 test images: 63.460 %
