Unrecognized token: --datadir=./data
epochs = 1
batch size = 100
shuffle = false
statistics = true
debug = false
algorithm = minibatch
dataset = cifar10
dataset size = 50000
normalize data = false
learning rate scheduler = multistep_lr(0.1;50,75;0.1)
loss function = softmax-cross-entropy
architecture = RRRRRRL
sizes = [3072, 1024, 1024, 1024, 1024, 1024, 1024, 10]
weights initialization = xxxxxxx
optimizer = nesterov(0.9)
dropout = 0
density = 0.01
densities = [0.00711478, 0.0106722, 0.0106722, 0.0106722, 0.0106722, 0.0106722, 0.551751]
seed = 2
precision = 4
threads = 4
number type = float

Sparse(units=1024, density=0.0070959725, optimizer=Nesterov(0.90000), activation=ReLU())
Sparse(units=1024, density=0.010668755, optimizer=Nesterov(0.90000), activation=ReLU())
Sparse(units=1024, density=0.010635376, optimizer=Nesterov(0.90000), activation=ReLU())
Sparse(units=1024, density=0.010540009, optimizer=Nesterov(0.90000), activation=ReLU())
Sparse(units=1024, density=0.0106573105, optimizer=Nesterov(0.90000), activation=ReLU())
Sparse(units=1024, density=0.01077652, optimizer=Nesterov(0.90000), activation=ReLU())
Sparse(units=10, density=0.55791014, optimizer=Nesterov(0.90000), activation=NoActivation())

epoch   0 lr: 0.10000000  loss: 2.30258286  train accuracy: 0.09320000  test accuracy: 0.09520000 time: 0.00000000s
epoch   1 lr: 0.10000000  loss: 2.30258286  train accuracy: 0.09320000  test accuracy: 0.09520000 time: 6.89539623s
Accuracy of the network on the 10000 test examples: 9.52%
Total training time for the 1 epochs: 6.89539612s
