Unrecognized token: --datadir=./data
epochs = 1
batch size = 100
shuffle = false
statistics = true
debug = false
algorithm = minibatch
dataset = cifar10
dataset size = 50000
normalize data = false
learning rate scheduler = multistep_lr(0.1;50,75;0.1)
loss function = softmax-cross-entropy
architecture = RRRRRRRRRRL
sizes = [3072, 1024, 1024, 1024, 1024, 1024, 1024, 1024, 1024, 1024, 1024, 10]
weights initialization = xxxxxxxxxxx
optimizer = nesterov(0.9)
dropout = 0
density = 0.01
densities = [0.00695881, 0.0104382, 0.0104382, 0.0104382, 0.0104382, 0.0104382, 0.0104382, 0.0104382, 0.0104382, 0.0104382, 0.539656]
seed = 2
precision = 4
threads = 4
number type = float

Sparse(units=1024, density=0.006940206, optimizer=Nesterov(0.90000), activation=ReLU())
Sparse(units=1024, density=0.010406494, optimizer=Nesterov(0.90000), activation=ReLU())
Sparse(units=1024, density=0.01043129, optimizer=Nesterov(0.90000), activation=ReLU())
Sparse(units=1024, density=0.010314941, optimizer=Nesterov(0.90000), activation=ReLU())
Sparse(units=1024, density=0.0104055405, optimizer=Nesterov(0.90000), activation=ReLU())
Sparse(units=1024, density=0.010541916, optimizer=Nesterov(0.90000), activation=ReLU())
Sparse(units=1024, density=0.010461807, optimizer=Nesterov(0.90000), activation=ReLU())
Sparse(units=1024, density=0.01039505, optimizer=Nesterov(0.90000), activation=ReLU())
Sparse(units=1024, density=0.010349274, optimizer=Nesterov(0.90000), activation=ReLU())
Sparse(units=1024, density=0.010510445, optimizer=Nesterov(0.90000), activation=ReLU())
Sparse(units=10, density=0.5446289, optimizer=Nesterov(0.90000), activation=NoActivation())

epoch   0 lr: 0.10000000  loss: 2.30258286  train accuracy: 0.08240000  test accuracy: 0.07930000 time: 0.00000000s
epoch   1 lr: 0.10000000  loss: 2.30258286  train accuracy: 0.08240000  test accuracy: 0.07930000 time: 10.41312027s
Accuracy of the network on the 10000 test examples: 7.93%
Total training time for the 1 epochs: 10.41312011s
