Unrecognized token: --datadir=./data
epochs = 1
batch size = 100
shuffle = false
statistics = true
debug = false
algorithm = minibatch
dataset = cifar10
dataset size = 50000
normalize data = false
learning rate scheduler = multistep_lr(0.1;50,75;0.1)
loss function = softmax-cross-entropy
architecture = RL
sizes = [3072, 1024, 10]
weights initialization = xx
optimizer = nesterov(0.9)
dropout = 0
density = 0.01
densities = [0.00801022, 0.621193]
seed = 1
precision = 4
threads = 4
number type = float

Sparse(units=1024, density=0.008015315, optimizer=Nesterov(0.90000), activation=ReLU())
Sparse(units=10, density=0.61572266, optimizer=Nesterov(0.90000), activation=NoActivation())

epoch   0 lr: 0.10000000  loss: 2.30223320  train accuracy: 0.14188000  test accuracy: 0.14710000 time: 0.00000000s
epoch   1 lr: 0.10000000  loss: 1.53892238  train accuracy: 0.46036000  test accuracy: 0.45330000 time: 2.37208128s
Accuracy of the network on the 10000 test examples: 45.33%
Total training time for the 1 epochs: 2.37208133s
