Unrecognized token: --datadir=./data
epochs = 1
batch size = 100
shuffle = false
statistics = true
debug = false
algorithm = minibatch
dataset = cifar10
dataset size = 50000
normalize data = false
learning rate scheduler = multistep_lr(0.1;50,75;0.1)
loss function = softmax-cross-entropy
architecture = RRRRRRRL
sizes = [3072, 1024, 1024, 1024, 1024, 1024, 1024, 1024, 10]
weights initialization = xxxxxxxx
optimizer = nesterov(0.9)
dropout = 0
density = 0.01
densities = [0.00706203, 0.0105931, 0.0105931, 0.0105931, 0.0105931, 0.0105931, 0.0105931, 0.547661]
seed = 2
precision = 4
threads = 4
number type = float

Sparse(units=1024, density=0.00704511, optimizer=Nesterov(0.90000), activation=ReLU())
Sparse(units=1024, density=0.0105896, optimizer=Nesterov(0.90000), activation=ReLU())
Sparse(units=1024, density=0.010573387, optimizer=Nesterov(0.90000), activation=ReLU())
Sparse(units=1024, density=0.010457993, optimizer=Nesterov(0.90000), activation=ReLU())
Sparse(units=1024, density=0.0105724335, optimizer=Nesterov(0.90000), activation=ReLU())
Sparse(units=1024, density=0.010715485, optimizer=Nesterov(0.90000), activation=ReLU())
Sparse(units=1024, density=0.010614395, optimizer=Nesterov(0.90000), activation=ReLU())
Sparse(units=10, density=0.5498047, optimizer=Nesterov(0.90000), activation=NoActivation())

epoch   0 lr: 0.10000000  loss: 2.30258286  train accuracy: 0.09564000  test accuracy: 0.09840000 time: 0.00000000s
epoch   1 lr: 0.10000000  loss: 2.30258286  train accuracy: 0.09564000  test accuracy: 0.09840000 time: 7.80546141s
Accuracy of the network on the 10000 test examples: 9.84%
Total training time for the 1 epochs: 7.80546151s
