Unrecognized token: --datadir=./data
epochs = 1
batch size = 100
shuffle = false
statistics = true
debug = false
algorithm = minibatch
dataset = cifar10
dataset size = 50000
normalize data = false
learning rate scheduler = multistep_lr(0.1;50,75;0.1)
loss function = softmax-cross-entropy
architecture = RRRRRRRRL
sizes = [3072, 1024, 1024, 1024, 1024, 1024, 1024, 1024, 1024, 10]
weights initialization = xxxxxxxxx
optimizer = nesterov(0.9)
dropout = 0
density = 0.01
densities = [0.00702039, 0.0105306, 0.0105306, 0.0105306, 0.0105306, 0.0105306, 0.0105306, 0.0105306, 0.544431]
seed = 3
precision = 4
threads = 4
number type = float

Sparse(units=1024, density=0.007040024, optimizer=Nesterov(0.90000), activation=ReLU())
Sparse(units=1024, density=0.010424614, optimizer=Nesterov(0.90000), activation=ReLU())
Sparse(units=1024, density=0.010492325, optimizer=Nesterov(0.90000), activation=ReLU())
Sparse(units=1024, density=0.010416031, optimizer=Nesterov(0.90000), activation=ReLU())
Sparse(units=1024, density=0.010587692, optimizer=Nesterov(0.90000), activation=ReLU())
Sparse(units=1024, density=0.010612488, optimizer=Nesterov(0.90000), activation=ReLU())
Sparse(units=1024, density=0.010403633, optimizer=Nesterov(0.90000), activation=ReLU())
Sparse(units=1024, density=0.010461807, optimizer=Nesterov(0.90000), activation=ReLU())
Sparse(units=10, density=0.5455078, optimizer=Nesterov(0.90000), activation=NoActivation())

epoch   0 lr: 0.10000000  loss: 2.30258286  train accuracy: 0.10000000  test accuracy: 0.09990000 time: 0.00000000s
epoch   1 lr: 0.10000000  loss: 2.30258286  train accuracy: 0.10000000  test accuracy: 0.09990000 time: 8.67097855s
Accuracy of the network on the 10000 test examples: 9.99%
Total training time for the 1 epochs: 8.67097850s
