Unrecognized token: --datadir=./data
epochs = 1
batch size = 100
shuffle = false
statistics = true
debug = false
algorithm = minibatch
dataset = cifar10
dataset size = 50000
normalize data = false
learning rate scheduler = multistep_lr(0.1;50,75;0.1)
loss function = softmax-cross-entropy
architecture = RRRL
sizes = [3072, 2048, 2048, 2048, 10]
weights initialization = xxxx
optimizer = nesterov(0.9)
dropout = 0
density = 0.01
densities = [0.00778348, 0.00934018, 0.00934018, 0.961105]
seed = 3
precision = 4
threads = 4
number type = float

Sparse(units=2048, density=0.0077749887, optimizer=Nesterov(0.90000), activation=ReLU())
Sparse(units=2048, density=0.009324551, optimizer=Nesterov(0.90000), activation=ReLU())
Sparse(units=2048, density=0.009291649, optimizer=Nesterov(0.90000), activation=ReLU())
Sparse(units=10, density=0.9609863, optimizer=Nesterov(0.90000), activation=NoActivation())

epoch   0 lr: 0.10000000  loss: 2.30258519  train accuracy: 0.08470000  test accuracy: 0.08330000 time: 0.00000000s
epoch   1 lr: 0.10000000  loss: 2.30257814  train accuracy: 0.14618000  test accuracy: 0.14350000 time: 10.23565197s
Accuracy of the network on the 10000 test examples: 14.35%
Total training time for the 1 epochs: 10.23565151s
