Unrecognized token: --datadir=./data
epochs = 1
batch size = 100
shuffle = false
statistics = true
debug = false
algorithm = minibatch
dataset = cifar10
dataset size = 50000
normalize data = false
learning rate scheduler = multistep_lr(0.1;50,75;0.1)
loss function = softmax-cross-entropy
architecture = RRRL
sizes = [3072, 16384, 16384, 16384, 10]
weights initialization = xxxx
optimizer = nesterov(0.9)
dropout = 0
density = 0.01
densities = [0.0259691, 0.00820077, 0.00820077, 1]
seed = 3
precision = 4
threads = 4
number type = float

Sparse(units=16384, density=0.026014188, optimizer=Nesterov(0.90000), activation=ReLU())
Sparse(units=16384, density=0.008193828, optimizer=Nesterov(0.90000), activation=ReLU())
Sparse(units=16384, density=0.008198038, optimizer=Nesterov(0.90000), activation=ReLU())
Dense(units=10, optimizer=Nesterov(0.90000), activation=NoActivation())

epoch   0 lr: 0.10000000  loss: 2.30258681  train accuracy: 0.10032000  test accuracy: 0.10050000 time: 0.00000000s
epoch   1 lr: 0.10000000  loss: 2.30245591  train accuracy: 0.21828000  test accuracy: 0.21930000 time: 1093.14379883s
Accuracy of the network on the 10000 test examples: 21.93%
Total training time for the 1 epochs: 1093.14381975s
