Unrecognized token: --datadir=./data
epochs = 1
batch size = 100
shuffle = false
statistics = true
debug = false
algorithm = minibatch
dataset = cifar10
dataset size = 50000
normalize data = false
learning rate scheduler = multistep_lr(0.1;50,75;0.1)
loss function = softmax-cross-entropy
architecture = RRL
sizes = [3072, 1024, 1024, 10]
weights initialization = xxx
optimizer = nesterov(0.9)
dropout = 0
density = 0.01
densities = [0.00762675, 0.0114401, 0.591454]
seed = 1
precision = 4
threads = 4
number type = float

Sparse(units=1024, density=0.007627169, optimizer=Nesterov(0.90000), activation=ReLU())
Sparse(units=1024, density=0.011457443, optimizer=Nesterov(0.90000), activation=ReLU())
Sparse(units=10, density=0.59638673, optimizer=Nesterov(0.90000), activation=NoActivation())

epoch   0 lr: 0.10000000  loss: 2.30260301  train accuracy: 0.09334000  test accuracy: 0.08930000 time: 0.00000000s
epoch   1 lr: 0.10000000  loss: 1.91226968  train accuracy: 0.29834000  test accuracy: 0.29890000 time: 3.29021978s
Accuracy of the network on the 10000 test examples: 29.89%
Total training time for the 1 epochs: 3.29021975s
