Unrecognized token: --datadir=./data
epochs = 1
batch size = 100
shuffle = false
statistics = true
debug = false
algorithm = minibatch
dataset = cifar10
dataset size = 50000
normalize data = false
learning rate scheduler = multistep_lr(0.1;50,75;0.1)
loss function = softmax-cross-entropy
architecture = RRRRL
sizes = [3072, 1024, 1024, 1024, 1024, 10]
weights initialization = xxxxx
optimizer = nesterov(0.9)
dropout = 0
density = 0.01
densities = [0.00727776, 0.0109166, 0.0109166, 0.0109166, 0.56439]
seed = 2
precision = 4
threads = 4
number type = float

Sparse(units=1024, density=0.007255554, optimizer=Nesterov(0.90000), activation=ReLU())
Sparse(units=1024, density=0.010919571, optimizer=Nesterov(0.90000), activation=ReLU())
Sparse(units=1024, density=0.010873795, optimizer=Nesterov(0.90000), activation=ReLU())
Sparse(units=1024, density=0.01076889, optimizer=Nesterov(0.90000), activation=ReLU())
Sparse(units=10, density=0.55986327, optimizer=Nesterov(0.90000), activation=NoActivation())

epoch   0 lr: 0.10000000  loss: 2.30258317  train accuracy: 0.10486000  test accuracy: 0.10580000 time: 0.00000000s
epoch   1 lr: 0.10000000  loss: 2.30258316  train accuracy: 0.10550000  test accuracy: 0.10650000 time: 5.06246519s
Accuracy of the network on the 10000 test examples: 10.65%
Total training time for the 1 epochs: 5.06246529s
