Unrecognized token: --datadir=./data
epochs = 1
batch size = 100
shuffle = false
statistics = true
debug = false
algorithm = minibatch
dataset = cifar10
dataset size = 50000
normalize data = false
learning rate scheduler = multistep_lr(0.1;50,75;0.1)
loss function = softmax-cross-entropy
architecture = RRRL
sizes = [3072, 32768, 32768, 32768, 10]
weights initialization = xxxx
optimizer = nesterov(0.9)
dropout = 0
density = 0.01
densities = [0.047263, 0.00810223, 0.00810223, 1]
seed = 2
precision = 4
threads = 4
number type = float

Sparse(units=32768, density=0.047248375, optimizer=Nesterov(0.90000), activation=ReLU())
Sparse(units=32768, density=0.008101239, optimizer=Nesterov(0.90000), activation=ReLU())
Sparse(units=32768, density=0.008100105, optimizer=Nesterov(0.90000), activation=ReLU())
Dense(units=10, optimizer=Nesterov(0.90000), activation=NoActivation())

epoch   0 lr: 0.10000000  loss: 2.30258495  train accuracy: 0.10770000  test accuracy: 0.10780000 time: 0.00000000s
epoch   1 lr: 0.10000000  loss: 2.30188850  train accuracy: 0.21708000  test accuracy: 0.21870000 time: 4433.08691406s
Accuracy of the network on the 10000 test examples: 21.87%
Total training time for the 1 epochs: 4433.08694143s
