Unrecognized token: --datadir=./data
epochs = 1
batch size = 100
shuffle = false
statistics = true
debug = false
algorithm = minibatch
dataset = cifar10
dataset size = 50000
normalize data = false
learning rate scheduler = multistep_lr(0.1;50,75;0.1)
loss function = softmax-cross-entropy
architecture = RRRRRRRL
sizes = [3072, 1024, 1024, 1024, 1024, 1024, 1024, 1024, 10]
weights initialization = xxxxxxxx
optimizer = nesterov(0.9)
dropout = 0
density = 0.01
densities = [0.00706203, 0.0105931, 0.0105931, 0.0105931, 0.0105931, 0.0105931, 0.0105931, 0.547661]
seed = 3
precision = 4
threads = 4
number type = float

Sparse(units=1024, density=0.0070816674, optimizer=Nesterov(0.90000), activation=ReLU())
Sparse(units=1024, density=0.010476112, optimizer=Nesterov(0.90000), activation=ReLU())
Sparse(units=1024, density=0.010548592, optimizer=Nesterov(0.90000), activation=ReLU())
Sparse(units=1024, density=0.010478973, optimizer=Nesterov(0.90000), activation=ReLU())
Sparse(units=1024, density=0.010643959, optimizer=Nesterov(0.90000), activation=ReLU())
Sparse(units=1024, density=0.01068306, optimizer=Nesterov(0.90000), activation=ReLU())
Sparse(units=1024, density=0.0104599, optimizer=Nesterov(0.90000), activation=ReLU())
Sparse(units=10, density=0.5484375, optimizer=Nesterov(0.90000), activation=NoActivation())

epoch   0 lr: 0.10000000  loss: 2.30258286  train accuracy: 0.09230000  test accuracy: 0.09450000 time: 0.00000000s
epoch   1 lr: 0.10000000  loss: 2.30258286  train accuracy: 0.09230000  test accuracy: 0.09450000 time: 7.80417156s
Accuracy of the network on the 10000 test examples: 9.45%
Total training time for the 1 epochs: 7.80417149s
