Unrecognized token: --datadir=./data
epochs = 1
batch size = 100
shuffle = false
statistics = true
debug = false
algorithm = minibatch
dataset = cifar10
dataset size = 50000
normalize data = false
learning rate scheduler = multistep_lr(0.1;50,75;0.1)
loss function = softmax-cross-entropy
architecture = RL
sizes = [3072, 1024, 10]
weights initialization = xx
optimizer = nesterov(0.9)
dropout = 0
density = 0.01
densities = [0.00801022, 0.621193]
seed = 2
precision = 4
threads = 4
number type = float

Sparse(units=1024, density=0.008002917, optimizer=Nesterov(0.90000), activation=ReLU())
Sparse(units=10, density=0.62587893, optimizer=Nesterov(0.90000), activation=NoActivation())

epoch   0 lr: 0.10000000  loss: 2.30262481  train accuracy: 0.09780000  test accuracy: 0.09600000 time: 0.00000000s
epoch   1 lr: 0.10000000  loss: 1.53450764  train accuracy: 0.46006000  test accuracy: 0.45290000 time: 2.33728480s
Accuracy of the network on the 10000 test examples: 45.29%
Total training time for the 1 epochs: 2.33728492s
