Unrecognized token: --datadir=./data
epochs = 1
batch size = 100
shuffle = false
statistics = true
debug = false
algorithm = minibatch
dataset = cifar10
dataset size = 50000
normalize data = false
learning rate scheduler = multistep_lr(0.1;50,75;0.1)
loss function = softmax-cross-entropy
architecture = RRRRRRRRL
sizes = [3072, 1024, 1024, 1024, 1024, 1024, 1024, 1024, 1024, 10]
weights initialization = xxxxxxxxx
optimizer = nesterov(0.9)
dropout = 0
density = 0.01
densities = [0.00702039, 0.0105306, 0.0105306, 0.0105306, 0.0105306, 0.0105306, 0.0105306, 0.0105306, 0.544431]
seed = 1
precision = 4
threads = 4
number type = float

Sparse(units=1024, density=0.0070234933, optimizer=Nesterov(0.90000), activation=ReLU())
Sparse(units=1024, density=0.010555267, optimizer=Nesterov(0.90000), activation=ReLU())
Sparse(units=1024, density=0.010400772, optimizer=Nesterov(0.90000), activation=ReLU())
Sparse(units=1024, density=0.0103673935, optimizer=Nesterov(0.90000), activation=ReLU())
Sparse(units=1024, density=0.010561943, optimizer=Nesterov(0.90000), activation=ReLU())
Sparse(units=1024, density=0.010432243, optimizer=Nesterov(0.90000), activation=ReLU())
Sparse(units=1024, density=0.010383606, optimizer=Nesterov(0.90000), activation=ReLU())
Sparse(units=1024, density=0.010617256, optimizer=Nesterov(0.90000), activation=ReLU())
Sparse(units=10, density=0.53154296, optimizer=Nesterov(0.90000), activation=NoActivation())

epoch   0 lr: 0.10000000  loss: 2.30258286  train accuracy: 0.09900000  test accuracy: 0.09890000 time: 0.00000000s
epoch   1 lr: 0.10000000  loss: 2.30258286  train accuracy: 0.09900000  test accuracy: 0.09890000 time: 8.71419430s
Accuracy of the network on the 10000 test examples: 9.89%
Total training time for the 1 epochs: 8.71419387s
