Unrecognized token: --datadir=./data
epochs = 1
batch size = 100
shuffle = false
statistics = true
debug = false
algorithm = minibatch
dataset = cifar10
dataset size = 50000
normalize data = false
learning rate scheduler = multistep_lr(0.1;50,75;0.1)
loss function = softmax-cross-entropy
architecture = RRRL
sizes = [3072, 1024, 1024, 1024, 10]
weights initialization = xxxx
optimizer = nesterov(0.9)
dropout = 0
density = 0.01
densities = [0.00741352, 0.0111203, 0.0111203, 0.574919]
seed = 2
precision = 4
threads = 4
number type = float

Sparse(units=1024, density=0.007405281, optimizer=Nesterov(0.90000), activation=ReLU())
Sparse(units=1024, density=0.011120796, optimizer=Nesterov(0.90000), activation=ReLU())
Sparse(units=1024, density=0.011062622, optimizer=Nesterov(0.90000), activation=ReLU())
Sparse(units=10, density=0.5640625, optimizer=Nesterov(0.90000), activation=NoActivation())

epoch   0 lr: 0.10000000  loss: 2.30258436  train accuracy: 0.10648000  test accuracy: 0.10640000 time: 0.00000000s
epoch   1 lr: 0.10000000  loss: 2.30257976  train accuracy: 0.13604000  test accuracy: 0.13640000 time: 4.19136238s
Accuracy of the network on the 10000 test examples: 13.64%
Total training time for the 1 epochs: 4.19136236s
