Unrecognized token: --datadir=./data
epochs = 1
batch size = 100
shuffle = false
statistics = true
debug = false
algorithm = minibatch
dataset = cifar10
dataset size = 50000
normalize data = false
learning rate scheduler = multistep_lr(0.1;50,75;0.1)
loss function = softmax-cross-entropy
architecture = RRL
sizes = [3072, 1024, 1024, 10]
weights initialization = xxx
optimizer = nesterov(0.9)
dropout = 0
density = 0.01
densities = [0.00762675, 0.0114401, 0.591454]
seed = 3
precision = 4
threads = 4
number type = float

Sparse(units=1024, density=0.0076411567, optimizer=Nesterov(0.90000), activation=ReLU())
Sparse(units=1024, density=0.011330605, optimizer=Nesterov(0.90000), activation=ReLU())
Sparse(units=10, density=0.5859375, optimizer=Nesterov(0.90000), activation=NoActivation())

epoch   0 lr: 0.10000000  loss: 2.30259669  train accuracy: 0.10932000  test accuracy: 0.11010000 time: 0.00000000s
epoch   1 lr: 0.10000000  loss: 1.87653773  train accuracy: 0.30956000  test accuracy: 0.31320000 time: 3.28917098s
Accuracy of the network on the 10000 test examples: 31.32%
Total training time for the 1 epochs: 3.28917102s
