Unrecognized token: --datadir=./data
epochs = 1
batch size = 100
shuffle = false
statistics = true
debug = false
algorithm = minibatch
dataset = cifar10
dataset size = 50000
normalize data = false
learning rate scheduler = multistep_lr(0.1;50,75;0.1)
loss function = softmax-cross-entropy
architecture = RRRRRL
sizes = [3072, 1024, 1024, 1024, 1024, 1024, 10]
weights initialization = xxxxxx
optimizer = nesterov(0.9)
dropout = 0
density = 0.01
densities = [0.00718374, 0.0107756, 0.0107756, 0.0107756, 0.0107756, 0.557099]
seed = 3
precision = 4
threads = 4
number type = float

Sparse(units=1024, density=0.0072050095, optimizer=Nesterov(0.90000), activation=ReLU())
Sparse(units=1024, density=0.010659218, optimizer=Nesterov(0.90000), activation=ReLU())
Sparse(units=1024, density=0.010746002, optimizer=Nesterov(0.90000), activation=ReLU())
Sparse(units=1024, density=0.010648727, optimizer=Nesterov(0.90000), activation=ReLU())
Sparse(units=1024, density=0.01082325, optimizer=Nesterov(0.90000), activation=ReLU())
Sparse(units=10, density=0.55126953, optimizer=Nesterov(0.90000), activation=NoActivation())

epoch   0 lr: 0.10000000  loss: 2.30258286  train accuracy: 0.10194000  test accuracy: 0.10120000 time: 0.00000000s
epoch   1 lr: 0.10000000  loss: 2.30258286  train accuracy: 0.10212000  test accuracy: 0.10130000 time: 5.98011684s
Accuracy of the network on the 10000 test examples: 10.13%
Total training time for the 1 epochs: 5.98011705s
