Unrecognized token: --datadir=./data
epochs = 1
batch size = 100
shuffle = false
statistics = true
debug = false
algorithm = minibatch
dataset = cifar10
dataset size = 50000
normalize data = false
learning rate scheduler = multistep_lr(0.1;50,75;0.1)
loss function = softmax-cross-entropy
architecture = RRRRRRRRRRL
sizes = [3072, 1024, 1024, 1024, 1024, 1024, 1024, 1024, 1024, 1024, 1024, 10]
weights initialization = xxxxxxxxxxx
optimizer = nesterov(0.9)
dropout = 0
density = 0.01
densities = [0.00695881, 0.0104382, 0.0104382, 0.0104382, 0.0104382, 0.0104382, 0.0104382, 0.0104382, 0.0104382, 0.0104382, 0.539656]
seed = 3
precision = 4
threads = 4
number type = float

Sparse(units=1024, density=0.0069815316, optimizer=Nesterov(0.90000), activation=ReLU())
Sparse(units=1024, density=0.010334015, optimizer=Nesterov(0.90000), activation=ReLU())
Sparse(units=1024, density=0.010389328, optimizer=Nesterov(0.90000), activation=ReLU())
Sparse(units=1024, density=0.010332108, optimizer=Nesterov(0.90000), activation=ReLU())
Sparse(units=1024, density=0.010505676, optimizer=Nesterov(0.90000), activation=ReLU())
Sparse(units=1024, density=0.010519981, optimizer=Nesterov(0.90000), activation=ReLU())
Sparse(units=1024, density=0.010300636, optimizer=Nesterov(0.90000), activation=ReLU())
Sparse(units=1024, density=0.01036644, optimizer=Nesterov(0.90000), activation=ReLU())
Sparse(units=1024, density=0.0102472305, optimizer=Nesterov(0.90000), activation=ReLU())
Sparse(units=1024, density=0.010503769, optimizer=Nesterov(0.90000), activation=ReLU())
Sparse(units=10, density=0.5360352, optimizer=Nesterov(0.90000), activation=NoActivation())

epoch   0 lr: 0.10000000  loss: 2.30258286  train accuracy: 0.09908000  test accuracy: 0.09750000 time: 0.00000000s
epoch   1 lr: 0.10000000  loss: 2.30258286  train accuracy: 0.09908000  test accuracy: 0.09750000 time: 10.47719669s
Accuracy of the network on the 10000 test examples: 9.75%
Total training time for the 1 epochs: 10.47719690s
