Unrecognized token: --datadir=./data
epochs = 1
batch size = 100
shuffle = false
statistics = true
debug = false
algorithm = minibatch
dataset = cifar10
dataset size = 50000
normalize data = false
learning rate scheduler = multistep_lr(0.1;50,75;0.1)
loss function = softmax-cross-entropy
architecture = RRRL
sizes = [3072, 4096, 4096, 4096, 10]
weights initialization = xxxx
optimizer = nesterov(0.9)
dropout = 0
density = 0.01
densities = [0.0101786, 0.00872452, 0.00872452, 1]
seed = 2
precision = 4
threads = 4
number type = float

Sparse(units=4096, density=0.010170619, optimizer=Nesterov(0.90000), activation=ReLU())
Sparse(units=4096, density=0.00871259, optimizer=Nesterov(0.90000), activation=ReLU())
Sparse(units=4096, density=0.00869149, optimizer=Nesterov(0.90000), activation=ReLU())
Dense(units=10, optimizer=Nesterov(0.90000), activation=NoActivation())

epoch   0 lr: 0.10000000  loss: 2.30258471  train accuracy: 0.12126000  test accuracy: 0.11750000 time: 0.00000000s
epoch   1 lr: 0.10000000  loss: 2.30256908  train accuracy: 0.19660000  test accuracy: 0.19710000 time: 35.52299118s
Accuracy of the network on the 10000 test examples: 19.71%
Total training time for the 1 epochs: 35.52299286s
