Unrecognized token: --datadir=./data
epochs = 1
batch size = 100
shuffle = false
statistics = true
debug = false
algorithm = minibatch
dataset = cifar10
dataset size = 50000
normalize data = false
learning rate scheduler = multistep_lr(0.1;50,75;0.1)
loss function = softmax-cross-entropy
architecture = RRRRRRL
sizes = [3072, 1024, 1024, 1024, 1024, 1024, 1024, 10]
weights initialization = xxxxxxx
optimizer = nesterov(0.9)
dropout = 0
density = 0.01
densities = [0.00711478, 0.0106722, 0.0106722, 0.0106722, 0.0106722, 0.0106722, 0.551751]
seed = 1
precision = 4
threads = 4
number type = float

Sparse(units=1024, density=0.007117907, optimizer=Nesterov(0.90000), activation=ReLU())
Sparse(units=1024, density=0.010682106, optimizer=Nesterov(0.90000), activation=ReLU())
Sparse(units=1024, density=0.010540962, optimizer=Nesterov(0.90000), activation=ReLU())
Sparse(units=1024, density=0.010502815, optimizer=Nesterov(0.90000), activation=ReLU())
Sparse(units=1024, density=0.010694504, optimizer=Nesterov(0.90000), activation=ReLU())
Sparse(units=1024, density=0.010574341, optimizer=Nesterov(0.90000), activation=ReLU())
Sparse(units=10, density=0.5583984, optimizer=Nesterov(0.90000), activation=NoActivation())

epoch   0 lr: 0.10000000  loss: 2.30258286  train accuracy: 0.09938000  test accuracy: 0.09930000 time: 0.00000000s
epoch   1 lr: 0.10000000  loss: 2.30258286  train accuracy: 0.09938000  test accuracy: 0.09930000 time: 6.88908815s
Accuracy of the network on the 10000 test examples: 9.93%
Total training time for the 1 epochs: 6.88908827s
