=== Command line arguments ===
Namespace(debug=False, batch_size=100, seed=2, precision=4, edgeitems=3, density=0.01, sizes='3072,2048,2048,2048,10', epochs=1, lr=0.1, momentum=0.9, gamma=0.1, nesterov=True, datadir='./data', augmented=False, preprocessed=None, copy=False, nerva=False, torch=True, scheduler='multistep', export_weights_npz=None, import_weights_npz=None, custom_masking=False)
Setting gamma to 1.0
Files already downloaded and verified
initialize by ER
Overall sparsity 0.01
Total Model parameters: 14700544
Total parameters under sparsity level of 0.01: 0.009996160686298413
initialize by ER
Overall sparsity 0.01
Total Model parameters: 29401088
Total parameters under sparsity level of 0.01: 0.0013603578207718027

=== PyTorch model ===
MLP1(
  (layers): ModuleList(
    (0): Linear(in_features=3072, out_features=2048, bias=True)
    (1): Linear(in_features=2048, out_features=2048, bias=True)
    (2): Linear(in_features=2048, out_features=2048, bias=True)
    (3): Linear(in_features=2048, out_features=10, bias=True)
  )
  (loss): CrossEntropyLoss()
)
CrossEntropyLoss()
<torch.optim.lr_scheduler.MultiStepLR object at 0x7fc8a6aa4700>

=== Training PyTorch model ===
epoch   0  lr: 0.10000000  loss: 2.30267668  train accuracy: 0.10000000  test accuracy: 0.10000000  time: 0.00000000s
epoch   1  lr: 0.10000000  loss: 2.30401707  train accuracy: 0.10000000  test accuracy: 0.10000000  time: 53.55795002s
Accuracy of the network on the 10000 test images: 10.000 %
