=== Command line arguments ===
Namespace(debug=False, batch_size=100, seed=3, precision=4, edgeitems=3, density=0.01, sizes='3072,1024,10', epochs=1, lr=0.1, momentum=0.9, gamma=0.1, nesterov=True, datadir='./data', augmented=False, preprocessed=None, copy=False, nerva=False, torch=True, scheduler='multistep', export_weights_npz=None, import_weights_npz=None, custom_masking=False)
Setting gamma to 1.0
Files already downloaded and verified
initialize by ER
Overall sparsity 0.01
Total Model parameters: 3155968
Total parameters under sparsity level of 0.01: 0.009972851435756002
initialize by ER
Overall sparsity 0.01
Total Model parameters: 6311936
Total parameters under sparsity level of 0.01: 0.0013070474732316678

=== PyTorch model ===
MLP1(
  (layers): ModuleList(
    (0): Linear(in_features=3072, out_features=1024, bias=True)
    (1): Linear(in_features=1024, out_features=10, bias=True)
  )
  (loss): CrossEntropyLoss()
)
CrossEntropyLoss()
<torch.optim.lr_scheduler.MultiStepLR object at 0x7ff0bd4a86a0>

=== Training PyTorch model ===
epoch   0  lr: 0.10000000  loss: 2.30255103  train accuracy: 0.09996000  test accuracy: 0.10010000  time: 0.00000000s
epoch   1  lr: 0.10000000  loss: 1.48064828  train accuracy: 0.47776000  test accuracy: 0.46120000  time: 11.13319993s
Accuracy of the network on the 10000 test images: 46.120 %
