=== Command line arguments ===
Namespace(debug=False, batch_size=100, seed=1, precision=4, edgeitems=3, density=0.01, sizes='3072,2048,2048,2048,10', epochs=1, lr=0.1, momentum=0.9, gamma=0.1, nesterov=True, datadir='./data', augmented=False, preprocessed=None, copy=False, nerva=False, torch=True, scheduler='multistep', export_weights_npz=None, import_weights_npz=None, custom_masking=True)
Setting gamma to 1.0
Files already downloaded and verified
initialize by ER
Overall sparsity 0.01
Total Model parameters: 14700544
Total parameters under sparsity level of 0.01: 0.009965413524832822
initialize by ER
Overall sparsity 0.01
Total Model parameters: 29401088
Total parameters under sparsity level of 0.01: 0.0013685207839927557
Use MLP1 variant with custom masking
Setting masks with densities [0.007783561049663847, 0.009340273259596616, 0.009340273259596616, 0.9611141184124918]
--- masks ---
mask1 (2048x3072)
tensor([[0, 0, 0,  ..., 0, 0, 0],
        [0, 0, 0,  ..., 0, 0, 0],
        [0, 0, 0,  ..., 0, 0, 0],
        ...,
        [0, 0, 0,  ..., 0, 0, 0],
        [0, 1, 0,  ..., 0, 0, 0],
        [0, 0, 0,  ..., 0, 0, 0]], dtype=torch.int32)
mask2 (2048x2048)
tensor([[0, 0, 0,  ..., 0, 0, 0],
        [0, 0, 0,  ..., 0, 0, 0],
        [0, 0, 0,  ..., 0, 0, 0],
        ...,
        [0, 0, 0,  ..., 0, 0, 0],
        [0, 0, 0,  ..., 0, 0, 0],
        [0, 0, 0,  ..., 0, 0, 0]], dtype=torch.int32)
mask3 (2048x2048)
tensor([[0, 0, 0,  ..., 0, 0, 0],
        [0, 0, 0,  ..., 0, 0, 0],
        [0, 0, 0,  ..., 0, 0, 0],
        ...,
        [0, 0, 0,  ..., 0, 0, 0],
        [0, 0, 0,  ..., 0, 0, 0],
        [0, 0, 0,  ..., 0, 0, 0]], dtype=torch.int32)
mask4 (10x2048)
tensor([[1, 0, 1,  ..., 1, 1, 1],
        [1, 1, 1,  ..., 1, 1, 0],
        [1, 1, 1,  ..., 1, 1, 1],
        ...,
        [1, 1, 1,  ..., 1, 1, 1],
        [1, 1, 1,  ..., 1, 1, 1],
        [1, 1, 1,  ..., 1, 1, 1]], dtype=torch.int32)

=== PyTorch model ===
MLP1a(
  (layers): ModuleList(
    (0): Linear(in_features=3072, out_features=2048, bias=True)
    (1): Linear(in_features=2048, out_features=2048, bias=True)
    (2): Linear(in_features=2048, out_features=2048, bias=True)
    (3): Linear(in_features=2048, out_features=10, bias=True)
  )
  (loss): CrossEntropyLoss()
)
CrossEntropyLoss()
<torch.optim.lr_scheduler.MultiStepLR object at 0x7fb03a3b0040>

=== Training PyTorch model ===
epoch   0  lr: 0.10000000  loss: 2.30260062  train accuracy: 0.10000000  test accuracy: 0.10000000  time: 0.00000000s
epoch   1  lr: 0.10000000  loss: 2.22378731  train accuracy: 0.23246000  test accuracy: 0.23630000  time: 48.05592481s
Accuracy of the network on the 10000 test images: 23.630 %
