=== Command line arguments ===
Namespace(debug=False, batch_size=100, seed=2, precision=4, edgeitems=3, density=0.01, sizes='3072,16384,16384,16384,10', epochs=1, lr=0.1, momentum=0.9, gamma=0.1, nesterov=True, datadir='./data', augmented=False, preprocessed=None, copy=False, nerva=False, torch=True, scheduler='multistep', export_weights_npz=None, import_weights_npz=None, custom_masking=False)
Setting gamma to 1.0
Files already downloaded and verified
initialize by ER
Overall sparsity 0.01
Total Model parameters: 587366400
Total parameters under sparsity level of 0.01: 0.009997136370074966
initialize by ER
Overall sparsity 0.01
Total Model parameters: 1174732800
Total parameters under sparsity level of 0.01: 0.0003982761015951883

=== PyTorch model ===
MLP1(
  (layers): ModuleList(
    (0): Linear(in_features=3072, out_features=16384, bias=True)
    (1): Linear(in_features=16384, out_features=16384, bias=True)
    (2): Linear(in_features=16384, out_features=16384, bias=True)
    (3): Linear(in_features=16384, out_features=10, bias=True)
  )
  (loss): CrossEntropyLoss()
)
CrossEntropyLoss()
<torch.optim.lr_scheduler.MultiStepLR object at 0x7f21733a4610>

=== Training PyTorch model ===
epoch   0  lr: 0.10000000  loss: 2.30259681  train accuracy: 0.10000000  test accuracy: 0.10000000  time: 0.00000000s
epoch   1  lr: 0.10000000  loss: 2.30326128  train accuracy: 0.10000000  test accuracy: 0.10000000  time: 1853.26642675s
Accuracy of the network on the 10000 test images: 10.000 %
