=== Command line arguments ===
Namespace(debug=False, batch_size=100, seed=1, precision=4, edgeitems=3, density=0.01, sizes='3072,1024,1024,1024,1024,1024,1024,10', epochs=1, lr=0.1, momentum=0.9, gamma=0.1, nesterov=True, datadir='./data', augmented=False, preprocessed=None, copy=False, nerva=False, torch=True, scheduler='multistep', export_weights_npz=None, import_weights_npz=None, custom_masking=True)
Setting gamma to 1.0
Files already downloaded and verified
initialize by ER
Overall sparsity 0.01
Total Model parameters: 8398848
Total parameters under sparsity level of 0.01: 0.009997442506400878
initialize by ER
Overall sparsity 0.01
Total Model parameters: 16797696
Total parameters under sparsity level of 0.01: 0.0004620871814801268
Use MLP1 variant with custom masking
Setting masks with densities [0.00711515940143136, 0.01067273910214704, 0.01067273910214704, 0.01067273910214704, 0.01067273910214704, 0.01067273910214704, 0.551780611581002]
--- masks ---
mask1 (1024x3072)
tensor([[0, 0, 0,  ..., 0, 0, 0],
        [0, 0, 0,  ..., 0, 0, 0],
        [0, 0, 0,  ..., 0, 0, 0],
        ...,
        [0, 0, 0,  ..., 0, 0, 0],
        [0, 0, 0,  ..., 0, 0, 0],
        [0, 0, 1,  ..., 0, 0, 0]], dtype=torch.int32)
mask2 (1024x1024)
tensor([[0, 0, 0,  ..., 0, 0, 0],
        [0, 0, 0,  ..., 0, 0, 0],
        [0, 0, 0,  ..., 0, 0, 0],
        ...,
        [0, 0, 0,  ..., 0, 0, 0],
        [0, 0, 0,  ..., 0, 0, 0],
        [0, 0, 0,  ..., 1, 0, 0]], dtype=torch.int32)
mask3 (1024x1024)
tensor([[0, 0, 0,  ..., 0, 0, 0],
        [0, 0, 0,  ..., 0, 0, 0],
        [0, 0, 0,  ..., 0, 0, 0],
        ...,
        [0, 0, 0,  ..., 0, 0, 0],
        [0, 0, 0,  ..., 0, 0, 0],
        [0, 0, 0,  ..., 0, 0, 0]], dtype=torch.int32)
mask4 (1024x1024)
tensor([[0, 0, 0,  ..., 0, 0, 0],
        [0, 0, 0,  ..., 0, 0, 0],
        [0, 0, 0,  ..., 0, 0, 0],
        ...,
        [0, 0, 0,  ..., 0, 0, 0],
        [0, 0, 0,  ..., 0, 0, 0],
        [0, 0, 0,  ..., 0, 0, 0]], dtype=torch.int32)
mask5 (1024x1024)
tensor([[0, 0, 0,  ..., 0, 0, 0],
        [0, 0, 0,  ..., 0, 0, 0],
        [0, 0, 0,  ..., 0, 0, 0],
        ...,
        [0, 0, 0,  ..., 0, 0, 0],
        [0, 0, 0,  ..., 0, 0, 0],
        [0, 0, 0,  ..., 0, 0, 0]], dtype=torch.int32)
mask6 (1024x1024)
tensor([[0, 0, 0,  ..., 0, 0, 0],
        [0, 0, 0,  ..., 0, 0, 0],
        [0, 0, 0,  ..., 0, 0, 0],
        ...,
        [0, 0, 0,  ..., 0, 0, 0],
        [0, 0, 0,  ..., 0, 0, 0],
        [0, 0, 0,  ..., 0, 0, 0]], dtype=torch.int32)
mask7 (10x1024)
tensor([[1, 0, 1,  ..., 0, 1, 1],
        [0, 0, 0,  ..., 0, 1, 1],
        [0, 1, 1,  ..., 1, 1, 0],
        ...,
        [0, 0, 0,  ..., 1, 1, 1],
        [0, 0, 0,  ..., 1, 0, 1],
        [1, 0, 0,  ..., 1, 0, 1]], dtype=torch.int32)

=== PyTorch model ===
MLP1a(
  (layers): ModuleList(
    (0): Linear(in_features=3072, out_features=1024, bias=True)
    (1): Linear(in_features=1024, out_features=1024, bias=True)
    (2): Linear(in_features=1024, out_features=1024, bias=True)
    (3): Linear(in_features=1024, out_features=1024, bias=True)
    (4): Linear(in_features=1024, out_features=1024, bias=True)
    (5): Linear(in_features=1024, out_features=1024, bias=True)
    (6): Linear(in_features=1024, out_features=10, bias=True)
  )
  (loss): CrossEntropyLoss()
)
CrossEntropyLoss()
<torch.optim.lr_scheduler.MultiStepLR object at 0x7fae206a4ca0>

=== Training PyTorch model ===
epoch   0  lr: 0.10000000  loss: 2.30274034  train accuracy: 0.10000000  test accuracy: 0.10000000  time: 0.00000000s
epoch   1  lr: 0.10000000  loss: 2.30469561  train accuracy: 0.10000000  test accuracy: 0.10000000  time: 28.90350892s
Accuracy of the network on the 10000 test images: 10.000 %
