=== Command line arguments ===
Namespace(debug=False, batch_size=100, seed=2, precision=4, edgeitems=3, density=0.01, sizes='3072,4096,4096,4096,10', epochs=1, lr=0.1, momentum=0.9, gamma=0.1, nesterov=True, datadir='./data', augmented=False, preprocessed=None, copy=False, nerva=False, torch=True, scheduler='multistep', export_weights_npz=None, import_weights_npz=None, custom_masking=False)
Setting gamma to 1.0
Files already downloaded and verified
initialize by ER
Overall sparsity 0.01
Total Model parameters: 46178304
Total parameters under sparsity level of 0.01: 0.010009094314074419
initialize by ER
Overall sparsity 0.01
Total Model parameters: 92356608
Total parameters under sparsity level of 0.01: 0.0009684201481284371

=== PyTorch model ===
MLP1(
  (layers): ModuleList(
    (0): Linear(in_features=3072, out_features=4096, bias=True)
    (1): Linear(in_features=4096, out_features=4096, bias=True)
    (2): Linear(in_features=4096, out_features=4096, bias=True)
    (3): Linear(in_features=4096, out_features=10, bias=True)
  )
  (loss): CrossEntropyLoss()
)
CrossEntropyLoss()
<torch.optim.lr_scheduler.MultiStepLR object at 0x7fb57c0ac700>

=== Training PyTorch model ===
epoch   0  lr: 0.10000000  loss: 2.30264330  train accuracy: 0.10000000  test accuracy: 0.10000000  time: 0.00000000s
epoch   1  lr: 0.10000000  loss: 2.30640197  train accuracy: 0.10000000  test accuracy: 0.10000000  time: 155.05043026s
Accuracy of the network on the 10000 test images: 10.000 %
