loading dataset cifar10
read slice "../data/cifar-10-batches-bin/data_batch_1.bin"
read slice "../data/cifar-10-batches-bin/data_batch_2.bin"
read slice "../data/cifar-10-batches-bin/data_batch_3.bin"
read slice "../data/cifar-10-batches-bin/data_batch_4.bin"
read slice "../data/cifar-10-batches-bin/data_batch_5.bin"
read slice "../data/cifar-10-batches-bin/test_batch.bin"
normalizing data
number of examples: 50000
number of features: 3072
number of outputs: 10
epochs = 100
batch size = 100
shuffle = true
statistics = true
debug = false
algorithm = minibatch
dataset = cifar10
dataset size = 50000
normalize data = false
learning rate scheduler = multistep_lr(0.01;50,75;0.1)
loss function = softmax-cross-entropy
architecture = RRL
sizes = [3072, 1024, 512, 10]
weights initialization = xxx
optimizer = nesterov(0.9)
dropout = 0
density = 0.2
densities = [0.16875, 0.379687, 1]
seed = 2
precision = 4
threads = 4
number type = float

Sparse(units=1024, density=0.16885535, optimizer=Nesterov(0.90000), activation=ReLU())
Sparse(units=512, density=0.37960625, optimizer=Nesterov(0.90000), activation=ReLU())
Dense(units=10, optimizer=Nesterov(0.90000), activation=NoActivation())

Loading data from file ./cifar2/epoch0.npz
epoch   0 lr: 0.01000000  loss: 2.30363349  train accuracy: 0.10684000  test accuracy: 0.10720000 time: 0.00000000s
epoch   1 lr: 0.01000000  loss: 1.69543703  train accuracy: 0.40110000  test accuracy: 0.42470000 time: 12.65287304s
Loading data from file ./cifar2/epoch1.npz
epoch   2 lr: 0.01000000  loss: 1.56295226  train accuracy: 0.44588000  test accuracy: 0.46100000 time: 12.61074638s
Loading data from file ./cifar2/epoch2.npz
epoch   3 lr: 0.01000000  loss: 1.49988210  train accuracy: 0.47370000  test accuracy: 0.48210000 time: 12.63006401s
Loading data from file ./cifar2/epoch3.npz
epoch   4 lr: 0.01000000  loss: 1.44925193  train accuracy: 0.49052000  test accuracy: 0.49960000 time: 12.59793186s
Loading data from file ./cifar2/epoch4.npz
epoch   5 lr: 0.01000000  loss: 1.42011276  train accuracy: 0.49726000  test accuracy: 0.50500000 time: 12.64427662s
Loading data from file ./cifar2/epoch5.npz
epoch   6 lr: 0.01000000  loss: 1.39317768  train accuracy: 0.51192000  test accuracy: 0.50810000 time: 12.60647774s
Loading data from file ./cifar2/epoch6.npz
epoch   7 lr: 0.01000000  loss: 1.34943057  train accuracy: 0.52608000  test accuracy: 0.53290000 time: 12.61700249s
Loading data from file ./cifar2/epoch7.npz
epoch   8 lr: 0.01000000  loss: 1.31835772  train accuracy: 0.54192000  test accuracy: 0.53920000 time: 12.61223888s
Loading data from file ./cifar2/epoch8.npz
epoch   9 lr: 0.01000000  loss: 1.30601065  train accuracy: 0.53922000  test accuracy: 0.53790000 time: 12.70433712s
Loading data from file ./cifar2/epoch9.npz
epoch  10 lr: 0.01000000  loss: 1.29025837  train accuracy: 0.54684000  test accuracy: 0.54330000 time: 12.74806404s
Loading data from file ./cifar2/epoch10.npz
epoch  11 lr: 0.01000000  loss: 1.27534008  train accuracy: 0.54628000  test accuracy: 0.54640000 time: 12.61358833s
Loading data from file ./cifar2/epoch11.npz
epoch  12 lr: 0.01000000  loss: 1.24196120  train accuracy: 0.56344000  test accuracy: 0.55710000 time: 12.75073242s
Loading data from file ./cifar2/epoch12.npz
epoch  13 lr: 0.01000000  loss: 1.22027419  train accuracy: 0.57226000  test accuracy: 0.56280000 time: 12.62191582s
Loading data from file ./cifar2/epoch13.npz
epoch  14 lr: 0.01000000  loss: 1.20063559  train accuracy: 0.57954000  test accuracy: 0.56270000 time: 12.60657406s
Loading data from file ./cifar2/epoch14.npz
epoch  15 lr: 0.01000000  loss: 1.18973682  train accuracy: 0.58422000  test accuracy: 0.56480000 time: 12.62756157s
Loading data from file ./cifar2/epoch15.npz
epoch  16 lr: 0.01000000  loss: 1.18272627  train accuracy: 0.58310000  test accuracy: 0.56930000 time: 12.60412693s
Loading data from file ./cifar2/epoch16.npz
epoch  17 lr: 0.01000000  loss: 1.17146125  train accuracy: 0.58808000  test accuracy: 0.57400000 time: 12.67031288s
Loading data from file ./cifar2/epoch17.npz
epoch  18 lr: 0.01000000  loss: 1.15063185  train accuracy: 0.59994000  test accuracy: 0.57800000 time: 12.60060596s
Loading data from file ./cifar2/epoch18.npz
epoch  19 lr: 0.01000000  loss: 1.14407787  train accuracy: 0.60130000  test accuracy: 0.57590000 time: 12.60394096s
Loading data from file ./cifar2/epoch19.npz
epoch  20 lr: 0.01000000  loss: 1.12939676  train accuracy: 0.60232000  test accuracy: 0.57870000 time: 12.61210060s
Loading data from file ./cifar2/epoch20.npz
epoch  21 lr: 0.01000000  loss: 1.12475362  train accuracy: 0.60524000  test accuracy: 0.57290000 time: 12.61771870s
Loading data from file ./cifar2/epoch21.npz
epoch  22 lr: 0.01000000  loss: 1.11215684  train accuracy: 0.61122000  test accuracy: 0.58210000 time: 12.61229229s
Loading data from file ./cifar2/epoch22.npz
epoch  23 lr: 0.01000000  loss: 1.09356489  train accuracy: 0.61900000  test accuracy: 0.58290000 time: 12.61165905s
Loading data from file ./cifar2/epoch23.npz
epoch  24 lr: 0.01000000  loss: 1.08970971  train accuracy: 0.61930000  test accuracy: 0.59110000 time: 12.63301277s
Loading data from file ./cifar2/epoch24.npz
epoch  25 lr: 0.01000000  loss: 1.08117877  train accuracy: 0.62082000  test accuracy: 0.58110000 time: 12.63906002s
Loading data from file ./cifar2/epoch25.npz
epoch  26 lr: 0.01000000  loss: 1.05742553  train accuracy: 0.63120000  test accuracy: 0.59260000 time: 12.72285271s
Loading data from file ./cifar2/epoch26.npz
epoch  27 lr: 0.01000000  loss: 1.05411181  train accuracy: 0.63126000  test accuracy: 0.58630000 time: 12.61512375s
Loading data from file ./cifar2/epoch27.npz
epoch  28 lr: 0.01000000  loss: 1.05004774  train accuracy: 0.62924000  test accuracy: 0.58050000 time: 12.60697174s
Loading data from file ./cifar2/epoch28.npz
epoch  29 lr: 0.01000000  loss: 1.05505342  train accuracy: 0.62962000  test accuracy: 0.58920000 time: 12.60474300s
Loading data from file ./cifar2/epoch29.npz
epoch  30 lr: 0.01000000  loss: 1.03734911  train accuracy: 0.63514000  test accuracy: 0.58860000 time: 12.58610821s
Loading data from file ./cifar2/epoch30.npz
epoch  31 lr: 0.01000000  loss: 1.01958230  train accuracy: 0.64506000  test accuracy: 0.59410000 time: 12.59765053s
Loading data from file ./cifar2/epoch31.npz
epoch  32 lr: 0.01000000  loss: 1.02405296  train accuracy: 0.63750000  test accuracy: 0.59430000 time: 12.60220623s
Loading data from file ./cifar2/epoch32.npz
epoch  33 lr: 0.01000000  loss: 1.03323441  train accuracy: 0.63616000  test accuracy: 0.58390000 time: 12.68227291s
Loading data from file ./cifar2/epoch33.npz
epoch  34 lr: 0.01000000  loss: 1.00219080  train accuracy: 0.65068000  test accuracy: 0.59660000 time: 12.59003544s
Loading data from file ./cifar2/epoch34.npz
epoch  35 lr: 0.01000000  loss: 0.99725087  train accuracy: 0.65170000  test accuracy: 0.60150000 time: 12.60797501s
Loading data from file ./cifar2/epoch35.npz
epoch  36 lr: 0.01000000  loss: 1.00099456  train accuracy: 0.65040000  test accuracy: 0.59550000 time: 12.59165764s
Loading data from file ./cifar2/epoch36.npz
epoch  37 lr: 0.01000000  loss: 0.98566883  train accuracy: 0.65272000  test accuracy: 0.60380000 time: 12.60072708s
Loading data from file ./cifar2/epoch37.npz
epoch  38 lr: 0.01000000  loss: 0.98376845  train accuracy: 0.65432000  test accuracy: 0.60060000 time: 12.57498741s
Loading data from file ./cifar2/epoch38.npz
epoch  39 lr: 0.01000000  loss: 0.97243356  train accuracy: 0.66106000  test accuracy: 0.60230000 time: 12.65982819s
Loading data from file ./cifar2/epoch39.npz
epoch  40 lr: 0.01000000  loss: 0.97932325  train accuracy: 0.65352000  test accuracy: 0.59770000 time: 12.58843136s
Loading data from file ./cifar2/epoch40.npz
epoch  41 lr: 0.01000000  loss: 0.95623534  train accuracy: 0.66440000  test accuracy: 0.60380000 time: 12.57540703s
Loading data from file ./cifar2/epoch41.npz
epoch  42 lr: 0.01000000  loss: 0.95041254  train accuracy: 0.66798000  test accuracy: 0.60430000 time: 12.59346294s
Loading data from file ./cifar2/epoch42.npz
epoch  43 lr: 0.01000000  loss: 0.93802503  train accuracy: 0.67534000  test accuracy: 0.60770000 time: 12.57918262s
Loading data from file ./cifar2/epoch43.npz
epoch  44 lr: 0.01000000  loss: 0.94576509  train accuracy: 0.67320000  test accuracy: 0.60190000 time: 12.61116028s
Loading data from file ./cifar2/epoch44.npz
epoch  45 lr: 0.01000000  loss: 0.94318600  train accuracy: 0.67242000  test accuracy: 0.60600000 time: 12.58421135s
Loading data from file ./cifar2/epoch45.npz
epoch  46 lr: 0.01000000  loss: 0.94348270  train accuracy: 0.66846000  test accuracy: 0.60090000 time: 12.62322330s
Loading data from file ./cifar2/epoch46.npz
epoch  47 lr: 0.01000000  loss: 0.92965928  train accuracy: 0.67850000  test accuracy: 0.60550000 time: 12.62128067s
Loading data from file ./cifar2/epoch47.npz
epoch  48 lr: 0.01000000  loss: 0.92991037  train accuracy: 0.67716000  test accuracy: 0.60490000 time: 12.60933304s
Loading data from file ./cifar2/epoch48.npz
epoch  49 lr: 0.01000000  loss: 0.92348763  train accuracy: 0.68160000  test accuracy: 0.61400000 time: 12.59490395s
Loading data from file ./cifar2/epoch49.npz
epoch  50 lr: 0.01000000  loss: 0.91405705  train accuracy: 0.68114000  test accuracy: 0.60860000 time: 12.61454582s
Loading data from file ./cifar2/epoch50.npz
epoch  51 lr: 0.00100000  loss: 0.96447592  train accuracy: 0.66180000  test accuracy: 0.62880000 time: 12.58368492s
Loading data from file ./cifar2/epoch51.npz
epoch  52 lr: 0.00100000  loss: 0.94704495  train accuracy: 0.66918000  test accuracy: 0.63410000 time: 12.59615326s
Loading data from file ./cifar2/epoch52.npz
epoch  53 lr: 0.00100000  loss: 0.94085997  train accuracy: 0.66884000  test accuracy: 0.63380000 time: 12.60606098s
Loading data from file ./cifar2/epoch53.npz
epoch  54 lr: 0.00100000  loss: 0.93527745  train accuracy: 0.67196000  test accuracy: 0.63760000 time: 12.61019421s
Loading data from file ./cifar2/epoch54.npz
epoch  55 lr: 0.00100000  loss: 0.92929499  train accuracy: 0.67484000  test accuracy: 0.63560000 time: 12.60589981s
Loading data from file ./cifar2/epoch55.npz
epoch  56 lr: 0.00100000  loss: 0.92336575  train accuracy: 0.67466000  test accuracy: 0.63830000 time: 12.59687519s
Loading data from file ./cifar2/epoch56.npz
epoch  57 lr: 0.00100000  loss: 0.92099465  train accuracy: 0.67736000  test accuracy: 0.64070000 time: 12.61027050s
Loading data from file ./cifar2/epoch57.npz
epoch  58 lr: 0.00100000  loss: 0.91740295  train accuracy: 0.67846000  test accuracy: 0.63710000 time: 12.58280563s
Loading data from file ./cifar2/epoch58.npz
epoch  59 lr: 0.00100000  loss: 0.91234437  train accuracy: 0.68228000  test accuracy: 0.63970000 time: 12.62945938s
Loading data from file ./cifar2/epoch59.npz
epoch  60 lr: 0.00100000  loss: 0.91434609  train accuracy: 0.67974000  test accuracy: 0.63840000 time: 12.60268879s
Loading data from file ./cifar2/epoch60.npz
epoch  61 lr: 0.00100000  loss: 0.91136206  train accuracy: 0.68224000  test accuracy: 0.63990000 time: 12.66253281s
Loading data from file ./cifar2/epoch61.npz
epoch  62 lr: 0.00100000  loss: 0.90835014  train accuracy: 0.68314000  test accuracy: 0.63980000 time: 12.59335041s
Loading data from file ./cifar2/epoch62.npz
epoch  63 lr: 0.00100000  loss: 0.90214843  train accuracy: 0.68158000  test accuracy: 0.64120000 time: 12.67222309s
Loading data from file ./cifar2/epoch63.npz
epoch  64 lr: 0.00100000  loss: 0.90893206  train accuracy: 0.68262000  test accuracy: 0.63870000 time: 12.63860321s
Loading data from file ./cifar2/epoch64.npz
epoch  65 lr: 0.00100000  loss: 0.89763584  train accuracy: 0.68494000  test accuracy: 0.64260000 time: 12.59997559s
Loading data from file ./cifar2/epoch65.npz
epoch  66 lr: 0.00100000  loss: 0.89787258  train accuracy: 0.68604000  test accuracy: 0.64050000 time: 12.67562485s
Loading data from file ./cifar2/epoch66.npz
epoch  67 lr: 0.00100000  loss: 0.89339300  train accuracy: 0.68674000  test accuracy: 0.64420000 time: 12.62249374s
Loading data from file ./cifar2/epoch67.npz
epoch  68 lr: 0.00100000  loss: 0.89544975  train accuracy: 0.68480000  test accuracy: 0.64530000 time: 12.60909462s
Loading data from file ./cifar2/epoch68.npz
epoch  69 lr: 0.00100000  loss: 0.88960252  train accuracy: 0.68800000  test accuracy: 0.64320000 time: 12.62622547s
Loading data from file ./cifar2/epoch69.npz
epoch  70 lr: 0.00100000  loss: 0.88529578  train accuracy: 0.69072000  test accuracy: 0.64400000 time: 12.58667469s
Loading data from file ./cifar2/epoch70.npz
epoch  71 lr: 0.00100000  loss: 0.88546298  train accuracy: 0.68814000  test accuracy: 0.64430000 time: 12.60677433s
Loading data from file ./cifar2/epoch71.npz
epoch  72 lr: 0.00100000  loss: 0.88316472  train accuracy: 0.69010000  test accuracy: 0.64480000 time: 12.59142113s
Loading data from file ./cifar2/epoch72.npz
epoch  73 lr: 0.00100000  loss: 0.88243446  train accuracy: 0.69064000  test accuracy: 0.64330000 time: 12.61630249s
Loading data from file ./cifar2/epoch73.npz
epoch  74 lr: 0.00100000  loss: 0.88944523  train accuracy: 0.68858000  test accuracy: 0.64280000 time: 12.67338562s
Loading data from file ./cifar2/epoch74.npz
epoch  75 lr: 0.00100000  loss: 0.88292444  train accuracy: 0.69336000  test accuracy: 0.64150000 time: 12.60446930s
Loading data from file ./cifar2/epoch75.npz
epoch  76 lr: 0.00010000  loss: 0.91140274  train accuracy: 0.67898000  test accuracy: 0.64320000 time: 12.62854767s
Loading data from file ./cifar2/epoch76.npz
epoch  77 lr: 0.00010000  loss: 0.90960752  train accuracy: 0.67806000  test accuracy: 0.64300000 time: 12.61144829s
Loading data from file ./cifar2/epoch77.npz
epoch  78 lr: 0.00010000  loss: 0.91322821  train accuracy: 0.67976000  test accuracy: 0.64500000 time: 12.58868408s
Loading data from file ./cifar2/epoch78.npz
epoch  79 lr: 0.00010000  loss: 0.90763256  train accuracy: 0.68126000  test accuracy: 0.64450000 time: 12.61060047s
Loading data from file ./cifar2/epoch79.npz
epoch  80 lr: 0.00010000  loss: 0.90930598  train accuracy: 0.68004000  test accuracy: 0.64440000 time: 12.58428955s
Loading data from file ./cifar2/epoch80.npz
epoch  81 lr: 0.00010000  loss: 0.90923476  train accuracy: 0.68122000  test accuracy: 0.64470000 time: 12.62058926s
Loading data from file ./cifar2/epoch81.npz
epoch  82 lr: 0.00010000  loss: 0.90800126  train accuracy: 0.68158000  test accuracy: 0.64510000 time: 12.60707188s
Loading data from file ./cifar2/epoch82.npz
epoch  83 lr: 0.00010000  loss: 0.90629109  train accuracy: 0.68318000  test accuracy: 0.64410000 time: 13.15594769s
Loading data from file ./cifar2/epoch83.npz
epoch  84 lr: 0.00010000  loss: 0.90550467  train accuracy: 0.68144000  test accuracy: 0.64490000 time: 12.60859299s
Loading data from file ./cifar2/epoch84.npz
epoch  85 lr: 0.00010000  loss: 0.90853398  train accuracy: 0.68184000  test accuracy: 0.64560000 time: 12.60773945s
Loading data from file ./cifar2/epoch85.npz
epoch  86 lr: 0.00010000  loss: 0.90753595  train accuracy: 0.68204000  test accuracy: 0.64520000 time: 12.60584641s
Loading data from file ./cifar2/epoch86.npz
epoch  87 lr: 0.00010000  loss: 0.91112866  train accuracy: 0.67946000  test accuracy: 0.64570000 time: 12.58541965s
Loading data from file ./cifar2/epoch87.npz
epoch  88 lr: 0.00010000  loss: 0.90554234  train accuracy: 0.68074000  test accuracy: 0.64470000 time: 12.59812355s
Loading data from file ./cifar2/epoch88.npz
epoch  89 lr: 0.00010000  loss: 0.90442201  train accuracy: 0.68284000  test accuracy: 0.64700000 time: 12.58431721s
Loading data from file ./cifar2/epoch89.npz
epoch  90 lr: 0.00010000  loss: 0.90083228  train accuracy: 0.68374000  test accuracy: 0.64530000 time: 12.58189392s
Loading data from file ./cifar2/epoch90.npz
epoch  91 lr: 0.00010000  loss: 0.90505399  train accuracy: 0.68318000  test accuracy: 0.64590000 time: 12.62401390s
Loading data from file ./cifar2/epoch91.npz
epoch  92 lr: 0.00010000  loss: 0.90338946  train accuracy: 0.68250000  test accuracy: 0.64660000 time: 12.59119225s
Loading data from file ./cifar2/epoch92.npz
epoch  93 lr: 0.00010000  loss: 0.90189315  train accuracy: 0.68292000  test accuracy: 0.64640000 time: 12.61261463s
Loading data from file ./cifar2/epoch93.npz
epoch  94 lr: 0.00010000  loss: 0.90233292  train accuracy: 0.68306000  test accuracy: 0.64750000 time: 12.59505558s
Loading data from file ./cifar2/epoch94.npz
epoch  95 lr: 0.00010000  loss: 0.90185380  train accuracy: 0.68478000  test accuracy: 0.64710000 time: 12.59578133s
Loading data from file ./cifar2/epoch95.npz
epoch  96 lr: 0.00010000  loss: 0.90219622  train accuracy: 0.68158000  test accuracy: 0.64800000 time: 12.58941174s
Loading data from file ./cifar2/epoch96.npz
epoch  97 lr: 0.00010000  loss: 0.90291869  train accuracy: 0.68446000  test accuracy: 0.64770000 time: 12.59924030s
Loading data from file ./cifar2/epoch97.npz
epoch  98 lr: 0.00010000  loss: 0.90741488  train accuracy: 0.68240000  test accuracy: 0.64720000 time: 12.66217327s
Loading data from file ./cifar2/epoch98.npz
epoch  99 lr: 0.00010000  loss: 0.90046027  train accuracy: 0.68608000  test accuracy: 0.64800000 time: 12.58280277s
Loading data from file ./cifar2/epoch99.npz
epoch 100 lr: 0.00010000  loss: 0.90461388  train accuracy: 0.67918000  test accuracy: 0.64910000 time: 12.61070156s
Accuracy of the network on the 10000 test examples: 64.91%
Total training time for the 100 epochs: 1262.13284232s
