loading dataset cifar10
read slice "../data/cifar-10-batches-bin/data_batch_1.bin"
read slice "../data/cifar-10-batches-bin/data_batch_2.bin"
read slice "../data/cifar-10-batches-bin/data_batch_3.bin"
read slice "../data/cifar-10-batches-bin/data_batch_4.bin"
read slice "../data/cifar-10-batches-bin/data_batch_5.bin"
read slice "../data/cifar-10-batches-bin/test_batch.bin"
normalizing data
number of examples: 50000
number of features: 3072
number of outputs: 10
epochs = 100
batch size = 100
shuffle = true
statistics = true
debug = false
algorithm = minibatch
dataset = cifar10
dataset size = 50000
normalize data = false
learning rate scheduler = multistep_lr(0.03;50,75;0.1)
loss function = softmax-cross-entropy
architecture = RRL
sizes = [3072, 1024, 512, 10]
weights initialization = xxx
optimizer = nesterov(0.9)
dropout = 0
density = 0.1
densities = [0.0837828, 0.188511, 1]
seed = 2
precision = 4
threads = 4
number type = float

Sparse(units=1024, density=0.08390808, optimizer=Nesterov(0.90000), activation=ReLU())
Sparse(units=512, density=0.18773651, optimizer=Nesterov(0.90000), activation=ReLU())
Dense(units=10, optimizer=Nesterov(0.90000), activation=NoActivation())

Loading data from file ./cifar2/epoch0.npz
epoch   0 lr: 0.03000000  loss: 2.30282121  train accuracy: 0.10230000  test accuracy: 0.09540000 time: 0.00000000s
epoch   1 lr: 0.03000000  loss: 1.63555850  train accuracy: 0.41970000  test accuracy: 0.44270000 time: 7.36318302s
Loading data from file ./cifar2/epoch1.npz
epoch   2 lr: 0.03000000  loss: 1.51672819  train accuracy: 0.46318000  test accuracy: 0.47300000 time: 7.38100529s
Loading data from file ./cifar2/epoch2.npz
epoch   3 lr: 0.03000000  loss: 1.45839132  train accuracy: 0.48296000  test accuracy: 0.48610000 time: 7.40533400s
Loading data from file ./cifar2/epoch3.npz
epoch   4 lr: 0.03000000  loss: 1.41004754  train accuracy: 0.50296000  test accuracy: 0.50300000 time: 7.39449739s
Loading data from file ./cifar2/epoch4.npz
epoch   5 lr: 0.03000000  loss: 1.38875439  train accuracy: 0.50862000  test accuracy: 0.50490000 time: 7.34824944s
Loading data from file ./cifar2/epoch5.npz
epoch   6 lr: 0.03000000  loss: 1.34847178  train accuracy: 0.52696000  test accuracy: 0.51290000 time: 7.35282660s
Loading data from file ./cifar2/epoch6.npz
epoch   7 lr: 0.03000000  loss: 1.31146451  train accuracy: 0.53856000  test accuracy: 0.52630000 time: 7.35585737s
Loading data from file ./cifar2/epoch7.npz
epoch   8 lr: 0.03000000  loss: 1.28578510  train accuracy: 0.55114000  test accuracy: 0.53190000 time: 7.36949968s
Loading data from file ./cifar2/epoch8.npz
epoch   9 lr: 0.03000000  loss: 1.28722363  train accuracy: 0.54708000  test accuracy: 0.53090000 time: 7.36063814s
Loading data from file ./cifar2/epoch9.npz
epoch  10 lr: 0.03000000  loss: 1.25948894  train accuracy: 0.55962000  test accuracy: 0.53460000 time: 7.33973169s
Loading data from file ./cifar2/epoch10.npz
epoch  11 lr: 0.03000000  loss: 1.24372742  train accuracy: 0.55908000  test accuracy: 0.53320000 time: 7.36417246s
Loading data from file ./cifar2/epoch11.npz
epoch  12 lr: 0.03000000  loss: 1.23175028  train accuracy: 0.56360000  test accuracy: 0.54730000 time: 7.35768175s
Loading data from file ./cifar2/epoch12.npz
epoch  13 lr: 0.03000000  loss: 1.21746867  train accuracy: 0.56810000  test accuracy: 0.54940000 time: 7.39950514s
Loading data from file ./cifar2/epoch13.npz
epoch  14 lr: 0.03000000  loss: 1.18894572  train accuracy: 0.58264000  test accuracy: 0.54940000 time: 7.36355257s
Loading data from file ./cifar2/epoch14.npz
epoch  15 lr: 0.03000000  loss: 1.17512825  train accuracy: 0.58598000  test accuracy: 0.55180000 time: 7.34077978s
Loading data from file ./cifar2/epoch15.npz
epoch  16 lr: 0.03000000  loss: 1.17907962  train accuracy: 0.58342000  test accuracy: 0.55500000 time: 7.36175728s
Loading data from file ./cifar2/epoch16.npz
epoch  17 lr: 0.03000000  loss: 1.16666043  train accuracy: 0.58532000  test accuracy: 0.55460000 time: 7.34339285s
Loading data from file ./cifar2/epoch17.npz
epoch  18 lr: 0.03000000  loss: 1.15693502  train accuracy: 0.59416000  test accuracy: 0.55770000 time: 7.39968538s
Loading data from file ./cifar2/epoch18.npz
epoch  19 lr: 0.03000000  loss: 1.14843892  train accuracy: 0.59520000  test accuracy: 0.55260000 time: 7.35465050s
Loading data from file ./cifar2/epoch19.npz
epoch  20 lr: 0.03000000  loss: 1.14900184  train accuracy: 0.59252000  test accuracy: 0.55350000 time: 7.35189056s
Loading data from file ./cifar2/epoch20.npz
epoch  21 lr: 0.03000000  loss: 1.13819510  train accuracy: 0.59848000  test accuracy: 0.55640000 time: 7.37346888s
Loading data from file ./cifar2/epoch21.npz
epoch  22 lr: 0.03000000  loss: 1.13267262  train accuracy: 0.60010000  test accuracy: 0.55590000 time: 7.35273027s
Loading data from file ./cifar2/epoch22.npz
epoch  23 lr: 0.03000000  loss: 1.12618619  train accuracy: 0.60316000  test accuracy: 0.54890000 time: 7.39486217s
Loading data from file ./cifar2/epoch23.npz
epoch  24 lr: 0.03000000  loss: 1.12444919  train accuracy: 0.60214000  test accuracy: 0.55870000 time: 7.37362051s
Loading data from file ./cifar2/epoch24.npz
epoch  25 lr: 0.03000000  loss: 1.11425996  train accuracy: 0.60578000  test accuracy: 0.55840000 time: 7.43672276s
Loading data from file ./cifar2/epoch25.npz
epoch  26 lr: 0.03000000  loss: 1.11380337  train accuracy: 0.60724000  test accuracy: 0.55920000 time: 7.43064785s
Loading data from file ./cifar2/epoch26.npz
epoch  27 lr: 0.03000000  loss: 1.09562085  train accuracy: 0.61054000  test accuracy: 0.56050000 time: 7.34227943s
Loading data from file ./cifar2/epoch27.npz
epoch  28 lr: 0.03000000  loss: 1.10583665  train accuracy: 0.60560000  test accuracy: 0.55530000 time: 7.37352371s
Loading data from file ./cifar2/epoch28.npz
epoch  29 lr: 0.03000000  loss: 1.09690243  train accuracy: 0.61004000  test accuracy: 0.55690000 time: 7.34065533s
Loading data from file ./cifar2/epoch29.npz
epoch  30 lr: 0.03000000  loss: 1.09856939  train accuracy: 0.60896000  test accuracy: 0.55790000 time: 7.45765734s
Loading data from file ./cifar2/epoch30.npz
epoch  31 lr: 0.03000000  loss: 1.08272290  train accuracy: 0.61764000  test accuracy: 0.56300000 time: 7.39414310s
Loading data from file ./cifar2/epoch31.npz
epoch  32 lr: 0.03000000  loss: 1.08219010  train accuracy: 0.61572000  test accuracy: 0.55730000 time: 7.38193274s
Loading data from file ./cifar2/epoch32.npz
epoch  33 lr: 0.03000000  loss: 1.10061039  train accuracy: 0.60920000  test accuracy: 0.55280000 time: 7.35666609s
Loading data from file ./cifar2/epoch33.npz
epoch  34 lr: 0.03000000  loss: 1.07257233  train accuracy: 0.61920000  test accuracy: 0.57060000 time: 7.40177011s
Loading data from file ./cifar2/epoch34.npz
epoch  35 lr: 0.03000000  loss: 1.06458475  train accuracy: 0.62276000  test accuracy: 0.56630000 time: 7.39569187s
Loading data from file ./cifar2/epoch35.npz
epoch  36 lr: 0.03000000  loss: 1.07434249  train accuracy: 0.62280000  test accuracy: 0.56870000 time: 7.35527849s
Loading data from file ./cifar2/epoch36.npz
epoch  37 lr: 0.03000000  loss: 1.06787981  train accuracy: 0.61944000  test accuracy: 0.56520000 time: 7.33807898s
Loading data from file ./cifar2/epoch37.npz
epoch  38 lr: 0.03000000  loss: 1.07155694  train accuracy: 0.62086000  test accuracy: 0.56530000 time: 7.35173607s
Loading data from file ./cifar2/epoch38.npz
epoch  39 lr: 0.03000000  loss: 1.05741002  train accuracy: 0.62912000  test accuracy: 0.56920000 time: 7.34249115s
Loading data from file ./cifar2/epoch39.npz
epoch  40 lr: 0.03000000  loss: 1.06700133  train accuracy: 0.62030000  test accuracy: 0.56530000 time: 7.36711073s
Loading data from file ./cifar2/epoch40.npz
epoch  41 lr: 0.03000000  loss: 1.05227924  train accuracy: 0.62766000  test accuracy: 0.56850000 time: 7.35018206s
Loading data from file ./cifar2/epoch41.npz
epoch  42 lr: 0.03000000  loss: 1.04412251  train accuracy: 0.63470000  test accuracy: 0.57490000 time: 7.35106468s
Loading data from file ./cifar2/epoch42.npz
epoch  43 lr: 0.03000000  loss: 1.03852668  train accuracy: 0.63376000  test accuracy: 0.57520000 time: 7.35295439s
Loading data from file ./cifar2/epoch43.npz
epoch  44 lr: 0.03000000  loss: 1.03887760  train accuracy: 0.63210000  test accuracy: 0.57650000 time: 7.36224222s
Loading data from file ./cifar2/epoch44.npz
epoch  45 lr: 0.03000000  loss: 1.03593623  train accuracy: 0.63470000  test accuracy: 0.57980000 time: 7.36251163s
Loading data from file ./cifar2/epoch45.npz
epoch  46 lr: 0.03000000  loss: 1.04083165  train accuracy: 0.63020000  test accuracy: 0.57590000 time: 7.37023544s
Loading data from file ./cifar2/epoch46.npz
epoch  47 lr: 0.03000000  loss: 1.02702951  train accuracy: 0.64056000  test accuracy: 0.57190000 time: 7.38004398s
Loading data from file ./cifar2/epoch47.npz
epoch  48 lr: 0.03000000  loss: 1.03679082  train accuracy: 0.63496000  test accuracy: 0.56670000 time: 7.38689327s
Loading data from file ./cifar2/epoch48.npz
epoch  49 lr: 0.03000000  loss: 1.02900409  train accuracy: 0.63804000  test accuracy: 0.57540000 time: 7.38615036s
Loading data from file ./cifar2/epoch49.npz
epoch  50 lr: 0.03000000  loss: 1.02074380  train accuracy: 0.63916000  test accuracy: 0.57210000 time: 7.37458706s
Loading data from file ./cifar2/epoch50.npz
epoch  51 lr: 0.00300000  loss: 1.06819131  train accuracy: 0.62078000  test accuracy: 0.59450000 time: 7.38982010s
Loading data from file ./cifar2/epoch51.npz
epoch  52 lr: 0.00300000  loss: 1.04441805  train accuracy: 0.63022000  test accuracy: 0.59980000 time: 7.40465355s
Loading data from file ./cifar2/epoch52.npz
epoch  53 lr: 0.00300000  loss: 1.03477744  train accuracy: 0.63278000  test accuracy: 0.60140000 time: 7.37292290s
Loading data from file ./cifar2/epoch53.npz
epoch  54 lr: 0.00300000  loss: 1.02174721  train accuracy: 0.64034000  test accuracy: 0.60510000 time: 7.38688993s
Loading data from file ./cifar2/epoch54.npz
epoch  55 lr: 0.00300000  loss: 1.01871247  train accuracy: 0.64136000  test accuracy: 0.60700000 time: 7.37398911s
Loading data from file ./cifar2/epoch55.npz
epoch  56 lr: 0.00300000  loss: 1.00870286  train accuracy: 0.64622000  test accuracy: 0.60730000 time: 7.36964464s
Loading data from file ./cifar2/epoch56.npz
epoch  57 lr: 0.00300000  loss: 1.00563495  train accuracy: 0.64506000  test accuracy: 0.61110000 time: 7.36811352s
Loading data from file ./cifar2/epoch57.npz
epoch  58 lr: 0.00300000  loss: 1.00559651  train accuracy: 0.64488000  test accuracy: 0.61170000 time: 7.40978050s
Loading data from file ./cifar2/epoch58.npz
epoch  59 lr: 0.00300000  loss: 0.99347112  train accuracy: 0.64994000  test accuracy: 0.61470000 time: 7.47659159s
Loading data from file ./cifar2/epoch59.npz
epoch  60 lr: 0.00300000  loss: 0.99656831  train accuracy: 0.64764000  test accuracy: 0.61450000 time: 7.35486841s
Loading data from file ./cifar2/epoch60.npz
epoch  61 lr: 0.00300000  loss: 0.98939634  train accuracy: 0.65004000  test accuracy: 0.61510000 time: 7.33911085s
Loading data from file ./cifar2/epoch61.npz
epoch  62 lr: 0.00300000  loss: 0.98540296  train accuracy: 0.65010000  test accuracy: 0.61540000 time: 7.35083532s
Loading data from file ./cifar2/epoch62.npz
epoch  63 lr: 0.00300000  loss: 0.98537844  train accuracy: 0.65212000  test accuracy: 0.61620000 time: 7.34915781s
Loading data from file ./cifar2/epoch63.npz
epoch  64 lr: 0.00300000  loss: 0.98356920  train accuracy: 0.65442000  test accuracy: 0.61320000 time: 7.45015526s
Loading data from file ./cifar2/epoch64.npz
epoch  65 lr: 0.00300000  loss: 0.97961112  train accuracy: 0.65202000  test accuracy: 0.61220000 time: 7.36689711s
Loading data from file ./cifar2/epoch65.npz
epoch  66 lr: 0.00300000  loss: 0.97026157  train accuracy: 0.65580000  test accuracy: 0.61240000 time: 7.33761358s
Loading data from file ./cifar2/epoch66.npz
epoch  67 lr: 0.00300000  loss: 0.97773134  train accuracy: 0.65432000  test accuracy: 0.61480000 time: 7.37373400s
Loading data from file ./cifar2/epoch67.npz
epoch  68 lr: 0.00300000  loss: 0.97387784  train accuracy: 0.65474000  test accuracy: 0.61600000 time: 7.38010406s
Loading data from file ./cifar2/epoch68.npz
epoch  69 lr: 0.00300000  loss: 0.96687149  train accuracy: 0.65728000  test accuracy: 0.61290000 time: 7.41559076s
Loading data from file ./cifar2/epoch69.npz
epoch  70 lr: 0.00300000  loss: 0.96479486  train accuracy: 0.65976000  test accuracy: 0.61660000 time: 7.38240671s
Loading data from file ./cifar2/epoch70.npz
epoch  71 lr: 0.00300000  loss: 0.96927030  train accuracy: 0.65534000  test accuracy: 0.61620000 time: 7.35592890s
Loading data from file ./cifar2/epoch71.npz
epoch  72 lr: 0.00300000  loss: 0.95848553  train accuracy: 0.66120000  test accuracy: 0.61770000 time: 7.38484478s
Loading data from file ./cifar2/epoch72.npz
epoch  73 lr: 0.00300000  loss: 0.96445686  train accuracy: 0.65958000  test accuracy: 0.61640000 time: 7.37064505s
Loading data from file ./cifar2/epoch73.npz
epoch  74 lr: 0.00300000  loss: 0.96604964  train accuracy: 0.65904000  test accuracy: 0.61620000 time: 7.38227081s
Loading data from file ./cifar2/epoch74.npz
epoch  75 lr: 0.00300000  loss: 0.95740736  train accuracy: 0.66268000  test accuracy: 0.61490000 time: 7.44846249s
Loading data from file ./cifar2/epoch75.npz
epoch  76 lr: 0.00030000  loss: 1.00079878  train accuracy: 0.64416000  test accuracy: 0.61740000 time: 7.35105801s
Loading data from file ./cifar2/epoch76.npz
epoch  77 lr: 0.00030000  loss: 0.99362921  train accuracy: 0.64898000  test accuracy: 0.61700000 time: 7.36063242s
Loading data from file ./cifar2/epoch77.npz
epoch  78 lr: 0.00030000  loss: 0.99820046  train accuracy: 0.64668000  test accuracy: 0.61810000 time: 7.34390736s
Loading data from file ./cifar2/epoch78.npz
epoch  79 lr: 0.00030000  loss: 0.99737405  train accuracy: 0.64668000  test accuracy: 0.61900000 time: 7.37448359s
Loading data from file ./cifar2/epoch79.npz
epoch  80 lr: 0.00030000  loss: 0.99641872  train accuracy: 0.64598000  test accuracy: 0.61890000 time: 7.36226940s
Loading data from file ./cifar2/epoch80.npz
epoch  81 lr: 0.00030000  loss: 0.99684903  train accuracy: 0.64746000  test accuracy: 0.61960000 time: 7.36571169s
Loading data from file ./cifar2/epoch81.npz
epoch  82 lr: 0.00030000  loss: 0.99718598  train accuracy: 0.64600000  test accuracy: 0.61980000 time: 7.38693190s
Loading data from file ./cifar2/epoch82.npz
epoch  83 lr: 0.00030000  loss: 0.99550451  train accuracy: 0.64644000  test accuracy: 0.61940000 time: 7.38421154s
Loading data from file ./cifar2/epoch83.npz
epoch  84 lr: 0.00030000  loss: 0.99900873  train accuracy: 0.64632000  test accuracy: 0.61860000 time: 7.36535358s
Loading data from file ./cifar2/epoch84.npz
epoch  85 lr: 0.00030000  loss: 0.99873841  train accuracy: 0.64560000  test accuracy: 0.61960000 time: 7.36544371s
Loading data from file ./cifar2/epoch85.npz
epoch  86 lr: 0.00030000  loss: 0.99679152  train accuracy: 0.64756000  test accuracy: 0.61890000 time: 7.38391256s
Loading data from file ./cifar2/epoch86.npz
epoch  87 lr: 0.00030000  loss: 0.99656448  train accuracy: 0.64550000  test accuracy: 0.61960000 time: 7.39312887s
Loading data from file ./cifar2/epoch87.npz
epoch  88 lr: 0.00030000  loss: 0.99339285  train accuracy: 0.64692000  test accuracy: 0.61970000 time: 7.38262081s
Loading data from file ./cifar2/epoch88.npz
epoch  89 lr: 0.00030000  loss: 0.98651474  train accuracy: 0.64968000  test accuracy: 0.62020000 time: 7.36331367s
Loading data from file ./cifar2/epoch89.npz
epoch  90 lr: 0.00030000  loss: 0.98849316  train accuracy: 0.64744000  test accuracy: 0.62090000 time: 7.35852289s
Loading data from file ./cifar2/epoch90.npz
epoch  91 lr: 0.00030000  loss: 0.99366293  train accuracy: 0.64792000  test accuracy: 0.62000000 time: 7.34836578s
Loading data from file ./cifar2/epoch91.npz
epoch  92 lr: 0.00030000  loss: 0.98878635  train accuracy: 0.65074000  test accuracy: 0.61970000 time: 7.40175962s
Loading data from file ./cifar2/epoch92.npz
epoch  93 lr: 0.00030000  loss: 0.99201358  train accuracy: 0.64800000  test accuracy: 0.61860000 time: 7.39964914s
Loading data from file ./cifar2/epoch93.npz
epoch  94 lr: 0.00030000  loss: 0.98468991  train accuracy: 0.65202000  test accuracy: 0.62000000 time: 7.42568970s
Loading data from file ./cifar2/epoch94.npz
epoch  95 lr: 0.00030000  loss: 0.98793015  train accuracy: 0.64952000  test accuracy: 0.62040000 time: 7.38648844s
Loading data from file ./cifar2/epoch95.npz
epoch  96 lr: 0.00030000  loss: 0.99174171  train accuracy: 0.64914000  test accuracy: 0.62060000 time: 7.35136175s
Loading data from file ./cifar2/epoch96.npz
epoch  97 lr: 0.00030000  loss: 0.98507425  train accuracy: 0.64948000  test accuracy: 0.62010000 time: 7.38388443s
Loading data from file ./cifar2/epoch97.npz
epoch  98 lr: 0.00030000  loss: 0.98942581  train accuracy: 0.64636000  test accuracy: 0.62030000 time: 7.37518358s
Loading data from file ./cifar2/epoch98.npz
epoch  99 lr: 0.00030000  loss: 0.98769490  train accuracy: 0.64938000  test accuracy: 0.61940000 time: 7.39268255s
Loading data from file ./cifar2/epoch99.npz
epoch 100 lr: 0.00030000  loss: 0.99452175  train accuracy: 0.64736000  test accuracy: 0.62150000 time: 7.43343544s
Accuracy of the network on the 10000 test examples: 62.15%
Total training time for the 100 epochs: 737.58085583s
