loading dataset cifar10
read slice "../data/cifar-10-batches-bin/data_batch_1.bin"
read slice "../data/cifar-10-batches-bin/data_batch_2.bin"
read slice "../data/cifar-10-batches-bin/data_batch_3.bin"
read slice "../data/cifar-10-batches-bin/data_batch_4.bin"
read slice "../data/cifar-10-batches-bin/data_batch_5.bin"
read slice "../data/cifar-10-batches-bin/test_batch.bin"
normalizing data
number of examples: 50000
number of features: 3072
number of outputs: 10
epochs = 100
batch size = 100
shuffle = true
statistics = true
debug = false
algorithm = minibatch
dataset = cifar10
dataset size = 50000
normalize data = false
learning rate scheduler = multistep_lr(0.1;50,75;0.1)
loss function = softmax-cross-entropy
architecture = RRL
sizes = [3072, 1024, 512, 10]
weights initialization = xxx
optimizer = nesterov(0.9)
dropout = 0
density = 0.01
densities = [0.00777568, 0.0174953, 0.608836]
seed = 2
precision = 4
threads = 4
number type = float

Sparse(units=1024, density=0.0077753067, optimizer=Nesterov(0.90000), activation=ReLU())
Sparse(units=512, density=0.017526627, optimizer=Nesterov(0.90000), activation=ReLU())
Sparse(units=10, density=0.6035156, optimizer=Nesterov(0.90000), activation=NoActivation())

Loading data from file ./cifar2/epoch0.npz
epoch   0 lr: 0.10000000  loss: 2.30258372  train accuracy: 0.10144000  test accuracy: 0.10090000 time: 0.00000000s
epoch   1 lr: 0.10000000  loss: 1.78756448  train accuracy: 0.35754000  test accuracy: 0.38430000 time: 2.86220455s
Loading data from file ./cifar2/epoch1.npz
epoch   2 lr: 0.10000000  loss: 1.66090914  train accuracy: 0.40558000  test accuracy: 0.42840000 time: 2.88002586s
Loading data from file ./cifar2/epoch2.npz
epoch   3 lr: 0.10000000  loss: 1.61475654  train accuracy: 0.42598000  test accuracy: 0.44300000 time: 2.85770917s
Loading data from file ./cifar2/epoch3.npz
epoch   4 lr: 0.10000000  loss: 1.56968187  train accuracy: 0.44422000  test accuracy: 0.45630000 time: 2.85370946s
Loading data from file ./cifar2/epoch4.npz
epoch   5 lr: 0.10000000  loss: 1.54010965  train accuracy: 0.45666000  test accuracy: 0.46280000 time: 2.85867929s
Loading data from file ./cifar2/epoch5.npz
epoch   6 lr: 0.10000000  loss: 1.49714782  train accuracy: 0.46920000  test accuracy: 0.47320000 time: 2.85634160s
Loading data from file ./cifar2/epoch6.npz
epoch   7 lr: 0.10000000  loss: 1.48721376  train accuracy: 0.47340000  test accuracy: 0.48020000 time: 2.86644530s
Loading data from file ./cifar2/epoch7.npz
epoch   8 lr: 0.10000000  loss: 1.46524855  train accuracy: 0.48130000  test accuracy: 0.48350000 time: 2.89841461s
Loading data from file ./cifar2/epoch8.npz
epoch   9 lr: 0.10000000  loss: 1.45185251  train accuracy: 0.48342000  test accuracy: 0.48790000 time: 2.85462141s
Loading data from file ./cifar2/epoch9.npz
epoch  10 lr: 0.10000000  loss: 1.45097045  train accuracy: 0.48422000  test accuracy: 0.48800000 time: 2.85970592s
Loading data from file ./cifar2/epoch10.npz
epoch  11 lr: 0.10000000  loss: 1.43292596  train accuracy: 0.48594000  test accuracy: 0.49130000 time: 2.85859466s
Loading data from file ./cifar2/epoch11.npz
epoch  12 lr: 0.10000000  loss: 1.42232511  train accuracy: 0.49552000  test accuracy: 0.49200000 time: 2.85280371s
Loading data from file ./cifar2/epoch12.npz
epoch  13 lr: 0.10000000  loss: 1.40299969  train accuracy: 0.50734000  test accuracy: 0.49310000 time: 2.86492586s
Loading data from file ./cifar2/epoch13.npz
epoch  14 lr: 0.10000000  loss: 1.40525155  train accuracy: 0.50146000  test accuracy: 0.49600000 time: 2.86689734s
Loading data from file ./cifar2/epoch14.npz
epoch  15 lr: 0.10000000  loss: 1.40473586  train accuracy: 0.50554000  test accuracy: 0.49430000 time: 2.85260224s
Loading data from file ./cifar2/epoch15.npz
epoch  16 lr: 0.10000000  loss: 1.39280431  train accuracy: 0.50396000  test accuracy: 0.49020000 time: 2.85774970s
Loading data from file ./cifar2/epoch16.npz
epoch  17 lr: 0.10000000  loss: 1.40000473  train accuracy: 0.49980000  test accuracy: 0.50010000 time: 2.86630321s
Loading data from file ./cifar2/epoch17.npz
epoch  18 lr: 0.10000000  loss: 1.37917202  train accuracy: 0.50974000  test accuracy: 0.50470000 time: 2.84485364s
Loading data from file ./cifar2/epoch18.npz
epoch  19 lr: 0.10000000  loss: 1.38126988  train accuracy: 0.50952000  test accuracy: 0.50210000 time: 2.87803316s
Loading data from file ./cifar2/epoch19.npz
epoch  20 lr: 0.10000000  loss: 1.37283560  train accuracy: 0.51184000  test accuracy: 0.50140000 time: 2.85699749s
Loading data from file ./cifar2/epoch20.npz
epoch  21 lr: 0.10000000  loss: 1.36506365  train accuracy: 0.51848000  test accuracy: 0.49850000 time: 2.85135698s
Loading data from file ./cifar2/epoch21.npz
epoch  22 lr: 0.10000000  loss: 1.37573822  train accuracy: 0.51090000  test accuracy: 0.49630000 time: 2.85152459s
Loading data from file ./cifar2/epoch22.npz
epoch  23 lr: 0.10000000  loss: 1.37217785  train accuracy: 0.51406000  test accuracy: 0.49520000 time: 2.85803914s
Loading data from file ./cifar2/epoch23.npz
epoch  24 lr: 0.10000000  loss: 1.36304940  train accuracy: 0.51404000  test accuracy: 0.50500000 time: 2.86023211s
Loading data from file ./cifar2/epoch24.npz
epoch  25 lr: 0.10000000  loss: 1.36540165  train accuracy: 0.51438000  test accuracy: 0.49600000 time: 2.87813997s
Loading data from file ./cifar2/epoch25.npz
epoch  26 lr: 0.10000000  loss: 1.35010184  train accuracy: 0.51568000  test accuracy: 0.50950000 time: 2.86709452s
Loading data from file ./cifar2/epoch26.npz
epoch  27 lr: 0.10000000  loss: 1.35328811  train accuracy: 0.51830000  test accuracy: 0.50040000 time: 2.85081720s
Loading data from file ./cifar2/epoch27.npz
epoch  28 lr: 0.10000000  loss: 1.35279352  train accuracy: 0.51754000  test accuracy: 0.50090000 time: 2.85454082s
Loading data from file ./cifar2/epoch28.npz
epoch  29 lr: 0.10000000  loss: 1.35022983  train accuracy: 0.51930000  test accuracy: 0.50660000 time: 2.90274382s
Loading data from file ./cifar2/epoch29.npz
epoch  30 lr: 0.10000000  loss: 1.34082758  train accuracy: 0.52290000  test accuracy: 0.50740000 time: 2.88416791s
Loading data from file ./cifar2/epoch30.npz
epoch  31 lr: 0.10000000  loss: 1.35232828  train accuracy: 0.51954000  test accuracy: 0.50950000 time: 2.85338998s
Loading data from file ./cifar2/epoch31.npz
epoch  32 lr: 0.10000000  loss: 1.35733328  train accuracy: 0.51404000  test accuracy: 0.49380000 time: 2.86733460s
Loading data from file ./cifar2/epoch32.npz
epoch  33 lr: 0.10000000  loss: 1.33672389  train accuracy: 0.52694000  test accuracy: 0.50970000 time: 2.85259604s
Loading data from file ./cifar2/epoch33.npz
epoch  34 lr: 0.10000000  loss: 1.34137212  train accuracy: 0.52358000  test accuracy: 0.50660000 time: 2.85315609s
Loading data from file ./cifar2/epoch34.npz
epoch  35 lr: 0.10000000  loss: 1.35329595  train accuracy: 0.51788000  test accuracy: 0.50170000 time: 2.85440493s
Loading data from file ./cifar2/epoch35.npz
epoch  36 lr: 0.10000000  loss: 1.34260731  train accuracy: 0.52108000  test accuracy: 0.50240000 time: 2.85568857s
Loading data from file ./cifar2/epoch36.npz
epoch  37 lr: 0.10000000  loss: 1.34711368  train accuracy: 0.51948000  test accuracy: 0.49490000 time: 3.76935315s
Loading data from file ./cifar2/epoch37.npz
epoch  38 lr: 0.10000000  loss: 1.33724390  train accuracy: 0.52654000  test accuracy: 0.50700000 time: 4.07433081s
Loading data from file ./cifar2/epoch38.npz
epoch  39 lr: 0.10000000  loss: 1.33183173  train accuracy: 0.52700000  test accuracy: 0.51130000 time: 2.92124438s
Loading data from file ./cifar2/epoch39.npz
epoch  40 lr: 0.10000000  loss: 1.34335188  train accuracy: 0.52022000  test accuracy: 0.49860000 time: 2.90651941s
Loading data from file ./cifar2/epoch40.npz
epoch  41 lr: 0.10000000  loss: 1.33615604  train accuracy: 0.52446000  test accuracy: 0.50660000 time: 2.84447074s
Loading data from file ./cifar2/epoch41.npz
epoch  42 lr: 0.10000000  loss: 1.32835806  train accuracy: 0.52876000  test accuracy: 0.50830000 time: 2.84201002s
Loading data from file ./cifar2/epoch42.npz
epoch  43 lr: 0.10000000  loss: 1.34288460  train accuracy: 0.52006000  test accuracy: 0.49500000 time: 2.85339594s
Loading data from file ./cifar2/epoch43.npz
epoch  44 lr: 0.10000000  loss: 1.33510737  train accuracy: 0.52376000  test accuracy: 0.50700000 time: 2.84628654s
Loading data from file ./cifar2/epoch44.npz
epoch  45 lr: 0.10000000  loss: 1.33917222  train accuracy: 0.52174000  test accuracy: 0.50440000 time: 2.85755301s
Loading data from file ./cifar2/epoch45.npz
epoch  46 lr: 0.10000000  loss: 1.32965577  train accuracy: 0.52564000  test accuracy: 0.50420000 time: 2.85782695s
Loading data from file ./cifar2/epoch46.npz
epoch  47 lr: 0.10000000  loss: 1.32316670  train accuracy: 0.53094000  test accuracy: 0.50900000 time: 2.84258032s
Loading data from file ./cifar2/epoch47.npz
epoch  48 lr: 0.10000000  loss: 1.33729114  train accuracy: 0.52204000  test accuracy: 0.49840000 time: 2.84530926s
Loading data from file ./cifar2/epoch48.npz
epoch  49 lr: 0.10000000  loss: 1.32416502  train accuracy: 0.52978000  test accuracy: 0.50650000 time: 2.84396172s
Loading data from file ./cifar2/epoch49.npz
epoch  50 lr: 0.10000000  loss: 1.32319733  train accuracy: 0.53086000  test accuracy: 0.51460000 time: 2.84757280s
Loading data from file ./cifar2/epoch50.npz
epoch  51 lr: 0.01000000  loss: 1.36217510  train accuracy: 0.51754000  test accuracy: 0.53270000 time: 2.85916138s
Loading data from file ./cifar2/epoch51.npz
epoch  52 lr: 0.01000000  loss: 1.34264615  train accuracy: 0.52442000  test accuracy: 0.53140000 time: 2.86502552s
Loading data from file ./cifar2/epoch52.npz
epoch  53 lr: 0.01000000  loss: 1.33343652  train accuracy: 0.52920000  test accuracy: 0.53780000 time: 2.84457231s
Loading data from file ./cifar2/epoch53.npz
epoch  54 lr: 0.01000000  loss: 1.32539900  train accuracy: 0.52950000  test accuracy: 0.54010000 time: 2.84719467s
Loading data from file ./cifar2/epoch54.npz
epoch  55 lr: 0.01000000  loss: 1.31714814  train accuracy: 0.53394000  test accuracy: 0.54430000 time: 2.85151720s
Loading data from file ./cifar2/epoch55.npz
epoch  56 lr: 0.01000000  loss: 1.31675991  train accuracy: 0.53536000  test accuracy: 0.54690000 time: 2.84840393s
Loading data from file ./cifar2/epoch56.npz
epoch  57 lr: 0.01000000  loss: 1.31294880  train accuracy: 0.53654000  test accuracy: 0.54590000 time: 2.87282157s
Loading data from file ./cifar2/epoch57.npz
epoch  58 lr: 0.01000000  loss: 1.31071608  train accuracy: 0.53702000  test accuracy: 0.54640000 time: 2.86404252s
Loading data from file ./cifar2/epoch58.npz
epoch  59 lr: 0.01000000  loss: 1.30187918  train accuracy: 0.53922000  test accuracy: 0.54560000 time: 2.84436297s
Loading data from file ./cifar2/epoch59.npz
epoch  60 lr: 0.01000000  loss: 1.30124471  train accuracy: 0.53852000  test accuracy: 0.54890000 time: 2.84845233s
Loading data from file ./cifar2/epoch60.npz
epoch  61 lr: 0.01000000  loss: 1.29889253  train accuracy: 0.53962000  test accuracy: 0.55180000 time: 2.84496808s
Loading data from file ./cifar2/epoch61.npz
epoch  62 lr: 0.01000000  loss: 1.29624019  train accuracy: 0.54240000  test accuracy: 0.54550000 time: 2.84380722s
Loading data from file ./cifar2/epoch62.npz
epoch  63 lr: 0.01000000  loss: 1.29845819  train accuracy: 0.54162000  test accuracy: 0.55110000 time: 2.85663891s
Loading data from file ./cifar2/epoch63.npz
epoch  64 lr: 0.01000000  loss: 1.29604072  train accuracy: 0.54200000  test accuracy: 0.55500000 time: 2.85735416s
Loading data from file ./cifar2/epoch64.npz
epoch  65 lr: 0.01000000  loss: 1.29809859  train accuracy: 0.54038000  test accuracy: 0.55430000 time: 2.84447360s
Loading data from file ./cifar2/epoch65.npz
epoch  66 lr: 0.01000000  loss: 1.28764271  train accuracy: 0.54534000  test accuracy: 0.55480000 time: 2.84385586s
Loading data from file ./cifar2/epoch66.npz
epoch  67 lr: 0.01000000  loss: 1.29221987  train accuracy: 0.54200000  test accuracy: 0.55130000 time: 2.84750533s
Loading data from file ./cifar2/epoch67.npz
epoch  68 lr: 0.01000000  loss: 1.29180641  train accuracy: 0.54288000  test accuracy: 0.55440000 time: 2.84862614s
Loading data from file ./cifar2/epoch68.npz
epoch  69 lr: 0.01000000  loss: 1.28876545  train accuracy: 0.54282000  test accuracy: 0.55360000 time: 2.86362624s
Loading data from file ./cifar2/epoch69.npz
epoch  70 lr: 0.01000000  loss: 1.28263157  train accuracy: 0.54538000  test accuracy: 0.55520000 time: 2.90912986s
Loading data from file ./cifar2/epoch70.npz
epoch  71 lr: 0.01000000  loss: 1.29036616  train accuracy: 0.54344000  test accuracy: 0.55570000 time: 2.84834361s
Loading data from file ./cifar2/epoch71.npz
epoch  72 lr: 0.01000000  loss: 1.28347235  train accuracy: 0.54672000  test accuracy: 0.55370000 time: 2.89192104s
Loading data from file ./cifar2/epoch72.npz
epoch  73 lr: 0.01000000  loss: 1.28603926  train accuracy: 0.54396000  test accuracy: 0.55650000 time: 2.84874129s
Loading data from file ./cifar2/epoch73.npz
epoch  74 lr: 0.01000000  loss: 1.28452897  train accuracy: 0.54580000  test accuracy: 0.55520000 time: 2.89922142s
Loading data from file ./cifar2/epoch74.npz
epoch  75 lr: 0.01000000  loss: 1.28612141  train accuracy: 0.54474000  test accuracy: 0.55410000 time: 2.87027192s
Loading data from file ./cifar2/epoch75.npz
epoch  76 lr: 0.00100000  loss: 1.30781398  train accuracy: 0.53624000  test accuracy: 0.55610000 time: 2.84485865s
Loading data from file ./cifar2/epoch76.npz
epoch  77 lr: 0.00100000  loss: 1.30039518  train accuracy: 0.54110000  test accuracy: 0.55600000 time: 2.84368920s
Loading data from file ./cifar2/epoch77.npz
epoch  78 lr: 0.00100000  loss: 1.30946157  train accuracy: 0.53802000  test accuracy: 0.55590000 time: 2.84336710s
Loading data from file ./cifar2/epoch78.npz
epoch  79 lr: 0.00100000  loss: 1.30488670  train accuracy: 0.53942000  test accuracy: 0.55740000 time: 2.84951448s
Loading data from file ./cifar2/epoch79.npz
epoch  80 lr: 0.00100000  loss: 1.30659494  train accuracy: 0.54202000  test accuracy: 0.55820000 time: 2.85868692s
Loading data from file ./cifar2/epoch80.npz
epoch  81 lr: 0.00100000  loss: 1.30773524  train accuracy: 0.53710000  test accuracy: 0.55790000 time: 2.87723041s
Loading data from file ./cifar2/epoch81.npz
epoch  82 lr: 0.00100000  loss: 1.30500870  train accuracy: 0.53922000  test accuracy: 0.55700000 time: 2.84372616s
Loading data from file ./cifar2/epoch82.npz
epoch  83 lr: 0.00100000  loss: 1.30840415  train accuracy: 0.53694000  test accuracy: 0.55860000 time: 2.84477043s
Loading data from file ./cifar2/epoch83.npz
epoch  84 lr: 0.00100000  loss: 1.30331934  train accuracy: 0.54006000  test accuracy: 0.55820000 time: 2.84398127s
Loading data from file ./cifar2/epoch84.npz
epoch  85 lr: 0.00100000  loss: 1.30786071  train accuracy: 0.53730000  test accuracy: 0.55800000 time: 2.84357238s
Loading data from file ./cifar2/epoch85.npz
epoch  86 lr: 0.00100000  loss: 1.30440631  train accuracy: 0.53996000  test accuracy: 0.55920000 time: 2.84538412s
Loading data from file ./cifar2/epoch86.npz
epoch  87 lr: 0.00100000  loss: 1.30835269  train accuracy: 0.53750000  test accuracy: 0.55900000 time: 2.87124419s
Loading data from file ./cifar2/epoch87.npz
epoch  88 lr: 0.00100000  loss: 1.30100119  train accuracy: 0.53960000  test accuracy: 0.55800000 time: 2.85698891s
Loading data from file ./cifar2/epoch88.npz
epoch  89 lr: 0.00100000  loss: 1.30178946  train accuracy: 0.53890000  test accuracy: 0.55750000 time: 2.86508822s
Loading data from file ./cifar2/epoch89.npz
epoch  90 lr: 0.00100000  loss: 1.30182040  train accuracy: 0.54086000  test accuracy: 0.55770000 time: 2.85469556s
Loading data from file ./cifar2/epoch90.npz
epoch  91 lr: 0.00100000  loss: 1.30389006  train accuracy: 0.53642000  test accuracy: 0.55820000 time: 2.85929155s
Loading data from file ./cifar2/epoch91.npz
epoch  92 lr: 0.00100000  loss: 1.29902568  train accuracy: 0.54290000  test accuracy: 0.55780000 time: 2.85391140s
Loading data from file ./cifar2/epoch92.npz
epoch  93 lr: 0.00100000  loss: 1.30475657  train accuracy: 0.54030000  test accuracy: 0.55900000 time: 2.86646104s
Loading data from file ./cifar2/epoch93.npz
epoch  94 lr: 0.00100000  loss: 1.30397898  train accuracy: 0.54022000  test accuracy: 0.55870000 time: 2.87027335s
Loading data from file ./cifar2/epoch94.npz
epoch  95 lr: 0.00100000  loss: 1.30153645  train accuracy: 0.53762000  test accuracy: 0.55580000 time: 2.87254024s
Loading data from file ./cifar2/epoch95.npz
epoch  96 lr: 0.00100000  loss: 1.30771006  train accuracy: 0.53794000  test accuracy: 0.55690000 time: 2.86291242s
Loading data from file ./cifar2/epoch96.npz
epoch  97 lr: 0.00100000  loss: 1.30440788  train accuracy: 0.53582000  test accuracy: 0.55840000 time: 2.86982989s
Loading data from file ./cifar2/epoch97.npz
epoch  98 lr: 0.00100000  loss: 1.29954504  train accuracy: 0.53860000  test accuracy: 0.55880000 time: 2.84185553s
Loading data from file ./cifar2/epoch98.npz
epoch  99 lr: 0.00100000  loss: 1.30540443  train accuracy: 0.53860000  test accuracy: 0.55800000 time: 2.85793304s
Loading data from file ./cifar2/epoch99.npz
epoch 100 lr: 0.00100000  loss: 1.30481953  train accuracy: 0.53962000  test accuracy: 0.55900000 time: 2.87057543s
Accuracy of the network on the 10000 test examples: 55.90%
Total training time for the 100 epochs: 288.07168112s
