loading dataset cifar10
read slice "../data/cifar-10-batches-bin/data_batch_1.bin"
read slice "../data/cifar-10-batches-bin/data_batch_2.bin"
read slice "../data/cifar-10-batches-bin/data_batch_3.bin"
read slice "../data/cifar-10-batches-bin/data_batch_4.bin"
read slice "../data/cifar-10-batches-bin/data_batch_5.bin"
read slice "../data/cifar-10-batches-bin/test_batch.bin"
normalizing data
number of examples: 50000
number of features: 3072
number of outputs: 10
epochs = 100
batch size = 100
shuffle = true
statistics = true
debug = false
algorithm = minibatch
dataset = cifar10
dataset size = 50000
normalize data = false
learning rate scheduler = multistep_lr(0.1;50,75;0.1)
loss function = softmax-cross-entropy
architecture = RRL
sizes = [3072, 1024, 512, 10]
weights initialization = xxx
optimizer = nesterov(0.9)
dropout = 0
density = 0.001
densities = [0.000777357, 0.00174905, 0.060867]
seed = 1
precision = 4
threads = 4
number type = float

Sparse(units=1024, density=0.0007540385, optimizer=Nesterov(0.90000), activation=ReLU())
Sparse(units=512, density=0.0017604828, optimizer=Nesterov(0.90000), activation=ReLU())
Sparse(units=10, density=0.06542969, optimizer=Nesterov(0.90000), activation=NoActivation())

Loading data from file ./cifar1/epoch0.npz
epoch   0 lr: 0.10000000  loss: 2.30258604  train accuracy: 0.09816000  test accuracy: 0.10470000 time: 0.00000000s
epoch   1 lr: 0.10000000  loss: 2.30255636  train accuracy: 0.17890000  test accuracy: 0.19230000 time: 2.35606003s
Loading data from file ./cifar1/epoch1.npz
epoch   2 lr: 0.10000000  loss: 2.26078247  train accuracy: 0.16300000  test accuracy: 0.16400000 time: 2.32193494s
Loading data from file ./cifar1/epoch2.npz
epoch   3 lr: 0.10000000  loss: 2.20117424  train accuracy: 0.19846000  test accuracy: 0.20320000 time: 2.34758329s
Loading data from file ./cifar1/epoch3.npz
epoch   4 lr: 0.10000000  loss: 2.14139063  train accuracy: 0.21930000  test accuracy: 0.23110000 time: 2.75895452s
Loading data from file ./cifar1/epoch4.npz
epoch   5 lr: 0.10000000  loss: 2.12152270  train accuracy: 0.23252000  test accuracy: 0.23950000 time: 2.29718995s
Loading data from file ./cifar1/epoch5.npz
epoch   6 lr: 0.10000000  loss: 2.10799998  train accuracy: 0.23498000  test accuracy: 0.24830000 time: 2.31156516s
Loading data from file ./cifar1/epoch6.npz
epoch   7 lr: 0.10000000  loss: 2.09995704  train accuracy: 0.24176000  test accuracy: 0.25350000 time: 2.29837012s
Loading data from file ./cifar1/epoch7.npz
epoch   8 lr: 0.10000000  loss: 2.08914035  train accuracy: 0.24276000  test accuracy: 0.25860000 time: 2.29715061s
Loading data from file ./cifar1/epoch8.npz
epoch   9 lr: 0.10000000  loss: 2.07369454  train accuracy: 0.25024000  test accuracy: 0.26430000 time: 2.36342359s
Loading data from file ./cifar1/epoch9.npz
epoch  10 lr: 0.10000000  loss: 2.06080522  train accuracy: 0.24870000  test accuracy: 0.26640000 time: 2.29600120s
Loading data from file ./cifar1/epoch10.npz
epoch  11 lr: 0.10000000  loss: 2.04698460  train accuracy: 0.25850000  test accuracy: 0.27490000 time: 2.29687405s
Loading data from file ./cifar1/epoch11.npz
epoch  12 lr: 0.10000000  loss: 2.04144941  train accuracy: 0.25826000  test accuracy: 0.27380000 time: 2.30115032s
Loading data from file ./cifar1/epoch12.npz
epoch  13 lr: 0.10000000  loss: 2.03394490  train accuracy: 0.26316000  test accuracy: 0.28200000 time: 2.31810594s
Loading data from file ./cifar1/epoch13.npz
epoch  14 lr: 0.10000000  loss: 2.02206160  train accuracy: 0.26480000  test accuracy: 0.28150000 time: 2.29780245s
Loading data from file ./cifar1/epoch14.npz
epoch  15 lr: 0.10000000  loss: 2.01834221  train accuracy: 0.26938000  test accuracy: 0.28530000 time: 2.36657596s
Loading data from file ./cifar1/epoch15.npz
epoch  16 lr: 0.10000000  loss: 2.01019516  train accuracy: 0.27278000  test accuracy: 0.29000000 time: 2.29882836s
Loading data from file ./cifar1/epoch16.npz
epoch  17 lr: 0.10000000  loss: 2.01243181  train accuracy: 0.26938000  test accuracy: 0.28730000 time: 2.29918051s
Loading data from file ./cifar1/epoch17.npz
epoch  18 lr: 0.10000000  loss: 2.00290215  train accuracy: 0.27382000  test accuracy: 0.29220000 time: 2.29979944s
Loading data from file ./cifar1/epoch18.npz
epoch  19 lr: 0.10000000  loss: 2.00092875  train accuracy: 0.27400000  test accuracy: 0.29090000 time: 2.29774213s
Loading data from file ./cifar1/epoch19.npz
epoch  20 lr: 0.10000000  loss: 1.99899470  train accuracy: 0.27460000  test accuracy: 0.29200000 time: 2.31074119s
Loading data from file ./cifar1/epoch20.npz
epoch  21 lr: 0.10000000  loss: 1.99692475  train accuracy: 0.27878000  test accuracy: 0.29940000 time: 2.29576349s
Loading data from file ./cifar1/epoch21.npz
epoch  22 lr: 0.10000000  loss: 1.99041981  train accuracy: 0.27976000  test accuracy: 0.30140000 time: 2.29825306s
Loading data from file ./cifar1/epoch22.npz
epoch  23 lr: 0.10000000  loss: 1.99111830  train accuracy: 0.27616000  test accuracy: 0.30240000 time: 2.29673171s
Loading data from file ./cifar1/epoch23.npz
epoch  24 lr: 0.10000000  loss: 1.98696572  train accuracy: 0.28430000  test accuracy: 0.30780000 time: 2.31293321s
Loading data from file ./cifar1/epoch24.npz
epoch  25 lr: 0.10000000  loss: 1.98751468  train accuracy: 0.28308000  test accuracy: 0.30530000 time: 2.29610062s
Loading data from file ./cifar1/epoch25.npz
epoch  26 lr: 0.10000000  loss: 1.98200447  train accuracy: 0.28430000  test accuracy: 0.31010000 time: 2.29771113s
Loading data from file ./cifar1/epoch26.npz
epoch  27 lr: 0.10000000  loss: 1.97919283  train accuracy: 0.28270000  test accuracy: 0.30380000 time: 2.29918551s
Loading data from file ./cifar1/epoch27.npz
epoch  28 lr: 0.10000000  loss: 1.97830288  train accuracy: 0.28648000  test accuracy: 0.30960000 time: 2.31250548s
Loading data from file ./cifar1/epoch28.npz
epoch  29 lr: 0.10000000  loss: 1.97555426  train accuracy: 0.28530000  test accuracy: 0.30810000 time: 2.29886889s
Loading data from file ./cifar1/epoch29.npz
epoch  30 lr: 0.10000000  loss: 1.97485237  train accuracy: 0.28944000  test accuracy: 0.30950000 time: 2.29788423s
Loading data from file ./cifar1/epoch30.npz
epoch  31 lr: 0.10000000  loss: 1.97696176  train accuracy: 0.28484000  test accuracy: 0.31020000 time: 2.31480622s
Loading data from file ./cifar1/epoch31.npz
epoch  32 lr: 0.10000000  loss: 1.98429581  train accuracy: 0.28186000  test accuracy: 0.30290000 time: 2.34210515s
Loading data from file ./cifar1/epoch32.npz
epoch  33 lr: 0.10000000  loss: 1.97968113  train accuracy: 0.28450000  test accuracy: 0.30830000 time: 2.29949975s
Loading data from file ./cifar1/epoch33.npz
epoch  34 lr: 0.10000000  loss: 1.97292963  train accuracy: 0.28622000  test accuracy: 0.30970000 time: 2.31142831s
Loading data from file ./cifar1/epoch34.npz
epoch  35 lr: 0.10000000  loss: 1.97238016  train accuracy: 0.28800000  test accuracy: 0.30770000 time: 2.31415915s
Loading data from file ./cifar1/epoch35.npz
epoch  36 lr: 0.10000000  loss: 1.97436897  train accuracy: 0.28410000  test accuracy: 0.30930000 time: 2.30300879s
Loading data from file ./cifar1/epoch36.npz
epoch  37 lr: 0.10000000  loss: 1.97589342  train accuracy: 0.28380000  test accuracy: 0.31020000 time: 2.30301714s
Loading data from file ./cifar1/epoch37.npz
epoch  38 lr: 0.10000000  loss: 1.97635924  train accuracy: 0.28490000  test accuracy: 0.30960000 time: 2.29890180s
Loading data from file ./cifar1/epoch38.npz
epoch  39 lr: 0.10000000  loss: 1.97475828  train accuracy: 0.28648000  test accuracy: 0.30540000 time: 2.31274152s
Loading data from file ./cifar1/epoch39.npz
epoch  40 lr: 0.10000000  loss: 1.97246455  train accuracy: 0.28664000  test accuracy: 0.30380000 time: 2.29880500s
Loading data from file ./cifar1/epoch40.npz
epoch  41 lr: 0.10000000  loss: 1.97240761  train accuracy: 0.29246000  test accuracy: 0.30930000 time: 2.29920101s
Loading data from file ./cifar1/epoch41.npz
epoch  42 lr: 0.10000000  loss: 1.96734124  train accuracy: 0.29176000  test accuracy: 0.31360000 time: 2.29934669s
Loading data from file ./cifar1/epoch42.npz
epoch  43 lr: 0.10000000  loss: 1.97100358  train accuracy: 0.28908000  test accuracy: 0.31130000 time: 2.30014801s
Loading data from file ./cifar1/epoch43.npz
epoch  44 lr: 0.10000000  loss: 1.97274465  train accuracy: 0.28654000  test accuracy: 0.31100000 time: 2.29960132s
Loading data from file ./cifar1/epoch44.npz
epoch  45 lr: 0.10000000  loss: 1.98368429  train accuracy: 0.28978000  test accuracy: 0.30460000 time: 2.30323291s
Loading data from file ./cifar1/epoch45.npz
epoch  46 lr: 0.10000000  loss: 1.96323314  train accuracy: 0.29380000  test accuracy: 0.31250000 time: 2.31387401s
Loading data from file ./cifar1/epoch46.npz
epoch  47 lr: 0.10000000  loss: 1.96506971  train accuracy: 0.29212000  test accuracy: 0.31020000 time: 2.29831028s
Loading data from file ./cifar1/epoch47.npz
epoch  48 lr: 0.10000000  loss: 1.96346606  train accuracy: 0.29474000  test accuracy: 0.31610000 time: 2.29766631s
Loading data from file ./cifar1/epoch48.npz
epoch  49 lr: 0.10000000  loss: 1.96461723  train accuracy: 0.29306000  test accuracy: 0.30940000 time: 2.30052328s
Loading data from file ./cifar1/epoch49.npz
epoch  50 lr: 0.10000000  loss: 1.96322899  train accuracy: 0.28944000  test accuracy: 0.31100000 time: 2.31404066s
Loading data from file ./cifar1/epoch50.npz
epoch  51 lr: 0.01000000  loss: 1.95606666  train accuracy: 0.29394000  test accuracy: 0.31910000 time: 2.29968643s
Loading data from file ./cifar1/epoch51.npz
epoch  52 lr: 0.01000000  loss: 1.95457105  train accuracy: 0.29620000  test accuracy: 0.32060000 time: 2.30022383s
Loading data from file ./cifar1/epoch52.npz
epoch  53 lr: 0.01000000  loss: 1.95367486  train accuracy: 0.29938000  test accuracy: 0.31840000 time: 2.29965711s
Loading data from file ./cifar1/epoch53.npz
epoch  54 lr: 0.01000000  loss: 1.95487157  train accuracy: 0.29602000  test accuracy: 0.31950000 time: 2.31302881s
Loading data from file ./cifar1/epoch54.npz
epoch  55 lr: 0.01000000  loss: 1.95187862  train accuracy: 0.29842000  test accuracy: 0.31970000 time: 2.29916739s
Loading data from file ./cifar1/epoch55.npz
epoch  56 lr: 0.01000000  loss: 1.95082444  train accuracy: 0.29364000  test accuracy: 0.31820000 time: 2.36981368s
Loading data from file ./cifar1/epoch56.npz
epoch  57 lr: 0.01000000  loss: 1.95292845  train accuracy: 0.29882000  test accuracy: 0.32120000 time: 2.30062509s
Loading data from file ./cifar1/epoch57.npz
epoch  58 lr: 0.01000000  loss: 1.95399474  train accuracy: 0.29726000  test accuracy: 0.32040000 time: 2.31273460s
Loading data from file ./cifar1/epoch58.npz
epoch  59 lr: 0.01000000  loss: 1.95413400  train accuracy: 0.29470000  test accuracy: 0.32000000 time: 2.30039310s
Loading data from file ./cifar1/epoch59.npz
epoch  60 lr: 0.01000000  loss: 1.95510210  train accuracy: 0.29622000  test accuracy: 0.31990000 time: 2.32665706s
Loading data from file ./cifar1/epoch60.npz
epoch  61 lr: 0.01000000  loss: 1.95474367  train accuracy: 0.29544000  test accuracy: 0.31980000 time: 2.30657268s
Loading data from file ./cifar1/epoch61.npz
epoch  62 lr: 0.01000000  loss: 1.95446188  train accuracy: 0.29472000  test accuracy: 0.32030000 time: 2.31672978s
Loading data from file ./cifar1/epoch62.npz
epoch  63 lr: 0.01000000  loss: 1.95080867  train accuracy: 0.29806000  test accuracy: 0.32110000 time: 2.32787967s
Loading data from file ./cifar1/epoch63.npz
epoch  64 lr: 0.01000000  loss: 1.95255820  train accuracy: 0.29882000  test accuracy: 0.32170000 time: 2.28960848s
Loading data from file ./cifar1/epoch64.npz
epoch  65 lr: 0.01000000  loss: 1.95637599  train accuracy: 0.29462000  test accuracy: 0.31780000 time: 2.30316138s
Loading data from file ./cifar1/epoch65.npz
epoch  66 lr: 0.01000000  loss: 1.95469811  train accuracy: 0.29598000  test accuracy: 0.31930000 time: 2.28981352s
Loading data from file ./cifar1/epoch66.npz
epoch  67 lr: 0.01000000  loss: 1.95429853  train accuracy: 0.29598000  test accuracy: 0.31940000 time: 2.28926873s
Loading data from file ./cifar1/epoch67.npz
epoch  68 lr: 0.01000000  loss: 1.95685352  train accuracy: 0.29564000  test accuracy: 0.31980000 time: 2.28951216s
Loading data from file ./cifar1/epoch68.npz
epoch  69 lr: 0.01000000  loss: 1.95247902  train accuracy: 0.29606000  test accuracy: 0.31980000 time: 2.30686164s
Loading data from file ./cifar1/epoch69.npz
epoch  70 lr: 0.01000000  loss: 1.94962641  train accuracy: 0.29840000  test accuracy: 0.31950000 time: 2.28947139s
Loading data from file ./cifar1/epoch70.npz
epoch  71 lr: 0.01000000  loss: 1.95201522  train accuracy: 0.29646000  test accuracy: 0.31990000 time: 2.28938532s
Loading data from file ./cifar1/epoch71.npz
epoch  72 lr: 0.01000000  loss: 1.95300798  train accuracy: 0.29628000  test accuracy: 0.32000000 time: 2.28991342s
Loading data from file ./cifar1/epoch72.npz
epoch  73 lr: 0.01000000  loss: 1.95052298  train accuracy: 0.30024000  test accuracy: 0.32130000 time: 2.30287266s
Loading data from file ./cifar1/epoch73.npz
epoch  74 lr: 0.01000000  loss: 1.95345055  train accuracy: 0.29612000  test accuracy: 0.32060000 time: 2.29301524s
Loading data from file ./cifar1/epoch74.npz
epoch  75 lr: 0.01000000  loss: 1.95080350  train accuracy: 0.29538000  test accuracy: 0.32110000 time: 2.29974985s
Loading data from file ./cifar1/epoch75.npz
epoch  76 lr: 0.00100000  loss: 1.95410300  train accuracy: 0.29784000  test accuracy: 0.32010000 time: 2.28922725s
Loading data from file ./cifar1/epoch76.npz
epoch  77 lr: 0.00100000  loss: 1.95302540  train accuracy: 0.29512000  test accuracy: 0.32030000 time: 2.28879857s
Loading data from file ./cifar1/epoch77.npz
epoch  78 lr: 0.00100000  loss: 1.95504813  train accuracy: 0.29680000  test accuracy: 0.31990000 time: 2.34015059s
Loading data from file ./cifar1/epoch78.npz
epoch  79 lr: 0.00100000  loss: 1.95118031  train accuracy: 0.29730000  test accuracy: 0.31970000 time: 2.29795027s
Loading data from file ./cifar1/epoch79.npz
epoch  80 lr: 0.00100000  loss: 1.95597153  train accuracy: 0.29508000  test accuracy: 0.31990000 time: 2.31145453s
Loading data from file ./cifar1/epoch80.npz
epoch  81 lr: 0.00100000  loss: 1.95287251  train accuracy: 0.29700000  test accuracy: 0.32020000 time: 2.30015349s
Loading data from file ./cifar1/epoch81.npz
epoch  82 lr: 0.00100000  loss: 1.95386146  train accuracy: 0.29578000  test accuracy: 0.31990000 time: 2.29913759s
Loading data from file ./cifar1/epoch82.npz
epoch  83 lr: 0.00100000  loss: 1.95304827  train accuracy: 0.29776000  test accuracy: 0.32020000 time: 2.30271149s
Loading data from file ./cifar1/epoch83.npz
epoch  84 lr: 0.00100000  loss: 1.95321562  train accuracy: 0.29610000  test accuracy: 0.31980000 time: 2.31402779s
Loading data from file ./cifar1/epoch84.npz
epoch  85 lr: 0.00100000  loss: 1.95232859  train accuracy: 0.29772000  test accuracy: 0.32020000 time: 2.29927468s
Loading data from file ./cifar1/epoch85.npz
epoch  86 lr: 0.00100000  loss: 1.95094073  train accuracy: 0.29746000  test accuracy: 0.32090000 time: 2.30091453s
Loading data from file ./cifar1/epoch86.npz
epoch  87 lr: 0.00100000  loss: 1.95708133  train accuracy: 0.29522000  test accuracy: 0.32050000 time: 2.30009913s
Loading data from file ./cifar1/epoch87.npz
epoch  88 lr: 0.00100000  loss: 1.95319524  train accuracy: 0.29718000  test accuracy: 0.32050000 time: 2.31342340s
Loading data from file ./cifar1/epoch88.npz
epoch  89 lr: 0.00100000  loss: 1.95474737  train accuracy: 0.29580000  test accuracy: 0.32000000 time: 2.29840112s
Loading data from file ./cifar1/epoch89.npz
epoch  90 lr: 0.00100000  loss: 1.95365443  train accuracy: 0.29786000  test accuracy: 0.32000000 time: 2.29975319s
Loading data from file ./cifar1/epoch90.npz
epoch  91 lr: 0.00100000  loss: 1.95292774  train accuracy: 0.29700000  test accuracy: 0.31970000 time: 2.35952091s
Loading data from file ./cifar1/epoch91.npz
epoch  92 lr: 0.00100000  loss: 1.95462714  train accuracy: 0.29578000  test accuracy: 0.32020000 time: 2.32728505s
Loading data from file ./cifar1/epoch92.npz
epoch  93 lr: 0.00100000  loss: 1.95010853  train accuracy: 0.29748000  test accuracy: 0.31970000 time: 2.28999901s
Loading data from file ./cifar1/epoch93.npz
epoch  94 lr: 0.00100000  loss: 1.95034440  train accuracy: 0.29858000  test accuracy: 0.32040000 time: 2.28946400s
Loading data from file ./cifar1/epoch94.npz
epoch  95 lr: 0.00100000  loss: 1.95171609  train accuracy: 0.29666000  test accuracy: 0.32070000 time: 2.28838706s
Loading data from file ./cifar1/epoch95.npz
epoch  96 lr: 0.00100000  loss: 1.95337704  train accuracy: 0.29516000  test accuracy: 0.32160000 time: 2.30273867s
Loading data from file ./cifar1/epoch96.npz
epoch  97 lr: 0.00100000  loss: 1.95201413  train accuracy: 0.29456000  test accuracy: 0.31990000 time: 2.28824258s
Loading data from file ./cifar1/epoch97.npz
epoch  98 lr: 0.00100000  loss: 1.95052340  train accuracy: 0.29722000  test accuracy: 0.32020000 time: 2.28931689s
Loading data from file ./cifar1/epoch98.npz
epoch  99 lr: 0.00100000  loss: 1.95274140  train accuracy: 0.29592000  test accuracy: 0.32020000 time: 2.29091430s
Loading data from file ./cifar1/epoch99.npz
epoch 100 lr: 0.00100000  loss: 1.95418291  train accuracy: 0.29628000  test accuracy: 0.31940000 time: 2.28876114s
Accuracy of the network on the 10000 test examples: 31.94%
Total training time for the 100 epochs: 231.04129830s
