loading dataset cifar10
read slice "../data/cifar-10-batches-bin/data_batch_1.bin"
read slice "../data/cifar-10-batches-bin/data_batch_2.bin"
read slice "../data/cifar-10-batches-bin/data_batch_3.bin"
read slice "../data/cifar-10-batches-bin/data_batch_4.bin"
read slice "../data/cifar-10-batches-bin/data_batch_5.bin"
read slice "../data/cifar-10-batches-bin/test_batch.bin"
normalizing data
number of examples: 50000
number of features: 3072
number of outputs: 10
epochs = 100
batch size = 100
shuffle = true
statistics = true
debug = false
algorithm = minibatch
dataset = cifar10
dataset size = 50000
normalize data = false
learning rate scheduler = multistep_lr(0.01;50,75;0.1)
loss function = softmax-cross-entropy
architecture = RRL
sizes = [3072, 1024, 512, 10]
weights initialization = xxx
optimizer = nesterov(0.9)
dropout = 0
density = 0.2
densities = [0.16875, 0.379687, 1]
seed = 1
precision = 4
threads = 4
number type = float

Sparse(units=1024, density=0.16858323, optimizer=Nesterov(0.90000), activation=ReLU())
Sparse(units=512, density=0.3795147, optimizer=Nesterov(0.90000), activation=ReLU())
Dense(units=10, optimizer=Nesterov(0.90000), activation=NoActivation())

Loading data from file ./cifar1/epoch0.npz
epoch   0 lr: 0.01000000  loss: 2.30127523  train accuracy: 0.10918000  test accuracy: 0.10910000 time: 0.00000000s
epoch   1 lr: 0.01000000  loss: 1.69795999  train accuracy: 0.39938000  test accuracy: 0.42870000 time: 13.96174240s
Loading data from file ./cifar1/epoch1.npz
epoch   2 lr: 0.01000000  loss: 1.56930109  train accuracy: 0.44830000  test accuracy: 0.46960000 time: 12.58174515s
Loading data from file ./cifar1/epoch2.npz
epoch   3 lr: 0.01000000  loss: 1.51433311  train accuracy: 0.46442000  test accuracy: 0.48280000 time: 12.58489799s
Loading data from file ./cifar1/epoch3.npz
epoch   4 lr: 0.01000000  loss: 1.44451616  train accuracy: 0.48664000  test accuracy: 0.49790000 time: 12.58339214s
Loading data from file ./cifar1/epoch4.npz
epoch   5 lr: 0.01000000  loss: 1.40710425  train accuracy: 0.50628000  test accuracy: 0.51230000 time: 12.58191013s
Loading data from file ./cifar1/epoch5.npz
epoch   6 lr: 0.01000000  loss: 1.38387957  train accuracy: 0.51150000  test accuracy: 0.51670000 time: 12.59398174s
Loading data from file ./cifar1/epoch6.npz
epoch   7 lr: 0.01000000  loss: 1.35124469  train accuracy: 0.52120000  test accuracy: 0.51910000 time: 12.61818790s
Loading data from file ./cifar1/epoch7.npz
epoch   8 lr: 0.01000000  loss: 1.31806305  train accuracy: 0.53784000  test accuracy: 0.53300000 time: 12.63004971s
Loading data from file ./cifar1/epoch8.npz
epoch   9 lr: 0.01000000  loss: 1.30139723  train accuracy: 0.54036000  test accuracy: 0.54010000 time: 12.61567020s
Loading data from file ./cifar1/epoch9.npz
epoch  10 lr: 0.01000000  loss: 1.28988649  train accuracy: 0.54414000  test accuracy: 0.53830000 time: 12.60051346s
Loading data from file ./cifar1/epoch10.npz
epoch  11 lr: 0.01000000  loss: 1.26196748  train accuracy: 0.55300000  test accuracy: 0.55370000 time: 12.61410999s
Loading data from file ./cifar1/epoch11.npz
epoch  12 lr: 0.01000000  loss: 1.25253698  train accuracy: 0.56202000  test accuracy: 0.55400000 time: 12.59403038s
Loading data from file ./cifar1/epoch12.npz
epoch  13 lr: 0.01000000  loss: 1.23151717  train accuracy: 0.56554000  test accuracy: 0.56150000 time: 12.62967014s
Loading data from file ./cifar1/epoch13.npz
epoch  14 lr: 0.01000000  loss: 1.20056125  train accuracy: 0.57726000  test accuracy: 0.55900000 time: 12.59242344s
Loading data from file ./cifar1/epoch14.npz
epoch  15 lr: 0.01000000  loss: 1.19187309  train accuracy: 0.57976000  test accuracy: 0.56850000 time: 12.74274063s
Loading data from file ./cifar1/epoch15.npz
epoch  16 lr: 0.01000000  loss: 1.17947291  train accuracy: 0.58532000  test accuracy: 0.56730000 time: 12.60788918s
Loading data from file ./cifar1/epoch16.npz
epoch  17 lr: 0.01000000  loss: 1.17171185  train accuracy: 0.58510000  test accuracy: 0.56330000 time: 12.63729477s
Loading data from file ./cifar1/epoch17.npz
epoch  18 lr: 0.01000000  loss: 1.14983768  train accuracy: 0.59466000  test accuracy: 0.57330000 time: 12.70926666s
Loading data from file ./cifar1/epoch18.npz
epoch  19 lr: 0.01000000  loss: 1.13645703  train accuracy: 0.60204000  test accuracy: 0.57160000 time: 12.61372566s
Loading data from file ./cifar1/epoch19.npz
epoch  20 lr: 0.01000000  loss: 1.13740210  train accuracy: 0.60150000  test accuracy: 0.57410000 time: 12.66867161s
Loading data from file ./cifar1/epoch20.npz
epoch  21 lr: 0.01000000  loss: 1.13337700  train accuracy: 0.59840000  test accuracy: 0.56740000 time: 12.70362377s
Loading data from file ./cifar1/epoch21.npz
epoch  22 lr: 0.01000000  loss: 1.10627011  train accuracy: 0.61438000  test accuracy: 0.58520000 time: 12.62105942s
Loading data from file ./cifar1/epoch22.npz
epoch  23 lr: 0.01000000  loss: 1.10298469  train accuracy: 0.61034000  test accuracy: 0.58110000 time: 12.63319206s
Loading data from file ./cifar1/epoch23.npz
epoch  24 lr: 0.01000000  loss: 1.08361709  train accuracy: 0.61934000  test accuracy: 0.58120000 time: 12.65085602s
Loading data from file ./cifar1/epoch24.npz
epoch  25 lr: 0.01000000  loss: 1.07562960  train accuracy: 0.62506000  test accuracy: 0.58280000 time: 12.62380695s
Loading data from file ./cifar1/epoch25.npz
epoch  26 lr: 0.01000000  loss: 1.07154075  train accuracy: 0.62088000  test accuracy: 0.58430000 time: 12.63017654s
Loading data from file ./cifar1/epoch26.npz
epoch  27 lr: 0.01000000  loss: 1.05232773  train accuracy: 0.63594000  test accuracy: 0.58660000 time: 12.62099171s
Loading data from file ./cifar1/epoch27.npz
epoch  28 lr: 0.01000000  loss: 1.05376914  train accuracy: 0.63136000  test accuracy: 0.59210000 time: 12.63261986s
Loading data from file ./cifar1/epoch28.npz
epoch  29 lr: 0.01000000  loss: 1.04143268  train accuracy: 0.63750000  test accuracy: 0.59360000 time: 12.60222340s
Loading data from file ./cifar1/epoch29.npz
epoch  30 lr: 0.01000000  loss: 1.04224723  train accuracy: 0.63634000  test accuracy: 0.59510000 time: 12.59996891s
Loading data from file ./cifar1/epoch30.npz
epoch  31 lr: 0.01000000  loss: 1.02536591  train accuracy: 0.63982000  test accuracy: 0.59050000 time: 12.67201328s
Loading data from file ./cifar1/epoch31.npz
epoch  32 lr: 0.01000000  loss: 1.02323432  train accuracy: 0.64342000  test accuracy: 0.59440000 time: 12.67936516s
Loading data from file ./cifar1/epoch32.npz
epoch  33 lr: 0.01000000  loss: 1.01739533  train accuracy: 0.64656000  test accuracy: 0.59410000 time: 12.60472775s
Loading data from file ./cifar1/epoch33.npz
epoch  34 lr: 0.01000000  loss: 1.00981644  train accuracy: 0.64984000  test accuracy: 0.59030000 time: 12.64000893s
Loading data from file ./cifar1/epoch34.npz
epoch  35 lr: 0.01000000  loss: 0.98979345  train accuracy: 0.65616000  test accuracy: 0.59640000 time: 12.64624691s
Loading data from file ./cifar1/epoch35.npz
epoch  36 lr: 0.01000000  loss: 1.01132484  train accuracy: 0.64536000  test accuracy: 0.59330000 time: 12.62530327s
Loading data from file ./cifar1/epoch36.npz
epoch  37 lr: 0.01000000  loss: 0.97852554  train accuracy: 0.65838000  test accuracy: 0.60260000 time: 12.74301434s
Loading data from file ./cifar1/epoch37.npz
epoch  38 lr: 0.01000000  loss: 0.97527061  train accuracy: 0.66198000  test accuracy: 0.59950000 time: 13.19916725s
Loading data from file ./cifar1/epoch38.npz
epoch  39 lr: 0.01000000  loss: 0.98007200  train accuracy: 0.65982000  test accuracy: 0.59920000 time: 12.65630436s
Loading data from file ./cifar1/epoch39.npz
epoch  40 lr: 0.01000000  loss: 0.97630984  train accuracy: 0.65972000  test accuracy: 0.59910000 time: 12.65326118s
Loading data from file ./cifar1/epoch40.npz
epoch  41 lr: 0.01000000  loss: 0.94623785  train accuracy: 0.67082000  test accuracy: 0.60980000 time: 12.68364620s
Loading data from file ./cifar1/epoch41.npz
epoch  42 lr: 0.01000000  loss: 0.95488020  train accuracy: 0.66778000  test accuracy: 0.60530000 time: 12.58528614s
Loading data from file ./cifar1/epoch42.npz
epoch  43 lr: 0.01000000  loss: 0.95256364  train accuracy: 0.66922000  test accuracy: 0.60140000 time: 12.58275986s
Loading data from file ./cifar1/epoch43.npz
epoch  44 lr: 0.01000000  loss: 0.93658313  train accuracy: 0.67280000  test accuracy: 0.60520000 time: 12.64065552s
Loading data from file ./cifar1/epoch44.npz
epoch  45 lr: 0.01000000  loss: 0.93321057  train accuracy: 0.67364000  test accuracy: 0.60410000 time: 12.58737850s
Loading data from file ./cifar1/epoch45.npz
epoch  46 lr: 0.01000000  loss: 0.93067932  train accuracy: 0.67416000  test accuracy: 0.61050000 time: 12.59362125s
Loading data from file ./cifar1/epoch46.npz
epoch  47 lr: 0.01000000  loss: 0.92548167  train accuracy: 0.67710000  test accuracy: 0.61120000 time: 12.65908813s
Loading data from file ./cifar1/epoch47.npz
epoch  48 lr: 0.01000000  loss: 0.91760903  train accuracy: 0.68040000  test accuracy: 0.61070000 time: 12.57947445s
Loading data from file ./cifar1/epoch48.npz
epoch  49 lr: 0.01000000  loss: 0.91707959  train accuracy: 0.68158000  test accuracy: 0.60850000 time: 12.58271313s
Loading data from file ./cifar1/epoch49.npz
epoch  50 lr: 0.01000000  loss: 0.90405338  train accuracy: 0.68688000  test accuracy: 0.60680000 time: 12.60568905s
Loading data from file ./cifar1/epoch50.npz
epoch  51 lr: 0.00100000  loss: 0.96410718  train accuracy: 0.65984000  test accuracy: 0.62450000 time: 12.59532356s
Loading data from file ./cifar1/epoch51.npz
epoch  52 lr: 0.00100000  loss: 0.95032867  train accuracy: 0.66742000  test accuracy: 0.63060000 time: 12.60024643s
Loading data from file ./cifar1/epoch52.npz
epoch  53 lr: 0.00100000  loss: 0.94362130  train accuracy: 0.67060000  test accuracy: 0.63240000 time: 12.61900139s
Loading data from file ./cifar1/epoch53.npz
epoch  54 lr: 0.00100000  loss: 0.93118066  train accuracy: 0.67226000  test accuracy: 0.63100000 time: 12.60323048s
Loading data from file ./cifar1/epoch54.npz
epoch  55 lr: 0.00100000  loss: 0.92880397  train accuracy: 0.67376000  test accuracy: 0.62960000 time: 12.61543274s
Loading data from file ./cifar1/epoch55.npz
epoch  56 lr: 0.00100000  loss: 0.91948293  train accuracy: 0.67698000  test accuracy: 0.63390000 time: 12.59861374s
Loading data from file ./cifar1/epoch56.npz
epoch  57 lr: 0.00100000  loss: 0.92035422  train accuracy: 0.67724000  test accuracy: 0.63600000 time: 12.60233212s
Loading data from file ./cifar1/epoch57.npz
epoch  58 lr: 0.00100000  loss: 0.91627037  train accuracy: 0.67762000  test accuracy: 0.63510000 time: 12.70360184s
Loading data from file ./cifar1/epoch58.npz
epoch  59 lr: 0.00100000  loss: 0.91201370  train accuracy: 0.68146000  test accuracy: 0.63610000 time: 12.66472054s
Loading data from file ./cifar1/epoch59.npz
epoch  60 lr: 0.00100000  loss: 0.91261614  train accuracy: 0.68042000  test accuracy: 0.63550000 time: 12.60488892s
Loading data from file ./cifar1/epoch60.npz
epoch  61 lr: 0.00100000  loss: 0.90748990  train accuracy: 0.68146000  test accuracy: 0.63660000 time: 12.63384533s
Loading data from file ./cifar1/epoch61.npz
epoch  62 lr: 0.00100000  loss: 0.90761651  train accuracy: 0.68312000  test accuracy: 0.63770000 time: 12.64224529s
Loading data from file ./cifar1/epoch62.npz
epoch  63 lr: 0.00100000  loss: 0.90124677  train accuracy: 0.68476000  test accuracy: 0.63860000 time: 12.64302158s
Loading data from file ./cifar1/epoch63.npz
epoch  64 lr: 0.00100000  loss: 0.90143659  train accuracy: 0.68224000  test accuracy: 0.63590000 time: 12.61421967s
Loading data from file ./cifar1/epoch64.npz
epoch  65 lr: 0.00100000  loss: 0.90006141  train accuracy: 0.68290000  test accuracy: 0.63820000 time: 12.60041618s
Loading data from file ./cifar1/epoch65.npz
epoch  66 lr: 0.00100000  loss: 0.89542425  train accuracy: 0.68542000  test accuracy: 0.63990000 time: 12.62615967s
Loading data from file ./cifar1/epoch66.npz
epoch  67 lr: 0.00100000  loss: 0.89687715  train accuracy: 0.68618000  test accuracy: 0.64130000 time: 12.58495522s
Loading data from file ./cifar1/epoch67.npz
epoch  68 lr: 0.00100000  loss: 0.89090930  train accuracy: 0.68932000  test accuracy: 0.64330000 time: 12.59371567s
Loading data from file ./cifar1/epoch68.npz
epoch  69 lr: 0.00100000  loss: 0.88938719  train accuracy: 0.68758000  test accuracy: 0.64030000 time: 12.58616447s
Loading data from file ./cifar1/epoch69.npz
epoch  70 lr: 0.00100000  loss: 0.89007485  train accuracy: 0.68662000  test accuracy: 0.63920000 time: 12.62932873s
Loading data from file ./cifar1/epoch70.npz
epoch  71 lr: 0.00100000  loss: 0.88639978  train accuracy: 0.68838000  test accuracy: 0.64070000 time: 12.63237858s
Loading data from file ./cifar1/epoch71.npz
epoch  72 lr: 0.00100000  loss: 0.88585665  train accuracy: 0.68926000  test accuracy: 0.63870000 time: 12.61431694s
Loading data from file ./cifar1/epoch72.npz
epoch  73 lr: 0.00100000  loss: 0.88728787  train accuracy: 0.69128000  test accuracy: 0.64050000 time: 12.57934093s
Loading data from file ./cifar1/epoch73.npz
epoch  74 lr: 0.00100000  loss: 0.87985131  train accuracy: 0.69204000  test accuracy: 0.63870000 time: 12.59053421s
Loading data from file ./cifar1/epoch74.npz
epoch  75 lr: 0.00100000  loss: 0.88390596  train accuracy: 0.68858000  test accuracy: 0.63870000 time: 12.58668518s
Loading data from file ./cifar1/epoch75.npz
epoch  76 lr: 0.00010000  loss: 0.90995971  train accuracy: 0.67930000  test accuracy: 0.63980000 time: 12.59038830s
Loading data from file ./cifar1/epoch76.npz
epoch  77 lr: 0.00010000  loss: 0.91266811  train accuracy: 0.67848000  test accuracy: 0.63920000 time: 12.59944153s
Loading data from file ./cifar1/epoch77.npz
epoch  78 lr: 0.00010000  loss: 0.90389917  train accuracy: 0.68066000  test accuracy: 0.64030000 time: 12.61975384s
Loading data from file ./cifar1/epoch78.npz
epoch  79 lr: 0.00010000  loss: 0.90673937  train accuracy: 0.68066000  test accuracy: 0.64130000 time: 12.60790920s
Loading data from file ./cifar1/epoch79.npz
epoch  80 lr: 0.00010000  loss: 0.91196747  train accuracy: 0.67816000  test accuracy: 0.64120000 time: 12.59060001s
Loading data from file ./cifar1/epoch80.npz
epoch  81 lr: 0.00010000  loss: 0.91120888  train accuracy: 0.67908000  test accuracy: 0.64060000 time: 12.76095390s
Loading data from file ./cifar1/epoch81.npz
epoch  82 lr: 0.00010000  loss: 0.90826510  train accuracy: 0.68060000  test accuracy: 0.64130000 time: 12.63312817s
Loading data from file ./cifar1/epoch82.npz
epoch  83 lr: 0.00010000  loss: 0.90223502  train accuracy: 0.68386000  test accuracy: 0.64200000 time: 12.63131428s
Loading data from file ./cifar1/epoch83.npz
epoch  84 lr: 0.00010000  loss: 0.91169477  train accuracy: 0.68008000  test accuracy: 0.64100000 time: 12.64486980s
Loading data from file ./cifar1/epoch84.npz
epoch  85 lr: 0.00010000  loss: 0.90108153  train accuracy: 0.68332000  test accuracy: 0.64030000 time: 12.60120296s
Loading data from file ./cifar1/epoch85.npz
epoch  86 lr: 0.00010000  loss: 0.90456841  train accuracy: 0.68080000  test accuracy: 0.64170000 time: 12.58887196s
Loading data from file ./cifar1/epoch86.npz
epoch  87 lr: 0.00010000  loss: 0.90545216  train accuracy: 0.68058000  test accuracy: 0.64190000 time: 12.58349705s
Loading data from file ./cifar1/epoch87.npz
epoch  88 lr: 0.00010000  loss: 0.90328412  train accuracy: 0.68146000  test accuracy: 0.64260000 time: 12.59179592s
Loading data from file ./cifar1/epoch88.npz
epoch  89 lr: 0.00010000  loss: 0.90313003  train accuracy: 0.68348000  test accuracy: 0.64220000 time: 12.65089130s
Loading data from file ./cifar1/epoch89.npz
epoch  90 lr: 0.00010000  loss: 0.90839195  train accuracy: 0.67946000  test accuracy: 0.64180000 time: 12.59662628s
Loading data from file ./cifar1/epoch90.npz
epoch  91 lr: 0.00010000  loss: 0.90309155  train accuracy: 0.68268000  test accuracy: 0.64130000 time: 12.58990383s
Loading data from file ./cifar1/epoch91.npz
epoch  92 lr: 0.00010000  loss: 0.90630914  train accuracy: 0.68174000  test accuracy: 0.64170000 time: 12.60620975s
Loading data from file ./cifar1/epoch92.npz
epoch  93 lr: 0.00010000  loss: 0.90466910  train accuracy: 0.68260000  test accuracy: 0.64220000 time: 12.61976242s
Loading data from file ./cifar1/epoch93.npz
epoch  94 lr: 0.00010000  loss: 0.90299795  train accuracy: 0.68196000  test accuracy: 0.64170000 time: 12.61659527s
Loading data from file ./cifar1/epoch94.npz
epoch  95 lr: 0.00010000  loss: 0.90149491  train accuracy: 0.68246000  test accuracy: 0.64240000 time: 12.58366680s
Loading data from file ./cifar1/epoch95.npz
epoch  96 lr: 0.00010000  loss: 0.90341071  train accuracy: 0.68106000  test accuracy: 0.64220000 time: 12.58607483s
Loading data from file ./cifar1/epoch96.npz
epoch  97 lr: 0.00010000  loss: 0.90427477  train accuracy: 0.68020000  test accuracy: 0.64190000 time: 12.62196064s
Loading data from file ./cifar1/epoch97.npz
epoch  98 lr: 0.00010000  loss: 0.90491199  train accuracy: 0.68200000  test accuracy: 0.64260000 time: 12.61971855s
Loading data from file ./cifar1/epoch98.npz
epoch  99 lr: 0.00010000  loss: 0.89948778  train accuracy: 0.68444000  test accuracy: 0.64350000 time: 12.60192299s
Loading data from file ./cifar1/epoch99.npz
epoch 100 lr: 0.00010000  loss: 0.90270151  train accuracy: 0.68458000  test accuracy: 0.64420000 time: 12.59309959s
Accuracy of the network on the 10000 test examples: 64.42%
Total training time for the 100 epochs: 1263.99503431s
