loading dataset cifar10
read slice "../data/cifar-10-batches-bin/data_batch_1.bin"
read slice "../data/cifar-10-batches-bin/data_batch_2.bin"
read slice "../data/cifar-10-batches-bin/data_batch_3.bin"
read slice "../data/cifar-10-batches-bin/data_batch_4.bin"
read slice "../data/cifar-10-batches-bin/data_batch_5.bin"
read slice "../data/cifar-10-batches-bin/test_batch.bin"
normalizing data
number of examples: 50000
number of features: 3072
number of outputs: 10
epochs = 100
batch size = 100
shuffle = true
statistics = true
debug = false
algorithm = minibatch
dataset = cifar10
dataset size = 50000
normalize data = false
learning rate scheduler = multistep_lr(0.1;50,75;0.1)
loss function = softmax-cross-entropy
architecture = RRL
sizes = [3072, 1024, 512, 10]
weights initialization = xxx
optimizer = nesterov(0.9)
dropout = 0
density = 0.001
densities = [0.000777357, 0.00174905, 0.060867]
seed = 2
precision = 4
threads = 4
number type = float

Sparse(units=1024, density=0.0007626216, optimizer=Nesterov(0.90000), activation=ReLU())
Sparse(units=512, density=0.0016517639, optimizer=Nesterov(0.90000), activation=ReLU())
Sparse(units=10, density=0.06328125, optimizer=Nesterov(0.90000), activation=NoActivation())

Loading data from file ./cifar2/epoch0.npz
epoch   0 lr: 0.10000000  loss: 2.30258455  train accuracy: 0.11128000  test accuracy: 0.11040000 time: 0.00000000s
epoch   1 lr: 0.10000000  loss: 2.30248680  train accuracy: 0.15702000  test accuracy: 0.15390000 time: 2.29689622s
Loading data from file ./cifar2/epoch1.npz
epoch   2 lr: 0.10000000  loss: 2.25902736  train accuracy: 0.14730000  test accuracy: 0.14860000 time: 2.33299518s
Loading data from file ./cifar2/epoch2.npz
epoch   3 lr: 0.10000000  loss: 2.19094069  train accuracy: 0.19600000  test accuracy: 0.20680000 time: 2.28506398s
Loading data from file ./cifar2/epoch3.npz
epoch   4 lr: 0.10000000  loss: 2.15361591  train accuracy: 0.20238000  test accuracy: 0.21110000 time: 2.28491330s
Loading data from file ./cifar2/epoch4.npz
epoch   5 lr: 0.10000000  loss: 2.13357115  train accuracy: 0.22036000  test accuracy: 0.23230000 time: 2.28535986s
Loading data from file ./cifar2/epoch5.npz
epoch   6 lr: 0.10000000  loss: 2.10368626  train accuracy: 0.23604000  test accuracy: 0.25090000 time: 2.29171634s
Loading data from file ./cifar2/epoch6.npz
epoch   7 lr: 0.10000000  loss: 2.06115920  train accuracy: 0.25540000  test accuracy: 0.27140000 time: 2.32482147s
Loading data from file ./cifar2/epoch7.npz
epoch   8 lr: 0.10000000  loss: 2.04787163  train accuracy: 0.25958000  test accuracy: 0.27990000 time: 2.29356146s
Loading data from file ./cifar2/epoch8.npz
epoch   9 lr: 0.10000000  loss: 2.04226386  train accuracy: 0.26224000  test accuracy: 0.28430000 time: 2.29468489s
Loading data from file ./cifar2/epoch9.npz
epoch  10 lr: 0.10000000  loss: 2.02591087  train accuracy: 0.27264000  test accuracy: 0.29690000 time: 2.29416108s
Loading data from file ./cifar2/epoch10.npz
epoch  11 lr: 0.10000000  loss: 2.02671986  train accuracy: 0.27550000  test accuracy: 0.29810000 time: 2.31135702s
Loading data from file ./cifar2/epoch11.npz
epoch  12 lr: 0.10000000  loss: 2.01627625  train accuracy: 0.27914000  test accuracy: 0.30190000 time: 2.29388332s
Loading data from file ./cifar2/epoch12.npz
epoch  13 lr: 0.10000000  loss: 2.00893857  train accuracy: 0.28424000  test accuracy: 0.31000000 time: 2.29827332s
Loading data from file ./cifar2/epoch13.npz
epoch  14 lr: 0.10000000  loss: 1.99884956  train accuracy: 0.28364000  test accuracy: 0.30410000 time: 2.29596472s
Loading data from file ./cifar2/epoch14.npz
epoch  15 lr: 0.10000000  loss: 2.00751095  train accuracy: 0.27974000  test accuracy: 0.30240000 time: 2.31080246s
Loading data from file ./cifar2/epoch15.npz
epoch  16 lr: 0.10000000  loss: 1.98883415  train accuracy: 0.29090000  test accuracy: 0.30790000 time: 2.29162478s
Loading data from file ./cifar2/epoch16.npz
epoch  17 lr: 0.10000000  loss: 1.98475168  train accuracy: 0.29124000  test accuracy: 0.31230000 time: 2.29390287s
Loading data from file ./cifar2/epoch17.npz
epoch  18 lr: 0.10000000  loss: 1.97735212  train accuracy: 0.29564000  test accuracy: 0.31670000 time: 2.29476237s
Loading data from file ./cifar2/epoch18.npz
epoch  19 lr: 0.10000000  loss: 1.98274690  train accuracy: 0.29388000  test accuracy: 0.31240000 time: 2.30539870s
Loading data from file ./cifar2/epoch19.npz
epoch  20 lr: 0.10000000  loss: 1.97801765  train accuracy: 0.29184000  test accuracy: 0.31360000 time: 2.29316831s
Loading data from file ./cifar2/epoch20.npz
epoch  21 lr: 0.10000000  loss: 1.96959308  train accuracy: 0.29970000  test accuracy: 0.32280000 time: 2.29213881s
Loading data from file ./cifar2/epoch21.npz
epoch  22 lr: 0.10000000  loss: 1.96541446  train accuracy: 0.29624000  test accuracy: 0.31590000 time: 2.29720569s
Loading data from file ./cifar2/epoch22.npz
epoch  23 lr: 0.10000000  loss: 1.96093265  train accuracy: 0.29800000  test accuracy: 0.31230000 time: 2.31834316s
Loading data from file ./cifar2/epoch23.npz
epoch  24 lr: 0.10000000  loss: 1.96724077  train accuracy: 0.29828000  test accuracy: 0.31620000 time: 2.29569244s
Loading data from file ./cifar2/epoch24.npz
epoch  25 lr: 0.10000000  loss: 1.95754566  train accuracy: 0.29912000  test accuracy: 0.31510000 time: 2.29450989s
Loading data from file ./cifar2/epoch25.npz
epoch  26 lr: 0.10000000  loss: 1.96152797  train accuracy: 0.29780000  test accuracy: 0.31680000 time: 2.29278612s
Loading data from file ./cifar2/epoch26.npz
epoch  27 lr: 0.10000000  loss: 1.96143270  train accuracy: 0.29922000  test accuracy: 0.31870000 time: 2.30597043s
Loading data from file ./cifar2/epoch27.npz
epoch  28 lr: 0.10000000  loss: 1.95918393  train accuracy: 0.29928000  test accuracy: 0.32130000 time: 2.29368591s
Loading data from file ./cifar2/epoch28.npz
epoch  29 lr: 0.10000000  loss: 1.94921507  train accuracy: 0.30296000  test accuracy: 0.32090000 time: 2.29393172s
Loading data from file ./cifar2/epoch29.npz
epoch  30 lr: 0.10000000  loss: 1.95721499  train accuracy: 0.29946000  test accuracy: 0.32060000 time: 2.29684639s
Loading data from file ./cifar2/epoch30.npz
epoch  31 lr: 0.10000000  loss: 1.95928095  train accuracy: 0.29946000  test accuracy: 0.31890000 time: 2.30690598s
Loading data from file ./cifar2/epoch31.npz
epoch  32 lr: 0.10000000  loss: 1.95228231  train accuracy: 0.30058000  test accuracy: 0.31950000 time: 2.29281998s
Loading data from file ./cifar2/epoch32.npz
epoch  33 lr: 0.10000000  loss: 1.94618271  train accuracy: 0.30646000  test accuracy: 0.32350000 time: 2.30442166s
Loading data from file ./cifar2/epoch33.npz
epoch  34 lr: 0.10000000  loss: 1.95189049  train accuracy: 0.30102000  test accuracy: 0.32170000 time: 2.29326558s
Loading data from file ./cifar2/epoch34.npz
epoch  35 lr: 0.10000000  loss: 1.94967353  train accuracy: 0.30536000  test accuracy: 0.31910000 time: 2.30641317s
Loading data from file ./cifar2/epoch35.npz
epoch  36 lr: 0.10000000  loss: 1.94488158  train accuracy: 0.30392000  test accuracy: 0.32150000 time: 2.29407573s
Loading data from file ./cifar2/epoch36.npz
epoch  37 lr: 0.10000000  loss: 1.95167636  train accuracy: 0.29946000  test accuracy: 0.32100000 time: 2.29361320s
Loading data from file ./cifar2/epoch37.npz
epoch  38 lr: 0.10000000  loss: 1.94538346  train accuracy: 0.30486000  test accuracy: 0.32180000 time: 2.29926777s
Loading data from file ./cifar2/epoch38.npz
epoch  39 lr: 0.10000000  loss: 1.94474528  train accuracy: 0.30184000  test accuracy: 0.32020000 time: 2.30773592s
Loading data from file ./cifar2/epoch39.npz
epoch  40 lr: 0.10000000  loss: 1.94366563  train accuracy: 0.30578000  test accuracy: 0.32420000 time: 2.29210329s
Loading data from file ./cifar2/epoch40.npz
epoch  41 lr: 0.10000000  loss: 1.94258955  train accuracy: 0.30546000  test accuracy: 0.32940000 time: 2.30185103s
Loading data from file ./cifar2/epoch41.npz
epoch  42 lr: 0.10000000  loss: 1.93971805  train accuracy: 0.30602000  test accuracy: 0.32880000 time: 2.28508759s
Loading data from file ./cifar2/epoch42.npz
epoch  43 lr: 0.10000000  loss: 1.93997690  train accuracy: 0.30786000  test accuracy: 0.32450000 time: 2.29929948s
Loading data from file ./cifar2/epoch43.npz
epoch  44 lr: 0.10000000  loss: 1.94063678  train accuracy: 0.30598000  test accuracy: 0.32590000 time: 2.28650141s
Loading data from file ./cifar2/epoch44.npz
epoch  45 lr: 0.10000000  loss: 1.94539146  train accuracy: 0.30570000  test accuracy: 0.32520000 time: 2.34866166s
Loading data from file ./cifar2/epoch45.npz
epoch  46 lr: 0.10000000  loss: 1.94170117  train accuracy: 0.30588000  test accuracy: 0.32540000 time: 2.28669858s
Loading data from file ./cifar2/epoch46.npz
epoch  47 lr: 0.10000000  loss: 1.93294538  train accuracy: 0.30920000  test accuracy: 0.32920000 time: 2.30242896s
Loading data from file ./cifar2/epoch47.npz
epoch  48 lr: 0.10000000  loss: 1.93735428  train accuracy: 0.30698000  test accuracy: 0.32730000 time: 2.29406023s
Loading data from file ./cifar2/epoch48.npz
epoch  49 lr: 0.10000000  loss: 1.93998845  train accuracy: 0.30666000  test accuracy: 0.32370000 time: 2.28599477s
Loading data from file ./cifar2/epoch49.npz
epoch  50 lr: 0.10000000  loss: 1.93986921  train accuracy: 0.30802000  test accuracy: 0.32710000 time: 2.28954458s
Loading data from file ./cifar2/epoch50.npz
epoch  51 lr: 0.01000000  loss: 1.92592681  train accuracy: 0.31288000  test accuracy: 0.33270000 time: 2.28388715s
Loading data from file ./cifar2/epoch51.npz
epoch  52 lr: 0.01000000  loss: 1.92618625  train accuracy: 0.31284000  test accuracy: 0.33300000 time: 2.28684211s
Loading data from file ./cifar2/epoch52.npz
epoch  53 lr: 0.01000000  loss: 1.92840674  train accuracy: 0.31356000  test accuracy: 0.33010000 time: 2.28586507s
Loading data from file ./cifar2/epoch53.npz
epoch  54 lr: 0.01000000  loss: 1.92444974  train accuracy: 0.31160000  test accuracy: 0.32950000 time: 2.30206752s
Loading data from file ./cifar2/epoch54.npz
epoch  55 lr: 0.01000000  loss: 1.92815840  train accuracy: 0.31374000  test accuracy: 0.33310000 time: 2.28873992s
Loading data from file ./cifar2/epoch55.npz
epoch  56 lr: 0.01000000  loss: 1.92662344  train accuracy: 0.31444000  test accuracy: 0.33310000 time: 2.28578782s
Loading data from file ./cifar2/epoch56.npz
epoch  57 lr: 0.01000000  loss: 1.91902209  train accuracy: 0.31672000  test accuracy: 0.33250000 time: 2.28514051s
Loading data from file ./cifar2/epoch57.npz
epoch  58 lr: 0.01000000  loss: 1.92363343  train accuracy: 0.31270000  test accuracy: 0.33250000 time: 2.31091905s
Loading data from file ./cifar2/epoch58.npz
epoch  59 lr: 0.01000000  loss: 1.92415714  train accuracy: 0.31464000  test accuracy: 0.33300000 time: 2.29597259s
Loading data from file ./cifar2/epoch59.npz
epoch  60 lr: 0.01000000  loss: 1.92445852  train accuracy: 0.31572000  test accuracy: 0.33600000 time: 2.29982233s
Loading data from file ./cifar2/epoch60.npz
epoch  61 lr: 0.01000000  loss: 1.92430776  train accuracy: 0.31322000  test accuracy: 0.33310000 time: 2.30469465s
Loading data from file ./cifar2/epoch61.npz
epoch  62 lr: 0.01000000  loss: 1.92516610  train accuracy: 0.31372000  test accuracy: 0.33650000 time: 2.30786061s
Loading data from file ./cifar2/epoch62.npz
epoch  63 lr: 0.01000000  loss: 1.92255125  train accuracy: 0.31278000  test accuracy: 0.33490000 time: 2.29362035s
Loading data from file ./cifar2/epoch63.npz
epoch  64 lr: 0.01000000  loss: 1.92622190  train accuracy: 0.31078000  test accuracy: 0.33490000 time: 2.29339242s
Loading data from file ./cifar2/epoch64.npz
epoch  65 lr: 0.01000000  loss: 1.92498357  train accuracy: 0.31288000  test accuracy: 0.33570000 time: 2.29430199s
Loading data from file ./cifar2/epoch65.npz
epoch  66 lr: 0.01000000  loss: 1.92224576  train accuracy: 0.31410000  test accuracy: 0.33700000 time: 2.30895615s
Loading data from file ./cifar2/epoch66.npz
epoch  67 lr: 0.01000000  loss: 1.92209809  train accuracy: 0.31514000  test accuracy: 0.33560000 time: 2.28708076s
Loading data from file ./cifar2/epoch67.npz
epoch  68 lr: 0.01000000  loss: 1.92005676  train accuracy: 0.31460000  test accuracy: 0.33550000 time: 2.28541136s
Loading data from file ./cifar2/epoch68.npz
epoch  69 lr: 0.01000000  loss: 1.92313395  train accuracy: 0.31580000  test accuracy: 0.33360000 time: 2.32719254s
Loading data from file ./cifar2/epoch69.npz
epoch  70 lr: 0.01000000  loss: 1.92568234  train accuracy: 0.31540000  test accuracy: 0.33420000 time: 2.30108404s
Loading data from file ./cifar2/epoch70.npz
epoch  71 lr: 0.01000000  loss: 1.92284208  train accuracy: 0.31380000  test accuracy: 0.33460000 time: 2.28644300s
Loading data from file ./cifar2/epoch71.npz
epoch  72 lr: 0.01000000  loss: 1.92593373  train accuracy: 0.31420000  test accuracy: 0.33610000 time: 2.28592324s
Loading data from file ./cifar2/epoch72.npz
epoch  73 lr: 0.01000000  loss: 1.92512190  train accuracy: 0.31440000  test accuracy: 0.33580000 time: 2.28581572s
Loading data from file ./cifar2/epoch73.npz
epoch  74 lr: 0.01000000  loss: 1.91841668  train accuracy: 0.31706000  test accuracy: 0.33600000 time: 2.29983997s
Loading data from file ./cifar2/epoch74.npz
epoch  75 lr: 0.01000000  loss: 1.92382687  train accuracy: 0.31214000  test accuracy: 0.33470000 time: 2.28540492s
Loading data from file ./cifar2/epoch75.npz
epoch  76 lr: 0.00100000  loss: 1.92284532  train accuracy: 0.31514000  test accuracy: 0.33590000 time: 2.28539205s
Loading data from file ./cifar2/epoch76.npz
epoch  77 lr: 0.00100000  loss: 1.91811974  train accuracy: 0.31784000  test accuracy: 0.33700000 time: 2.28552175s
Loading data from file ./cifar2/epoch77.npz
epoch  78 lr: 0.00100000  loss: 1.92312899  train accuracy: 0.31290000  test accuracy: 0.33670000 time: 2.29943824s
Loading data from file ./cifar2/epoch78.npz
epoch  79 lr: 0.00100000  loss: 1.91972321  train accuracy: 0.31320000  test accuracy: 0.33570000 time: 2.28662467s
Loading data from file ./cifar2/epoch79.npz
epoch  80 lr: 0.00100000  loss: 1.92269692  train accuracy: 0.31632000  test accuracy: 0.33600000 time: 2.28683138s
Loading data from file ./cifar2/epoch80.npz
epoch  81 lr: 0.00100000  loss: 1.92071403  train accuracy: 0.31332000  test accuracy: 0.33650000 time: 2.28690481s
Loading data from file ./cifar2/epoch81.npz
epoch  82 lr: 0.00100000  loss: 1.92339830  train accuracy: 0.31584000  test accuracy: 0.33610000 time: 2.29861307s
Loading data from file ./cifar2/epoch82.npz
epoch  83 lr: 0.00100000  loss: 1.92106659  train accuracy: 0.31452000  test accuracy: 0.33560000 time: 2.28469443s
Loading data from file ./cifar2/epoch83.npz
epoch  84 lr: 0.00100000  loss: 1.92173816  train accuracy: 0.31474000  test accuracy: 0.33600000 time: 2.28392982s
Loading data from file ./cifar2/epoch84.npz
epoch  85 lr: 0.00100000  loss: 1.92510661  train accuracy: 0.31356000  test accuracy: 0.33570000 time: 2.28443766s
Loading data from file ./cifar2/epoch85.npz
epoch  86 lr: 0.00100000  loss: 1.92311550  train accuracy: 0.31032000  test accuracy: 0.33470000 time: 2.30063319s
Loading data from file ./cifar2/epoch86.npz
epoch  87 lr: 0.00100000  loss: 1.92253475  train accuracy: 0.31662000  test accuracy: 0.33510000 time: 2.28694201s
Loading data from file ./cifar2/epoch87.npz
epoch  88 lr: 0.00100000  loss: 1.92434775  train accuracy: 0.31316000  test accuracy: 0.33540000 time: 2.31630278s
Loading data from file ./cifar2/epoch88.npz
epoch  89 lr: 0.00100000  loss: 1.92047667  train accuracy: 0.31524000  test accuracy: 0.33690000 time: 2.29747033s
Loading data from file ./cifar2/epoch89.npz
epoch  90 lr: 0.00100000  loss: 1.92108250  train accuracy: 0.31154000  test accuracy: 0.33560000 time: 2.29641390s
Loading data from file ./cifar2/epoch90.npz
epoch  91 lr: 0.00100000  loss: 1.92304882  train accuracy: 0.31414000  test accuracy: 0.33610000 time: 2.29732037s
Loading data from file ./cifar2/epoch91.npz
epoch  92 lr: 0.00100000  loss: 1.92421134  train accuracy: 0.31118000  test accuracy: 0.33670000 time: 2.28727031s
Loading data from file ./cifar2/epoch92.npz
epoch  93 lr: 0.00100000  loss: 1.92281040  train accuracy: 0.31480000  test accuracy: 0.33640000 time: 2.28726602s
Loading data from file ./cifar2/epoch93.npz
epoch  94 lr: 0.00100000  loss: 1.91903820  train accuracy: 0.31596000  test accuracy: 0.33650000 time: 2.29323077s
Loading data from file ./cifar2/epoch94.npz
epoch  95 lr: 0.00100000  loss: 1.91863809  train accuracy: 0.31768000  test accuracy: 0.33610000 time: 2.29562593s
Loading data from file ./cifar2/epoch95.npz
epoch  96 lr: 0.00100000  loss: 1.92130779  train accuracy: 0.31464000  test accuracy: 0.33670000 time: 2.29634929s
Loading data from file ./cifar2/epoch96.npz
epoch  97 lr: 0.00100000  loss: 1.92201556  train accuracy: 0.31576000  test accuracy: 0.33600000 time: 2.33068275s
Loading data from file ./cifar2/epoch97.npz
epoch  98 lr: 0.00100000  loss: 1.92006174  train accuracy: 0.31508000  test accuracy: 0.33590000 time: 2.29430795s
Loading data from file ./cifar2/epoch98.npz
epoch  99 lr: 0.00100000  loss: 1.92146701  train accuracy: 0.31426000  test accuracy: 0.33600000 time: 2.29854560s
Loading data from file ./cifar2/epoch99.npz
epoch 100 lr: 0.00100000  loss: 1.92358951  train accuracy: 0.31554000  test accuracy: 0.33610000 time: 2.29398584s
Accuracy of the network on the 10000 test examples: 33.61%
Total training time for the 100 epochs: 229.65197339s
