loading dataset cifar10
read slice "../data/cifar-10-batches-bin/data_batch_1.bin"
read slice "../data/cifar-10-batches-bin/data_batch_2.bin"
read slice "../data/cifar-10-batches-bin/data_batch_3.bin"
read slice "../data/cifar-10-batches-bin/data_batch_4.bin"
read slice "../data/cifar-10-batches-bin/data_batch_5.bin"
read slice "../data/cifar-10-batches-bin/test_batch.bin"
normalizing data
number of examples: 50000
number of features: 3072
number of outputs: 10
epochs = 100
batch size = 100
shuffle = true
statistics = true
debug = false
algorithm = minibatch
dataset = cifar10
dataset size = 50000
normalize data = false
learning rate scheduler = multistep_lr(0.1;50,75;0.1)
loss function = softmax-cross-entropy
architecture = RRL
sizes = [3072, 1024, 512, 10]
weights initialization = xxx
optimizer = nesterov(0.9)
dropout = 0
density = 0.005
densities = [0.00388763, 0.00874717, 0.304401]
seed = 3
precision = 4
threads = 4
number type = float

Sparse(units=1024, density=0.003914833, optimizer=Nesterov(0.90000), activation=ReLU())
Sparse(units=512, density=0.008781433, optimizer=Nesterov(0.90000), activation=ReLU())
Sparse(units=10, density=0.3136719, optimizer=Nesterov(0.90000), activation=NoActivation())

Loading data from file ./cifar3/epoch0.npz
epoch   0 lr: 0.10000000  loss: 2.30256613  train accuracy: 0.10480000  test accuracy: 0.10690000 time: 0.00000000s
epoch   1 lr: 0.10000000  loss: 1.94055471  train accuracy: 0.29678000  test accuracy: 0.32270000 time: 2.64053273s
Loading data from file ./cifar3/epoch1.npz
epoch   2 lr: 0.10000000  loss: 1.79718838  train accuracy: 0.35536000  test accuracy: 0.37510000 time: 2.60364127s
Loading data from file ./cifar3/epoch2.npz
epoch   3 lr: 0.10000000  loss: 1.72951010  train accuracy: 0.38296000  test accuracy: 0.40040000 time: 2.60972738s
Loading data from file ./cifar3/epoch3.npz
epoch   4 lr: 0.10000000  loss: 1.67309949  train accuracy: 0.40496000  test accuracy: 0.43490000 time: 2.61570835s
Loading data from file ./cifar3/epoch4.npz
epoch   5 lr: 0.10000000  loss: 1.64522768  train accuracy: 0.41614000  test accuracy: 0.43850000 time: 2.59078956s
Loading data from file ./cifar3/epoch5.npz
epoch   6 lr: 0.10000000  loss: 1.63263263  train accuracy: 0.41922000  test accuracy: 0.43770000 time: 2.59111714s
Loading data from file ./cifar3/epoch6.npz
epoch   7 lr: 0.10000000  loss: 1.60760679  train accuracy: 0.42546000  test accuracy: 0.44020000 time: 2.59506845s
Loading data from file ./cifar3/epoch7.npz
epoch   8 lr: 0.10000000  loss: 1.59963247  train accuracy: 0.43366000  test accuracy: 0.45170000 time: 2.59970379s
Loading data from file ./cifar3/epoch8.npz
epoch   9 lr: 0.10000000  loss: 1.56634779  train accuracy: 0.44586000  test accuracy: 0.46530000 time: 2.58819628s
Loading data from file ./cifar3/epoch9.npz
epoch  10 lr: 0.10000000  loss: 1.55834398  train accuracy: 0.44906000  test accuracy: 0.46820000 time: 2.58608890s
Loading data from file ./cifar3/epoch10.npz
epoch  11 lr: 0.10000000  loss: 1.55048734  train accuracy: 0.45070000  test accuracy: 0.46260000 time: 2.65100265s
Loading data from file ./cifar3/epoch11.npz
epoch  12 lr: 0.10000000  loss: 1.52638563  train accuracy: 0.46212000  test accuracy: 0.46530000 time: 2.59805274s
Loading data from file ./cifar3/epoch12.npz
epoch  13 lr: 0.10000000  loss: 1.52397941  train accuracy: 0.45984000  test accuracy: 0.47230000 time: 2.58508897s
Loading data from file ./cifar3/epoch13.npz
epoch  14 lr: 0.10000000  loss: 1.50539683  train accuracy: 0.46874000  test accuracy: 0.47890000 time: 2.60991240s
Loading data from file ./cifar3/epoch14.npz
epoch  15 lr: 0.10000000  loss: 1.50712133  train accuracy: 0.46792000  test accuracy: 0.47960000 time: 2.58070827s
Loading data from file ./cifar3/epoch15.npz
epoch  16 lr: 0.10000000  loss: 1.51216440  train accuracy: 0.46458000  test accuracy: 0.47470000 time: 2.59323454s
Loading data from file ./cifar3/epoch16.npz
epoch  17 lr: 0.10000000  loss: 1.50786764  train accuracy: 0.46674000  test accuracy: 0.47470000 time: 2.58191061s
Loading data from file ./cifar3/epoch17.npz
epoch  18 lr: 0.10000000  loss: 1.48568679  train accuracy: 0.47640000  test accuracy: 0.48640000 time: 2.59300590s
Loading data from file ./cifar3/epoch18.npz
epoch  19 lr: 0.10000000  loss: 1.48474934  train accuracy: 0.47752000  test accuracy: 0.48600000 time: 2.58300924s
Loading data from file ./cifar3/epoch19.npz
epoch  20 lr: 0.10000000  loss: 1.47765473  train accuracy: 0.47768000  test accuracy: 0.48750000 time: 2.58239579s
Loading data from file ./cifar3/epoch20.npz
epoch  21 lr: 0.10000000  loss: 1.47834417  train accuracy: 0.47856000  test accuracy: 0.48250000 time: 2.59751725s
Loading data from file ./cifar3/epoch21.npz
epoch  22 lr: 0.10000000  loss: 1.47408630  train accuracy: 0.48040000  test accuracy: 0.48900000 time: 2.58576274s
Loading data from file ./cifar3/epoch22.npz
epoch  23 lr: 0.10000000  loss: 1.47097995  train accuracy: 0.47990000  test accuracy: 0.48370000 time: 2.58508539s
Loading data from file ./cifar3/epoch23.npz
epoch  24 lr: 0.10000000  loss: 1.46578091  train accuracy: 0.48368000  test accuracy: 0.48300000 time: 2.63529563s
Loading data from file ./cifar3/epoch24.npz
epoch  25 lr: 0.10000000  loss: 1.47005065  train accuracy: 0.47594000  test accuracy: 0.48670000 time: 2.59580612s
Loading data from file ./cifar3/epoch25.npz
epoch  26 lr: 0.10000000  loss: 1.46375158  train accuracy: 0.48218000  test accuracy: 0.48540000 time: 2.58378792s
Loading data from file ./cifar3/epoch26.npz
epoch  27 lr: 0.10000000  loss: 1.45239460  train accuracy: 0.48784000  test accuracy: 0.48670000 time: 2.58812332s
Loading data from file ./cifar3/epoch27.npz
epoch  28 lr: 0.10000000  loss: 1.45145682  train accuracy: 0.48644000  test accuracy: 0.48490000 time: 2.75860310s
Loading data from file ./cifar3/epoch28.npz
epoch  29 lr: 0.10000000  loss: 1.45846628  train accuracy: 0.48760000  test accuracy: 0.49230000 time: 2.64142275s
Loading data from file ./cifar3/epoch29.npz
epoch  30 lr: 0.10000000  loss: 1.45060699  train accuracy: 0.48768000  test accuracy: 0.49200000 time: 2.76935959s
Loading data from file ./cifar3/epoch30.npz
epoch  31 lr: 0.10000000  loss: 1.43410505  train accuracy: 0.49430000  test accuracy: 0.49180000 time: 2.83568645s
Loading data from file ./cifar3/epoch31.npz
epoch  32 lr: 0.10000000  loss: 1.43736886  train accuracy: 0.49508000  test accuracy: 0.49170000 time: 2.69832182s
Loading data from file ./cifar3/epoch32.npz
epoch  33 lr: 0.10000000  loss: 1.44094343  train accuracy: 0.49566000  test accuracy: 0.48660000 time: 2.76596594s
Loading data from file ./cifar3/epoch33.npz
epoch  34 lr: 0.10000000  loss: 1.45877798  train accuracy: 0.48550000  test accuracy: 0.48350000 time: 2.63249588s
Loading data from file ./cifar3/epoch34.npz
epoch  35 lr: 0.10000000  loss: 1.44579601  train accuracy: 0.48436000  test accuracy: 0.48110000 time: 2.72641993s
Loading data from file ./cifar3/epoch35.npz
epoch  36 lr: 0.10000000  loss: 1.42952387  train accuracy: 0.49622000  test accuracy: 0.48580000 time: 2.67786217s
Loading data from file ./cifar3/epoch36.npz
epoch  37 lr: 0.10000000  loss: 1.43064248  train accuracy: 0.49510000  test accuracy: 0.49820000 time: 2.64430571s
Loading data from file ./cifar3/epoch37.npz
epoch  38 lr: 0.10000000  loss: 1.43065835  train accuracy: 0.49292000  test accuracy: 0.49270000 time: 2.58371139s
Loading data from file ./cifar3/epoch38.npz
epoch  39 lr: 0.10000000  loss: 1.44317110  train accuracy: 0.49178000  test accuracy: 0.49190000 time: 2.58316994s
Loading data from file ./cifar3/epoch39.npz
epoch  40 lr: 0.10000000  loss: 1.42718970  train accuracy: 0.49814000  test accuracy: 0.49310000 time: 2.60436988s
Loading data from file ./cifar3/epoch40.npz
epoch  41 lr: 0.10000000  loss: 1.44330017  train accuracy: 0.49116000  test accuracy: 0.49130000 time: 2.64274430s
Loading data from file ./cifar3/epoch41.npz
epoch  42 lr: 0.10000000  loss: 1.44495520  train accuracy: 0.49092000  test accuracy: 0.48810000 time: 2.59594059s
Loading data from file ./cifar3/epoch42.npz
epoch  43 lr: 0.10000000  loss: 1.43588668  train accuracy: 0.49402000  test accuracy: 0.49190000 time: 2.59954572s
Loading data from file ./cifar3/epoch43.npz
epoch  44 lr: 0.10000000  loss: 1.42088288  train accuracy: 0.49592000  test accuracy: 0.49600000 time: 2.60969400s
Loading data from file ./cifar3/epoch44.npz
epoch  45 lr: 0.10000000  loss: 1.42013464  train accuracy: 0.49912000  test accuracy: 0.49850000 time: 2.87360287s
Loading data from file ./cifar3/epoch45.npz
epoch  46 lr: 0.10000000  loss: 1.42954367  train accuracy: 0.49648000  test accuracy: 0.49740000 time: 2.74189472s
Loading data from file ./cifar3/epoch46.npz
epoch  47 lr: 0.10000000  loss: 1.42092216  train accuracy: 0.49988000  test accuracy: 0.49850000 time: 2.61092925s
Loading data from file ./cifar3/epoch47.npz
epoch  48 lr: 0.10000000  loss: 1.42087818  train accuracy: 0.49894000  test accuracy: 0.50150000 time: 2.77540517s
Loading data from file ./cifar3/epoch48.npz
epoch  49 lr: 0.10000000  loss: 1.43625265  train accuracy: 0.48956000  test accuracy: 0.49070000 time: 2.74423385s
Loading data from file ./cifar3/epoch49.npz
epoch  50 lr: 0.10000000  loss: 1.42631751  train accuracy: 0.49288000  test accuracy: 0.49840000 time: 2.60764337s
Loading data from file ./cifar3/epoch50.npz
epoch  51 lr: 0.01000000  loss: 1.44009632  train accuracy: 0.49284000  test accuracy: 0.51730000 time: 2.61044717s
Loading data from file ./cifar3/epoch51.npz
epoch  52 lr: 0.01000000  loss: 1.42102962  train accuracy: 0.49848000  test accuracy: 0.52020000 time: 2.58806443s
Loading data from file ./cifar3/epoch52.npz
epoch  53 lr: 0.01000000  loss: 1.41918465  train accuracy: 0.49904000  test accuracy: 0.51680000 time: 2.59634709s
Loading data from file ./cifar3/epoch53.npz
epoch  54 lr: 0.01000000  loss: 1.41938219  train accuracy: 0.49886000  test accuracy: 0.52420000 time: 2.59155393s
Loading data from file ./cifar3/epoch54.npz
epoch  55 lr: 0.01000000  loss: 1.41148462  train accuracy: 0.50168000  test accuracy: 0.52430000 time: 2.63573551s
Loading data from file ./cifar3/epoch55.npz
epoch  56 lr: 0.01000000  loss: 1.41075085  train accuracy: 0.50430000  test accuracy: 0.52280000 time: 2.59460068s
Loading data from file ./cifar3/epoch56.npz
epoch  57 lr: 0.01000000  loss: 1.40551631  train accuracy: 0.50366000  test accuracy: 0.52500000 time: 2.60140538s
Loading data from file ./cifar3/epoch57.npz
epoch  58 lr: 0.01000000  loss: 1.40199176  train accuracy: 0.50352000  test accuracy: 0.52600000 time: 2.59106708s
Loading data from file ./cifar3/epoch58.npz
epoch  59 lr: 0.01000000  loss: 1.40497202  train accuracy: 0.50558000  test accuracy: 0.52330000 time: 2.59493208s
Loading data from file ./cifar3/epoch59.npz
epoch  60 lr: 0.01000000  loss: 1.40177290  train accuracy: 0.50454000  test accuracy: 0.52330000 time: 2.60092592s
Loading data from file ./cifar3/epoch60.npz
epoch  61 lr: 0.01000000  loss: 1.40154514  train accuracy: 0.50504000  test accuracy: 0.52350000 time: 2.58506060s
Loading data from file ./cifar3/epoch61.npz
epoch  62 lr: 0.01000000  loss: 1.40090648  train accuracy: 0.50348000  test accuracy: 0.52560000 time: 2.58468723s
Loading data from file ./cifar3/epoch62.npz
epoch  63 lr: 0.01000000  loss: 1.39671872  train accuracy: 0.50902000  test accuracy: 0.52360000 time: 2.60770655s
Loading data from file ./cifar3/epoch63.npz
epoch  64 lr: 0.01000000  loss: 1.40281881  train accuracy: 0.50680000  test accuracy: 0.52050000 time: 2.60294151s
Loading data from file ./cifar3/epoch64.npz
epoch  65 lr: 0.01000000  loss: 1.39407662  train accuracy: 0.50894000  test accuracy: 0.52590000 time: 2.61190462s
Loading data from file ./cifar3/epoch65.npz
epoch  66 lr: 0.01000000  loss: 1.39520153  train accuracy: 0.50786000  test accuracy: 0.52730000 time: 2.81202126s
Loading data from file ./cifar3/epoch66.npz
epoch  67 lr: 0.01000000  loss: 1.39409640  train accuracy: 0.50650000  test accuracy: 0.52740000 time: 3.71090865s
Loading data from file ./cifar3/epoch67.npz
epoch  68 lr: 0.01000000  loss: 1.39277226  train accuracy: 0.51166000  test accuracy: 0.52750000 time: 3.11075926s
Loading data from file ./cifar3/epoch68.npz
epoch  69 lr: 0.01000000  loss: 1.39424095  train accuracy: 0.51028000  test accuracy: 0.52720000 time: 3.14669967s
Loading data from file ./cifar3/epoch69.npz
epoch  70 lr: 0.01000000  loss: 1.38962121  train accuracy: 0.50966000  test accuracy: 0.52790000 time: 3.07577229s
Loading data from file ./cifar3/epoch70.npz
epoch  71 lr: 0.01000000  loss: 1.39345733  train accuracy: 0.50772000  test accuracy: 0.53090000 time: 2.64531088s
Loading data from file ./cifar3/epoch71.npz
epoch  72 lr: 0.01000000  loss: 1.38964005  train accuracy: 0.50918000  test accuracy: 0.53060000 time: 2.59999776s
Loading data from file ./cifar3/epoch72.npz
epoch  73 lr: 0.01000000  loss: 1.39187173  train accuracy: 0.50804000  test accuracy: 0.52830000 time: 2.59541273s
Loading data from file ./cifar3/epoch73.npz
epoch  74 lr: 0.01000000  loss: 1.38910090  train accuracy: 0.50944000  test accuracy: 0.52470000 time: 2.59074688s
Loading data from file ./cifar3/epoch74.npz
epoch  75 lr: 0.01000000  loss: 1.39403579  train accuracy: 0.50888000  test accuracy: 0.52420000 time: 2.59122872s
Loading data from file ./cifar3/epoch75.npz
epoch  76 lr: 0.00100000  loss: 1.40307102  train accuracy: 0.50510000  test accuracy: 0.52880000 time: 2.68955636s
Loading data from file ./cifar3/epoch76.npz
epoch  77 lr: 0.00100000  loss: 1.40615150  train accuracy: 0.50272000  test accuracy: 0.52850000 time: 2.60435891s
Loading data from file ./cifar3/epoch77.npz
epoch  78 lr: 0.00100000  loss: 1.40257616  train accuracy: 0.50714000  test accuracy: 0.52920000 time: 2.60407019s
Loading data from file ./cifar3/epoch78.npz
epoch  79 lr: 0.00100000  loss: 1.40592187  train accuracy: 0.50342000  test accuracy: 0.52820000 time: 2.58746934s
Loading data from file ./cifar3/epoch79.npz
epoch  80 lr: 0.00100000  loss: 1.40600717  train accuracy: 0.50436000  test accuracy: 0.52930000 time: 2.66305351s
Loading data from file ./cifar3/epoch80.npz
epoch  81 lr: 0.00100000  loss: 1.40483015  train accuracy: 0.50628000  test accuracy: 0.52910000 time: 2.61815572s
Loading data from file ./cifar3/epoch81.npz
epoch  82 lr: 0.00100000  loss: 1.40347593  train accuracy: 0.50298000  test accuracy: 0.52920000 time: 2.60056067s
Loading data from file ./cifar3/epoch82.npz
epoch  83 lr: 0.00100000  loss: 1.40757514  train accuracy: 0.50252000  test accuracy: 0.53070000 time: 2.61715555s
Loading data from file ./cifar3/epoch83.npz
epoch  84 lr: 0.00100000  loss: 1.40293855  train accuracy: 0.50520000  test accuracy: 0.53020000 time: 2.69913769s
Loading data from file ./cifar3/epoch84.npz
epoch  85 lr: 0.00100000  loss: 1.40627694  train accuracy: 0.50846000  test accuracy: 0.52970000 time: 2.58947945s
Loading data from file ./cifar3/epoch85.npz
epoch  86 lr: 0.00100000  loss: 1.40553587  train accuracy: 0.50418000  test accuracy: 0.53010000 time: 2.68080258s
Loading data from file ./cifar3/epoch86.npz
epoch  87 lr: 0.00100000  loss: 1.40596008  train accuracy: 0.50458000  test accuracy: 0.53040000 time: 2.61032271s
Loading data from file ./cifar3/epoch87.npz
epoch  88 lr: 0.00100000  loss: 1.40299720  train accuracy: 0.50428000  test accuracy: 0.52950000 time: 2.60166788s
Loading data from file ./cifar3/epoch88.npz
epoch  89 lr: 0.00100000  loss: 1.40036799  train accuracy: 0.50536000  test accuracy: 0.52990000 time: 2.61198997s
Loading data from file ./cifar3/epoch89.npz
epoch  90 lr: 0.00100000  loss: 1.40457988  train accuracy: 0.50558000  test accuracy: 0.53000000 time: 3.82352805s
Loading data from file ./cifar3/epoch90.npz
epoch  91 lr: 0.00100000  loss: 1.40015127  train accuracy: 0.50456000  test accuracy: 0.52900000 time: 3.43481207s
Loading data from file ./cifar3/epoch91.npz
epoch  92 lr: 0.00100000  loss: 1.40596599  train accuracy: 0.50256000  test accuracy: 0.52950000 time: 2.74787688s
Loading data from file ./cifar3/epoch92.npz
epoch  93 lr: 0.00100000  loss: 1.40027458  train accuracy: 0.50612000  test accuracy: 0.53000000 time: 2.75860167s
Loading data from file ./cifar3/epoch93.npz
epoch  94 lr: 0.00100000  loss: 1.40218445  train accuracy: 0.50532000  test accuracy: 0.53020000 time: 2.78049469s
Loading data from file ./cifar3/epoch94.npz
epoch  95 lr: 0.00100000  loss: 1.40396219  train accuracy: 0.50620000  test accuracy: 0.53050000 time: 2.75891495s
Loading data from file ./cifar3/epoch95.npz
epoch  96 lr: 0.00100000  loss: 1.39676938  train accuracy: 0.50866000  test accuracy: 0.53060000 time: 2.70473742s
Loading data from file ./cifar3/epoch96.npz
epoch  97 lr: 0.00100000  loss: 1.40422616  train accuracy: 0.50408000  test accuracy: 0.52860000 time: 2.83781433s
Loading data from file ./cifar3/epoch97.npz
epoch  98 lr: 0.00100000  loss: 1.40118160  train accuracy: 0.50524000  test accuracy: 0.52970000 time: 2.96974063s
Loading data from file ./cifar3/epoch98.npz
epoch  99 lr: 0.00100000  loss: 1.40202889  train accuracy: 0.50426000  test accuracy: 0.53030000 time: 2.75269461s
Loading data from file ./cifar3/epoch99.npz
epoch 100 lr: 0.00100000  loss: 1.39888960  train accuracy: 0.50732000  test accuracy: 0.52940000 time: 2.79611731s
Accuracy of the network on the 10000 test examples: 52.94%
Total training time for the 100 epochs: 268.89295322s
