loading dataset cifar10
read slice "../data/cifar-10-batches-bin/data_batch_1.bin"
read slice "../data/cifar-10-batches-bin/data_batch_2.bin"
read slice "../data/cifar-10-batches-bin/data_batch_3.bin"
read slice "../data/cifar-10-batches-bin/data_batch_4.bin"
read slice "../data/cifar-10-batches-bin/data_batch_5.bin"
read slice "../data/cifar-10-batches-bin/test_batch.bin"
normalizing data
number of examples: 50000
number of features: 3072
number of outputs: 10
epochs = 100
batch size = 100
shuffle = true
statistics = true
debug = false
algorithm = minibatch
dataset = cifar10
dataset size = 50000
normalize data = false
learning rate scheduler = multistep_lr(0.1;50,75;0.1)
loss function = softmax-cross-entropy
architecture = RRL
sizes = [3072, 1024, 512, 10]
weights initialization = xxx
optimizer = nesterov(0.9)
dropout = 0
density = 0.005
densities = [0.00388763, 0.00874717, 0.304401]
seed = 2
precision = 4
threads = 4
number type = float

Sparse(units=1024, density=0.003870964, optimizer=Nesterov(0.90000), activation=ReLU())
Sparse(units=512, density=0.008739471, optimizer=Nesterov(0.90000), activation=ReLU())
Sparse(units=10, density=0.3058594, optimizer=Nesterov(0.90000), activation=NoActivation())

Loading data from file ./cifar2/epoch0.npz
epoch   0 lr: 0.10000000  loss: 2.30258951  train accuracy: 0.10284000  test accuracy: 0.10050000 time: 0.00000000s
epoch   1 lr: 0.10000000  loss: 1.94050574  train accuracy: 0.30166000  test accuracy: 0.31820000 time: 2.57812452s
Loading data from file ./cifar2/epoch1.npz
epoch   2 lr: 0.10000000  loss: 1.80981312  train accuracy: 0.35000000  test accuracy: 0.37250000 time: 2.58366990s
Loading data from file ./cifar2/epoch2.npz
epoch   3 lr: 0.10000000  loss: 1.75211008  train accuracy: 0.37032000  test accuracy: 0.39380000 time: 2.61846232s
Loading data from file ./cifar2/epoch3.npz
epoch   4 lr: 0.10000000  loss: 1.71430291  train accuracy: 0.39284000  test accuracy: 0.42070000 time: 2.62539816s
Loading data from file ./cifar2/epoch4.npz
epoch   5 lr: 0.10000000  loss: 1.68509346  train accuracy: 0.40474000  test accuracy: 0.43000000 time: 2.58779192s
Loading data from file ./cifar2/epoch5.npz
epoch   6 lr: 0.10000000  loss: 1.63563969  train accuracy: 0.42376000  test accuracy: 0.44790000 time: 2.58280396s
Loading data from file ./cifar2/epoch6.npz
epoch   7 lr: 0.10000000  loss: 1.63245131  train accuracy: 0.42164000  test accuracy: 0.44600000 time: 2.61166716s
Loading data from file ./cifar2/epoch7.npz
epoch   8 lr: 0.10000000  loss: 1.61177683  train accuracy: 0.42788000  test accuracy: 0.45120000 time: 2.58587456s
Loading data from file ./cifar2/epoch8.npz
epoch   9 lr: 0.10000000  loss: 1.58883588  train accuracy: 0.43726000  test accuracy: 0.45510000 time: 2.57475734s
Loading data from file ./cifar2/epoch9.npz
epoch  10 lr: 0.10000000  loss: 1.59388117  train accuracy: 0.43552000  test accuracy: 0.45080000 time: 2.58684778s
Loading data from file ./cifar2/epoch10.npz
epoch  11 lr: 0.10000000  loss: 1.56750695  train accuracy: 0.44176000  test accuracy: 0.46510000 time: 2.57881451s
Loading data from file ./cifar2/epoch11.npz
epoch  12 lr: 0.10000000  loss: 1.56087098  train accuracy: 0.45002000  test accuracy: 0.46130000 time: 2.57775736s
Loading data from file ./cifar2/epoch12.npz
epoch  13 lr: 0.10000000  loss: 1.54072224  train accuracy: 0.46164000  test accuracy: 0.48050000 time: 2.62084842s
Loading data from file ./cifar2/epoch13.npz
epoch  14 lr: 0.10000000  loss: 1.54379286  train accuracy: 0.45352000  test accuracy: 0.46480000 time: 2.58842397s
Loading data from file ./cifar2/epoch14.npz
epoch  15 lr: 0.10000000  loss: 1.53010843  train accuracy: 0.46058000  test accuracy: 0.47680000 time: 2.58971286s
Loading data from file ./cifar2/epoch15.npz
epoch  16 lr: 0.10000000  loss: 1.53519208  train accuracy: 0.45834000  test accuracy: 0.46370000 time: 2.62954879s
Loading data from file ./cifar2/epoch16.npz
epoch  17 lr: 0.10000000  loss: 1.52613824  train accuracy: 0.45918000  test accuracy: 0.46910000 time: 2.58853626s
Loading data from file ./cifar2/epoch17.npz
epoch  18 lr: 0.10000000  loss: 1.51460400  train accuracy: 0.46554000  test accuracy: 0.47250000 time: 2.59944963s
Loading data from file ./cifar2/epoch18.npz
epoch  19 lr: 0.10000000  loss: 1.51592357  train accuracy: 0.46576000  test accuracy: 0.47690000 time: 2.58689046s
Loading data from file ./cifar2/epoch19.npz
epoch  20 lr: 0.10000000  loss: 1.49516711  train accuracy: 0.47250000  test accuracy: 0.48510000 time: 2.58685374s
Loading data from file ./cifar2/epoch20.npz
epoch  21 lr: 0.10000000  loss: 1.49967737  train accuracy: 0.47342000  test accuracy: 0.47340000 time: 2.58193660s
Loading data from file ./cifar2/epoch21.npz
epoch  22 lr: 0.10000000  loss: 1.51015083  train accuracy: 0.46504000  test accuracy: 0.47290000 time: 2.58430314s
Loading data from file ./cifar2/epoch22.npz
epoch  23 lr: 0.10000000  loss: 1.48592940  train accuracy: 0.47470000  test accuracy: 0.47610000 time: 2.60200262s
Loading data from file ./cifar2/epoch23.npz
epoch  24 lr: 0.10000000  loss: 1.48871306  train accuracy: 0.47648000  test accuracy: 0.48220000 time: 2.59190035s
Loading data from file ./cifar2/epoch24.npz
epoch  25 lr: 0.10000000  loss: 1.48546011  train accuracy: 0.47510000  test accuracy: 0.48270000 time: 2.58766437s
Loading data from file ./cifar2/epoch25.npz
epoch  26 lr: 0.10000000  loss: 1.47061180  train accuracy: 0.47622000  test accuracy: 0.48240000 time: 2.59086967s
Loading data from file ./cifar2/epoch26.npz
epoch  27 lr: 0.10000000  loss: 1.46850946  train accuracy: 0.48228000  test accuracy: 0.48200000 time: 2.60680151s
Loading data from file ./cifar2/epoch27.npz
epoch  28 lr: 0.10000000  loss: 1.47366802  train accuracy: 0.47860000  test accuracy: 0.48550000 time: 2.60341835s
Loading data from file ./cifar2/epoch28.npz
epoch  29 lr: 0.10000000  loss: 1.46974445  train accuracy: 0.48092000  test accuracy: 0.48440000 time: 2.59014845s
Loading data from file ./cifar2/epoch29.npz
epoch  30 lr: 0.10000000  loss: 1.46154103  train accuracy: 0.48450000  test accuracy: 0.48510000 time: 2.59051657s
Loading data from file ./cifar2/epoch30.npz
epoch  31 lr: 0.10000000  loss: 1.45919754  train accuracy: 0.48380000  test accuracy: 0.49090000 time: 2.59051108s
Loading data from file ./cifar2/epoch31.npz
epoch  32 lr: 0.10000000  loss: 1.47165378  train accuracy: 0.47824000  test accuracy: 0.48450000 time: 2.60120869s
Loading data from file ./cifar2/epoch32.npz
epoch  33 lr: 0.10000000  loss: 1.45501582  train accuracy: 0.48620000  test accuracy: 0.48850000 time: 2.58728623s
Loading data from file ./cifar2/epoch33.npz
epoch  34 lr: 0.10000000  loss: 1.46213667  train accuracy: 0.48342000  test accuracy: 0.48680000 time: 2.58693719s
Loading data from file ./cifar2/epoch34.npz
epoch  35 lr: 0.10000000  loss: 1.45598363  train accuracy: 0.48658000  test accuracy: 0.48670000 time: 2.58790159s
Loading data from file ./cifar2/epoch35.npz
epoch  36 lr: 0.10000000  loss: 1.45016504  train accuracy: 0.48588000  test accuracy: 0.49030000 time: 2.58849454s
Loading data from file ./cifar2/epoch36.npz
epoch  37 lr: 0.10000000  loss: 1.44290824  train accuracy: 0.49074000  test accuracy: 0.48990000 time: 2.60157561s
Loading data from file ./cifar2/epoch37.npz
epoch  38 lr: 0.10000000  loss: 1.44956745  train accuracy: 0.48716000  test accuracy: 0.48910000 time: 2.58806944s
Loading data from file ./cifar2/epoch38.npz
epoch  39 lr: 0.10000000  loss: 1.44585283  train accuracy: 0.48932000  test accuracy: 0.48920000 time: 2.63900304s
Loading data from file ./cifar2/epoch39.npz
epoch  40 lr: 0.10000000  loss: 1.45636798  train accuracy: 0.48438000  test accuracy: 0.48720000 time: 2.59582758s
Loading data from file ./cifar2/epoch40.npz
epoch  41 lr: 0.10000000  loss: 1.43708062  train accuracy: 0.49420000  test accuracy: 0.49010000 time: 2.60418725s
Loading data from file ./cifar2/epoch41.npz
epoch  42 lr: 0.10000000  loss: 1.44004770  train accuracy: 0.48962000  test accuracy: 0.49860000 time: 2.58803749s
Loading data from file ./cifar2/epoch42.npz
epoch  43 lr: 0.10000000  loss: 1.44822181  train accuracy: 0.48874000  test accuracy: 0.48370000 time: 2.58801293s
Loading data from file ./cifar2/epoch43.npz
epoch  44 lr: 0.10000000  loss: 1.43279618  train accuracy: 0.49500000  test accuracy: 0.49100000 time: 2.58672690s
Loading data from file ./cifar2/epoch44.npz
epoch  45 lr: 0.10000000  loss: 1.44823529  train accuracy: 0.48896000  test accuracy: 0.49320000 time: 2.58747172s
Loading data from file ./cifar2/epoch45.npz
epoch  46 lr: 0.10000000  loss: 1.43323247  train accuracy: 0.49362000  test accuracy: 0.49790000 time: 2.60100412s
Loading data from file ./cifar2/epoch46.npz
epoch  47 lr: 0.10000000  loss: 1.44107922  train accuracy: 0.49336000  test accuracy: 0.50030000 time: 2.59044003s
Loading data from file ./cifar2/epoch47.npz
epoch  48 lr: 0.10000000  loss: 1.43140944  train accuracy: 0.49242000  test accuracy: 0.49630000 time: 2.58616710s
Loading data from file ./cifar2/epoch48.npz
epoch  49 lr: 0.10000000  loss: 1.43497576  train accuracy: 0.49488000  test accuracy: 0.49380000 time: 2.59446430s
Loading data from file ./cifar2/epoch49.npz
epoch  50 lr: 0.10000000  loss: 1.43501351  train accuracy: 0.49492000  test accuracy: 0.50400000 time: 2.58680797s
Loading data from file ./cifar2/epoch50.npz
epoch  51 lr: 0.01000000  loss: 1.44889771  train accuracy: 0.48866000  test accuracy: 0.51370000 time: 2.60072136s
Loading data from file ./cifar2/epoch51.npz
epoch  52 lr: 0.01000000  loss: 1.44025355  train accuracy: 0.49380000  test accuracy: 0.51280000 time: 2.57796192s
Loading data from file ./cifar2/epoch52.npz
epoch  53 lr: 0.01000000  loss: 1.43523782  train accuracy: 0.49246000  test accuracy: 0.52040000 time: 2.65031219s
Loading data from file ./cifar2/epoch53.npz
epoch  54 lr: 0.01000000  loss: 1.42737663  train accuracy: 0.49490000  test accuracy: 0.51710000 time: 2.57938576s
Loading data from file ./cifar2/epoch54.npz
epoch  55 lr: 0.01000000  loss: 1.42761457  train accuracy: 0.49984000  test accuracy: 0.52120000 time: 2.59301662s
Loading data from file ./cifar2/epoch55.npz
epoch  56 lr: 0.01000000  loss: 1.42253123  train accuracy: 0.49918000  test accuracy: 0.52300000 time: 2.59403872s
Loading data from file ./cifar2/epoch56.npz
epoch  57 lr: 0.01000000  loss: 1.42528552  train accuracy: 0.50092000  test accuracy: 0.52270000 time: 2.58092952s
Loading data from file ./cifar2/epoch57.npz
epoch  58 lr: 0.01000000  loss: 1.41889824  train accuracy: 0.49936000  test accuracy: 0.52380000 time: 2.57801223s
Loading data from file ./cifar2/epoch58.npz
epoch  59 lr: 0.01000000  loss: 1.41720154  train accuracy: 0.49948000  test accuracy: 0.52690000 time: 2.58154774s
Loading data from file ./cifar2/epoch59.npz
epoch  60 lr: 0.01000000  loss: 1.41855803  train accuracy: 0.50128000  test accuracy: 0.52550000 time: 2.59243011s
Loading data from file ./cifar2/epoch60.npz
epoch  61 lr: 0.01000000  loss: 1.41290213  train accuracy: 0.50346000  test accuracy: 0.52350000 time: 2.57928348s
Loading data from file ./cifar2/epoch61.npz
epoch  62 lr: 0.01000000  loss: 1.41693957  train accuracy: 0.50090000  test accuracy: 0.52670000 time: 2.61911297s
Loading data from file ./cifar2/epoch62.npz
epoch  63 lr: 0.01000000  loss: 1.41799859  train accuracy: 0.50074000  test accuracy: 0.52240000 time: 2.58360767s
Loading data from file ./cifar2/epoch63.npz
epoch  64 lr: 0.01000000  loss: 1.41287549  train accuracy: 0.50198000  test accuracy: 0.52580000 time: 2.59242582s
Loading data from file ./cifar2/epoch64.npz
epoch  65 lr: 0.01000000  loss: 1.41121416  train accuracy: 0.50344000  test accuracy: 0.52380000 time: 2.58149743s
Loading data from file ./cifar2/epoch65.npz
epoch  66 lr: 0.01000000  loss: 1.40894827  train accuracy: 0.50490000  test accuracy: 0.52710000 time: 2.57701993s
Loading data from file ./cifar2/epoch66.npz
epoch  67 lr: 0.01000000  loss: 1.41237863  train accuracy: 0.49968000  test accuracy: 0.52400000 time: 2.57735991s
Loading data from file ./cifar2/epoch67.npz
epoch  68 lr: 0.01000000  loss: 1.40791451  train accuracy: 0.50298000  test accuracy: 0.52890000 time: 2.57933044s
Loading data from file ./cifar2/epoch68.npz
epoch  69 lr: 0.01000000  loss: 1.40821947  train accuracy: 0.50308000  test accuracy: 0.52630000 time: 2.59191632s
Loading data from file ./cifar2/epoch69.npz
epoch  70 lr: 0.01000000  loss: 1.41027168  train accuracy: 0.50454000  test accuracy: 0.52750000 time: 2.57775593s
Loading data from file ./cifar2/epoch70.npz
epoch  71 lr: 0.01000000  loss: 1.41172419  train accuracy: 0.50196000  test accuracy: 0.52560000 time: 2.57778406s
Loading data from file ./cifar2/epoch71.npz
epoch  72 lr: 0.01000000  loss: 1.40612957  train accuracy: 0.50604000  test accuracy: 0.52840000 time: 2.58074856s
Loading data from file ./cifar2/epoch72.npz
epoch  73 lr: 0.01000000  loss: 1.40172937  train accuracy: 0.50502000  test accuracy: 0.52920000 time: 2.59051108s
Loading data from file ./cifar2/epoch73.npz
epoch  74 lr: 0.01000000  loss: 1.41037481  train accuracy: 0.50364000  test accuracy: 0.52880000 time: 2.57788277s
Loading data from file ./cifar2/epoch74.npz
epoch  75 lr: 0.01000000  loss: 1.40775072  train accuracy: 0.50536000  test accuracy: 0.52480000 time: 2.57851458s
Loading data from file ./cifar2/epoch75.npz
epoch  76 lr: 0.00100000  loss: 1.42401678  train accuracy: 0.49622000  test accuracy: 0.52660000 time: 2.57854128s
Loading data from file ./cifar2/epoch76.npz
epoch  77 lr: 0.00100000  loss: 1.41595024  train accuracy: 0.50396000  test accuracy: 0.52760000 time: 2.57842207s
Loading data from file ./cifar2/epoch77.npz
epoch  78 lr: 0.00100000  loss: 1.42191134  train accuracy: 0.49860000  test accuracy: 0.52780000 time: 2.59019494s
Loading data from file ./cifar2/epoch78.npz
epoch  79 lr: 0.00100000  loss: 1.41572661  train accuracy: 0.50096000  test accuracy: 0.52930000 time: 2.57802296s
Loading data from file ./cifar2/epoch79.npz
epoch  80 lr: 0.00100000  loss: 1.41907442  train accuracy: 0.49956000  test accuracy: 0.52890000 time: 2.57728529s
Loading data from file ./cifar2/epoch80.npz
epoch  81 lr: 0.00100000  loss: 1.41944594  train accuracy: 0.50082000  test accuracy: 0.52870000 time: 2.57746649s
Loading data from file ./cifar2/epoch81.npz
epoch  82 lr: 0.00100000  loss: 1.41981789  train accuracy: 0.49834000  test accuracy: 0.52780000 time: 2.59128094s
Loading data from file ./cifar2/epoch82.npz
epoch  83 lr: 0.00100000  loss: 1.41683507  train accuracy: 0.50186000  test accuracy: 0.52800000 time: 2.57766628s
Loading data from file ./cifar2/epoch83.npz
epoch  84 lr: 0.00100000  loss: 1.41908324  train accuracy: 0.49886000  test accuracy: 0.52880000 time: 2.57967758s
Loading data from file ./cifar2/epoch84.npz
epoch  85 lr: 0.00100000  loss: 1.41667874  train accuracy: 0.50096000  test accuracy: 0.52860000 time: 2.62740564s
Loading data from file ./cifar2/epoch85.npz
epoch  86 lr: 0.00100000  loss: 1.41756178  train accuracy: 0.49942000  test accuracy: 0.52910000 time: 2.57893658s
Loading data from file ./cifar2/epoch86.npz
epoch  87 lr: 0.00100000  loss: 1.41836237  train accuracy: 0.49956000  test accuracy: 0.52840000 time: 2.61183691s
Loading data from file ./cifar2/epoch87.npz
epoch  88 lr: 0.00100000  loss: 1.41331091  train accuracy: 0.50214000  test accuracy: 0.52840000 time: 2.57901692s
Loading data from file ./cifar2/epoch88.npz
epoch  89 lr: 0.00100000  loss: 1.41441898  train accuracy: 0.49956000  test accuracy: 0.52740000 time: 2.58133388s
Loading data from file ./cifar2/epoch89.npz
epoch  90 lr: 0.00100000  loss: 1.41004314  train accuracy: 0.50164000  test accuracy: 0.52840000 time: 2.57936525s
Loading data from file ./cifar2/epoch90.npz
epoch  91 lr: 0.00100000  loss: 1.41664256  train accuracy: 0.49988000  test accuracy: 0.52870000 time: 2.59144115s
Loading data from file ./cifar2/epoch91.npz
epoch  92 lr: 0.00100000  loss: 1.41205955  train accuracy: 0.50110000  test accuracy: 0.52940000 time: 2.57795048s
Loading data from file ./cifar2/epoch92.npz
epoch  93 lr: 0.00100000  loss: 1.41433356  train accuracy: 0.49908000  test accuracy: 0.52940000 time: 2.58104157s
Loading data from file ./cifar2/epoch93.npz
epoch  94 lr: 0.00100000  loss: 1.41250079  train accuracy: 0.50134000  test accuracy: 0.52950000 time: 2.58435345s
Loading data from file ./cifar2/epoch94.npz
epoch  95 lr: 0.00100000  loss: 1.41314485  train accuracy: 0.50184000  test accuracy: 0.53030000 time: 2.57863331s
Loading data from file ./cifar2/epoch95.npz
epoch  96 lr: 0.00100000  loss: 1.42115860  train accuracy: 0.49700000  test accuracy: 0.52900000 time: 2.59173918s
Loading data from file ./cifar2/epoch96.npz
epoch  97 lr: 0.00100000  loss: 1.41537390  train accuracy: 0.50168000  test accuracy: 0.52940000 time: 2.57758880s
Loading data from file ./cifar2/epoch97.npz
epoch  98 lr: 0.00100000  loss: 1.41353071  train accuracy: 0.49930000  test accuracy: 0.52940000 time: 2.57750845s
Loading data from file ./cifar2/epoch98.npz
epoch  99 lr: 0.00100000  loss: 1.42002666  train accuracy: 0.49758000  test accuracy: 0.53050000 time: 2.57781816s
Loading data from file ./cifar2/epoch99.npz
epoch 100 lr: 0.00100000  loss: 1.41711791  train accuracy: 0.50108000  test accuracy: 0.52890000 time: 2.59089470s
Accuracy of the network on the 10000 test examples: 52.89%
Total training time for the 100 epochs: 259.00046014s
