=== Command line arguments ===
Namespace(show=False, batch_size=100, seed=1, precision=4, edgeitems=3, density=0.5, sizes='3072,1024,512,10', epochs=100, lr=0.01, momentum=0.9, gamma=0.1, nesterov=True, datadir='./data', augmented=False, preprocessed='./cifar1', copy=False, nerva=False, torch=True, scheduler='multistep', import_weights=None, custom_masking=False)
Files already downloaded and verified
initialize by ER
Overall sparsity 0.5
Total Model parameters: 3675136
Total parameters under sparsity level of 0.5: 0.5001578172889384
initialize by ER
Overall sparsity 0.5
Total Model parameters: 7350272
Total parameters under sparsity level of 0.5: 0.2848357176441906

=== PyTorch model ===
MLP1(
  (layers): ModuleList(
    (0): Linear(in_features=3072, out_features=1024, bias=True)
    (1): Linear(in_features=1024, out_features=512, bias=True)
    (2): Linear(in_features=512, out_features=10, bias=True)
  )
  (loss): CrossEntropyLoss()
)
CrossEntropyLoss()
<torch.optim.lr_scheduler.MultiStepLR object at 0x7f28560e5f00>

=== Training PyTorch model ===
Loading dataset from file cifar1/epoch0.npz
Loading data from ./cifar1/epoch0.npz
epoch   0  lr: 0.01000000  loss: 2.30241799  train accuracy: 0.11406000  test accuracy: 0.11630000  time: 0.00000000s
epoch   1  lr: 0.01000000  loss: 1.60821128  train accuracy: 0.43098000  test accuracy: 0.45010000  time: 12.27526745s
Loading dataset from file cifar1/epoch1.npz
Loading data from ./cifar1/epoch1.npz
epoch   2  lr: 0.01000000  loss: 1.48077106  train accuracy: 0.47960000  test accuracy: 0.48500000  time: 12.09768902s
Loading dataset from file cifar1/epoch2.npz
Loading data from ./cifar1/epoch2.npz
epoch   3  lr: 0.01000000  loss: 1.40917683  train accuracy: 0.50466000  test accuracy: 0.51120000  time: 12.04962499s
Loading dataset from file cifar1/epoch3.npz
Loading data from ./cifar1/epoch3.npz
epoch   4  lr: 0.01000000  loss: 1.35766280  train accuracy: 0.52350000  test accuracy: 0.52100000  time: 12.25485245s
Loading dataset from file cifar1/epoch4.npz
Loading data from ./cifar1/epoch4.npz
epoch   5  lr: 0.01000000  loss: 1.31426191  train accuracy: 0.53388000  test accuracy: 0.53210000  time: 12.09133237s
Loading dataset from file cifar1/epoch5.npz
Loading data from ./cifar1/epoch5.npz
epoch   6  lr: 0.01000000  loss: 1.29157400  train accuracy: 0.54090000  test accuracy: 0.53480000  time: 12.08204219s
Loading dataset from file cifar1/epoch6.npz
Loading data from ./cifar1/epoch6.npz
epoch   7  lr: 0.01000000  loss: 1.27848220  train accuracy: 0.54790000  test accuracy: 0.53930000  time: 12.13848394s
Loading dataset from file cifar1/epoch7.npz
Loading data from ./cifar1/epoch7.npz
epoch   8  lr: 0.01000000  loss: 1.25993872  train accuracy: 0.54920000  test accuracy: 0.54280000  time: 12.06623479s
Loading dataset from file cifar1/epoch8.npz
Loading data from ./cifar1/epoch8.npz
epoch   9  lr: 0.01000000  loss: 1.21305943  train accuracy: 0.56892000  test accuracy: 0.55220000  time: 12.60297812s
Loading dataset from file cifar1/epoch9.npz
Loading data from ./cifar1/epoch9.npz
epoch  10  lr: 0.01000000  loss: 1.17942786  train accuracy: 0.58354000  test accuracy: 0.55690000  time: 12.16578472s
Loading dataset from file cifar1/epoch10.npz
Loading data from ./cifar1/epoch10.npz
epoch  11  lr: 0.01000000  loss: 1.16039824  train accuracy: 0.58772000  test accuracy: 0.56310000  time: 12.25689800s
Loading dataset from file cifar1/epoch11.npz
Loading data from ./cifar1/epoch11.npz
epoch  12  lr: 0.01000000  loss: 1.15330517  train accuracy: 0.59460000  test accuracy: 0.56420000  time: 12.05238172s
Loading dataset from file cifar1/epoch12.npz
Loading data from ./cifar1/epoch12.npz
epoch  13  lr: 0.01000000  loss: 1.13414145  train accuracy: 0.59984000  test accuracy: 0.56970000  time: 12.87482445s
Loading dataset from file cifar1/epoch13.npz
Loading data from ./cifar1/epoch13.npz
epoch  14  lr: 0.01000000  loss: 1.13662505  train accuracy: 0.59654000  test accuracy: 0.56430000  time: 12.25376711s
Loading dataset from file cifar1/epoch14.npz
Loading data from ./cifar1/epoch14.npz
epoch  15  lr: 0.01000000  loss: 1.10592508  train accuracy: 0.61072000  test accuracy: 0.57590000  time: 12.13301325s
Loading dataset from file cifar1/epoch15.npz
Loading data from ./cifar1/epoch15.npz
epoch  16  lr: 0.01000000  loss: 1.08128321  train accuracy: 0.62230000  test accuracy: 0.57660000  time: 12.50893310s
Loading dataset from file cifar1/epoch16.npz
Loading data from ./cifar1/epoch16.npz
epoch  17  lr: 0.01000000  loss: 1.07390165  train accuracy: 0.62146000  test accuracy: 0.57250000  time: 12.17097043s
Loading dataset from file cifar1/epoch17.npz
Loading data from ./cifar1/epoch17.npz
epoch  18  lr: 0.01000000  loss: 1.05915058  train accuracy: 0.62814000  test accuracy: 0.58300000  time: 12.26337362s
Loading dataset from file cifar1/epoch18.npz
Loading data from ./cifar1/epoch18.npz
epoch  19  lr: 0.01000000  loss: 1.05413127  train accuracy: 0.62558000  test accuracy: 0.58030000  time: 12.15395817s
Loading dataset from file cifar1/epoch19.npz
Loading data from ./cifar1/epoch19.npz
epoch  20  lr: 0.01000000  loss: 1.05037391  train accuracy: 0.62620000  test accuracy: 0.58470000  time: 12.53278703s
Loading dataset from file cifar1/epoch20.npz
Loading data from ./cifar1/epoch20.npz
epoch  21  lr: 0.01000000  loss: 1.03533137  train accuracy: 0.63532000  test accuracy: 0.58770000  time: 12.14431143s
Loading dataset from file cifar1/epoch21.npz
Loading data from ./cifar1/epoch21.npz
epoch  22  lr: 0.01000000  loss: 1.02104890  train accuracy: 0.63934000  test accuracy: 0.57820000  time: 12.14106258s
Loading dataset from file cifar1/epoch22.npz
Loading data from ./cifar1/epoch22.npz
epoch  23  lr: 0.01000000  loss: 1.03270698  train accuracy: 0.63350000  test accuracy: 0.58150000  time: 12.16822509s
Loading dataset from file cifar1/epoch23.npz
Loading data from ./cifar1/epoch23.npz
epoch  24  lr: 0.01000000  loss: 0.99650383  train accuracy: 0.64728000  test accuracy: 0.58810000  time: 12.13084929s
Loading dataset from file cifar1/epoch24.npz
Loading data from ./cifar1/epoch24.npz
epoch  25  lr: 0.01000000  loss: 0.98160726  train accuracy: 0.65484000  test accuracy: 0.59240000  time: 12.18866412s
Loading dataset from file cifar1/epoch25.npz
Loading data from ./cifar1/epoch25.npz
epoch  26  lr: 0.01000000  loss: 0.98437256  train accuracy: 0.65278000  test accuracy: 0.58820000  time: 12.15843014s
Loading dataset from file cifar1/epoch26.npz
Loading data from ./cifar1/epoch26.npz
epoch  27  lr: 0.01000000  loss: 0.96663779  train accuracy: 0.65954000  test accuracy: 0.59380000  time: 12.19280485s
Loading dataset from file cifar1/epoch27.npz
Loading data from ./cifar1/epoch27.npz
epoch  28  lr: 0.01000000  loss: 0.95904595  train accuracy: 0.66294000  test accuracy: 0.59950000  time: 12.16175696s
Loading dataset from file cifar1/epoch28.npz
Loading data from ./cifar1/epoch28.npz
epoch  29  lr: 0.01000000  loss: 0.95703924  train accuracy: 0.66396000  test accuracy: 0.59520000  time: 12.23631676s
Loading dataset from file cifar1/epoch29.npz
Loading data from ./cifar1/epoch29.npz
epoch  30  lr: 0.01000000  loss: 0.94739336  train accuracy: 0.66642000  test accuracy: 0.59670000  time: 12.12449644s
Loading dataset from file cifar1/epoch30.npz
Loading data from ./cifar1/epoch30.npz
epoch  31  lr: 0.01000000  loss: 0.93641979  train accuracy: 0.67104000  test accuracy: 0.60160000  time: 12.39381929s
Loading dataset from file cifar1/epoch31.npz
Loading data from ./cifar1/epoch31.npz
epoch  32  lr: 0.01000000  loss: 0.92929536  train accuracy: 0.67470000  test accuracy: 0.60510000  time: 12.15816257s
Loading dataset from file cifar1/epoch32.npz
Loading data from ./cifar1/epoch32.npz
epoch  33  lr: 0.01000000  loss: 0.92628443  train accuracy: 0.67556000  test accuracy: 0.60010000  time: 12.38287422s
Loading dataset from file cifar1/epoch33.npz
Loading data from ./cifar1/epoch33.npz
epoch  34  lr: 0.01000000  loss: 0.90009964  train accuracy: 0.68590000  test accuracy: 0.60800000  time: 12.26667524s
Loading dataset from file cifar1/epoch34.npz
Loading data from ./cifar1/epoch34.npz
epoch  35  lr: 0.01000000  loss: 0.91606623  train accuracy: 0.68056000  test accuracy: 0.60310000  time: 12.38565822s
Loading dataset from file cifar1/epoch35.npz
Loading data from ./cifar1/epoch35.npz
epoch  36  lr: 0.01000000  loss: 0.89737767  train accuracy: 0.68684000  test accuracy: 0.60760000  time: 12.31232522s
Loading dataset from file cifar1/epoch36.npz
Loading data from ./cifar1/epoch36.npz
epoch  37  lr: 0.01000000  loss: 0.88397110  train accuracy: 0.69246000  test accuracy: 0.61150000  time: 12.25461750s
Loading dataset from file cifar1/epoch37.npz
Loading data from ./cifar1/epoch37.npz
epoch  38  lr: 0.01000000  loss: 0.88037288  train accuracy: 0.69220000  test accuracy: 0.61330000  time: 12.50001125s
Loading dataset from file cifar1/epoch38.npz
Loading data from ./cifar1/epoch38.npz
epoch  39  lr: 0.01000000  loss: 0.87693805  train accuracy: 0.69500000  test accuracy: 0.61090000  time: 12.35837314s
Loading dataset from file cifar1/epoch39.npz
Loading data from ./cifar1/epoch39.npz
epoch  40  lr: 0.01000000  loss: 0.86503172  train accuracy: 0.69908000  test accuracy: 0.60990000  time: 12.38336167s
Loading dataset from file cifar1/epoch40.npz
Loading data from ./cifar1/epoch40.npz
epoch  41  lr: 0.01000000  loss: 0.86909664  train accuracy: 0.69334000  test accuracy: 0.61190000  time: 12.31145181s
Loading dataset from file cifar1/epoch41.npz
Loading data from ./cifar1/epoch41.npz
epoch  42  lr: 0.01000000  loss: 0.87352628  train accuracy: 0.69412000  test accuracy: 0.60980000  time: 12.37113894s
Loading dataset from file cifar1/epoch42.npz
Loading data from ./cifar1/epoch42.npz
epoch  43  lr: 0.01000000  loss: 0.87121749  train accuracy: 0.69250000  test accuracy: 0.59130000  time: 12.24944067s
Loading dataset from file cifar1/epoch43.npz
Loading data from ./cifar1/epoch43.npz
epoch  44  lr: 0.01000000  loss: 0.83125782  train accuracy: 0.71230000  test accuracy: 0.62420000  time: 12.27029863s
Loading dataset from file cifar1/epoch44.npz
Loading data from ./cifar1/epoch44.npz
epoch  45  lr: 0.01000000  loss: 0.82042873  train accuracy: 0.71126000  test accuracy: 0.62010000  time: 12.47358779s
Loading dataset from file cifar1/epoch45.npz
Loading data from ./cifar1/epoch45.npz
epoch  46  lr: 0.01000000  loss: 0.82545495  train accuracy: 0.71228000  test accuracy: 0.62750000  time: 12.31993736s
Loading dataset from file cifar1/epoch46.npz
Loading data from ./cifar1/epoch46.npz
epoch  47  lr: 0.01000000  loss: 0.83440644  train accuracy: 0.70906000  test accuracy: 0.61610000  time: 12.32288481s
Loading dataset from file cifar1/epoch47.npz
Loading data from ./cifar1/epoch47.npz
epoch  48  lr: 0.01000000  loss: 0.80760127  train accuracy: 0.71754000  test accuracy: 0.62930000  time: 12.17499047s
Loading dataset from file cifar1/epoch48.npz
Loading data from ./cifar1/epoch48.npz
epoch  49  lr: 0.01000000  loss: 0.80460811  train accuracy: 0.72022000  test accuracy: 0.62270000  time: 12.39219198s
Loading dataset from file cifar1/epoch49.npz
Loading data from ./cifar1/epoch49.npz
epoch  50  lr: 0.01000000  loss: 0.80733615  train accuracy: 0.71854000  test accuracy: 0.62060000  time: 12.23037021s
Loading dataset from file cifar1/epoch50.npz
Loading data from ./cifar1/epoch50.npz
epoch  51  lr: 0.00100000  loss: 0.84653133  train accuracy: 0.70068000  test accuracy: 0.64550000  time: 12.16294379s
Loading dataset from file cifar1/epoch51.npz
Loading data from ./cifar1/epoch51.npz
epoch  52  lr: 0.00100000  loss: 0.82950562  train accuracy: 0.70570000  test accuracy: 0.65120000  time: 12.30624926s
Loading dataset from file cifar1/epoch52.npz
Loading data from ./cifar1/epoch52.npz
epoch  53  lr: 0.00100000  loss: 0.81746125  train accuracy: 0.71144000  test accuracy: 0.65260000  time: 12.34437282s
Loading dataset from file cifar1/epoch53.npz
Loading data from ./cifar1/epoch53.npz
epoch  54  lr: 0.00100000  loss: 0.80641216  train accuracy: 0.71670000  test accuracy: 0.65390000  time: 12.34566330s
Loading dataset from file cifar1/epoch54.npz
Loading data from ./cifar1/epoch54.npz
epoch  55  lr: 0.00100000  loss: 0.79758275  train accuracy: 0.71698000  test accuracy: 0.65560000  time: 12.39572860s
Loading dataset from file cifar1/epoch55.npz
Loading data from ./cifar1/epoch55.npz
epoch  56  lr: 0.00100000  loss: 0.79055077  train accuracy: 0.71944000  test accuracy: 0.65710000  time: 12.31508093s
Loading dataset from file cifar1/epoch56.npz
Loading data from ./cifar1/epoch56.npz
epoch  57  lr: 0.00100000  loss: 0.78808773  train accuracy: 0.72250000  test accuracy: 0.65610000  time: 12.26941721s
Loading dataset from file cifar1/epoch57.npz
Loading data from ./cifar1/epoch57.npz
epoch  58  lr: 0.00100000  loss: 0.78387928  train accuracy: 0.72574000  test accuracy: 0.65730000  time: 12.15399230s
Loading dataset from file cifar1/epoch58.npz
Loading data from ./cifar1/epoch58.npz
epoch  59  lr: 0.00100000  loss: 0.77705562  train accuracy: 0.72790000  test accuracy: 0.65760000  time: 12.27455678s
Loading dataset from file cifar1/epoch59.npz
Loading data from ./cifar1/epoch59.npz
epoch  60  lr: 0.00100000  loss: 0.77532983  train accuracy: 0.72690000  test accuracy: 0.65680000  time: 12.02539400s
Loading dataset from file cifar1/epoch60.npz
Loading data from ./cifar1/epoch60.npz
epoch  61  lr: 0.00100000  loss: 0.77059281  train accuracy: 0.73080000  test accuracy: 0.66020000  time: 12.14713281s
Loading dataset from file cifar1/epoch61.npz
Loading data from ./cifar1/epoch61.npz
epoch  62  lr: 0.00100000  loss: 0.77142000  train accuracy: 0.72926000  test accuracy: 0.65760000  time: 12.10806223s
Loading dataset from file cifar1/epoch62.npz
Loading data from ./cifar1/epoch62.npz
epoch  63  lr: 0.00100000  loss: 0.76633060  train accuracy: 0.73122000  test accuracy: 0.65750000  time: 12.26141660s
Loading dataset from file cifar1/epoch63.npz
Loading data from ./cifar1/epoch63.npz
epoch  64  lr: 0.00100000  loss: 0.75904673  train accuracy: 0.73434000  test accuracy: 0.65790000  time: 12.23629398s
Loading dataset from file cifar1/epoch64.npz
Loading data from ./cifar1/epoch64.npz
epoch  65  lr: 0.00100000  loss: 0.75892156  train accuracy: 0.73112000  test accuracy: 0.65820000  time: 12.26717829s
Loading dataset from file cifar1/epoch65.npz
Loading data from ./cifar1/epoch65.npz
epoch  66  lr: 0.00100000  loss: 0.75264883  train accuracy: 0.73430000  test accuracy: 0.65840000  time: 12.28618702s
Loading dataset from file cifar1/epoch66.npz
Loading data from ./cifar1/epoch66.npz
epoch  67  lr: 0.00100000  loss: 0.75869298  train accuracy: 0.73226000  test accuracy: 0.65930000  time: 12.30646112s
Loading dataset from file cifar1/epoch67.npz
Loading data from ./cifar1/epoch67.npz
epoch  68  lr: 0.00100000  loss: 0.74920666  train accuracy: 0.73726000  test accuracy: 0.65690000  time: 12.27559570s
Loading dataset from file cifar1/epoch68.npz
Loading data from ./cifar1/epoch68.npz
epoch  69  lr: 0.00100000  loss: 0.74632859  train accuracy: 0.73722000  test accuracy: 0.65860000  time: 12.04605835s
Loading dataset from file cifar1/epoch69.npz
Loading data from ./cifar1/epoch69.npz
epoch  70  lr: 0.00100000  loss: 0.74367690  train accuracy: 0.73814000  test accuracy: 0.66180000  time: 12.22529111s
Loading dataset from file cifar1/epoch70.npz
Loading data from ./cifar1/epoch70.npz
epoch  71  lr: 0.00100000  loss: 0.74491560  train accuracy: 0.73862000  test accuracy: 0.66020000  time: 12.05805171s
Loading dataset from file cifar1/epoch71.npz
Loading data from ./cifar1/epoch71.npz
epoch  72  lr: 0.00100000  loss: 0.74258417  train accuracy: 0.73950000  test accuracy: 0.66250000  time: 12.29070623s
Loading dataset from file cifar1/epoch72.npz
Loading data from ./cifar1/epoch72.npz
epoch  73  lr: 0.00100000  loss: 0.74077702  train accuracy: 0.74018000  test accuracy: 0.66180000  time: 12.33149730s
Loading dataset from file cifar1/epoch73.npz
Loading data from ./cifar1/epoch73.npz
epoch  74  lr: 0.00100000  loss: 0.73437929  train accuracy: 0.74224000  test accuracy: 0.65630000  time: 12.29578327s
Loading dataset from file cifar1/epoch74.npz
Loading data from ./cifar1/epoch74.npz
epoch  75  lr: 0.00100000  loss: 0.73454350  train accuracy: 0.73982000  test accuracy: 0.66090000  time: 12.07741576s
Loading dataset from file cifar1/epoch75.npz
Loading data from ./cifar1/epoch75.npz
epoch  76  lr: 0.00010000  loss: 0.77193540  train accuracy: 0.72552000  test accuracy: 0.66100000  time: 12.34400796s
Loading dataset from file cifar1/epoch76.npz
Loading data from ./cifar1/epoch76.npz
epoch  77  lr: 0.00010000  loss: 0.77449411  train accuracy: 0.72458000  test accuracy: 0.66120000  time: 12.09895303s
Loading dataset from file cifar1/epoch77.npz
Loading data from ./cifar1/epoch77.npz
epoch  78  lr: 0.00010000  loss: 0.76499146  train accuracy: 0.72884000  test accuracy: 0.66240000  time: 12.22278594s
Loading dataset from file cifar1/epoch78.npz
Loading data from ./cifar1/epoch78.npz
epoch  79  lr: 0.00010000  loss: 0.76568979  train accuracy: 0.72838000  test accuracy: 0.66230000  time: 12.35587424s
Loading dataset from file cifar1/epoch79.npz
Loading data from ./cifar1/epoch79.npz
epoch  80  lr: 0.00010000  loss: 0.76919323  train accuracy: 0.72766000  test accuracy: 0.66280000  time: 12.34744750s
Loading dataset from file cifar1/epoch80.npz
Loading data from ./cifar1/epoch80.npz
epoch  81  lr: 0.00010000  loss: 0.77170330  train accuracy: 0.72832000  test accuracy: 0.66280000  time: 12.68916873s
Loading dataset from file cifar1/epoch81.npz
Loading data from ./cifar1/epoch81.npz
epoch  82  lr: 0.00010000  loss: 0.76858932  train accuracy: 0.72894000  test accuracy: 0.66200000  time: 12.33023781s
Loading dataset from file cifar1/epoch82.npz
Loading data from ./cifar1/epoch82.npz
epoch  83  lr: 0.00010000  loss: 0.76256984  train accuracy: 0.72854000  test accuracy: 0.66230000  time: 12.32477244s
Loading dataset from file cifar1/epoch83.npz
Loading data from ./cifar1/epoch83.npz
epoch  84  lr: 0.00010000  loss: 0.76942736  train accuracy: 0.72816000  test accuracy: 0.66350000  time: 12.72179164s
Loading dataset from file cifar1/epoch84.npz
Loading data from ./cifar1/epoch84.npz
epoch  85  lr: 0.00010000  loss: 0.76362354  train accuracy: 0.72902000  test accuracy: 0.66340000  time: 12.61850358s
Loading dataset from file cifar1/epoch85.npz
Loading data from ./cifar1/epoch85.npz
epoch  86  lr: 0.00010000  loss: 0.76705647  train accuracy: 0.72860000  test accuracy: 0.66390000  time: 12.33873070s
Loading dataset from file cifar1/epoch86.npz
Loading data from ./cifar1/epoch86.npz
epoch  87  lr: 0.00010000  loss: 0.76571560  train accuracy: 0.72752000  test accuracy: 0.66430000  time: 12.34563316s
Loading dataset from file cifar1/epoch87.npz
Loading data from ./cifar1/epoch87.npz
epoch  88  lr: 0.00010000  loss: 0.76366866  train accuracy: 0.72884000  test accuracy: 0.66400000  time: 12.74268098s
Loading dataset from file cifar1/epoch88.npz
Loading data from ./cifar1/epoch88.npz
epoch  89  lr: 0.00010000  loss: 0.76286656  train accuracy: 0.73144000  test accuracy: 0.66410000  time: 12.70108762s
Loading dataset from file cifar1/epoch89.npz
Loading data from ./cifar1/epoch89.npz
epoch  90  lr: 0.00010000  loss: 0.76352102  train accuracy: 0.72728000  test accuracy: 0.66330000  time: 12.76836692s
Loading dataset from file cifar1/epoch90.npz
Loading data from ./cifar1/epoch90.npz
epoch  91  lr: 0.00010000  loss: 0.76459557  train accuracy: 0.72962000  test accuracy: 0.66410000  time: 12.17496422s
Loading dataset from file cifar1/epoch91.npz
Loading data from ./cifar1/epoch91.npz
epoch  92  lr: 0.00010000  loss: 0.76248503  train accuracy: 0.73074000  test accuracy: 0.66420000  time: 12.60289338s
Loading dataset from file cifar1/epoch92.npz
Loading data from ./cifar1/epoch92.npz
epoch  93  lr: 0.00010000  loss: 0.76648718  train accuracy: 0.72832000  test accuracy: 0.66410000  time: 12.24529158s
Loading dataset from file cifar1/epoch93.npz
Loading data from ./cifar1/epoch93.npz
epoch  94  lr: 0.00010000  loss: 0.76310843  train accuracy: 0.72724000  test accuracy: 0.66410000  time: 12.85533544s
Loading dataset from file cifar1/epoch94.npz
Loading data from ./cifar1/epoch94.npz
epoch  95  lr: 0.00010000  loss: 0.75940365  train accuracy: 0.72924000  test accuracy: 0.66470000  time: 12.94041177s
Loading dataset from file cifar1/epoch95.npz
Loading data from ./cifar1/epoch95.npz
epoch  96  lr: 0.00010000  loss: 0.76314414  train accuracy: 0.73072000  test accuracy: 0.66400000  time: 13.70085957s
Loading dataset from file cifar1/epoch96.npz
Loading data from ./cifar1/epoch96.npz
epoch  97  lr: 0.00010000  loss: 0.76260430  train accuracy: 0.72862000  test accuracy: 0.66470000  time: 12.91846273s
Loading dataset from file cifar1/epoch97.npz
Loading data from ./cifar1/epoch97.npz
epoch  98  lr: 0.00010000  loss: 0.76366484  train accuracy: 0.73072000  test accuracy: 0.66380000  time: 13.44121765s
Loading dataset from file cifar1/epoch98.npz
Loading data from ./cifar1/epoch98.npz
epoch  99  lr: 0.00010000  loss: 0.75750995  train accuracy: 0.73226000  test accuracy: 0.66350000  time: 14.80364190s
Loading dataset from file cifar1/epoch99.npz
Loading data from ./cifar1/epoch99.npz
epoch 100  lr: 0.00010000  loss: 0.76229811  train accuracy: 0.73072000  test accuracy: 0.66460000  time: 13.75299218s
Accuracy of the network on the 10000 test images: 66.460 %
