=== Command line arguments ===
Namespace(show=False, batch_size=100, seed=2, precision=4, edgeitems=3, density=0.5, sizes='3072,1024,512,10', epochs=100, lr=0.01, momentum=0.9, gamma=0.1, nesterov=True, datadir='./data', augmented=False, preprocessed='./cifar2', copy=False, nerva=False, torch=True, scheduler='multistep', import_weights=None, custom_masking=False)
Files already downloaded and verified
initialize by ER
Overall sparsity 0.5
Total Model parameters: 3675136
Total parameters under sparsity level of 0.5: 0.5000261214823071
initialize by ER
Overall sparsity 0.5
Total Model parameters: 7350272
Total parameters under sparsity level of 0.5: 0.284727966529674

=== PyTorch model ===
MLP1(
  (layers): ModuleList(
    (0): Linear(in_features=3072, out_features=1024, bias=True)
    (1): Linear(in_features=1024, out_features=512, bias=True)
    (2): Linear(in_features=512, out_features=10, bias=True)
  )
  (loss): CrossEntropyLoss()
)
CrossEntropyLoss()
<torch.optim.lr_scheduler.MultiStepLR object at 0x7fcb9656f100>

=== Training PyTorch model ===
Loading dataset from file cifar2/epoch0.npz
Loading data from ./cifar2/epoch0.npz
epoch   0  lr: 0.01000000  loss: 2.30192876  train accuracy: 0.10556000  test accuracy: 0.10180000  time: 0.00000000s
epoch   1  lr: 0.01000000  loss: 1.59636724  train accuracy: 0.43280000  test accuracy: 0.44400000  time: 12.21816884s
Loading dataset from file cifar2/epoch1.npz
Loading data from ./cifar2/epoch1.npz
epoch   2  lr: 0.01000000  loss: 1.47880077  train accuracy: 0.47626000  test accuracy: 0.48990000  time: 12.39259226s
Loading dataset from file cifar2/epoch2.npz
Loading data from ./cifar2/epoch2.npz
epoch   3  lr: 0.01000000  loss: 1.43467402  train accuracy: 0.49276000  test accuracy: 0.50060000  time: 12.25728634s
Loading dataset from file cifar2/epoch3.npz
Loading data from ./cifar2/epoch3.npz
epoch   4  lr: 0.01000000  loss: 1.37421083  train accuracy: 0.51186000  test accuracy: 0.51220000  time: 12.20764241s
Loading dataset from file cifar2/epoch4.npz
Loading data from ./cifar2/epoch4.npz
epoch   5  lr: 0.01000000  loss: 1.31685317  train accuracy: 0.53314000  test accuracy: 0.53180000  time: 12.38487415s
Loading dataset from file cifar2/epoch5.npz
Loading data from ./cifar2/epoch5.npz
epoch   6  lr: 0.01000000  loss: 1.28295743  train accuracy: 0.54858000  test accuracy: 0.53800000  time: 12.29488491s
Loading dataset from file cifar2/epoch6.npz
Loading data from ./cifar2/epoch6.npz
epoch   7  lr: 0.01000000  loss: 1.28045857  train accuracy: 0.54772000  test accuracy: 0.54360000  time: 12.18246401s
Loading dataset from file cifar2/epoch7.npz
Loading data from ./cifar2/epoch7.npz
epoch   8  lr: 0.01000000  loss: 1.24926269  train accuracy: 0.55420000  test accuracy: 0.54600000  time: 12.19547537s
Loading dataset from file cifar2/epoch8.npz
Loading data from ./cifar2/epoch8.npz
epoch   9  lr: 0.01000000  loss: 1.22062433  train accuracy: 0.56906000  test accuracy: 0.55550000  time: 12.32479326s
Loading dataset from file cifar2/epoch9.npz
Loading data from ./cifar2/epoch9.npz
epoch  10  lr: 0.01000000  loss: 1.18715894  train accuracy: 0.58050000  test accuracy: 0.56270000  time: 12.34884534s
Loading dataset from file cifar2/epoch10.npz
Loading data from ./cifar2/epoch10.npz
epoch  11  lr: 0.01000000  loss: 1.17328322  train accuracy: 0.58076000  test accuracy: 0.56090000  time: 12.31941480s
Loading dataset from file cifar2/epoch11.npz
Loading data from ./cifar2/epoch11.npz
epoch  12  lr: 0.01000000  loss: 1.16549850  train accuracy: 0.58950000  test accuracy: 0.56420000  time: 12.32011682s
Loading dataset from file cifar2/epoch12.npz
Loading data from ./cifar2/epoch12.npz
epoch  13  lr: 0.01000000  loss: 1.14040756  train accuracy: 0.59696000  test accuracy: 0.57230000  time: 12.37707829s
Loading dataset from file cifar2/epoch13.npz
Loading data from ./cifar2/epoch13.npz
epoch  14  lr: 0.01000000  loss: 1.12308264  train accuracy: 0.59984000  test accuracy: 0.57060000  time: 12.21436593s
Loading dataset from file cifar2/epoch14.npz
Loading data from ./cifar2/epoch14.npz
epoch  15  lr: 0.01000000  loss: 1.12672138  train accuracy: 0.60044000  test accuracy: 0.56980000  time: 12.35263873s
Loading dataset from file cifar2/epoch15.npz
Loading data from ./cifar2/epoch15.npz
epoch  16  lr: 0.01000000  loss: 1.09959745  train accuracy: 0.61182000  test accuracy: 0.58060000  time: 12.23148132s
Loading dataset from file cifar2/epoch16.npz
Loading data from ./cifar2/epoch16.npz
epoch  17  lr: 0.01000000  loss: 1.09434390  train accuracy: 0.61382000  test accuracy: 0.57310000  time: 12.21199562s
Loading dataset from file cifar2/epoch17.npz
Loading data from ./cifar2/epoch17.npz
epoch  18  lr: 0.01000000  loss: 1.06588113  train accuracy: 0.62518000  test accuracy: 0.58400000  time: 12.16960497s
Loading dataset from file cifar2/epoch18.npz
Loading data from ./cifar2/epoch18.npz
epoch  19  lr: 0.01000000  loss: 1.05586350  train accuracy: 0.62636000  test accuracy: 0.58320000  time: 12.17795291s
Loading dataset from file cifar2/epoch19.npz
Loading data from ./cifar2/epoch19.npz
epoch  20  lr: 0.01000000  loss: 1.04468143  train accuracy: 0.62998000  test accuracy: 0.58700000  time: 12.33755475s
Loading dataset from file cifar2/epoch20.npz
Loading data from ./cifar2/epoch20.npz
epoch  21  lr: 0.01000000  loss: 1.03606141  train accuracy: 0.63650000  test accuracy: 0.58600000  time: 12.41435534s
Loading dataset from file cifar2/epoch21.npz
Loading data from ./cifar2/epoch21.npz
epoch  22  lr: 0.01000000  loss: 1.03319669  train accuracy: 0.63368000  test accuracy: 0.58760000  time: 12.35191991s
Loading dataset from file cifar2/epoch22.npz
Loading data from ./cifar2/epoch22.npz
epoch  23  lr: 0.01000000  loss: 1.01769543  train accuracy: 0.64100000  test accuracy: 0.59770000  time: 12.33489359s
Loading dataset from file cifar2/epoch23.npz
Loading data from ./cifar2/epoch23.npz
epoch  24  lr: 0.01000000  loss: 1.00887656  train accuracy: 0.64322000  test accuracy: 0.58710000  time: 12.41477813s
Loading dataset from file cifar2/epoch24.npz
Loading data from ./cifar2/epoch24.npz
epoch  25  lr: 0.01000000  loss: 0.98993272  train accuracy: 0.65084000  test accuracy: 0.59740000  time: 12.28649754s
Loading dataset from file cifar2/epoch25.npz
Loading data from ./cifar2/epoch25.npz
epoch  26  lr: 0.01000000  loss: 0.97174430  train accuracy: 0.65820000  test accuracy: 0.60480000  time: 12.21761642s
Loading dataset from file cifar2/epoch26.npz
Loading data from ./cifar2/epoch26.npz
epoch  27  lr: 0.01000000  loss: 0.97980690  train accuracy: 0.65396000  test accuracy: 0.60380000  time: 12.26848650s
Loading dataset from file cifar2/epoch27.npz
Loading data from ./cifar2/epoch27.npz
epoch  28  lr: 0.01000000  loss: 0.96863258  train accuracy: 0.65740000  test accuracy: 0.59030000  time: 12.37809046s
Loading dataset from file cifar2/epoch28.npz
Loading data from ./cifar2/epoch28.npz
epoch  29  lr: 0.01000000  loss: 0.95268482  train accuracy: 0.66450000  test accuracy: 0.59790000  time: 12.21514158s
Loading dataset from file cifar2/epoch29.npz
Loading data from ./cifar2/epoch29.npz
epoch  30  lr: 0.01000000  loss: 0.94158709  train accuracy: 0.66984000  test accuracy: 0.59920000  time: 12.17892285s
Loading dataset from file cifar2/epoch30.npz
Loading data from ./cifar2/epoch30.npz
epoch  31  lr: 0.01000000  loss: 0.93386531  train accuracy: 0.67362000  test accuracy: 0.60150000  time: 12.19117781s
Loading dataset from file cifar2/epoch31.npz
Loading data from ./cifar2/epoch31.npz
epoch  32  lr: 0.01000000  loss: 0.92351580  train accuracy: 0.67664000  test accuracy: 0.59810000  time: 12.40151605s
Loading dataset from file cifar2/epoch32.npz
Loading data from ./cifar2/epoch32.npz
epoch  33  lr: 0.01000000  loss: 0.92489982  train accuracy: 0.67628000  test accuracy: 0.60420000  time: 12.35591007s
Loading dataset from file cifar2/epoch33.npz
Loading data from ./cifar2/epoch33.npz
epoch  34  lr: 0.01000000  loss: 0.90563506  train accuracy: 0.68044000  test accuracy: 0.60270000  time: 12.36560917s
Loading dataset from file cifar2/epoch34.npz
Loading data from ./cifar2/epoch34.npz
epoch  35  lr: 0.01000000  loss: 0.90198034  train accuracy: 0.68246000  test accuracy: 0.61000000  time: 12.31222422s
Loading dataset from file cifar2/epoch35.npz
Loading data from ./cifar2/epoch35.npz
epoch  36  lr: 0.01000000  loss: 0.89606518  train accuracy: 0.68778000  test accuracy: 0.60640000  time: 12.24588900s
Loading dataset from file cifar2/epoch36.npz
Loading data from ./cifar2/epoch36.npz
epoch  37  lr: 0.01000000  loss: 0.88934827  train accuracy: 0.68764000  test accuracy: 0.61240000  time: 12.20706264s
Loading dataset from file cifar2/epoch37.npz
Loading data from ./cifar2/epoch37.npz
epoch  38  lr: 0.01000000  loss: 0.87862742  train accuracy: 0.68870000  test accuracy: 0.60890000  time: 12.25173327s
Loading dataset from file cifar2/epoch38.npz
Loading data from ./cifar2/epoch38.npz
epoch  39  lr: 0.01000000  loss: 0.88352132  train accuracy: 0.68786000  test accuracy: 0.61070000  time: 12.22749367s
Loading dataset from file cifar2/epoch39.npz
Loading data from ./cifar2/epoch39.npz
epoch  40  lr: 0.01000000  loss: 0.87853992  train accuracy: 0.68990000  test accuracy: 0.61300000  time: 12.33431171s
Loading dataset from file cifar2/epoch40.npz
Loading data from ./cifar2/epoch40.npz
epoch  41  lr: 0.01000000  loss: 0.87493312  train accuracy: 0.69322000  test accuracy: 0.60670000  time: 12.35415379s
Loading dataset from file cifar2/epoch41.npz
Loading data from ./cifar2/epoch41.npz
epoch  42  lr: 0.01000000  loss: 0.85645986  train accuracy: 0.70150000  test accuracy: 0.61030000  time: 12.40758390s
Loading dataset from file cifar2/epoch42.npz
Loading data from ./cifar2/epoch42.npz
epoch  43  lr: 0.01000000  loss: 0.85208619  train accuracy: 0.70324000  test accuracy: 0.61570000  time: 12.42420452s
Loading dataset from file cifar2/epoch43.npz
Loading data from ./cifar2/epoch43.npz
epoch  44  lr: 0.01000000  loss: 0.85382253  train accuracy: 0.70054000  test accuracy: 0.61370000  time: 12.42690927s
Loading dataset from file cifar2/epoch44.npz
Loading data from ./cifar2/epoch44.npz
epoch  45  lr: 0.01000000  loss: 0.84068477  train accuracy: 0.70290000  test accuracy: 0.60890000  time: 12.38508578s
Loading dataset from file cifar2/epoch45.npz
Loading data from ./cifar2/epoch45.npz
epoch  46  lr: 0.01000000  loss: 0.83836955  train accuracy: 0.70536000  test accuracy: 0.61190000  time: 12.40630964s
Loading dataset from file cifar2/epoch46.npz
Loading data from ./cifar2/epoch46.npz
epoch  47  lr: 0.01000000  loss: 0.82382327  train accuracy: 0.71098000  test accuracy: 0.61510000  time: 12.43191529s
Loading dataset from file cifar2/epoch47.npz
Loading data from ./cifar2/epoch47.npz
epoch  48  lr: 0.01000000  loss: 0.82786989  train accuracy: 0.71028000  test accuracy: 0.61970000  time: 12.41175644s
Loading dataset from file cifar2/epoch48.npz
Loading data from ./cifar2/epoch48.npz
epoch  49  lr: 0.01000000  loss: 0.80353945  train accuracy: 0.72226000  test accuracy: 0.61720000  time: 12.33204389s
Loading dataset from file cifar2/epoch49.npz
Loading data from ./cifar2/epoch49.npz
epoch  50  lr: 0.01000000  loss: 0.79953212  train accuracy: 0.71910000  test accuracy: 0.61820000  time: 12.34410407s
Loading dataset from file cifar2/epoch50.npz
Loading data from ./cifar2/epoch50.npz
epoch  51  lr: 0.00100000  loss: 0.85100657  train accuracy: 0.69788000  test accuracy: 0.64360000  time: 12.40277563s
Loading dataset from file cifar2/epoch51.npz
Loading data from ./cifar2/epoch51.npz
epoch  52  lr: 0.00100000  loss: 0.83149266  train accuracy: 0.70896000  test accuracy: 0.64830000  time: 12.34526469s
Loading dataset from file cifar2/epoch52.npz
Loading data from ./cifar2/epoch52.npz
epoch  53  lr: 0.00100000  loss: 0.81614405  train accuracy: 0.71164000  test accuracy: 0.64450000  time: 12.28206959s
Loading dataset from file cifar2/epoch53.npz
Loading data from ./cifar2/epoch53.npz
epoch  54  lr: 0.00100000  loss: 0.80951220  train accuracy: 0.71460000  test accuracy: 0.64940000  time: 12.31897272s
Loading dataset from file cifar2/epoch54.npz
Loading data from ./cifar2/epoch54.npz
epoch  55  lr: 0.00100000  loss: 0.80050594  train accuracy: 0.71764000  test accuracy: 0.65010000  time: 12.36053195s
Loading dataset from file cifar2/epoch55.npz
Loading data from ./cifar2/epoch55.npz
epoch  56  lr: 0.00100000  loss: 0.79338002  train accuracy: 0.71866000  test accuracy: 0.64830000  time: 12.32865208s
Loading dataset from file cifar2/epoch56.npz
Loading data from ./cifar2/epoch56.npz
epoch  57  lr: 0.00100000  loss: 0.78752440  train accuracy: 0.72234000  test accuracy: 0.65280000  time: 12.37081651s
Loading dataset from file cifar2/epoch57.npz
Loading data from ./cifar2/epoch57.npz
epoch  58  lr: 0.00100000  loss: 0.78512049  train accuracy: 0.72398000  test accuracy: 0.64880000  time: 12.32830526s
Loading dataset from file cifar2/epoch58.npz
Loading data from ./cifar2/epoch58.npz
epoch  59  lr: 0.00100000  loss: 0.78162581  train accuracy: 0.72564000  test accuracy: 0.65150000  time: 12.36845116s
Loading dataset from file cifar2/epoch59.npz
Loading data from ./cifar2/epoch59.npz
epoch  60  lr: 0.00100000  loss: 0.78176641  train accuracy: 0.72658000  test accuracy: 0.65080000  time: 12.36152135s
Loading dataset from file cifar2/epoch60.npz
Loading data from ./cifar2/epoch60.npz
epoch  61  lr: 0.00100000  loss: 0.76993459  train accuracy: 0.72752000  test accuracy: 0.65150000  time: 12.26455334s
Loading dataset from file cifar2/epoch61.npz
Loading data from ./cifar2/epoch61.npz
epoch  62  lr: 0.00100000  loss: 0.77242845  train accuracy: 0.72786000  test accuracy: 0.65430000  time: 12.22681819s
Loading dataset from file cifar2/epoch62.npz
Loading data from ./cifar2/epoch62.npz
epoch  63  lr: 0.00100000  loss: 0.76491141  train accuracy: 0.73128000  test accuracy: 0.65190000  time: 12.15740192s
Loading dataset from file cifar2/epoch63.npz
Loading data from ./cifar2/epoch63.npz
epoch  64  lr: 0.00100000  loss: 0.77006596  train accuracy: 0.73008000  test accuracy: 0.65170000  time: 12.29752076s
Loading dataset from file cifar2/epoch64.npz
Loading data from ./cifar2/epoch64.npz
epoch  65  lr: 0.00100000  loss: 0.76397663  train accuracy: 0.73158000  test accuracy: 0.65340000  time: 12.25047943s
Loading dataset from file cifar2/epoch65.npz
Loading data from ./cifar2/epoch65.npz
epoch  66  lr: 0.00100000  loss: 0.75805461  train accuracy: 0.73198000  test accuracy: 0.65490000  time: 12.20304216s
Loading dataset from file cifar2/epoch66.npz
Loading data from ./cifar2/epoch66.npz
epoch  67  lr: 0.00100000  loss: 0.75875568  train accuracy: 0.73238000  test accuracy: 0.65290000  time: 12.18364035s
Loading dataset from file cifar2/epoch67.npz
Loading data from ./cifar2/epoch67.npz
epoch  68  lr: 0.00100000  loss: 0.75529510  train accuracy: 0.73608000  test accuracy: 0.65500000  time: 12.19959984s
Loading dataset from file cifar2/epoch68.npz
Loading data from ./cifar2/epoch68.npz
epoch  69  lr: 0.00100000  loss: 0.74832189  train accuracy: 0.73664000  test accuracy: 0.65470000  time: 12.20859142s
Loading dataset from file cifar2/epoch69.npz
Loading data from ./cifar2/epoch69.npz
epoch  70  lr: 0.00100000  loss: 0.74767607  train accuracy: 0.73676000  test accuracy: 0.65730000  time: 12.34854964s
Loading dataset from file cifar2/epoch70.npz
Loading data from ./cifar2/epoch70.npz
epoch  71  lr: 0.00100000  loss: 0.74858147  train accuracy: 0.73618000  test accuracy: 0.65360000  time: 12.35603080s
Loading dataset from file cifar2/epoch71.npz
Loading data from ./cifar2/epoch71.npz
epoch  72  lr: 0.00100000  loss: 0.74110252  train accuracy: 0.73924000  test accuracy: 0.65200000  time: 12.25616456s
Loading dataset from file cifar2/epoch72.npz
Loading data from ./cifar2/epoch72.npz
epoch  73  lr: 0.00100000  loss: 0.74522549  train accuracy: 0.73774000  test accuracy: 0.65400000  time: 12.17392715s
Loading dataset from file cifar2/epoch73.npz
Loading data from ./cifar2/epoch73.npz
epoch  74  lr: 0.00100000  loss: 0.74477518  train accuracy: 0.73810000  test accuracy: 0.65620000  time: 12.16272920s
Loading dataset from file cifar2/epoch74.npz
Loading data from ./cifar2/epoch74.npz
epoch  75  lr: 0.00100000  loss: 0.73513252  train accuracy: 0.74058000  test accuracy: 0.65900000  time: 12.19834833s
Loading dataset from file cifar2/epoch75.npz
Loading data from ./cifar2/epoch75.npz
epoch  76  lr: 0.00010000  loss: 0.77428734  train accuracy: 0.72504000  test accuracy: 0.66090000  time: 12.17730062s
Loading dataset from file cifar2/epoch76.npz
Loading data from ./cifar2/epoch76.npz
epoch  77  lr: 0.00010000  loss: 0.76997501  train accuracy: 0.72786000  test accuracy: 0.65950000  time: 12.16097873s
Loading dataset from file cifar2/epoch77.npz
Loading data from ./cifar2/epoch77.npz
epoch  78  lr: 0.00010000  loss: 0.77387971  train accuracy: 0.72398000  test accuracy: 0.65960000  time: 12.11583199s
Loading dataset from file cifar2/epoch78.npz
Loading data from ./cifar2/epoch78.npz
epoch  79  lr: 0.00010000  loss: 0.76934773  train accuracy: 0.72744000  test accuracy: 0.66000000  time: 12.24122286s
Loading dataset from file cifar2/epoch79.npz
Loading data from ./cifar2/epoch79.npz
epoch  80  lr: 0.00010000  loss: 0.77187151  train accuracy: 0.72474000  test accuracy: 0.66040000  time: 12.38237065s
Loading dataset from file cifar2/epoch80.npz
Loading data from ./cifar2/epoch80.npz
epoch  81  lr: 0.00010000  loss: 0.77494079  train accuracy: 0.72386000  test accuracy: 0.66040000  time: 12.38790871s
Loading dataset from file cifar2/epoch81.npz
Loading data from ./cifar2/epoch81.npz
epoch  82  lr: 0.00010000  loss: 0.77063662  train accuracy: 0.72602000  test accuracy: 0.66040000  time: 12.36473716s
Loading dataset from file cifar2/epoch82.npz
Loading data from ./cifar2/epoch82.npz
epoch  83  lr: 0.00010000  loss: 0.77052087  train accuracy: 0.72616000  test accuracy: 0.66050000  time: 12.16664787s
Loading dataset from file cifar2/epoch83.npz
Loading data from ./cifar2/epoch83.npz
epoch  84  lr: 0.00010000  loss: 0.77359360  train accuracy: 0.72478000  test accuracy: 0.65810000  time: 12.16105481s
Loading dataset from file cifar2/epoch84.npz
Loading data from ./cifar2/epoch84.npz
epoch  85  lr: 0.00010000  loss: 0.77025747  train accuracy: 0.72522000  test accuracy: 0.65990000  time: 12.24280573s
Loading dataset from file cifar2/epoch85.npz
Loading data from ./cifar2/epoch85.npz
epoch  86  lr: 0.00010000  loss: 0.76895875  train accuracy: 0.72750000  test accuracy: 0.66010000  time: 12.33406142s
Loading dataset from file cifar2/epoch86.npz
Loading data from ./cifar2/epoch86.npz
epoch  87  lr: 0.00010000  loss: 0.76993614  train accuracy: 0.72544000  test accuracy: 0.65920000  time: 12.52429384s
Loading dataset from file cifar2/epoch87.npz
Loading data from ./cifar2/epoch87.npz
epoch  88  lr: 0.00010000  loss: 0.76533300  train accuracy: 0.72892000  test accuracy: 0.65970000  time: 12.20791507s
Loading dataset from file cifar2/epoch88.npz
Loading data from ./cifar2/epoch88.npz
epoch  89  lr: 0.00010000  loss: 0.76509219  train accuracy: 0.73022000  test accuracy: 0.65970000  time: 12.18156221s
Loading dataset from file cifar2/epoch89.npz
Loading data from ./cifar2/epoch89.npz
epoch  90  lr: 0.00010000  loss: 0.75998443  train accuracy: 0.72894000  test accuracy: 0.65940000  time: 12.26077183s
Loading dataset from file cifar2/epoch90.npz
Loading data from ./cifar2/epoch90.npz
epoch  91  lr: 0.00010000  loss: 0.76907068  train accuracy: 0.72632000  test accuracy: 0.66020000  time: 12.19668521s
Loading dataset from file cifar2/epoch91.npz
Loading data from ./cifar2/epoch91.npz
epoch  92  lr: 0.00010000  loss: 0.76493680  train accuracy: 0.72894000  test accuracy: 0.65930000  time: 12.16024017s
Loading dataset from file cifar2/epoch92.npz
Loading data from ./cifar2/epoch92.npz
epoch  93  lr: 0.00010000  loss: 0.76983392  train accuracy: 0.72582000  test accuracy: 0.65920000  time: 12.15997400s
Loading dataset from file cifar2/epoch93.npz
Loading data from ./cifar2/epoch93.npz
epoch  94  lr: 0.00010000  loss: 0.76369125  train accuracy: 0.73030000  test accuracy: 0.66020000  time: 12.21935827s
Loading dataset from file cifar2/epoch94.npz
Loading data from ./cifar2/epoch94.npz
epoch  95  lr: 0.00010000  loss: 0.76015753  train accuracy: 0.72970000  test accuracy: 0.66060000  time: 12.40650795s
Loading dataset from file cifar2/epoch95.npz
Loading data from ./cifar2/epoch95.npz
epoch  96  lr: 0.00010000  loss: 0.76644373  train accuracy: 0.72708000  test accuracy: 0.66130000  time: 12.32140973s
Loading dataset from file cifar2/epoch96.npz
Loading data from ./cifar2/epoch96.npz
epoch  97  lr: 0.00010000  loss: 0.76578844  train accuracy: 0.72948000  test accuracy: 0.66060000  time: 12.27636606s
Loading dataset from file cifar2/epoch97.npz
Loading data from ./cifar2/epoch97.npz
epoch  98  lr: 0.00010000  loss: 0.76590115  train accuracy: 0.72828000  test accuracy: 0.66070000  time: 12.14626714s
Loading dataset from file cifar2/epoch98.npz
Loading data from ./cifar2/epoch98.npz
epoch  99  lr: 0.00010000  loss: 0.75984830  train accuracy: 0.73122000  test accuracy: 0.66060000  time: 12.18791335s
Loading dataset from file cifar2/epoch99.npz
Loading data from ./cifar2/epoch99.npz
epoch 100  lr: 0.00010000  loss: 0.76620245  train accuracy: 0.72778000  test accuracy: 0.66010000  time: 12.18171603s
Accuracy of the network on the 10000 test images: 66.010 %
