=== Command line arguments ===
Namespace(show=False, batch_size=100, seed=2, precision=4, edgeitems=3, density=0.001, sizes='3072,1024,512,10', epochs=100, lr=0.1, momentum=0.9, gamma=0.1, nesterov=True, datadir='./data', augmented=False, preprocessed='./cifar2', copy=False, nerva=False, torch=True, scheduler='multistep', import_weights=None, custom_masking=False)
Files already downloaded and verified
initialize by ER
Overall sparsity 0.001
Total Model parameters: 3675136
Total parameters under sparsity level of 0.001: 0.0010035002786291445
initialize by ER
Overall sparsity 0.001
Total Model parameters: 7350272
Total parameters under sparsity level of 0.001: 6.530370576762329e-06

=== PyTorch model ===
MLP1(
  (layers): ModuleList(
    (0): Linear(in_features=3072, out_features=1024, bias=True)
    (1): Linear(in_features=1024, out_features=512, bias=True)
    (2): Linear(in_features=512, out_features=10, bias=True)
  )
  (loss): CrossEntropyLoss()
)
CrossEntropyLoss()
<torch.optim.lr_scheduler.MultiStepLR object at 0x7f4270673100>

=== Training PyTorch model ===
Loading dataset from file cifar2/epoch0.npz
Loading data from ./cifar2/epoch0.npz
epoch   0  lr: 0.10000000  loss: 2.30307412  train accuracy: 0.10000000  test accuracy: 0.10000000  time: 0.00000000s
epoch   1  lr: 0.10000000  loss: 2.30480862  train accuracy: 0.10000000  test accuracy: 0.10000000  time: 12.25394796s
Loading dataset from file cifar2/epoch1.npz
Loading data from ./cifar2/epoch1.npz
epoch   2  lr: 0.10000000  loss: 2.30688810  train accuracy: 0.10000000  test accuracy: 0.10000000  time: 15.06265428s
Loading dataset from file cifar2/epoch2.npz
Loading data from ./cifar2/epoch2.npz
epoch   3  lr: 0.10000000  loss: 2.30323792  train accuracy: 0.10000000  test accuracy: 0.10000000  time: 12.04312904s
Loading dataset from file cifar2/epoch3.npz
Loading data from ./cifar2/epoch3.npz
epoch   4  lr: 0.10000000  loss: 2.30427480  train accuracy: 0.10000000  test accuracy: 0.10000000  time: 12.12878331s
Loading dataset from file cifar2/epoch4.npz
Loading data from ./cifar2/epoch4.npz
epoch   5  lr: 0.10000000  loss: 2.30535603  train accuracy: 0.10000000  test accuracy: 0.10000000  time: 12.08198088s
Loading dataset from file cifar2/epoch5.npz
Loading data from ./cifar2/epoch5.npz
epoch   6  lr: 0.10000000  loss: 2.30501723  train accuracy: 0.10000000  test accuracy: 0.10000000  time: 12.07276735s
Loading dataset from file cifar2/epoch6.npz
Loading data from ./cifar2/epoch6.npz
epoch   7  lr: 0.10000000  loss: 2.30448365  train accuracy: 0.10000000  test accuracy: 0.10000000  time: 12.04536254s
Loading dataset from file cifar2/epoch7.npz
Loading data from ./cifar2/epoch7.npz
epoch   8  lr: 0.10000000  loss: 2.30331349  train accuracy: 0.10000000  test accuracy: 0.10000000  time: 12.22684580s
Loading dataset from file cifar2/epoch8.npz
Loading data from ./cifar2/epoch8.npz
epoch   9  lr: 0.10000000  loss: 2.30439758  train accuracy: 0.10000000  test accuracy: 0.10000000  time: 12.26591112s
Loading dataset from file cifar2/epoch9.npz
Loading data from ./cifar2/epoch9.npz
epoch  10  lr: 0.10000000  loss: 2.30473351  train accuracy: 0.10000000  test accuracy: 0.10000000  time: 12.09249431s
Loading dataset from file cifar2/epoch10.npz
Loading data from ./cifar2/epoch10.npz
epoch  11  lr: 0.10000000  loss: 2.30423617  train accuracy: 0.10000000  test accuracy: 0.10000000  time: 12.15528554s
Loading dataset from file cifar2/epoch11.npz
Loading data from ./cifar2/epoch11.npz
epoch  12  lr: 0.10000000  loss: 2.30417800  train accuracy: 0.10000000  test accuracy: 0.10000000  time: 12.02939949s
Loading dataset from file cifar2/epoch12.npz
Loading data from ./cifar2/epoch12.npz
epoch  13  lr: 0.10000000  loss: 2.30523753  train accuracy: 0.10000000  test accuracy: 0.10000000  time: 12.03884685s
Loading dataset from file cifar2/epoch13.npz
Loading data from ./cifar2/epoch13.npz
epoch  14  lr: 0.10000000  loss: 2.30337763  train accuracy: 0.10000000  test accuracy: 0.10000000  time: 12.07362653s
Loading dataset from file cifar2/epoch14.npz
Loading data from ./cifar2/epoch14.npz
epoch  15  lr: 0.10000000  loss: 2.30553770  train accuracy: 0.10000000  test accuracy: 0.10000000  time: 12.04931583s
Loading dataset from file cifar2/epoch15.npz
Loading data from ./cifar2/epoch15.npz
epoch  16  lr: 0.10000000  loss: 2.30449724  train accuracy: 0.10000000  test accuracy: 0.10000000  time: 12.27985903s
Loading dataset from file cifar2/epoch16.npz
Loading data from ./cifar2/epoch16.npz
epoch  17  lr: 0.10000000  loss: 2.30503654  train accuracy: 0.10000000  test accuracy: 0.10000000  time: 12.05357198s
Loading dataset from file cifar2/epoch17.npz
Loading data from ./cifar2/epoch17.npz
epoch  18  lr: 0.10000000  loss: 2.30441403  train accuracy: 0.10000000  test accuracy: 0.10000000  time: 12.00126494s
Loading dataset from file cifar2/epoch18.npz
Loading data from ./cifar2/epoch18.npz
epoch  19  lr: 0.10000000  loss: 2.30374122  train accuracy: 0.10000000  test accuracy: 0.10000000  time: 12.05943585s
Loading dataset from file cifar2/epoch19.npz
Loading data from ./cifar2/epoch19.npz
epoch  20  lr: 0.10000000  loss: 2.30377817  train accuracy: 0.10000000  test accuracy: 0.10000000  time: 12.00724588s
Loading dataset from file cifar2/epoch20.npz
Loading data from ./cifar2/epoch20.npz
epoch  21  lr: 0.10000000  loss: 2.30517745  train accuracy: 0.10000000  test accuracy: 0.10000000  time: 12.13236370s
Loading dataset from file cifar2/epoch21.npz
Loading data from ./cifar2/epoch21.npz
epoch  22  lr: 0.10000000  loss: 2.30417275  train accuracy: 0.10000000  test accuracy: 0.10000000  time: 12.11788273s
Loading dataset from file cifar2/epoch22.npz
Loading data from ./cifar2/epoch22.npz
epoch  23  lr: 0.10000000  loss: 2.30450249  train accuracy: 0.10000000  test accuracy: 0.10000000  time: 12.17713641s
Loading dataset from file cifar2/epoch23.npz
Loading data from ./cifar2/epoch23.npz
epoch  24  lr: 0.10000000  loss: 2.30457425  train accuracy: 0.10000000  test accuracy: 0.10000000  time: 11.94342228s
Loading dataset from file cifar2/epoch24.npz
Loading data from ./cifar2/epoch24.npz
epoch  25  lr: 0.10000000  loss: 2.30503178  train accuracy: 0.10000000  test accuracy: 0.10000000  time: 12.06858668s
Loading dataset from file cifar2/epoch25.npz
Loading data from ./cifar2/epoch25.npz
epoch  26  lr: 0.10000000  loss: 2.30557227  train accuracy: 0.10000000  test accuracy: 0.10000000  time: 12.07605227s
Loading dataset from file cifar2/epoch26.npz
Loading data from ./cifar2/epoch26.npz
epoch  27  lr: 0.10000000  loss: 2.30529785  train accuracy: 0.10000000  test accuracy: 0.10000000  time: 12.15317598s
Loading dataset from file cifar2/epoch27.npz
Loading data from ./cifar2/epoch27.npz
epoch  28  lr: 0.10000000  loss: 2.30507851  train accuracy: 0.10000000  test accuracy: 0.10000000  time: 12.02345447s
Loading dataset from file cifar2/epoch28.npz
Loading data from ./cifar2/epoch28.npz
epoch  29  lr: 0.10000000  loss: 2.30552530  train accuracy: 0.10000000  test accuracy: 0.10000000  time: 11.90396581s
Loading dataset from file cifar2/epoch29.npz
Loading data from ./cifar2/epoch29.npz
epoch  30  lr: 0.10000000  loss: 2.30518484  train accuracy: 0.10000000  test accuracy: 0.10000000  time: 12.23675204s
Loading dataset from file cifar2/epoch30.npz
Loading data from ./cifar2/epoch30.npz
epoch  31  lr: 0.10000000  loss: 2.30382061  train accuracy: 0.10000000  test accuracy: 0.10000000  time: 12.08297245s
Loading dataset from file cifar2/epoch31.npz
Loading data from ./cifar2/epoch31.npz
epoch  32  lr: 0.10000000  loss: 2.30592179  train accuracy: 0.10000000  test accuracy: 0.10000000  time: 11.89905825s
Loading dataset from file cifar2/epoch32.npz
Loading data from ./cifar2/epoch32.npz
epoch  33  lr: 0.10000000  loss: 2.30493355  train accuracy: 0.10000000  test accuracy: 0.10000000  time: 12.09534404s
Loading dataset from file cifar2/epoch33.npz
Loading data from ./cifar2/epoch33.npz
epoch  34  lr: 0.10000000  loss: 2.30498838  train accuracy: 0.10000000  test accuracy: 0.10000000  time: 11.96454881s
Loading dataset from file cifar2/epoch34.npz
Loading data from ./cifar2/epoch34.npz
epoch  35  lr: 0.10000000  loss: 2.30346870  train accuracy: 0.10000000  test accuracy: 0.10000000  time: 12.03607115s
Loading dataset from file cifar2/epoch35.npz
Loading data from ./cifar2/epoch35.npz
epoch  36  lr: 0.10000000  loss: 2.30453658  train accuracy: 0.10000000  test accuracy: 0.10000000  time: 11.91411621s
Loading dataset from file cifar2/epoch36.npz
Loading data from ./cifar2/epoch36.npz
epoch  37  lr: 0.10000000  loss: 2.30763292  train accuracy: 0.10000000  test accuracy: 0.10000000  time: 12.01693635s
Loading dataset from file cifar2/epoch37.npz
Loading data from ./cifar2/epoch37.npz
epoch  38  lr: 0.10000000  loss: 2.30464935  train accuracy: 0.10000000  test accuracy: 0.10000000  time: 11.91175445s
Loading dataset from file cifar2/epoch38.npz
Loading data from ./cifar2/epoch38.npz
epoch  39  lr: 0.10000000  loss: 2.30408001  train accuracy: 0.10000000  test accuracy: 0.10000000  time: 12.09987158s
Loading dataset from file cifar2/epoch39.npz
Loading data from ./cifar2/epoch39.npz
epoch  40  lr: 0.10000000  loss: 2.30544400  train accuracy: 0.10000000  test accuracy: 0.10000000  time: 11.86910868s
Loading dataset from file cifar2/epoch40.npz
Loading data from ./cifar2/epoch40.npz
epoch  41  lr: 0.10000000  loss: 2.30426311  train accuracy: 0.10000000  test accuracy: 0.10000000  time: 11.88278696s
Loading dataset from file cifar2/epoch41.npz
Loading data from ./cifar2/epoch41.npz
epoch  42  lr: 0.10000000  loss: 2.30707026  train accuracy: 0.10000000  test accuracy: 0.10000000  time: 12.22256433s
Loading dataset from file cifar2/epoch42.npz
Loading data from ./cifar2/epoch42.npz
epoch  43  lr: 0.10000000  loss: 2.30371356  train accuracy: 0.10000000  test accuracy: 0.10000000  time: 11.91946891s
Loading dataset from file cifar2/epoch43.npz
Loading data from ./cifar2/epoch43.npz
epoch  44  lr: 0.10000000  loss: 2.30451441  train accuracy: 0.10000000  test accuracy: 0.10000000  time: 12.14030505s
Loading dataset from file cifar2/epoch44.npz
Loading data from ./cifar2/epoch44.npz
epoch  45  lr: 0.10000000  loss: 2.30507588  train accuracy: 0.10000000  test accuracy: 0.10000000  time: 12.11345772s
Loading dataset from file cifar2/epoch45.npz
Loading data from ./cifar2/epoch45.npz
epoch  46  lr: 0.10000000  loss: 2.30385113  train accuracy: 0.10000000  test accuracy: 0.10000000  time: 11.84698569s
Loading dataset from file cifar2/epoch46.npz
Loading data from ./cifar2/epoch46.npz
epoch  47  lr: 0.10000000  loss: 2.30460024  train accuracy: 0.10000000  test accuracy: 0.10000000  time: 12.09333143s
Loading dataset from file cifar2/epoch47.npz
Loading data from ./cifar2/epoch47.npz
epoch  48  lr: 0.10000000  loss: 2.30509067  train accuracy: 0.10000000  test accuracy: 0.10000000  time: 11.89511911s
Loading dataset from file cifar2/epoch48.npz
Loading data from ./cifar2/epoch48.npz
epoch  49  lr: 0.10000000  loss: 2.30470872  train accuracy: 0.10000000  test accuracy: 0.10000000  time: 12.03106359s
Loading dataset from file cifar2/epoch49.npz
Loading data from ./cifar2/epoch49.npz
epoch  50  lr: 0.10000000  loss: 2.30360603  train accuracy: 0.10000000  test accuracy: 0.10000000  time: 11.80832509s
Loading dataset from file cifar2/epoch50.npz
Loading data from ./cifar2/epoch50.npz
epoch  51  lr: 0.01000000  loss: 2.30262637  train accuracy: 0.10000000  test accuracy: 0.10000000  time: 12.11269479s
Loading dataset from file cifar2/epoch51.npz
Loading data from ./cifar2/epoch51.npz
epoch  52  lr: 0.01000000  loss: 2.30281782  train accuracy: 0.10000000  test accuracy: 0.10000000  time: 12.00300985s
Loading dataset from file cifar2/epoch52.npz
Loading data from ./cifar2/epoch52.npz
epoch  53  lr: 0.01000000  loss: 2.30266523  train accuracy: 0.10000000  test accuracy: 0.10000000  time: 12.16907776s
Loading dataset from file cifar2/epoch53.npz
Loading data from ./cifar2/epoch53.npz
epoch  54  lr: 0.01000000  loss: 2.30283546  train accuracy: 0.10000000  test accuracy: 0.10000000  time: 11.92761782s
Loading dataset from file cifar2/epoch54.npz
Loading data from ./cifar2/epoch54.npz
epoch  55  lr: 0.01000000  loss: 2.30271125  train accuracy: 0.10000000  test accuracy: 0.10000000  time: 12.08506481s
Loading dataset from file cifar2/epoch55.npz
Loading data from ./cifar2/epoch55.npz
epoch  56  lr: 0.01000000  loss: 2.30264473  train accuracy: 0.10000000  test accuracy: 0.10000000  time: 11.85950281s
Loading dataset from file cifar2/epoch56.npz
Loading data from ./cifar2/epoch56.npz
epoch  57  lr: 0.01000000  loss: 2.30273271  train accuracy: 0.10000000  test accuracy: 0.10000000  time: 12.22938003s
Loading dataset from file cifar2/epoch57.npz
Loading data from ./cifar2/epoch57.npz
epoch  58  lr: 0.01000000  loss: 2.30272174  train accuracy: 0.10000000  test accuracy: 0.10000000  time: 11.98419664s
Loading dataset from file cifar2/epoch58.npz
Loading data from ./cifar2/epoch58.npz
epoch  59  lr: 0.01000000  loss: 2.30267024  train accuracy: 0.10000000  test accuracy: 0.10000000  time: 12.05271116s
Loading dataset from file cifar2/epoch59.npz
Loading data from ./cifar2/epoch59.npz
epoch  60  lr: 0.01000000  loss: 2.30270147  train accuracy: 0.10000000  test accuracy: 0.10000000  time: 11.93736498s
Loading dataset from file cifar2/epoch60.npz
Loading data from ./cifar2/epoch60.npz
epoch  61  lr: 0.01000000  loss: 2.30274558  train accuracy: 0.10000000  test accuracy: 0.10000000  time: 11.83292559s
Loading dataset from file cifar2/epoch61.npz
Loading data from ./cifar2/epoch61.npz
epoch  62  lr: 0.01000000  loss: 2.30278158  train accuracy: 0.10000000  test accuracy: 0.10000000  time: 12.05485678s
Loading dataset from file cifar2/epoch62.npz
Loading data from ./cifar2/epoch62.npz
epoch  63  lr: 0.01000000  loss: 2.30268264  train accuracy: 0.10000000  test accuracy: 0.10000000  time: 11.83050665s
Loading dataset from file cifar2/epoch63.npz
Loading data from ./cifar2/epoch63.npz
epoch  64  lr: 0.01000000  loss: 2.30284286  train accuracy: 0.10000000  test accuracy: 0.10000000  time: 12.09746175s
Loading dataset from file cifar2/epoch64.npz
Loading data from ./cifar2/epoch64.npz
epoch  65  lr: 0.01000000  loss: 2.30271316  train accuracy: 0.10000000  test accuracy: 0.10000000  time: 11.90057789s
Loading dataset from file cifar2/epoch65.npz
Loading data from ./cifar2/epoch65.npz
epoch  66  lr: 0.01000000  loss: 2.30264091  train accuracy: 0.10000000  test accuracy: 0.10000000  time: 12.13126149s
Loading dataset from file cifar2/epoch66.npz
Loading data from ./cifar2/epoch66.npz
epoch  67  lr: 0.01000000  loss: 2.30271626  train accuracy: 0.10000000  test accuracy: 0.10000000  time: 11.89403631s
Loading dataset from file cifar2/epoch67.npz
Loading data from ./cifar2/epoch67.npz
epoch  68  lr: 0.01000000  loss: 2.30266190  train accuracy: 0.10000000  test accuracy: 0.10000000  time: 11.82886187s
Loading dataset from file cifar2/epoch68.npz
Loading data from ./cifar2/epoch68.npz
epoch  69  lr: 0.01000000  loss: 2.30277944  train accuracy: 0.10000000  test accuracy: 0.10000000  time: 11.85640268s
Loading dataset from file cifar2/epoch69.npz
Loading data from ./cifar2/epoch69.npz
epoch  70  lr: 0.01000000  loss: 2.30271196  train accuracy: 0.10000000  test accuracy: 0.10000000  time: 11.93503629s
Loading dataset from file cifar2/epoch70.npz
Loading data from ./cifar2/epoch70.npz
epoch  71  lr: 0.01000000  loss: 2.30273962  train accuracy: 0.10000000  test accuracy: 0.10000000  time: 11.99946815s
Loading dataset from file cifar2/epoch71.npz
Loading data from ./cifar2/epoch71.npz
epoch  72  lr: 0.01000000  loss: 2.30267572  train accuracy: 0.10000000  test accuracy: 0.10000000  time: 12.04642268s
Loading dataset from file cifar2/epoch72.npz
Loading data from ./cifar2/epoch72.npz
epoch  73  lr: 0.01000000  loss: 2.30275035  train accuracy: 0.10000000  test accuracy: 0.10000000  time: 11.83293055s
Loading dataset from file cifar2/epoch73.npz
Loading data from ./cifar2/epoch73.npz
epoch  74  lr: 0.01000000  loss: 2.30277872  train accuracy: 0.10000000  test accuracy: 0.10000000  time: 11.87936301s
Loading dataset from file cifar2/epoch74.npz
Loading data from ./cifar2/epoch74.npz
epoch  75  lr: 0.01000000  loss: 2.30272961  train accuracy: 0.10000000  test accuracy: 0.10000000  time: 11.87101904s
Loading dataset from file cifar2/epoch75.npz
Loading data from ./cifar2/epoch75.npz
epoch  76  lr: 0.00100000  loss: 2.30263948  train accuracy: 0.10000000  test accuracy: 0.10000000  time: 11.97624556s
Loading dataset from file cifar2/epoch76.npz
Loading data from ./cifar2/epoch76.npz
epoch  77  lr: 0.00100000  loss: 2.30260515  train accuracy: 0.10000000  test accuracy: 0.10000000  time: 11.82856948s
Loading dataset from file cifar2/epoch77.npz
Loading data from ./cifar2/epoch77.npz
epoch  78  lr: 0.00100000  loss: 2.30259252  train accuracy: 0.10000000  test accuracy: 0.10000000  time: 12.02052390s
Loading dataset from file cifar2/epoch78.npz
Loading data from ./cifar2/epoch78.npz
epoch  79  lr: 0.00100000  loss: 2.30258727  train accuracy: 0.10000000  test accuracy: 0.10000000  time: 11.84203015s
Loading dataset from file cifar2/epoch79.npz
Loading data from ./cifar2/epoch79.npz
epoch  80  lr: 0.00100000  loss: 2.30258632  train accuracy: 0.10000000  test accuracy: 0.10000000  time: 12.00927997s
Loading dataset from file cifar2/epoch80.npz
Loading data from ./cifar2/epoch80.npz
epoch  81  lr: 0.00100000  loss: 2.30258560  train accuracy: 0.10000000  test accuracy: 0.10000000  time: 12.03636010s
Loading dataset from file cifar2/epoch81.npz
Loading data from ./cifar2/epoch81.npz
epoch  82  lr: 0.00100000  loss: 2.30258584  train accuracy: 0.10000000  test accuracy: 0.10000000  time: 12.09329407s
Loading dataset from file cifar2/epoch82.npz
Loading data from ./cifar2/epoch82.npz
epoch  83  lr: 0.00100000  loss: 2.30258489  train accuracy: 0.10000000  test accuracy: 0.10000000  time: 11.98564866s
Loading dataset from file cifar2/epoch83.npz
Loading data from ./cifar2/epoch83.npz
epoch  84  lr: 0.00100000  loss: 2.30258584  train accuracy: 0.10000000  test accuracy: 0.10000000  time: 12.08044726s
Loading dataset from file cifar2/epoch84.npz
Loading data from ./cifar2/epoch84.npz
epoch  85  lr: 0.00100000  loss: 2.30258632  train accuracy: 0.10000000  test accuracy: 0.10000000  time: 12.06904966s
Loading dataset from file cifar2/epoch85.npz
Loading data from ./cifar2/epoch85.npz
epoch  86  lr: 0.00100000  loss: 2.30258489  train accuracy: 0.10000000  test accuracy: 0.10000000  time: 11.91094117s
Loading dataset from file cifar2/epoch86.npz
Loading data from ./cifar2/epoch86.npz
epoch  87  lr: 0.00100000  loss: 2.30258584  train accuracy: 0.10000000  test accuracy: 0.10000000  time: 12.19253385s
Loading dataset from file cifar2/epoch87.npz
Loading data from ./cifar2/epoch87.npz
epoch  88  lr: 0.00100000  loss: 2.30258560  train accuracy: 0.10000000  test accuracy: 0.10000000  time: 12.07462325s
Loading dataset from file cifar2/epoch88.npz
Loading data from ./cifar2/epoch88.npz
epoch  89  lr: 0.00100000  loss: 2.30258512  train accuracy: 0.10000000  test accuracy: 0.10000000  time: 12.07549903s
Loading dataset from file cifar2/epoch89.npz
Loading data from ./cifar2/epoch89.npz
epoch  90  lr: 0.00100000  loss: 2.30258512  train accuracy: 0.10000000  test accuracy: 0.10000000  time: 12.07198201s
Loading dataset from file cifar2/epoch90.npz
Loading data from ./cifar2/epoch90.npz
epoch  91  lr: 0.00100000  loss: 2.30258584  train accuracy: 0.10000000  test accuracy: 0.10000000  time: 12.08700077s
Loading dataset from file cifar2/epoch91.npz
Loading data from ./cifar2/epoch91.npz
epoch  92  lr: 0.00100000  loss: 2.30258489  train accuracy: 0.10000000  test accuracy: 0.10000000  time: 11.86971995s
Loading dataset from file cifar2/epoch92.npz
Loading data from ./cifar2/epoch92.npz
epoch  93  lr: 0.00100000  loss: 2.30258536  train accuracy: 0.10000000  test accuracy: 0.10000000  time: 12.10147847s
Loading dataset from file cifar2/epoch93.npz
Loading data from ./cifar2/epoch93.npz
epoch  94  lr: 0.00100000  loss: 2.30258632  train accuracy: 0.10000000  test accuracy: 0.10000000  time: 11.88936579s
Loading dataset from file cifar2/epoch94.npz
Loading data from ./cifar2/epoch94.npz
epoch  95  lr: 0.00100000  loss: 2.30258536  train accuracy: 0.10000000  test accuracy: 0.10000000  time: 12.11901434s
Loading dataset from file cifar2/epoch95.npz
Loading data from ./cifar2/epoch95.npz
epoch  96  lr: 0.00100000  loss: 2.30258512  train accuracy: 0.10000000  test accuracy: 0.10000000  time: 11.82384216s
Loading dataset from file cifar2/epoch96.npz
Loading data from ./cifar2/epoch96.npz
epoch  97  lr: 0.00100000  loss: 2.30258679  train accuracy: 0.10000000  test accuracy: 0.10000000  time: 12.12212424s
Loading dataset from file cifar2/epoch97.npz
Loading data from ./cifar2/epoch97.npz
epoch  98  lr: 0.00100000  loss: 2.30258584  train accuracy: 0.10000000  test accuracy: 0.10000000  time: 11.87169170s
Loading dataset from file cifar2/epoch98.npz
Loading data from ./cifar2/epoch98.npz
epoch  99  lr: 0.00100000  loss: 2.30258536  train accuracy: 0.10000000  test accuracy: 0.10000000  time: 12.02509043s
Loading dataset from file cifar2/epoch99.npz
Loading data from ./cifar2/epoch99.npz
epoch 100  lr: 0.00100000  loss: 2.30258489  train accuracy: 0.10000000  test accuracy: 0.10000000  time: 11.86462549s
Accuracy of the network on the 10000 test images: 10.000 %
