=== Command line arguments ===
Namespace(show=False, batch_size=100, seed=1, precision=4, edgeitems=3, density=0.001, sizes='3072,1024,512,10', epochs=100, lr=0.1, momentum=0.9, gamma=0.1, nesterov=True, datadir='./data', augmented=False, preprocessed='./cifar1', copy=False, nerva=False, torch=True, scheduler='multistep', import_weights=None, custom_masking=False)
Files already downloaded and verified
initialize by ER
Overall sparsity 0.001
Total Model parameters: 3675136
Total parameters under sparsity level of 0.001: 0.0009844533644469211
initialize by ER
Overall sparsity 0.001
Total Model parameters: 7350272
Total parameters under sparsity level of 0.001: 5.4419754806352744e-06

=== PyTorch model ===
MLP1(
  (layers): ModuleList(
    (0): Linear(in_features=3072, out_features=1024, bias=True)
    (1): Linear(in_features=1024, out_features=512, bias=True)
    (2): Linear(in_features=512, out_features=10, bias=True)
  )
  (loss): CrossEntropyLoss()
)
CrossEntropyLoss()
<torch.optim.lr_scheduler.MultiStepLR object at 0x7fca11b7b160>

=== Training PyTorch model ===
Loading dataset from file cifar1/epoch0.npz
Loading data from ./cifar1/epoch0.npz
epoch   0  lr: 0.10000000  loss: 2.30301261  train accuracy: 0.10000000  test accuracy: 0.10000000  time: 0.00000000s
epoch   1  lr: 0.10000000  loss: 2.30332637  train accuracy: 0.10000000  test accuracy: 0.10000000  time: 12.30087423s
Loading dataset from file cifar1/epoch1.npz
Loading data from ./cifar1/epoch1.npz
epoch   2  lr: 0.10000000  loss: 2.30505395  train accuracy: 0.10000000  test accuracy: 0.10000000  time: 12.13537441s
Loading dataset from file cifar1/epoch2.npz
Loading data from ./cifar1/epoch2.npz
epoch   3  lr: 0.10000000  loss: 2.30392480  train accuracy: 0.10000000  test accuracy: 0.10000000  time: 12.27767509s
Loading dataset from file cifar1/epoch3.npz
Loading data from ./cifar1/epoch3.npz
epoch   4  lr: 0.10000000  loss: 2.30570340  train accuracy: 0.10000000  test accuracy: 0.10000000  time: 12.09058146s
Loading dataset from file cifar1/epoch4.npz
Loading data from ./cifar1/epoch4.npz
epoch   5  lr: 0.10000000  loss: 2.30396748  train accuracy: 0.10000000  test accuracy: 0.10000000  time: 12.13930281s
Loading dataset from file cifar1/epoch5.npz
Loading data from ./cifar1/epoch5.npz
epoch   6  lr: 0.10000000  loss: 2.30461407  train accuracy: 0.10000000  test accuracy: 0.10000000  time: 12.12891054s
Loading dataset from file cifar1/epoch6.npz
Loading data from ./cifar1/epoch6.npz
epoch   7  lr: 0.10000000  loss: 2.30478859  train accuracy: 0.10000000  test accuracy: 0.10000000  time: 12.18146820s
Loading dataset from file cifar1/epoch7.npz
Loading data from ./cifar1/epoch7.npz
epoch   8  lr: 0.10000000  loss: 2.30398965  train accuracy: 0.10000000  test accuracy: 0.10000000  time: 12.22009466s
Loading dataset from file cifar1/epoch8.npz
Loading data from ./cifar1/epoch8.npz
epoch   9  lr: 0.10000000  loss: 2.30388522  train accuracy: 0.10000000  test accuracy: 0.10000000  time: 12.08402049s
Loading dataset from file cifar1/epoch9.npz
Loading data from ./cifar1/epoch9.npz
epoch  10  lr: 0.10000000  loss: 2.30429268  train accuracy: 0.10000000  test accuracy: 0.10000000  time: 12.03731508s
Loading dataset from file cifar1/epoch10.npz
Loading data from ./cifar1/epoch10.npz
epoch  11  lr: 0.10000000  loss: 2.30379438  train accuracy: 0.10000000  test accuracy: 0.10000000  time: 12.05817643s
Loading dataset from file cifar1/epoch11.npz
Loading data from ./cifar1/epoch11.npz
epoch  12  lr: 0.10000000  loss: 2.30453944  train accuracy: 0.10000000  test accuracy: 0.10000000  time: 12.06522323s
Loading dataset from file cifar1/epoch12.npz
Loading data from ./cifar1/epoch12.npz
epoch  13  lr: 0.10000000  loss: 2.30429745  train accuracy: 0.10000000  test accuracy: 0.10000000  time: 12.05208663s
Loading dataset from file cifar1/epoch13.npz
Loading data from ./cifar1/epoch13.npz
epoch  14  lr: 0.10000000  loss: 2.30442286  train accuracy: 0.10000000  test accuracy: 0.10000000  time: 12.12954266s
Loading dataset from file cifar1/epoch14.npz
Loading data from ./cifar1/epoch14.npz
epoch  15  lr: 0.10000000  loss: 2.30314040  train accuracy: 0.10000000  test accuracy: 0.10000000  time: 12.10602922s
Loading dataset from file cifar1/epoch15.npz
Loading data from ./cifar1/epoch15.npz
epoch  16  lr: 0.10000000  loss: 2.30412292  train accuracy: 0.10000000  test accuracy: 0.10000000  time: 12.05593073s
Loading dataset from file cifar1/epoch16.npz
Loading data from ./cifar1/epoch16.npz
epoch  17  lr: 0.10000000  loss: 2.30350351  train accuracy: 0.10000000  test accuracy: 0.10000000  time: 12.16308489s
Loading dataset from file cifar1/epoch17.npz
Loading data from ./cifar1/epoch17.npz
epoch  18  lr: 0.10000000  loss: 2.30490541  train accuracy: 0.10000000  test accuracy: 0.10000000  time: 12.22072760s
Loading dataset from file cifar1/epoch18.npz
Loading data from ./cifar1/epoch18.npz
epoch  19  lr: 0.10000000  loss: 2.30340981  train accuracy: 0.10000000  test accuracy: 0.10000000  time: 12.10578870s
Loading dataset from file cifar1/epoch19.npz
Loading data from ./cifar1/epoch19.npz
epoch  20  lr: 0.10000000  loss: 2.30497622  train accuracy: 0.10000000  test accuracy: 0.10000000  time: 12.21422751s
Loading dataset from file cifar1/epoch20.npz
Loading data from ./cifar1/epoch20.npz
epoch  21  lr: 0.10000000  loss: 2.30419254  train accuracy: 0.10000000  test accuracy: 0.10000000  time: 12.27627272s
Loading dataset from file cifar1/epoch21.npz
Loading data from ./cifar1/epoch21.npz
epoch  22  lr: 0.10000000  loss: 2.30433369  train accuracy: 0.10000000  test accuracy: 0.10000000  time: 12.08173975s
Loading dataset from file cifar1/epoch22.npz
Loading data from ./cifar1/epoch22.npz
epoch  23  lr: 0.10000000  loss: 2.30390143  train accuracy: 0.10000000  test accuracy: 0.10000000  time: 12.05879224s
Loading dataset from file cifar1/epoch23.npz
Loading data from ./cifar1/epoch23.npz
epoch  24  lr: 0.10000000  loss: 2.30490398  train accuracy: 0.10000000  test accuracy: 0.10000000  time: 12.02071248s
Loading dataset from file cifar1/epoch24.npz
Loading data from ./cifar1/epoch24.npz
epoch  25  lr: 0.10000000  loss: 2.30437207  train accuracy: 0.10000000  test accuracy: 0.10000000  time: 12.03042363s
Loading dataset from file cifar1/epoch25.npz
Loading data from ./cifar1/epoch25.npz
epoch  26  lr: 0.10000000  loss: 2.30580115  train accuracy: 0.10000000  test accuracy: 0.10000000  time: 13.43078934s
Loading dataset from file cifar1/epoch26.npz
Loading data from ./cifar1/epoch26.npz
epoch  27  lr: 0.10000000  loss: 2.30460286  train accuracy: 0.10000000  test accuracy: 0.10000000  time: 12.13430223s
Loading dataset from file cifar1/epoch27.npz
Loading data from ./cifar1/epoch27.npz
epoch  28  lr: 0.10000000  loss: 2.30448818  train accuracy: 0.10000000  test accuracy: 0.10000000  time: 11.93915679s
Loading dataset from file cifar1/epoch28.npz
Loading data from ./cifar1/epoch28.npz
epoch  29  lr: 0.10000000  loss: 2.30412865  train accuracy: 0.10000000  test accuracy: 0.10000000  time: 12.17806137s
Loading dataset from file cifar1/epoch29.npz
Loading data from ./cifar1/epoch29.npz
epoch  30  lr: 0.10000000  loss: 2.30349731  train accuracy: 0.10000000  test accuracy: 0.10000000  time: 12.07537494s
Loading dataset from file cifar1/epoch30.npz
Loading data from ./cifar1/epoch30.npz
epoch  31  lr: 0.10000000  loss: 2.30645084  train accuracy: 0.10000000  test accuracy: 0.10000000  time: 12.13509262s
Loading dataset from file cifar1/epoch31.npz
Loading data from ./cifar1/epoch31.npz
epoch  32  lr: 0.10000000  loss: 2.30413890  train accuracy: 0.10000000  test accuracy: 0.10000000  time: 12.06619150s
Loading dataset from file cifar1/epoch32.npz
Loading data from ./cifar1/epoch32.npz
epoch  33  lr: 0.10000000  loss: 2.30421734  train accuracy: 0.10000000  test accuracy: 0.10000000  time: 11.86884953s
Loading dataset from file cifar1/epoch33.npz
Loading data from ./cifar1/epoch33.npz
epoch  34  lr: 0.10000000  loss: 2.30414414  train accuracy: 0.10000000  test accuracy: 0.10000000  time: 12.02771445s
Loading dataset from file cifar1/epoch34.npz
Loading data from ./cifar1/epoch34.npz
epoch  35  lr: 0.10000000  loss: 2.30450392  train accuracy: 0.10000000  test accuracy: 0.10000000  time: 12.01585750s
Loading dataset from file cifar1/epoch35.npz
Loading data from ./cifar1/epoch35.npz
epoch  36  lr: 0.10000000  loss: 2.30440116  train accuracy: 0.10000000  test accuracy: 0.10000000  time: 12.04508312s
Loading dataset from file cifar1/epoch36.npz
Loading data from ./cifar1/epoch36.npz
epoch  37  lr: 0.10000000  loss: 2.30538464  train accuracy: 0.10000000  test accuracy: 0.10000000  time: 12.02346507s
Loading dataset from file cifar1/epoch37.npz
Loading data from ./cifar1/epoch37.npz
epoch  38  lr: 0.10000000  loss: 2.30341196  train accuracy: 0.10000000  test accuracy: 0.10000000  time: 11.87607185s
Loading dataset from file cifar1/epoch38.npz
Loading data from ./cifar1/epoch38.npz
epoch  39  lr: 0.10000000  loss: 2.30442405  train accuracy: 0.10000000  test accuracy: 0.10000000  time: 11.88417616s
Loading dataset from file cifar1/epoch39.npz
Loading data from ./cifar1/epoch39.npz
epoch  40  lr: 0.10000000  loss: 2.30560088  train accuracy: 0.10000000  test accuracy: 0.10000000  time: 12.11347360s
Loading dataset from file cifar1/epoch40.npz
Loading data from ./cifar1/epoch40.npz
epoch  41  lr: 0.10000000  loss: 2.30599308  train accuracy: 0.10000000  test accuracy: 0.10000000  time: 11.85723835s
Loading dataset from file cifar1/epoch41.npz
Loading data from ./cifar1/epoch41.npz
epoch  42  lr: 0.10000000  loss: 2.30346012  train accuracy: 0.10000000  test accuracy: 0.10000000  time: 12.14854437s
Loading dataset from file cifar1/epoch42.npz
Loading data from ./cifar1/epoch42.npz
epoch  43  lr: 0.10000000  loss: 2.30500150  train accuracy: 0.10000000  test accuracy: 0.10000000  time: 11.81336014s
Loading dataset from file cifar1/epoch43.npz
Loading data from ./cifar1/epoch43.npz
epoch  44  lr: 0.10000000  loss: 2.30304956  train accuracy: 0.10000000  test accuracy: 0.10000000  time: 12.14509861s
Loading dataset from file cifar1/epoch44.npz
Loading data from ./cifar1/epoch44.npz
epoch  45  lr: 0.10000000  loss: 2.30515957  train accuracy: 0.10000000  test accuracy: 0.10000000  time: 11.87000194s
Loading dataset from file cifar1/epoch45.npz
Loading data from ./cifar1/epoch45.npz
epoch  46  lr: 0.10000000  loss: 2.30413890  train accuracy: 0.10000000  test accuracy: 0.10000000  time: 11.91763541s
Loading dataset from file cifar1/epoch46.npz
Loading data from ./cifar1/epoch46.npz
epoch  47  lr: 0.10000000  loss: 2.30470634  train accuracy: 0.10000000  test accuracy: 0.10000000  time: 11.93978135s
Loading dataset from file cifar1/epoch47.npz
Loading data from ./cifar1/epoch47.npz
epoch  48  lr: 0.10000000  loss: 2.30599809  train accuracy: 0.10000000  test accuracy: 0.10000000  time: 11.88788017s
Loading dataset from file cifar1/epoch48.npz
Loading data from ./cifar1/epoch48.npz
epoch  49  lr: 0.10000000  loss: 2.30420065  train accuracy: 0.10000000  test accuracy: 0.10000000  time: 12.04217267s
Loading dataset from file cifar1/epoch49.npz
Loading data from ./cifar1/epoch49.npz
epoch  50  lr: 0.10000000  loss: 2.30422020  train accuracy: 0.10000000  test accuracy: 0.10000000  time: 11.90163878s
Loading dataset from file cifar1/epoch50.npz
Loading data from ./cifar1/epoch50.npz
epoch  51  lr: 0.01000000  loss: 2.30261898  train accuracy: 0.10000000  test accuracy: 0.10000000  time: 12.10544295s
Loading dataset from file cifar1/epoch51.npz
Loading data from ./cifar1/epoch51.npz
epoch  52  lr: 0.01000000  loss: 2.30273867  train accuracy: 0.10000000  test accuracy: 0.10000000  time: 12.05890034s
Loading dataset from file cifar1/epoch52.npz
Loading data from ./cifar1/epoch52.npz
epoch  53  lr: 0.01000000  loss: 2.30272913  train accuracy: 0.10000000  test accuracy: 0.10000000  time: 11.93100231s
Loading dataset from file cifar1/epoch53.npz
Loading data from ./cifar1/epoch53.npz
epoch  54  lr: 0.01000000  loss: 2.30278850  train accuracy: 0.10000000  test accuracy: 0.10000000  time: 12.12962091s
Loading dataset from file cifar1/epoch54.npz
Loading data from ./cifar1/epoch54.npz
epoch  55  lr: 0.01000000  loss: 2.30266261  train accuracy: 0.10000000  test accuracy: 0.10000000  time: 11.92728656s
Loading dataset from file cifar1/epoch55.npz
Loading data from ./cifar1/epoch55.npz
epoch  56  lr: 0.01000000  loss: 2.30268312  train accuracy: 0.10000000  test accuracy: 0.10000000  time: 12.04140448s
Loading dataset from file cifar1/epoch56.npz
Loading data from ./cifar1/epoch56.npz
epoch  57  lr: 0.01000000  loss: 2.30280900  train accuracy: 0.10000000  test accuracy: 0.10000000  time: 11.82053979s
Loading dataset from file cifar1/epoch57.npz
Loading data from ./cifar1/epoch57.npz
epoch  58  lr: 0.01000000  loss: 2.30291438  train accuracy: 0.10000000  test accuracy: 0.10000000  time: 12.04546640s
Loading dataset from file cifar1/epoch58.npz
Loading data from ./cifar1/epoch58.npz
epoch  59  lr: 0.01000000  loss: 2.30274129  train accuracy: 0.10000000  test accuracy: 0.10000000  time: 11.91409414s
Loading dataset from file cifar1/epoch59.npz
Loading data from ./cifar1/epoch59.npz
epoch  60  lr: 0.01000000  loss: 2.30262542  train accuracy: 0.10000000  test accuracy: 0.10000000  time: 11.90867330s
Loading dataset from file cifar1/epoch60.npz
Loading data from ./cifar1/epoch60.npz
epoch  61  lr: 0.01000000  loss: 2.30269670  train accuracy: 0.10000000  test accuracy: 0.10000000  time: 11.82769167s
Loading dataset from file cifar1/epoch61.npz
Loading data from ./cifar1/epoch61.npz
epoch  62  lr: 0.01000000  loss: 2.30275774  train accuracy: 0.10000000  test accuracy: 0.10000000  time: 12.10867403s
Loading dataset from file cifar1/epoch62.npz
Loading data from ./cifar1/epoch62.npz
epoch  63  lr: 0.01000000  loss: 2.30266356  train accuracy: 0.10000000  test accuracy: 0.10000000  time: 11.89132991s
Loading dataset from file cifar1/epoch63.npz
Loading data from ./cifar1/epoch63.npz
epoch  64  lr: 0.01000000  loss: 2.30265403  train accuracy: 0.10000000  test accuracy: 0.10000000  time: 12.05711909s
Loading dataset from file cifar1/epoch64.npz
Loading data from ./cifar1/epoch64.npz
epoch  65  lr: 0.01000000  loss: 2.30270457  train accuracy: 0.10000000  test accuracy: 0.10000000  time: 11.84577046s
Loading dataset from file cifar1/epoch65.npz
Loading data from ./cifar1/epoch65.npz
epoch  66  lr: 0.01000000  loss: 2.30273271  train accuracy: 0.10000000  test accuracy: 0.10000000  time: 12.02091354s
Loading dataset from file cifar1/epoch66.npz
Loading data from ./cifar1/epoch66.npz
epoch  67  lr: 0.01000000  loss: 2.30264974  train accuracy: 0.10000000  test accuracy: 0.10000000  time: 11.83736120s
Loading dataset from file cifar1/epoch67.npz
Loading data from ./cifar1/epoch67.npz
epoch  68  lr: 0.01000000  loss: 2.30266666  train accuracy: 0.10000000  test accuracy: 0.10000000  time: 12.18052595s
Loading dataset from file cifar1/epoch68.npz
Loading data from ./cifar1/epoch68.npz
epoch  69  lr: 0.01000000  loss: 2.30280900  train accuracy: 0.10000000  test accuracy: 0.10000000  time: 13.39325833s
Loading dataset from file cifar1/epoch69.npz
Loading data from ./cifar1/epoch69.npz
epoch  70  lr: 0.01000000  loss: 2.30285072  train accuracy: 0.10000000  test accuracy: 0.10000000  time: 12.21725340s
Loading dataset from file cifar1/epoch70.npz
Loading data from ./cifar1/epoch70.npz
epoch  71  lr: 0.01000000  loss: 2.30269551  train accuracy: 0.10000000  test accuracy: 0.10000000  time: 11.95323423s
Loading dataset from file cifar1/epoch71.npz
Loading data from ./cifar1/epoch71.npz
epoch  72  lr: 0.01000000  loss: 2.30262899  train accuracy: 0.10000000  test accuracy: 0.10000000  time: 12.13649520s
Loading dataset from file cifar1/epoch72.npz
Loading data from ./cifar1/epoch72.npz
epoch  73  lr: 0.01000000  loss: 2.30276299  train accuracy: 0.10000000  test accuracy: 0.10000000  time: 11.92882028s
Loading dataset from file cifar1/epoch73.npz
Loading data from ./cifar1/epoch73.npz
epoch  74  lr: 0.01000000  loss: 2.30263710  train accuracy: 0.10000000  test accuracy: 0.10000000  time: 12.27072238s
Loading dataset from file cifar1/epoch74.npz
Loading data from ./cifar1/epoch74.npz
epoch  75  lr: 0.01000000  loss: 2.30270290  train accuracy: 0.10000000  test accuracy: 0.10000000  time: 11.90574635s
Loading dataset from file cifar1/epoch75.npz
Loading data from ./cifar1/epoch75.npz
epoch  76  lr: 0.00100000  loss: 2.30263019  train accuracy: 0.10000000  test accuracy: 0.10000000  time: 12.18827296s
Loading dataset from file cifar1/epoch76.npz
Loading data from ./cifar1/epoch76.npz
epoch  77  lr: 0.00100000  loss: 2.30260038  train accuracy: 0.10000000  test accuracy: 0.10000000  time: 11.88447625s
Loading dataset from file cifar1/epoch77.npz
Loading data from ./cifar1/epoch77.npz
epoch  78  lr: 0.00100000  loss: 2.30259132  train accuracy: 0.10000000  test accuracy: 0.10000000  time: 12.21967684s
Loading dataset from file cifar1/epoch78.npz
Loading data from ./cifar1/epoch78.npz
epoch  79  lr: 0.00100000  loss: 2.30258679  train accuracy: 0.10000000  test accuracy: 0.10000000  time: 11.87782826s
Loading dataset from file cifar1/epoch79.npz
Loading data from ./cifar1/epoch79.npz
epoch  80  lr: 0.00100000  loss: 2.30258727  train accuracy: 0.10000000  test accuracy: 0.10000000  time: 12.12343377s
Loading dataset from file cifar1/epoch80.npz
Loading data from ./cifar1/epoch80.npz
epoch  81  lr: 0.00100000  loss: 2.30258775  train accuracy: 0.10000000  test accuracy: 0.10000000  time: 11.89380840s
Loading dataset from file cifar1/epoch81.npz
Loading data from ./cifar1/epoch81.npz
epoch  82  lr: 0.00100000  loss: 2.30258679  train accuracy: 0.10000000  test accuracy: 0.10000000  time: 12.15123259s
Loading dataset from file cifar1/epoch82.npz
Loading data from ./cifar1/epoch82.npz
epoch  83  lr: 0.00100000  loss: 2.30258679  train accuracy: 0.10000000  test accuracy: 0.10000000  time: 11.88750579s
Loading dataset from file cifar1/epoch83.npz
Loading data from ./cifar1/epoch83.npz
epoch  84  lr: 0.00100000  loss: 2.30258512  train accuracy: 0.10000000  test accuracy: 0.10000000  time: 12.07228777s
Loading dataset from file cifar1/epoch84.npz
Loading data from ./cifar1/epoch84.npz
epoch  85  lr: 0.00100000  loss: 2.30258465  train accuracy: 0.10000000  test accuracy: 0.10000000  time: 11.87617925s
Loading dataset from file cifar1/epoch85.npz
Loading data from ./cifar1/epoch85.npz
epoch  86  lr: 0.00100000  loss: 2.30258536  train accuracy: 0.10000000  test accuracy: 0.10000000  time: 12.04830688s
Loading dataset from file cifar1/epoch86.npz
Loading data from ./cifar1/epoch86.npz
epoch  87  lr: 0.00100000  loss: 2.30258489  train accuracy: 0.10000000  test accuracy: 0.10000000  time: 11.85030374s
Loading dataset from file cifar1/epoch87.npz
Loading data from ./cifar1/epoch87.npz
epoch  88  lr: 0.00100000  loss: 2.30258512  train accuracy: 0.10000000  test accuracy: 0.10000000  time: 12.12601298s
Loading dataset from file cifar1/epoch88.npz
Loading data from ./cifar1/epoch88.npz
epoch  89  lr: 0.00100000  loss: 2.30258489  train accuracy: 0.10000000  test accuracy: 0.10000000  time: 11.90127668s
Loading dataset from file cifar1/epoch89.npz
Loading data from ./cifar1/epoch89.npz
epoch  90  lr: 0.00100000  loss: 2.30258536  train accuracy: 0.10000000  test accuracy: 0.10000000  time: 12.24142302s
Loading dataset from file cifar1/epoch90.npz
Loading data from ./cifar1/epoch90.npz
epoch  91  lr: 0.00100000  loss: 2.30258584  train accuracy: 0.10000000  test accuracy: 0.10000000  time: 11.86356505s
Loading dataset from file cifar1/epoch91.npz
Loading data from ./cifar1/epoch91.npz
epoch  92  lr: 0.00100000  loss: 2.30258417  train accuracy: 0.10000000  test accuracy: 0.10000000  time: 12.10170656s
Loading dataset from file cifar1/epoch92.npz
Loading data from ./cifar1/epoch92.npz
epoch  93  lr: 0.00100000  loss: 2.30258465  train accuracy: 0.10000000  test accuracy: 0.10000000  time: 11.84268929s
Loading dataset from file cifar1/epoch93.npz
Loading data from ./cifar1/epoch93.npz
epoch  94  lr: 0.00100000  loss: 2.30258584  train accuracy: 0.10000000  test accuracy: 0.10000000  time: 12.11984780s
Loading dataset from file cifar1/epoch94.npz
Loading data from ./cifar1/epoch94.npz
epoch  95  lr: 0.00100000  loss: 2.30258560  train accuracy: 0.10000000  test accuracy: 0.10000000  time: 11.95695304s
Loading dataset from file cifar1/epoch95.npz
Loading data from ./cifar1/epoch95.npz
epoch  96  lr: 0.00100000  loss: 2.30258417  train accuracy: 0.10000000  test accuracy: 0.10000000  time: 12.03909893s
Loading dataset from file cifar1/epoch96.npz
Loading data from ./cifar1/epoch96.npz
epoch  97  lr: 0.00100000  loss: 2.30258465  train accuracy: 0.10000000  test accuracy: 0.10000000  time: 11.89732005s
Loading dataset from file cifar1/epoch97.npz
Loading data from ./cifar1/epoch97.npz
epoch  98  lr: 0.00100000  loss: 2.30258512  train accuracy: 0.10000000  test accuracy: 0.10000000  time: 12.18606198s
Loading dataset from file cifar1/epoch98.npz
Loading data from ./cifar1/epoch98.npz
epoch  99  lr: 0.00100000  loss: 2.30258465  train accuracy: 0.10000000  test accuracy: 0.10000000  time: 11.89461534s
Loading dataset from file cifar1/epoch99.npz
Loading data from ./cifar1/epoch99.npz
epoch 100  lr: 0.00100000  loss: 2.30258512  train accuracy: 0.10000000  test accuracy: 0.10000000  time: 12.07859663s
Accuracy of the network on the 10000 test images: 10.000 %
