=== Command line arguments ===
Namespace(debug=False, batch_size=100, seed=None, precision=4, edgeitems=3, density=0.2, sizes='3072,1024,512,10', epochs=100, lr=0.1, momentum=0.9, gamma=0.1, nesterov=False, datadir='./data', augmented=False, preprocessed=None, copy=False, nerva=False, torch=False, inference=True, save_model_npy=None, scheduler='multistep', export_weights_npz=None, import_weights_npz=None, custom_masking=True)
Files already downloaded and verified
initialize by ER
Overall sparsity 0.20000000000000004
Total Model parameters: 3675136
Total parameters under sparsity level of 0.2: 0.1998296117477013
initialize by ER
Overall sparsity 0.20000000000000004
Total Model parameters: 7350272
Total parameters under sparsity level of 0.2: 0.046253526400111454
Use MLP1 variant with custom masking
Setting masks with densities [0.16875, 0.37968750000000007, 1.0]
batch 0 took 0.03910883 seconds
batch 1 took 0.00530714 seconds
batch 2 took 0.00543109 seconds
batch 3 took 0.01334954 seconds
batch 4 took 0.01649062 seconds
batch 5 took 0.00576451 seconds
batch 6 took 0.00536863 seconds
batch 7 took 0.00519628 seconds
batch 8 took 0.00774182 seconds
batch 9 took 0.00715310 seconds
batch 10 took 0.01204498 seconds
Average PyTorch inference time for density=0.2 batch_size=100: 8.3848ms
batch 0 took 0.03353021 seconds
batch 1 took 0.01051014 seconds
batch 2 took 0.01209278 seconds
batch 3 took 0.01288932 seconds
batch 4 took 0.01107499 seconds
batch 5 took 0.01229835 seconds
batch 6 took 0.01420236 seconds
batch 7 took 0.00969710 seconds
batch 8 took 0.01128807 seconds
batch 9 took 0.01094826 seconds
batch 10 took 0.00982573 seconds
Average Nerva inference time for density=0.2 batch_size=100: 11.4827ms
