=== Command line arguments ===
Namespace(debug=False, batch_size=1, seed=None, precision=4, edgeitems=3, density=0.01, sizes='3072,1024,512,10', epochs=100, lr=0.1, momentum=0.9, gamma=0.1, nesterov=False, datadir='./data', augmented=False, preprocessed=None, copy=False, nerva=False, torch=False, inference=True, save_model_npy=None, scheduler='multistep', export_weights_npz=None, import_weights_npz=None, custom_masking=True)
Files already downloaded and verified
initialize by ER
Overall sparsity 0.01
Total Model parameters: 3675136
Total parameters under sparsity level of 0.01: 0.0100894225410978
initialize by ER
Overall sparsity 0.01
Total Model parameters: 7350272
Total parameters under sparsity level of 0.01: 0.0006122222415714684
Use MLP1 variant with custom masking
Setting masks with densities [0.007775972267359981, 0.017495937601559958, 0.6088586285342866]
batch 0 took 0.00131478 seconds
batch 1 took 0.00125526 seconds
batch 2 took 0.00079473 seconds
batch 3 took 0.00078143 seconds
batch 4 took 0.00327740 seconds
batch 5 took 0.00076167 seconds
batch 6 took 0.00073815 seconds
batch 7 took 0.00073738 seconds
batch 8 took 0.00071754 seconds
batch 9 took 0.00077447 seconds
batch 10 took 0.00076812 seconds
Average PyTorch inference time for density=0.01 batch_size=1: 1.0606ms
batch 0 took 0.02198986 seconds
batch 1 took 0.00007507 seconds
batch 2 took 0.00004052 seconds
batch 3 took 0.00051234 seconds
batch 4 took 0.00006586 seconds
batch 5 took 0.00008350 seconds
batch 6 took 0.00004658 seconds
batch 7 took 0.00004599 seconds
batch 8 took 0.00005454 seconds
batch 9 took 0.00004520 seconds
batch 10 took 0.00019115 seconds
Average Nerva inference time for density=0.01 batch_size=1: 0.1161ms
