=== Command line arguments ===
Namespace(debug=False, batch_size=1, seed=None, precision=4, edgeitems=3, density=0.05, sizes='3072,1024,512,10', epochs=100, lr=0.1, momentum=0.9, gamma=0.1, nesterov=False, datadir='./data', augmented=False, preprocessed=None, copy=False, nerva=False, torch=False, inference=True, save_model_npy=None, scheduler='multistep', export_weights_npz=None, import_weights_npz=None, custom_masking=True)
Files already downloaded and verified
initialize by ER
Overall sparsity 0.05
Total Model parameters: 3675136
Total parameters under sparsity level of 0.05: 0.04983543466146559
initialize by ER
Overall sparsity 0.05
Total Model parameters: 7350272
Total parameters under sparsity level of 0.05: 0.004062978893842296
Use MLP1 variant with custom masking
Setting masks with densities [0.041299715909090914, 0.09292436079545456, 1.0]
batch 0 took 0.00231710 seconds
batch 1 took 0.00088502 seconds
batch 2 took 0.00080689 seconds
batch 3 took 0.00084452 seconds
batch 4 took 0.00108980 seconds
batch 5 took 0.00105423 seconds
batch 6 took 0.00103139 seconds
batch 7 took 0.00112266 seconds
batch 8 took 0.00140223 seconds
batch 9 took 0.00133982 seconds
batch 10 took 0.00124810 seconds
Average PyTorch inference time for density=0.05 batch_size=1: 1.0825ms
batch 0 took 0.02197900 seconds
batch 1 took 0.00013225 seconds
batch 2 took 0.00009254 seconds
batch 3 took 0.00012356 seconds
batch 4 took 0.00008840 seconds
batch 5 took 0.00012724 seconds
batch 6 took 0.00013020 seconds
batch 7 took 0.00012602 seconds
batch 8 took 0.00008342 seconds
batch 9 took 0.00010885 seconds
batch 10 took 0.00010261 seconds
Average Nerva inference time for density=0.05 batch_size=1: 0.1115ms
