=== Command line arguments ===
Namespace(debug=False, batch_size=100, seed=None, precision=4, edgeitems=3, density=1.0, sizes='3072,1024,512,10', epochs=100, lr=0.1, momentum=0.9, gamma=0.1, nesterov=False, datadir='./data', augmented=False, preprocessed=None, copy=False, nerva=False, torch=False, inference=True, save_model_npy=None, scheduler='multistep', export_weights_npz=None, import_weights_npz=None, custom_masking=True)
Files already downloaded and verified
initialize by ER
Overall sparsity 1.0
Total Model parameters: 3675136
Total parameters under sparsity level of 1.0: 1.0
initialize by ER
Overall sparsity 1.0
Total Model parameters: 7350272
Total parameters under sparsity level of 1.0: 1.0
Use MLP1 variant with custom masking
Setting masks with densities [1.0, 1.0, 1.0]
batch 0 took 0.05354614 seconds
batch 1 took 0.00616436 seconds
batch 2 took 0.00689908 seconds
batch 3 took 0.00764339 seconds
batch 4 took 0.00699170 seconds
batch 5 took 0.00737374 seconds
batch 6 took 0.00659794 seconds
batch 7 took 0.01148395 seconds
batch 8 took 0.00702451 seconds
batch 9 took 0.01006933 seconds
batch 10 took 0.00689339 seconds
Average PyTorch inference time for density=1.0 batch_size=100: 7.7141ms
batch 0 took 0.03956718 seconds
batch 1 took 0.00474728 seconds
batch 2 took 0.00477659 seconds
batch 3 took 0.01528003 seconds
batch 4 took 0.00549054 seconds
batch 5 took 0.00530333 seconds
batch 6 took 0.00501719 seconds
batch 7 took 0.01257876 seconds
batch 8 took 0.00576846 seconds
batch 9 took 0.00525571 seconds
batch 10 took 0.00537170 seconds
Average Nerva inference time for density=1.0 batch_size=100: 6.9590ms
