=== Command line arguments ===
Namespace(debug=False, batch_size=100, seed=None, precision=4, edgeitems=3, density=0.5, sizes='3072,1024,512,10', epochs=100, lr=0.1, momentum=0.9, gamma=0.1, nesterov=False, datadir='./data', augmented=False, preprocessed=None, copy=False, nerva=False, torch=False, inference=True, save_model_npy=None, scheduler='multistep', export_weights_npz=None, import_weights_npz=None, custom_masking=True)
Files already downloaded and verified
initialize by ER
Overall sparsity 0.5
Total Model parameters: 3675136
Total parameters under sparsity level of 0.5: 0.5000642153106715
initialize by ER
Overall sparsity 0.5
Total Model parameters: 7350272
Total parameters under sparsity level of 0.5: 0.2849954396245472
Use MLP1 variant with custom masking
Setting masks with densities [0.4236505681818182, 0.9532137784090909, 1.0]
batch 0 took 0.00637328 seconds
batch 1 took 0.00650173 seconds
batch 2 took 0.01359620 seconds
batch 3 took 0.01708014 seconds
batch 4 took 0.00696966 seconds
batch 5 took 0.00713704 seconds
batch 6 took 0.00760449 seconds
batch 7 took 0.00825225 seconds
batch 8 took 0.00917299 seconds
batch 9 took 0.00619358 seconds
batch 10 took 0.00607116 seconds
Average PyTorch inference time for density=0.5 batch_size=100: 8.8579ms
batch 0 took 0.07252976 seconds
batch 1 took 0.02579409 seconds
batch 2 took 0.02594474 seconds
batch 3 took 0.02938076 seconds
batch 4 took 0.02746145 seconds
batch 5 took 0.02653416 seconds
batch 6 took 0.02364481 seconds
batch 7 took 0.02649933 seconds
batch 8 took 0.02576708 seconds
batch 9 took 0.02573720 seconds
batch 10 took 0.02694822 seconds
Average Nerva inference time for density=0.5 batch_size=100: 26.3712ms
