=== Command line arguments ===
Namespace(debug=False, batch_size=1, seed=None, precision=4, edgeitems=3, density=0.5, sizes='3072,1024,512,10', epochs=100, lr=0.1, momentum=0.9, gamma=0.1, nesterov=False, datadir='./data', augmented=False, preprocessed=None, copy=False, nerva=False, torch=False, inference=True, save_model_npy=None, scheduler='multistep', export_weights_npz=None, import_weights_npz=None, custom_masking=True)
Files already downloaded and verified
initialize by ER
Overall sparsity 0.5
Total Model parameters: 3675136
Total parameters under sparsity level of 0.5: 0.50037658470326
initialize by ER
Overall sparsity 0.5
Total Model parameters: 7350272
Total parameters under sparsity level of 0.5: 0.28521175814990246
Use MLP1 variant with custom masking
Setting masks with densities [0.4236505681818182, 0.9532137784090909, 1.0]
batch 0 took 0.00138803 seconds
batch 1 took 0.00111152 seconds
batch 2 took 0.00155355 seconds
batch 3 took 0.00120728 seconds
batch 4 took 0.00100404 seconds
batch 5 took 0.00105353 seconds
batch 6 took 0.00432762 seconds
batch 7 took 0.00143113 seconds
batch 8 took 0.00136560 seconds
batch 9 took 0.00105512 seconds
batch 10 took 0.00126523 seconds
Average PyTorch inference time for density=0.5 batch_size=1: 1.5375ms
batch 0 took 0.02445183 seconds
batch 1 took 0.00155024 seconds
batch 2 took 0.00148319 seconds
batch 3 took 0.00151535 seconds
batch 4 took 0.00146543 seconds
batch 5 took 0.00148336 seconds
batch 6 took 0.00146787 seconds
batch 7 took 0.00180778 seconds
batch 8 took 0.00145252 seconds
batch 9 took 0.00149858 seconds
batch 10 took 0.00185700 seconds
Average Nerva inference time for density=0.5 batch_size=1: 1.5581ms
