=== Command line arguments ===
Namespace(debug=False, batch_size=1, seed=None, precision=4, edgeitems=3, density=0.001, sizes='3072,1024,512,10', epochs=100, lr=0.1, momentum=0.9, gamma=0.1, nesterov=False, datadir='./data', augmented=False, preprocessed=None, copy=False, nerva=False, torch=False, inference=True, save_model_npy=None, scheduler='multistep', export_weights_npz=None, import_weights_npz=None, custom_masking=True)
Files already downloaded and verified
initialize by ER
Overall sparsity 0.001
Total Model parameters: 3675136
Total parameters under sparsity level of 0.001: 0.0010135679332683198
initialize by ER
Overall sparsity 0.001
Total Model parameters: 7350272
Total parameters under sparsity level of 0.001: 6.802469350794093e-06
Use MLP1 variant with custom masking
Setting masks with densities [0.0007775972267359982, 0.0017495937601559961, 0.06088586285342867]
batch 0 took 0.00755219 seconds
batch 1 took 0.00083588 seconds
batch 2 took 0.00073506 seconds
batch 3 took 0.00080559 seconds
batch 4 took 0.00071493 seconds
batch 5 took 0.00071636 seconds
batch 6 took 0.00072101 seconds
batch 7 took 0.00073657 seconds
batch 8 took 0.00077508 seconds
batch 9 took 0.00073436 seconds
batch 10 took 0.00077219 seconds
Average PyTorch inference time for density=0.001 batch_size=1: 0.7547ms
batch 0 took 0.02298068 seconds
batch 1 took 0.00005332 seconds
batch 2 took 0.00003017 seconds
batch 3 took 0.00003328 seconds
batch 4 took 0.00003052 seconds
batch 5 took 0.00007379 seconds
batch 6 took 0.00006245 seconds
batch 7 took 0.00002848 seconds
batch 8 took 0.00003188 seconds
batch 9 took 0.00040828 seconds
batch 10 took 0.00008484 seconds
Average Nerva inference time for density=0.001 batch_size=1: 0.0837ms
