=== Command line arguments ===
Namespace(debug=False, batch_size=1, seed=None, precision=4, edgeitems=3, density=0.01, sizes='3072,1024,512,10', epochs=100, lr=0.1, momentum=0.9, gamma=0.1, nesterov=False, datadir='./data', augmented=False, preprocessed=None, copy=False, nerva=False, torch=False, inference=True, save_model_npy=None, scheduler='multistep', export_weights_npz=None, import_weights_npz=None, custom_masking=True)
Files already downloaded and verified
initialize by ER
Overall sparsity 0.01
Total Model parameters: 3675136
Total parameters under sparsity level of 0.01: 0.00992616327667874
initialize by ER
Overall sparsity 0.01
Total Model parameters: 7350272
Total parameters under sparsity level of 0.01: 0.0006250108839509613
Use MLP1 variant with custom masking
Setting masks with densities [0.007775972267359981, 0.017495937601559958, 0.6088586285342866]
batch 0 took 0.00181870 seconds
batch 1 took 0.00098678 seconds
batch 2 took 0.00090148 seconds
batch 3 took 0.00452292 seconds
batch 4 took 0.00116342 seconds
batch 5 took 0.00161352 seconds
batch 6 took 0.00126203 seconds
batch 7 took 0.00145090 seconds
batch 8 took 0.00108230 seconds
batch 9 took 0.00099640 seconds
batch 10 took 0.00110203 seconds
Average PyTorch inference time for density=0.01 batch_size=1: 1.5082ms
batch 0 took 0.02563662 seconds
batch 1 took 0.00009282 seconds
batch 2 took 0.00007740 seconds
batch 3 took 0.00007773 seconds
batch 4 took 0.00005254 seconds
batch 5 took 0.00010055 seconds
batch 6 took 0.00004347 seconds
batch 7 took 0.00005703 seconds
batch 8 took 0.00005168 seconds
batch 9 took 0.00006500 seconds
batch 10 took 0.00005400 seconds
Average Nerva inference time for density=0.01 batch_size=1: 0.0672ms
