=== Command line arguments ===
Namespace(debug=False, batch_size=100, seed=None, precision=4, edgeitems=3, density=0.1, sizes='3072,1024,512,10', epochs=100, lr=0.1, momentum=0.9, gamma=0.1, nesterov=False, datadir='./data', augmented=False, preprocessed=None, copy=False, nerva=False, torch=False, inference=True, save_model_npy=None, scheduler='multistep', export_weights_npz=None, import_weights_npz=None, custom_masking=True)
Files already downloaded and verified
initialize by ER
Overall sparsity 0.10000000000000002
Total Model parameters: 3675136
Total parameters under sparsity level of 0.1: 0.09988582735441627
initialize by ER
Overall sparsity 0.10000000000000002
Total Model parameters: 7350272
Total parameters under sparsity level of 0.1: 0.012416955454165506
Use MLP1 variant with custom masking
Setting masks with densities [0.08378314393939396, 0.1885120738636364, 1.0]
batch 0 took 0.04226923 seconds
batch 1 took 0.04144044 seconds
batch 2 took 0.01283288 seconds
batch 3 took 0.00726910 seconds
batch 4 took 0.00734099 seconds
batch 5 took 0.00642114 seconds
batch 6 took 0.00662670 seconds
batch 7 took 0.00676650 seconds
batch 8 took 0.01339668 seconds
batch 9 took 0.00506735 seconds
batch 10 took 0.00523089 seconds
Average PyTorch inference time for density=0.1 batch_size=100: 11.2393ms
batch 0 took 0.04772317 seconds
batch 1 took 0.00616006 seconds
batch 2 took 0.00615133 seconds
batch 3 took 0.00642381 seconds
batch 4 took 0.00651771 seconds
batch 5 took 0.00755108 seconds
batch 6 took 0.01434428 seconds
batch 7 took 0.00635745 seconds
batch 8 took 0.00839919 seconds
batch 9 took 0.00931685 seconds
batch 10 took 0.00745984 seconds
Average Nerva inference time for density=0.1 batch_size=100: 7.8682ms
