=== Command line arguments ===
Namespace(debug=False, batch_size=1, seed=None, precision=4, edgeitems=3, density=0.001, sizes='3072,1024,512,10', epochs=100, lr=0.1, momentum=0.9, gamma=0.1, nesterov=False, datadir='./data', augmented=False, preprocessed=None, copy=False, nerva=False, torch=False, inference=True, save_model_npy=None, scheduler='multistep', export_weights_npz=None, import_weights_npz=None, custom_masking=True)
Files already downloaded and verified
initialize by ER
Overall sparsity 0.001
Total Model parameters: 3675136
Total parameters under sparsity level of 0.001: 0.0009885348460573976
initialize by ER
Overall sparsity 0.001
Total Model parameters: 7350272
Total parameters under sparsity level of 0.001: 6.258271802730566e-06
Use MLP1 variant with custom masking
Setting masks with densities [0.0007775972267359982, 0.0017495937601559961, 0.06088586285342867]
batch 0 took 0.00479542 seconds
batch 1 took 0.00094147 seconds
batch 2 took 0.00079898 seconds
batch 3 took 0.00079372 seconds
batch 4 took 0.00080344 seconds
batch 5 took 0.00083819 seconds
batch 6 took 0.00087525 seconds
batch 7 took 0.00087723 seconds
batch 8 took 0.00089371 seconds
batch 9 took 0.00101097 seconds
batch 10 took 0.00101410 seconds
Average PyTorch inference time for density=0.001 batch_size=1: 0.8847ms
batch 0 took 0.02252947 seconds
batch 1 took 0.00007945 seconds
batch 2 took 0.00004341 seconds
batch 3 took 0.00007876 seconds
batch 4 took 0.00004811 seconds
batch 5 took 0.00003327 seconds
batch 6 took 0.00008001 seconds
batch 7 took 0.00004457 seconds
batch 8 took 0.00003306 seconds
batch 9 took 0.00003770 seconds
batch 10 took 0.00002975 seconds
Average Nerva inference time for density=0.001 batch_size=1: 0.0508ms
