=== Command line arguments ===
Namespace(debug=False, batch_size=1, seed=None, precision=4, edgeitems=3, density=0.5, sizes='3072,1024,512,10', epochs=100, lr=0.1, momentum=0.9, gamma=0.1, nesterov=False, datadir='./data', augmented=False, preprocessed=None, copy=False, nerva=False, torch=False, inference=True, save_model_npy=None, scheduler='multistep', export_weights_npz=None, import_weights_npz=None, custom_masking=True)
Files already downloaded and verified
initialize by ER
Overall sparsity 0.5
Total Model parameters: 3675136
Total parameters under sparsity level of 0.5: 0.5000816296322095
initialize by ER
Overall sparsity 0.5
Total Model parameters: 7350272
Total parameters under sparsity level of 0.5: 0.28501503073627754
Use MLP1 variant with custom masking
Setting masks with densities [0.4236505681818182, 0.9532137784090909, 1.0]
batch 0 took 0.00349280 seconds
batch 1 took 0.00086784 seconds
batch 2 took 0.00083838 seconds
batch 3 took 0.00080103 seconds
batch 4 took 0.00078374 seconds
batch 5 took 0.00080023 seconds
batch 6 took 0.00080261 seconds
batch 7 took 0.00077510 seconds
batch 8 took 0.00082598 seconds
batch 9 took 0.00084615 seconds
batch 10 took 0.00079215 seconds
Average PyTorch inference time for density=0.5 batch_size=1: 0.8133ms
batch 0 took 0.02193391 seconds
batch 1 took 0.00088709 seconds
batch 2 took 0.00091623 seconds
batch 3 took 0.00092932 seconds
batch 4 took 0.00097730 seconds
batch 5 took 0.00095457 seconds
batch 6 took 0.00092588 seconds
batch 7 took 0.00096744 seconds
batch 8 took 0.00098038 seconds
batch 9 took 0.00099732 seconds
batch 10 took 0.00109327 seconds
Average Nerva inference time for density=0.5 batch_size=1: 0.9629ms
