=== Command line arguments ===
Namespace(debug=False, batch_size=1, seed=None, precision=4, edgeitems=3, density=0.2, sizes='3072,1024,512,10', epochs=100, lr=0.1, momentum=0.9, gamma=0.1, nesterov=False, datadir='./data', augmented=False, preprocessed=None, copy=False, nerva=False, torch=False, inference=True, save_model_npy=None, scheduler='multistep', export_weights_npz=None, import_weights_npz=None, custom_masking=True)
Files already downloaded and verified
initialize by ER
Overall sparsity 0.20000000000000004
Total Model parameters: 3675136
Total parameters under sparsity level of 0.2: 0.19989682014488716
initialize by ER
Overall sparsity 0.20000000000000004
Total Model parameters: 7350272
Total parameters under sparsity level of 0.2: 0.04627747109222625
Use MLP1 variant with custom masking
Setting masks with densities [0.16875, 0.37968750000000007, 1.0]
batch 0 took 0.01924810 seconds
batch 1 took 0.00107556 seconds
batch 2 took 0.00114160 seconds
batch 3 took 0.00096811 seconds
batch 4 took 0.00088310 seconds
batch 5 took 0.00087276 seconds
batch 6 took 0.00084926 seconds
batch 7 took 0.00079805 seconds
batch 8 took 0.00086383 seconds
batch 9 took 0.00100522 seconds
batch 10 took 0.00149706 seconds
Average PyTorch inference time for density=0.2 batch_size=1: 0.9955ms
batch 0 took 0.02044742 seconds
batch 1 took 0.00041279 seconds
batch 2 took 0.00039683 seconds
batch 3 took 0.00045441 seconds
batch 4 took 0.00038676 seconds
batch 5 took 0.00037564 seconds
batch 6 took 0.00040634 seconds
batch 7 took 0.00038002 seconds
batch 8 took 0.00040669 seconds
batch 9 took 0.00039409 seconds
batch 10 took 0.00038500 seconds
Average Nerva inference time for density=0.2 batch_size=1: 0.3999ms
