=== Command line arguments ===
Namespace(debug=False, batch_size=1, seed=None, precision=4, edgeitems=3, density=0.05, sizes='3072,1024,512,10', epochs=100, lr=0.1, momentum=0.9, gamma=0.1, nesterov=False, datadir='./data', augmented=False, preprocessed=None, copy=False, nerva=False, torch=False, inference=True, save_model_npy=None, scheduler='multistep', export_weights_npz=None, import_weights_npz=None, custom_masking=True)
Files already downloaded and verified
initialize by ER
Overall sparsity 0.05
Total Model parameters: 3675136
Total parameters under sparsity level of 0.05: 0.04982890429088883
initialize by ER
Overall sparsity 0.05
Total Model parameters: 7350272
Total parameters under sparsity level of 0.05: 0.004031687534828643
Use MLP1 variant with custom masking
Setting masks with densities [0.041299715909090914, 0.09292436079545456, 1.0]
batch 0 took 0.00524013 seconds
batch 1 took 0.00082137 seconds
batch 2 took 0.00078036 seconds
batch 3 took 0.00071576 seconds
batch 4 took 0.00070451 seconds
batch 5 took 0.00069853 seconds
batch 6 took 0.00077314 seconds
batch 7 took 0.00071820 seconds
batch 8 took 0.00080715 seconds
batch 9 took 0.00078397 seconds
batch 10 took 0.00078388 seconds
Average PyTorch inference time for density=0.05 batch_size=1: 0.7587ms
batch 0 took 0.02157807 seconds
batch 1 took 0.00017418 seconds
batch 2 took 0.00014363 seconds
batch 3 took 0.00010306 seconds
batch 4 took 0.00015254 seconds
batch 5 took 0.00013260 seconds
batch 6 took 0.00011690 seconds
batch 7 took 0.00012715 seconds
batch 8 took 0.00011325 seconds
batch 9 took 0.00012526 seconds
batch 10 took 0.00012499 seconds
Average Nerva inference time for density=0.05 batch_size=1: 0.1314ms
