=== Command line arguments ===
Namespace(debug=False, batch_size=1, seed=None, precision=4, edgeitems=3, density=0.2, sizes='3072,1024,512,10', epochs=100, lr=0.1, momentum=0.9, gamma=0.1, nesterov=False, datadir='./data', augmented=False, preprocessed=None, copy=False, nerva=False, torch=False, inference=True, save_model_npy=None, scheduler='multistep', export_weights_npz=None, import_weights_npz=None, custom_masking=True)
Files already downloaded and verified
initialize by ER
Overall sparsity 0.20000000000000004
Total Model parameters: 3675136
Total parameters under sparsity level of 0.2: 0.19978961322791863
initialize by ER
Overall sparsity 0.20000000000000004
Total Model parameters: 7350272
Total parameters under sparsity level of 0.2: 0.04625434269643355
Use MLP1 variant with custom masking
Setting masks with densities [0.16875, 0.37968750000000007, 1.0]
batch 0 took 0.00423810 seconds
batch 1 took 0.00091553 seconds
batch 2 took 0.00078474 seconds
batch 3 took 0.00081671 seconds
batch 4 took 0.00082095 seconds
batch 5 took 0.00077901 seconds
batch 6 took 0.00077233 seconds
batch 7 took 0.00081943 seconds
batch 8 took 0.00081491 seconds
batch 9 took 0.00079883 seconds
batch 10 took 0.00080676 seconds
Average PyTorch inference time for density=0.2 batch_size=1: 0.8129ms
batch 0 took 0.02215088 seconds
batch 1 took 0.00051235 seconds
batch 2 took 0.00046339 seconds
batch 3 took 0.00044811 seconds
batch 4 took 0.00038558 seconds
batch 5 took 0.00042590 seconds
batch 6 took 0.00038268 seconds
batch 7 took 0.00037890 seconds
batch 8 took 0.00037573 seconds
batch 9 took 0.00039795 seconds
batch 10 took 0.00039973 seconds
Average Nerva inference time for density=0.2 batch_size=1: 0.4170ms
