=== Command line arguments ===
Namespace(debug=False, batch_size=1, seed=None, precision=4, edgeitems=3, density=0.05, sizes='3072,1024,512,10', epochs=100, lr=0.1, momentum=0.9, gamma=0.1, nesterov=False, datadir='./data', augmented=False, preprocessed=None, copy=False, nerva=False, torch=False, inference=True, save_model_npy=None, scheduler='multistep', export_weights_npz=None, import_weights_npz=None, custom_masking=True)
Files already downloaded and verified
initialize by ER
Overall sparsity 0.05
Total Model parameters: 3675136
Total parameters under sparsity level of 0.05: 0.049958695406101976
initialize by ER
Overall sparsity 0.05
Total Model parameters: 7350272
Total parameters under sparsity level of 0.05: 0.0040942702528559485
Use MLP1 variant with custom masking
Setting masks with densities [0.041299715909090914, 0.09292436079545456, 1.0]
batch 0 took 0.00429081 seconds
batch 1 took 0.00105160 seconds
batch 2 took 0.00086641 seconds
batch 3 took 0.00104191 seconds
batch 4 took 0.00105443 seconds
batch 5 took 0.00101470 seconds
batch 6 took 0.00129096 seconds
batch 7 took 0.00095282 seconds
batch 8 took 0.00085888 seconds
batch 9 took 0.00078604 seconds
batch 10 took 0.00498866 seconds
Average PyTorch inference time for density=0.05 batch_size=1: 1.3906ms
batch 0 took 0.02417884 seconds
batch 1 took 0.00016314 seconds
batch 2 took 0.00015038 seconds
batch 3 took 0.00010791 seconds
batch 4 took 0.00007829 seconds
batch 5 took 0.00011230 seconds
batch 6 took 0.00012132 seconds
batch 7 took 0.00012975 seconds
batch 8 took 0.00009349 seconds
batch 9 took 0.00007873 seconds
batch 10 took 0.00008805 seconds
Average Nerva inference time for density=0.05 batch_size=1: 0.1123ms
