=== Command line arguments ===
Namespace(debug=False, batch_size=1, seed=None, precision=4, edgeitems=3, density=0.01, sizes='3072,1024,512,10', epochs=100, lr=0.1, momentum=0.9, gamma=0.1, nesterov=False, datadir='./data', augmented=False, preprocessed=None, copy=False, nerva=False, torch=False, inference=True, save_model_npy=None, scheduler='multistep', export_weights_npz=None, import_weights_npz=None, custom_masking=True)
Files already downloaded and verified
initialize by ER
Overall sparsity 0.01
Total Model parameters: 3675136
Total parameters under sparsity level of 0.01: 0.009997997353023126
initialize by ER
Overall sparsity 0.01
Total Model parameters: 7350272
Total parameters under sparsity level of 0.01: 0.0006105896489272778
Use MLP1 variant with custom masking
Setting masks with densities [0.007775972267359981, 0.017495937601559958, 0.6088586285342866]
batch 0 took 0.00160874 seconds
batch 1 took 0.00110289 seconds
batch 2 took 0.00124141 seconds
batch 3 took 0.00099126 seconds
batch 4 took 0.00083190 seconds
batch 5 took 0.00080867 seconds
batch 6 took 0.00076084 seconds
batch 7 took 0.00082189 seconds
batch 8 took 0.00081601 seconds
batch 9 took 0.00088032 seconds
batch 10 took 0.00132283 seconds
Average PyTorch inference time for density=0.01 batch_size=1: 0.9578ms
batch 0 took 0.02098565 seconds
batch 1 took 0.00007928 seconds
batch 2 took 0.00005939 seconds
batch 3 took 0.00006621 seconds
batch 4 took 0.00005180 seconds
batch 5 took 0.00005342 seconds
batch 6 took 0.00005273 seconds
batch 7 took 0.00008634 seconds
batch 8 took 0.00008223 seconds
batch 9 took 0.00003877 seconds
batch 10 took 0.00016726 seconds
Average Nerva inference time for density=0.01 batch_size=1: 0.0737ms
