=== Command line arguments ===
Namespace(debug=False, batch_size=1, seed=None, precision=4, edgeitems=3, density=0.1, sizes='3072,1024,512,10', epochs=100, lr=0.1, momentum=0.9, gamma=0.1, nesterov=False, datadir='./data', augmented=False, preprocessed=None, copy=False, nerva=False, torch=False, inference=True, save_model_npy=None, scheduler='multistep', export_weights_npz=None, import_weights_npz=None, custom_masking=True)
Files already downloaded and verified
initialize by ER
Overall sparsity 0.10000000000000002
Total Model parameters: 3675136
Total parameters under sparsity level of 0.1: 0.1002629562552243
initialize by ER
Overall sparsity 0.10000000000000002
Total Model parameters: 7350272
Total parameters under sparsity level of 0.1: 0.012482259159933128
Use MLP1 variant with custom masking
Setting masks with densities [0.08378314393939396, 0.1885120738636364, 1.0]
batch 0 took 0.00648700 seconds
batch 1 took 0.00147914 seconds
batch 2 took 0.00305922 seconds
batch 3 took 0.00087687 seconds
batch 4 took 0.00087039 seconds
batch 5 took 0.00108686 seconds
batch 6 took 0.00108020 seconds
batch 7 took 0.00115949 seconds
batch 8 took 0.00088730 seconds
batch 9 took 0.00135498 seconds
batch 10 took 0.00127357 seconds
Average PyTorch inference time for density=0.1 batch_size=1: 1.3128ms
batch 0 took 0.03168877 seconds
batch 1 took 0.00031905 seconds
batch 2 took 0.00025764 seconds
batch 3 took 0.00025598 seconds
batch 4 took 0.00022331 seconds
batch 5 took 0.00022320 seconds
batch 6 took 0.00019812 seconds
batch 7 took 0.00019687 seconds
batch 8 took 0.00018475 seconds
batch 9 took 0.00018308 seconds
batch 10 took 0.00019195 seconds
Average Nerva inference time for density=0.1 batch_size=1: 0.2234ms
