=== Command line arguments ===
Namespace(debug=False, batch_size=100, seed=None, precision=4, edgeitems=3, density=0.2, sizes='3072,1024,512,10', epochs=100, lr=0.1, momentum=0.9, gamma=0.1, nesterov=False, datadir='./data', augmented=False, preprocessed=None, copy=False, nerva=False, torch=False, inference=True, save_model_npy=None, scheduler='multistep', export_weights_npz=None, import_weights_npz=None, custom_masking=True)
Files already downloaded and verified
initialize by ER
Overall sparsity 0.20000000000000004
Total Model parameters: 3675136
Total parameters under sparsity level of 0.2: 0.20010688039843968
initialize by ER
Overall sparsity 0.20000000000000004
Total Model parameters: 7350272
Total parameters under sparsity level of 0.2: 0.046537869618974645
Use MLP1 variant with custom masking
Setting masks with densities [0.16875, 0.37968750000000007, 1.0]
batch 0 took 0.06180559 seconds
batch 1 took 0.00638407 seconds
batch 2 took 0.00614022 seconds
batch 3 took 0.00604317 seconds
batch 4 took 0.00775199 seconds
batch 5 took 0.00953943 seconds
batch 6 took 0.00728458 seconds
batch 7 took 0.01129300 seconds
batch 8 took 0.00728498 seconds
batch 9 took 0.00641807 seconds
batch 10 took 0.00671909 seconds
Average PyTorch inference time for density=0.2 batch_size=100: 7.4859ms
batch 0 took 0.05032051 seconds
batch 1 took 0.01057577 seconds
batch 2 took 0.01268893 seconds
batch 3 took 0.01225191 seconds
batch 4 took 0.01190316 seconds
batch 5 took 0.01104627 seconds
batch 6 took 0.01260659 seconds
batch 7 took 0.01097746 seconds
batch 8 took 0.01172623 seconds
batch 9 took 0.01245900 seconds
batch 10 took 0.01107869 seconds
Average Nerva inference time for density=0.2 batch_size=100: 11.7314ms
