=== Command line arguments ===
Namespace(debug=False, batch_size=1, seed=None, precision=4, edgeitems=3, density=0.5, sizes='3072,1024,512,10', epochs=100, lr=0.1, momentum=0.9, gamma=0.1, nesterov=False, datadir='./data', augmented=False, preprocessed=None, copy=False, nerva=False, torch=False, inference=True, save_model_npy=None, scheduler='multistep', export_weights_npz=None, import_weights_npz=None, custom_masking=True)
Files already downloaded and verified
initialize by ER
Overall sparsity 0.5
Total Model parameters: 3675136
Total parameters under sparsity level of 0.5: 0.5000544197548064
initialize by ER
Overall sparsity 0.5
Total Model parameters: 7350272
Total parameters under sparsity level of 0.5: 0.2847208919615492
Use MLP1 variant with custom masking
Setting masks with densities [0.4236505681818182, 0.9532137784090909, 1.0]
batch 0 took 0.00144366 seconds
batch 1 took 0.00094708 seconds
batch 2 took 0.00077033 seconds
batch 3 took 0.00076020 seconds
batch 4 took 0.00075713 seconds
batch 5 took 0.00079845 seconds
batch 6 took 0.00081126 seconds
batch 7 took 0.00083647 seconds
batch 8 took 0.00085565 seconds
batch 9 took 0.00096295 seconds
batch 10 took 0.00089188 seconds
Average PyTorch inference time for density=0.5 batch_size=1: 0.8391ms
batch 0 took 0.04302141 seconds
batch 1 took 0.00089494 seconds
batch 2 took 0.00093195 seconds
batch 3 took 0.00097567 seconds
batch 4 took 0.00093949 seconds
batch 5 took 0.00098656 seconds
batch 6 took 0.00095957 seconds
batch 7 took 0.00098430 seconds
batch 8 took 0.00100348 seconds
batch 9 took 0.00099233 seconds
batch 10 took 0.00103246 seconds
Average Nerva inference time for density=0.5 batch_size=1: 0.9701ms
