=== Command line arguments ===
Namespace(debug=False, batch_size=1, seed=None, precision=4, edgeitems=3, density=1.0, sizes='3072,1024,512,10', epochs=100, lr=0.1, momentum=0.9, gamma=0.1, nesterov=False, datadir='./data', augmented=False, preprocessed=None, copy=False, nerva=False, torch=False, inference=True, save_model_npy=None, scheduler='multistep', export_weights_npz=None, import_weights_npz=None, custom_masking=True)
Files already downloaded and verified
initialize by ER
Overall sparsity 1.0
Total Model parameters: 3675136
Total parameters under sparsity level of 1.0: 1.0
initialize by ER
Overall sparsity 1.0
Total Model parameters: 7350272
Total parameters under sparsity level of 1.0: 1.0
Use MLP1 variant with custom masking
Setting masks with densities [1.0, 1.0, 1.0]
batch 0 took 0.02517411 seconds
batch 1 took 0.00087376 seconds
batch 2 took 0.00073191 seconds
batch 3 took 0.00072984 seconds
batch 4 took 0.00075835 seconds
batch 5 took 0.00072715 seconds
batch 6 took 0.00078605 seconds
batch 7 took 0.00073172 seconds
batch 8 took 0.00070503 seconds
batch 9 took 0.00077984 seconds
batch 10 took 0.00080795 seconds
Average PyTorch inference time for density=1.0 batch_size=1: 0.7632ms
batch 0 took 0.00448942 seconds
batch 1 took 0.00074487 seconds
batch 2 took 0.00061152 seconds
batch 3 took 0.00062008 seconds
batch 4 took 0.00064788 seconds
batch 5 took 0.00116803 seconds
batch 6 took 0.00065127 seconds
batch 7 took 0.00063569 seconds
batch 8 took 0.00063225 seconds
batch 9 took 0.00061117 seconds
batch 10 took 0.00063645 seconds
Average Nerva inference time for density=1.0 batch_size=1: 0.6959ms
