=== Command line arguments ===
Namespace(debug=False, batch_size=1, seed=None, precision=4, edgeitems=3, density=0.1, sizes='3072,1024,512,10', epochs=100, lr=0.1, momentum=0.9, gamma=0.1, nesterov=False, datadir='./data', augmented=False, preprocessed=None, copy=False, nerva=False, torch=False, inference=True, save_model_npy=None, scheduler='multistep', export_weights_npz=None, import_weights_npz=None, custom_masking=True)
Files already downloaded and verified
initialize by ER
Overall sparsity 0.10000000000000002
Total Model parameters: 3675136
Total parameters under sparsity level of 0.1: 0.10000963229660073
initialize by ER
Overall sparsity 0.10000000000000002
Total Model parameters: 7350272
Total parameters under sparsity level of 0.1: 0.012471919406519922
Use MLP1 variant with custom masking
Setting masks with densities [0.08378314393939396, 0.1885120738636364, 1.0]
batch 0 took 0.00135356 seconds
batch 1 took 0.00083652 seconds
batch 2 took 0.00073566 seconds
batch 3 took 0.00083736 seconds
batch 4 took 0.00109934 seconds
batch 5 took 0.00073668 seconds
batch 6 took 0.00079269 seconds
batch 7 took 0.00077347 seconds
batch 8 took 0.00075241 seconds
batch 9 took 0.00078214 seconds
batch 10 took 0.00071302 seconds
Average PyTorch inference time for density=0.1 batch_size=1: 0.8059ms
batch 0 took 0.02003206 seconds
batch 1 took 0.00030387 seconds
batch 2 took 0.00024317 seconds
batch 3 took 0.00020914 seconds
batch 4 took 0.00022169 seconds
batch 5 took 0.00018714 seconds
batch 6 took 0.00021081 seconds
batch 7 took 0.00019021 seconds
batch 8 took 0.00018356 seconds
batch 9 took 0.00021947 seconds
batch 10 took 0.00018682 seconds
Average Nerva inference time for density=0.1 batch_size=1: 0.2156ms
