=== Command line arguments ===
Namespace(debug=False, batch_size=100, seed=None, precision=4, edgeitems=3, density=0.01, sizes='3072,1024,512,10', epochs=100, lr=0.1, momentum=0.9, gamma=0.1, nesterov=False, datadir='./data', augmented=False, preprocessed=None, copy=False, nerva=False, torch=False, inference=True, save_model_npy=None, scheduler='multistep', export_weights_npz=None, import_weights_npz=None, custom_masking=True)
Files already downloaded and verified
initialize by ER
Overall sparsity 0.01
Total Model parameters: 3675136
Total parameters under sparsity level of 0.01: 0.010019221057397604
initialize by ER
Overall sparsity 0.01
Total Model parameters: 7350272
Total parameters under sparsity level of 0.01: 0.0006391600202006129
Use MLP1 variant with custom masking
Setting masks with densities [0.007775972267359981, 0.017495937601559958, 0.6088586285342866]
batch 0 took 0.04106277 seconds
batch 1 took 0.00618550 seconds
batch 2 took 0.01671593 seconds
batch 3 took 0.00741941 seconds
batch 4 took 0.00795371 seconds
batch 5 took 0.00762360 seconds
batch 6 took 0.00673918 seconds
batch 7 took 0.00761565 seconds
batch 8 took 0.00698879 seconds
batch 9 took 0.00662385 seconds
batch 10 took 0.01246543 seconds
Average PyTorch inference time for density=0.01 batch_size=100: 8.6331ms
batch 0 took 0.03673963 seconds
batch 1 took 0.00135319 seconds
batch 2 took 0.00154471 seconds
batch 3 took 0.00357690 seconds
batch 4 took 0.00121631 seconds
batch 5 took 0.00120497 seconds
batch 6 took 0.00141316 seconds
batch 7 took 0.02091568 seconds
batch 8 took 0.00866779 seconds
batch 9 took 0.00125178 seconds
batch 10 took 0.00121871 seconds
Average Nerva inference time for density=0.01 batch_size=100: 4.2363ms
