=== Command line arguments ===
Namespace(debug=False, batch_size=100, seed=None, precision=4, edgeitems=3, density=0.01, sizes='3072,1024,512,10', epochs=100, lr=0.1, momentum=0.9, gamma=0.1, nesterov=False, datadir='./data', augmented=False, preprocessed=None, copy=False, nerva=False, torch=False, inference=True, save_model_npy=None, scheduler='multistep', export_weights_npz=None, import_weights_npz=None, custom_masking=True)
Files already downloaded and verified
initialize by ER
Overall sparsity 0.01
Total Model parameters: 3675136
Total parameters under sparsity level of 0.01: 0.009988745994706047
initialize by ER
Overall sparsity 0.01
Total Model parameters: 7350272
Total parameters under sparsity level of 0.01: 0.0006244666864028977
Use MLP1 variant with custom masking
Setting masks with densities [0.007775972267359981, 0.017495937601559958, 0.6088586285342866]
batch 0 took 0.01922870 seconds
batch 1 took 0.01359284 seconds
batch 2 took 0.00616045 seconds
batch 3 took 0.00583550 seconds
batch 4 took 0.00536045 seconds
batch 5 took 0.02242413 seconds
batch 6 took 0.00626704 seconds
batch 7 took 0.00652934 seconds
batch 8 took 0.00736801 seconds
batch 9 took 0.00688044 seconds
batch 10 took 0.00770135 seconds
Average PyTorch inference time for density=0.01 batch_size=100: 8.8120ms
batch 0 took 0.04693314 seconds
batch 1 took 0.00610193 seconds
batch 2 took 0.00161393 seconds
batch 3 took 0.00133522 seconds
batch 4 took 0.00142746 seconds
batch 5 took 0.00121123 seconds
batch 6 took 0.00399599 seconds
batch 7 took 0.00150484 seconds
batch 8 took 0.00815058 seconds
batch 9 took 0.00498877 seconds
batch 10 took 0.00141628 seconds
Average Nerva inference time for density=0.01 batch_size=100: 3.1746ms
