=== Command line arguments ===
Namespace(debug=False, batch_size=100, seed=None, precision=4, edgeitems=3, density=0.005, sizes='3072,1024,512,10', epochs=100, lr=0.1, momentum=0.9, gamma=0.1, nesterov=False, datadir='./data', augmented=False, preprocessed=None, copy=False, nerva=False, torch=False, inference=True, save_model_npy=None, scheduler='multistep', export_weights_npz=None, import_weights_npz=None, custom_masking=True)
Files already downloaded and verified
initialize by ER
Overall sparsity 0.005
Total Model parameters: 3675136
Total parameters under sparsity level of 0.005: 0.005065662876149345
initialize by ER
Overall sparsity 0.005
Total Model parameters: 7350272
Total parameters under sparsity level of 0.005: 0.00015183111590972415
Use MLP1 variant with custom masking
Setting masks with densities [0.0038879861336799906, 0.008747968800779979, 0.3044293142671433]
batch 0 took 0.00647024 seconds
batch 1 took 0.02562707 seconds
batch 2 took 0.01043126 seconds
batch 3 took 0.00533573 seconds
batch 4 took 0.00537468 seconds
batch 5 took 0.00535020 seconds
batch 6 took 0.01296622 seconds
batch 7 took 0.00670218 seconds
batch 8 took 0.00579497 seconds
batch 9 took 0.00616717 seconds
batch 10 took 0.00697053 seconds
Average PyTorch inference time for density=0.005 batch_size=100: 9.0720ms
batch 0 took 0.03371465 seconds
batch 1 took 0.00094533 seconds
batch 2 took 0.00092889 seconds
batch 3 took 0.01605527 seconds
batch 4 took 0.00412278 seconds
batch 5 took 0.00185047 seconds
batch 6 took 0.02149970 seconds
batch 7 took 0.00093159 seconds
batch 8 took 0.00103490 seconds
batch 9 took 0.00207133 seconds
batch 10 took 0.00105443 seconds
Average Nerva inference time for density=0.005 batch_size=100: 5.0495ms
