=== Command line arguments ===
Namespace(debug=False, batch_size=100, seed=None, precision=4, edgeitems=3, density=0.001, sizes='3072,1024,512,10', epochs=100, lr=0.1, momentum=0.9, gamma=0.1, nesterov=False, datadir='./data', augmented=False, preprocessed=None, copy=False, nerva=False, torch=False, inference=True, save_model_npy=None, scheduler='multistep', export_weights_npz=None, import_weights_npz=None, custom_masking=True)
Files already downloaded and verified
initialize by ER
Overall sparsity 0.001
Total Model parameters: 3675136
Total parameters under sparsity level of 0.001: 0.0010081259577876846
initialize by ER
Overall sparsity 0.001
Total Model parameters: 7350272
Total parameters under sparsity level of 0.001: 4.35358038450822e-06
Use MLP1 variant with custom masking
Setting masks with densities [0.0007775972267359982, 0.0017495937601559961, 0.06088586285342867]
batch 0 took 0.01522566 seconds
batch 1 took 0.00527496 seconds
batch 2 took 0.00542963 seconds
batch 3 took 0.01002046 seconds
batch 4 took 0.00761122 seconds
batch 5 took 0.01095913 seconds
batch 6 took 0.00667558 seconds
batch 7 took 0.00608846 seconds
batch 8 took 0.00665583 seconds
batch 9 took 0.01040849 seconds
batch 10 took 0.00748847 seconds
Average PyTorch inference time for density=0.001 batch_size=100: 7.6612ms
batch 0 took 0.03773677 seconds
batch 1 took 0.00065203 seconds
batch 2 took 0.00065130 seconds
batch 3 took 0.00931217 seconds
batch 4 took 0.00298635 seconds
batch 5 took 0.00830837 seconds
batch 6 took 0.00156323 seconds
batch 7 took 0.00478125 seconds
batch 8 took 0.01117278 seconds
batch 9 took 0.00076031 seconds
batch 10 took 0.00528365 seconds
Average Nerva inference time for density=0.001 batch_size=100: 4.5471ms
