=== Command line arguments ===
Namespace(debug=False, batch_size=100, seed=None, precision=4, edgeitems=3, density=1.0, sizes='3072,1024,512,10', epochs=100, lr=0.1, momentum=0.9, gamma=0.1, nesterov=False, datadir='./data', augmented=False, preprocessed=None, copy=False, nerva=False, torch=False, inference=True, save_model_npy=None, scheduler='multistep', export_weights_npz=None, import_weights_npz=None, custom_masking=True)
Files already downloaded and verified
initialize by ER
Overall sparsity 1.0
Total Model parameters: 3675136
Total parameters under sparsity level of 1.0: 1.0
initialize by ER
Overall sparsity 1.0
Total Model parameters: 7350272
Total parameters under sparsity level of 1.0: 1.0
Use MLP1 variant with custom masking
Setting masks with densities [1.0, 1.0, 1.0]
batch 0 took 0.02415433 seconds
batch 1 took 0.02264026 seconds
batch 2 took 0.00570166 seconds
batch 3 took 0.00570754 seconds
batch 4 took 0.00650083 seconds
batch 5 took 0.00544401 seconds
batch 6 took 0.01898084 seconds
batch 7 took 0.00837439 seconds
batch 8 took 0.00700337 seconds
batch 9 took 0.00798487 seconds
batch 10 took 0.00597915 seconds
Average PyTorch inference time for density=1.0 batch_size=100: 9.4317ms
batch 0 took 0.02980529 seconds
batch 1 took 0.00479540 seconds
batch 2 took 0.00469044 seconds
batch 3 took 0.00494266 seconds
batch 4 took 0.00510243 seconds
batch 5 took 0.01616282 seconds
batch 6 took 0.00556235 seconds
batch 7 took 0.00497109 seconds
batch 8 took 0.00498781 seconds
batch 9 took 0.00498278 seconds
batch 10 took 0.00513959 seconds
Average Nerva inference time for density=1.0 batch_size=100: 6.1337ms
