=== Command line arguments ===
Namespace(debug=False, batch_size=1, seed=None, precision=4, edgeitems=3, density=0.005, sizes='3072,1024,512,10', epochs=100, lr=0.1, momentum=0.9, gamma=0.1, nesterov=False, datadir='./data', augmented=False, preprocessed=None, copy=False, nerva=False, torch=False, inference=True, save_model_npy=None, scheduler='multistep', export_weights_npz=None, import_weights_npz=None, custom_masking=True)
Files already downloaded and verified
initialize by ER
Overall sparsity 0.005
Total Model parameters: 3675136
Total parameters under sparsity level of 0.005: 0.005056411517832265
initialize by ER
Overall sparsity 0.005
Total Model parameters: 7350272
Total parameters under sparsity level of 0.005: 0.00015183111590972415
Use MLP1 variant with custom masking
Setting masks with densities [0.0038879861336799906, 0.008747968800779979, 0.3044293142671433]
batch 0 took 0.00157886 seconds
batch 1 took 0.00116261 seconds
batch 2 took 0.00116761 seconds
batch 3 took 0.00103121 seconds
batch 4 took 0.00274261 seconds
batch 5 took 0.00135591 seconds
batch 6 took 0.00110288 seconds
batch 7 took 0.00133440 seconds
batch 8 took 0.00156258 seconds
batch 9 took 0.00098111 seconds
batch 10 took 0.00099239 seconds
Average PyTorch inference time for density=0.005 batch_size=1: 1.3433ms
batch 0 took 0.02283409 seconds
batch 1 took 0.00005877 seconds
batch 2 took 0.00005687 seconds
batch 3 took 0.00004915 seconds
batch 4 took 0.00005788 seconds
batch 5 took 0.00009431 seconds
batch 6 took 0.00005323 seconds
batch 7 took 0.00005219 seconds
batch 8 took 0.00006629 seconds
batch 9 took 0.00007523 seconds
batch 10 took 0.00004224 seconds
Average Nerva inference time for density=0.005 batch_size=1: 0.0606ms
