=== Command line arguments ===
Namespace(debug=False, batch_size=1, seed=None, precision=4, edgeitems=3, density=0.001, sizes='3072,1024,512,10', epochs=100, lr=0.1, momentum=0.9, gamma=0.1, nesterov=False, datadir='./data', augmented=False, preprocessed=None, copy=False, nerva=False, torch=False, inference=True, save_model_npy=None, scheduler='multistep', export_weights_npz=None, import_weights_npz=None, custom_masking=True)
Files already downloaded and verified
initialize by ER
Overall sparsity 0.001
Total Model parameters: 3675136
Total parameters under sparsity level of 0.001: 0.0010141121308163833
initialize by ER
Overall sparsity 0.001
Total Model parameters: 7350272
Total parameters under sparsity level of 0.001: 5.16987670660351e-06
Use MLP1 variant with custom masking
Setting masks with densities [0.0007775972267359982, 0.0017495937601559961, 0.06088586285342867]
batch 0 took 0.00124646 seconds
batch 1 took 0.00081232 seconds
batch 2 took 0.00076488 seconds
batch 3 took 0.00079501 seconds
batch 4 took 0.00076189 seconds
batch 5 took 0.00075949 seconds
batch 6 took 0.00077958 seconds
batch 7 took 0.00075485 seconds
batch 8 took 0.00082076 seconds
batch 9 took 0.00081282 seconds
batch 10 took 0.00083227 seconds
Average PyTorch inference time for density=0.001 batch_size=1: 0.7894ms
batch 0 took 0.01981825 seconds
batch 1 took 0.00005257 seconds
batch 2 took 0.00007121 seconds
batch 3 took 0.00003391 seconds
batch 4 took 0.00003195 seconds
batch 5 took 0.00004529 seconds
batch 6 took 0.00002958 seconds
batch 7 took 0.00004988 seconds
batch 8 took 0.00003307 seconds
batch 9 took 0.00003170 seconds
batch 10 took 0.00003518 seconds
Average Nerva inference time for density=0.001 batch_size=1: 0.0414ms
