=== Command line arguments ===
Namespace(debug=False, batch_size=1, seed=None, precision=4, edgeitems=3, density=0.1, sizes='3072,1024,512,10', epochs=100, lr=0.1, momentum=0.9, gamma=0.1, nesterov=False, datadir='./data', augmented=False, preprocessed=None, copy=False, nerva=False, torch=False, inference=True, save_model_npy=None, scheduler='multistep', export_weights_npz=None, import_weights_npz=None, custom_masking=True)
Files already downloaded and verified
initialize by ER
Overall sparsity 0.10000000000000002
Total Model parameters: 3675136
Total parameters under sparsity level of 0.1: 0.09993997501044859
initialize by ER
Overall sparsity 0.10000000000000002
Total Model parameters: 7350272
Total parameters under sparsity level of 0.1: 0.012415867059069378
Use MLP1 variant with custom masking
Setting masks with densities [0.08378314393939396, 0.1885120738636364, 1.0]
batch 0 took 0.00552684 seconds
batch 1 took 0.00208568 seconds
batch 2 took 0.00167173 seconds
batch 3 took 0.00221937 seconds
batch 4 took 0.00096523 seconds
batch 5 took 0.00169082 seconds
batch 6 took 0.00126432 seconds
batch 7 took 0.00157179 seconds
batch 8 took 0.00108312 seconds
batch 9 took 0.00107855 seconds
batch 10 took 0.00110394 seconds
Average PyTorch inference time for density=0.1 batch_size=1: 1.4735ms
batch 0 took 0.02237668 seconds
batch 1 took 0.00028885 seconds
batch 2 took 0.00024339 seconds
batch 3 took 0.00023692 seconds
batch 4 took 0.00019267 seconds
batch 5 took 0.00019733 seconds
batch 6 took 0.00019708 seconds
batch 7 took 0.00018758 seconds
batch 8 took 0.00015910 seconds
batch 9 took 0.00019759 seconds
batch 10 took 0.00017416 seconds
Average Nerva inference time for density=0.1 batch_size=1: 0.2075ms
