=== Command line arguments ===
Namespace(debug=False, batch_size=1, seed=None, precision=4, edgeitems=3, density=1.0, sizes='3072,1024,512,10', epochs=100, lr=0.1, momentum=0.9, gamma=0.1, nesterov=False, datadir='./data', augmented=False, preprocessed=None, copy=False, nerva=False, torch=False, inference=True, save_model_npy=None, scheduler='multistep', export_weights_npz=None, import_weights_npz=None, custom_masking=True)
Files already downloaded and verified
initialize by ER
Overall sparsity 1.0
Total Model parameters: 3675136
Total parameters under sparsity level of 1.0: 1.0
initialize by ER
Overall sparsity 1.0
Total Model parameters: 7350272
Total parameters under sparsity level of 1.0: 1.0
Use MLP1 variant with custom masking
Setting masks with densities [1.0, 1.0, 1.0]
batch 0 took 0.04515388 seconds
batch 1 took 0.00091043 seconds
batch 2 took 0.00081263 seconds
batch 3 took 0.00100172 seconds
batch 4 took 0.00090729 seconds
batch 5 took 0.00091828 seconds
batch 6 took 0.00087258 seconds
batch 7 took 0.00086501 seconds
batch 8 took 0.00096475 seconds
batch 9 took 0.00095064 seconds
batch 10 took 0.00095341 seconds
Average PyTorch inference time for density=1.0 batch_size=1: 0.9157ms
batch 0 took 0.07771180 seconds
batch 1 took 0.00104165 seconds
batch 2 took 0.00115013 seconds
batch 3 took 0.00129925 seconds
batch 4 took 0.00139319 seconds
batch 5 took 0.00125250 seconds
batch 6 took 0.00124505 seconds
batch 7 took 0.00135926 seconds
batch 8 took 0.00143022 seconds
batch 9 took 0.00146308 seconds
batch 10 took 0.00126870 seconds
Average Nerva inference time for density=1.0 batch_size=1: 1.2903ms
