=== Command line arguments ===
Namespace(debug=False, batch_size=100, seed=None, precision=4, edgeitems=3, density=0.1, sizes='3072,1024,512,10', epochs=100, lr=0.1, momentum=0.9, gamma=0.1, nesterov=False, datadir='./data', augmented=False, preprocessed=None, copy=False, nerva=False, torch=False, inference=True, save_model_npy=None, scheduler='multistep', export_weights_npz=None, import_weights_npz=None, custom_masking=True)
Files already downloaded and verified
initialize by ER
Overall sparsity 0.10000000000000002
Total Model parameters: 3675136
Total parameters under sparsity level of 0.1: 0.09996936167804403
initialize by ER
Overall sparsity 0.10000000000000002
Total Model parameters: 7350272
Total parameters under sparsity level of 0.1: 0.012406071503204235
Use MLP1 variant with custom masking
Setting masks with densities [0.08378314393939396, 0.1885120738636364, 1.0]
batch 0 took 0.04642275 seconds
batch 1 took 0.00620020 seconds
batch 2 took 0.01358881 seconds
batch 3 took 0.00620100 seconds
batch 4 took 0.00601587 seconds
batch 5 took 0.00835837 seconds
batch 6 took 0.01013582 seconds
batch 7 took 0.00925450 seconds
batch 8 took 0.00942913 seconds
batch 9 took 0.00592582 seconds
batch 10 took 0.00517951 seconds
Average PyTorch inference time for density=0.1 batch_size=100: 8.0289ms
batch 0 took 0.04180657 seconds
batch 1 took 0.00605921 seconds
batch 2 took 0.00877720 seconds
batch 3 took 0.00749586 seconds
batch 4 took 0.00740723 seconds
batch 5 took 0.00638147 seconds
batch 6 took 0.00716584 seconds
batch 7 took 0.00662417 seconds
batch 8 took 0.00633510 seconds
batch 9 took 0.00666083 seconds
batch 10 took 0.00605244 seconds
Average Nerva inference time for density=0.1 batch_size=100: 6.8959ms
